Soot started on Thu Jun 21 12:23:07 EDT 2018
[INFO] MySceneTransformer: WatchFaceService:::: com.vuxia.WatchFaceCollection2016.WatchFaceCollection2016Service
[INFO] MySceneTransformer: !!!!!!!!!! Going to analyze: ./apks/wear/com.vuxia.WatchFaceCollection2016.apk
[INFO] MySceneTransformer: ############## com.vuxia.WatchFaceCollection2016.WatchFaceCollection2016Service$Engine ##############
[INFO] Analyzer: =============== onAmbientModeChanged(false) ===============
[INFO] FlowGraph: @@@@ Total Class:   52
[INFO] FlowGraph: @@@@ Total Methods: 313
[INFO] FlowGraph: @@@@ Total Stmts:   7969
[INFO] Analyzer: =============== wfOnCreate() ===============
[INFO] Analyzer: =============== wfOnCreateEngine() ===============
[INFO] Analyzer: =============== onCreate() ===============
[INFO] Analyzer: =============== onVisibilityChanged(true) ===============
[INFO] FlowAnalysis: =================== <android.graphics.Paint: void setColor(int)>(-16777216)
[INFO] FlowAnalysis: =================== <android.graphics.Paint: void setColor(int)>(0)
[INFO] Analyzer: =============== onAmbientModeChanged(true) ===============
[INFO] FlowAnalysis: =================== <android.graphics.Paint: void setColor(int)>(-16777216)
[INFO] FlowAnalysis: =================== <android.graphics.Paint: void setColor(int)>(0)
[INFO] Analyzer: =============== onAmbientModeChanged(false) ===============
[INFO] Analyzer: =============== wfOnCreate() ===============
[INFO] Analyzer: =============== wfOnCreateEngine() ===============
[INFO] Analyzer: =============== onCreate() ===============
[INFO] Analyzer: =============== onVisibilityChanged(true) ===============
[INFO] FlowAnalysis: =================== <android.graphics.Paint: void setColor(int)>(-16777216)
[INFO] FlowAnalysis: =================== <android.graphics.Paint: void setColor(int)>(0)
[INFO] Analyzer: =============== onVisibilityChanged(false) ===============
[INFO] Analyzer: =============== onAmbientModeChanged(true) ===============
[INFO] FlowAnalysis: =================== <android.graphics.Paint: void setColor(int)>(-16777216)
[INFO] FlowAnalysis: =================== <android.graphics.Paint: void setColor(int)>(0)
[INFO] Analyzer: =============== onVisibilityChanged(true) ===============
[INFO] FlowAnalysis: =================== <android.graphics.Paint: void setColor(int)>(-16777216)
[INFO] FlowAnalysis: =================== <android.graphics.Paint: void setColor(int)>(0)
[INFO] Analyzer: =============== onAmbientModeChanged(false) ===============
[INFO] Analyzer: =============== wfOnCreate() ===============
[INFO] Analyzer: =============== wfOnCreateEngine() ===============
[INFO] Analyzer: =============== onCreate() ===============
[INFO] Analyzer: =============== onVisibilityChanged(true) ===============
[INFO] FlowAnalysis: =================== <android.graphics.Paint: void setColor(int)>(-16777216)
[INFO] FlowAnalysis: =================== <android.graphics.Paint: void setColor(int)>(0)
[INFO] Analyzer: =============== onVisibilityChanged(false) ===============
[INFO] Analyzer: =============== onAmbientModeChanged(true) ===============
[INFO] FlowAnalysis: =================== <android.graphics.Paint: void setColor(int)>(-16777216)
[INFO] FlowAnalysis: =================== <android.graphics.Paint: void setColor(int)>(0)
[INFO] Analyzer: =============== onVisibilityChanged(true) ===============
[INFO] FlowAnalysis: =================== <android.graphics.Paint: void setColor(int)>(-16777216)
[INFO] FlowAnalysis: =================== <android.graphics.Paint: void setColor(int)>(0)
[INFO] Analyzer: =============== onAmbientModeChanged(false) ===============
[INFO] Analyzer: =============== wfOnCreate() ===============
[INFO] Analyzer: =============== wfOnCreateEngine() ===============
[INFO] Analyzer: =============== onCreate() ===============
[INFO] Analyzer: =============== onVisibilityChanged(true) ===============
[INFO] FlowAnalysis: =================== <android.graphics.Paint: void setColor(int)>(-16777216)
[INFO] FlowAnalysis: =================== <android.graphics.Paint: void setColor(int)>(0)
[INFO] Analyzer: =============== onVisibilityChanged(false) ===============
[INFO] Analyzer: =============== onDestroy() ===============
[INFO] Analyzer: =============== wfOnDestroy() ===============
[INFO] Analyzer: =============== onAmbientModeChanged(false) ===============
[INFO] Analyzer: =============== wfOnCreate() ===============
[INFO] Analyzer: =============== wfOnCreateEngine() ===============
[INFO] Analyzer: =============== onCreate() ===============
[INFO] Analyzer: =============== onVisibilityChanged(true) ===============
[INFO] FlowAnalysis: =================== <android.graphics.Paint: void setColor(int)>(-16777216)
[INFO] FlowAnalysis: =================== <android.graphics.Paint: void setColor(int)>(0)
[INFO] Analyzer: =============== onVisibilityChanged(false) ===============
[INFO] Analyzer: =============== onDestroy() ===============
[INFO] Analyzer: =============== wfOnDestroy() ===============
[INFO] Analyzer: =============== onAmbientModeChanged(true) ===============
[INFO] FlowAnalysis: =================== <android.graphics.Paint: void setColor(int)>(-16777216)
[INFO] FlowAnalysis: =================== <android.graphics.Paint: void setColor(int)>(0)
[INFO] Analyzer: =============== onAmbientModeChanged(false) ===============
[INFO] FlowAnalysis: =================== <android.graphics.Paint: void setColor(int)>(-16777216)
[INFO] FlowAnalysis: =================== <android.graphics.Paint: void setColor(int)>(0)
[INFO] MySceneTransformer: setColor @ onAmbientModeChanged(true): [{$r6_2=[0], $r1=[-1], $r1=[-16777216]}]
[INFO] MySceneTransformer: setColor @ onAmbientModeChanged(false): [{$r6_2=[0], $r1=[-16777216], $r1=[-16777216]}]
[INFO] MySceneTransformer: setColor equal=false
[INFO] MySceneTransformer: colors @ onAmbientModeChanged(true): []
[INFO] MySceneTransformer: colors @ onAmbientModeChanged(false): []
[INFO] MySceneTransformer: colors equal=false
[INFO] MySceneTransformer: TOTAL TIME: 16.189000 sec
[INFO] MySceneTransformer: Soot stopped on Thu Jun 21 12:23:27 EDT 2018
