Soot started on Thu Jun 21 11:58:32 EDT 2018
[INFO] MySceneTransformer: WatchFaceService:::: com.pandaeyes.cryptowatch.WatchService
[INFO] MySceneTransformer: !!!!!!!!!! Going to analyze: ./apks/wear/com.pandaeyes.cryptowatch.apk
[INFO] MySceneTransformer: ############## com.pandaeyes.cryptowatch.WatchService$Engine ##############
[INFO] Analyzer: =============== onSensorChanged() ===============
[INFO] FlowGraph: @@@@ Total Class:   46
[INFO] FlowGraph: @@@@ Total Methods: 116
[INFO] FlowGraph: @@@@ Total Stmts:   2055
[INFO] Analyzer: =============== onAmbientModeChanged(false) ===============
[INFO] ICFGUtil: [acq labels] [(register_sensor_listener,NEW[new com.pandaeyes.cryptowatch.WatchService$Engine]395,1)]
[INFO] ICFGUtil: [rel labels] [(unregister_sensor_listener,NEW[new com.pandaeyes.cryptowatch.WatchService$Engine]395,1)]
[INFO] ICFGUtil: [all labels] [(unregister_sensor_listener,NEW[new com.pandaeyes.cryptowatch.WatchService$Engine]395,1), (register_sensor_listener,NEW[new com.pandaeyes.cryptowatch.WatchService$Engine]395,1)]
[INFO] Analyzer: =============== wfOnCreate() ===============
[INFO] Analyzer: =============== wfOnCreateEngine() ===============
[INFO] Analyzer: =============== onCreate() ===============
[INFO] ICFGUtil: [acq labels] [(register_sensor_listener,NEW[new com.pandaeyes.cryptowatch.WatchService$Engine]395,1)]
[INFO] ICFGUtil: [rel labels] []
[INFO] ICFGUtil: [all labels] [(register_sensor_listener,NEW[new com.pandaeyes.cryptowatch.WatchService$Engine]395,1)]
[INFO] Analyzer: =============== onVisibilityChanged(true) ===============
[INFO] ICFGUtil: [acq labels] [(register_sensor_listener,NEW[new com.pandaeyes.cryptowatch.WatchService$Engine]395,1)]
[INFO] ICFGUtil: [rel labels] []
[INFO] ICFGUtil: [all labels] [(register_sensor_listener,NEW[new com.pandaeyes.cryptowatch.WatchService$Engine]395,1)]
[INFO] Analyzer: =============== onAmbientModeChanged(true) ===============
[INFO] ICFGUtil: [acq labels] [(register_sensor_listener,NEW[new com.pandaeyes.cryptowatch.WatchService$Engine]395,1)]
[INFO] ICFGUtil: [rel labels] [(unregister_sensor_listener,NEW[new com.pandaeyes.cryptowatch.WatchService$Engine]395,1)]
[INFO] ICFGUtil: [all labels] [(unregister_sensor_listener,NEW[new com.pandaeyes.cryptowatch.WatchService$Engine]395,1), (register_sensor_listener,NEW[new com.pandaeyes.cryptowatch.WatchService$Engine]395,1)]
[INFO] Analyzer: =============== onAmbientModeChanged(false) ===============
[INFO] ICFGUtil: [acq labels] [(register_sensor_listener,NEW[new com.pandaeyes.cryptowatch.WatchService$Engine]395,1)]
[INFO] ICFGUtil: [rel labels] [(unregister_sensor_listener,NEW[new com.pandaeyes.cryptowatch.WatchService$Engine]395,1)]
[INFO] ICFGUtil: [all labels] [(unregister_sensor_listener,NEW[new com.pandaeyes.cryptowatch.WatchService$Engine]395,1), (register_sensor_listener,NEW[new com.pandaeyes.cryptowatch.WatchService$Engine]395,1)]
[INFO] Analyzer: =============== wfOnCreate() ===============
[INFO] Analyzer: =============== wfOnCreateEngine() ===============
[INFO] Analyzer: =============== onCreate() ===============
[INFO] ICFGUtil: [acq labels] [(register_sensor_listener,NEW[new com.pandaeyes.cryptowatch.WatchService$Engine]395,1)]
[INFO] ICFGUtil: [rel labels] []
[INFO] ICFGUtil: [all labels] [(register_sensor_listener,NEW[new com.pandaeyes.cryptowatch.WatchService$Engine]395,1)]
[INFO] Analyzer: =============== onVisibilityChanged(true) ===============
[INFO] ICFGUtil: [acq labels] [(register_sensor_listener,NEW[new com.pandaeyes.cryptowatch.WatchService$Engine]395,1)]
[INFO] ICFGUtil: [rel labels] []
[INFO] ICFGUtil: [all labels] [(register_sensor_listener,NEW[new com.pandaeyes.cryptowatch.WatchService$Engine]395,1)]
[INFO] Analyzer: =============== onVisibilityChanged(false) ===============
[INFO] ICFGUtil: [acq labels] []
[INFO] ICFGUtil: [rel labels] [(unregister_sensor_listener,NEW[new com.pandaeyes.cryptowatch.WatchService$Engine]395,1)]
[INFO] ICFGUtil: [all labels] [(unregister_sensor_listener,NEW[new com.pandaeyes.cryptowatch.WatchService$Engine]395,1)]
[INFO] Analyzer: =============== onAmbientModeChanged(true) ===============
[INFO] ICFGUtil: [acq labels] [(register_sensor_listener,NEW[new com.pandaeyes.cryptowatch.WatchService$Engine]395,1)]
[INFO] ICFGUtil: [rel labels] [(unregister_sensor_listener,NEW[new com.pandaeyes.cryptowatch.WatchService$Engine]395,1)]
[INFO] ICFGUtil: [all labels] [(unregister_sensor_listener,NEW[new com.pandaeyes.cryptowatch.WatchService$Engine]395,1), (register_sensor_listener,NEW[new com.pandaeyes.cryptowatch.WatchService$Engine]395,1)]
[INFO] Analyzer: =============== onVisibilityChanged(true) ===============
[INFO] ICFGUtil: [acq labels] [(register_sensor_listener,NEW[new com.pandaeyes.cryptowatch.WatchService$Engine]395,1)]
[INFO] ICFGUtil: [rel labels] []
[INFO] ICFGUtil: [all labels] [(register_sensor_listener,NEW[new com.pandaeyes.cryptowatch.WatchService$Engine]395,1)]
[INFO] Analyzer: =============== onAmbientModeChanged(false) ===============
[INFO] ICFGUtil: [acq labels] [(register_sensor_listener,NEW[new com.pandaeyes.cryptowatch.WatchService$Engine]395,1)]
[INFO] ICFGUtil: [rel labels] [(unregister_sensor_listener,NEW[new com.pandaeyes.cryptowatch.WatchService$Engine]395,1)]
[INFO] ICFGUtil: [all labels] [(unregister_sensor_listener,NEW[new com.pandaeyes.cryptowatch.WatchService$Engine]395,1), (register_sensor_listener,NEW[new com.pandaeyes.cryptowatch.WatchService$Engine]395,1)]
[INFO] Analyzer: =============== wfOnCreate() ===============
[INFO] Analyzer: =============== wfOnCreateEngine() ===============
[INFO] Analyzer: =============== onCreate() ===============
[INFO] ICFGUtil: [acq labels] [(register_sensor_listener,NEW[new com.pandaeyes.cryptowatch.WatchService$Engine]395,1)]
[INFO] ICFGUtil: [rel labels] []
[INFO] ICFGUtil: [all labels] [(register_sensor_listener,NEW[new com.pandaeyes.cryptowatch.WatchService$Engine]395,1)]
[INFO] Analyzer: =============== onVisibilityChanged(true) ===============
[INFO] ICFGUtil: [acq labels] [(register_sensor_listener,NEW[new com.pandaeyes.cryptowatch.WatchService$Engine]395,1)]
[INFO] ICFGUtil: [rel labels] []
[INFO] ICFGUtil: [all labels] [(register_sensor_listener,NEW[new com.pandaeyes.cryptowatch.WatchService$Engine]395,1)]
[INFO] Analyzer: =============== onVisibilityChanged(false) ===============
[INFO] ICFGUtil: [acq labels] []
[INFO] ICFGUtil: [rel labels] [(unregister_sensor_listener,NEW[new com.pandaeyes.cryptowatch.WatchService$Engine]395,1)]
[INFO] ICFGUtil: [all labels] [(unregister_sensor_listener,NEW[new com.pandaeyes.cryptowatch.WatchService$Engine]395,1)]
[INFO] Analyzer: =============== onAmbientModeChanged(true) ===============
[INFO] ICFGUtil: [acq labels] [(register_sensor_listener,NEW[new com.pandaeyes.cryptowatch.WatchService$Engine]395,1)]
[INFO] ICFGUtil: [rel labels] [(unregister_sensor_listener,NEW[new com.pandaeyes.cryptowatch.WatchService$Engine]395,1)]
[INFO] ICFGUtil: [all labels] [(unregister_sensor_listener,NEW[new com.pandaeyes.cryptowatch.WatchService$Engine]395,1), (register_sensor_listener,NEW[new com.pandaeyes.cryptowatch.WatchService$Engine]395,1)]
[INFO] Analyzer: =============== onVisibilityChanged(true) ===============
[INFO] ICFGUtil: [acq labels] [(register_sensor_listener,NEW[new com.pandaeyes.cryptowatch.WatchService$Engine]395,1)]
[INFO] ICFGUtil: [rel labels] []
[INFO] ICFGUtil: [all labels] [(register_sensor_listener,NEW[new com.pandaeyes.cryptowatch.WatchService$Engine]395,1)]
[INFO] Analyzer: =============== onAmbientModeChanged(false) ===============
[INFO] ICFGUtil: [acq labels] [(register_sensor_listener,NEW[new com.pandaeyes.cryptowatch.WatchService$Engine]395,1)]
[INFO] ICFGUtil: [rel labels] [(unregister_sensor_listener,NEW[new com.pandaeyes.cryptowatch.WatchService$Engine]395,1)]
[INFO] ICFGUtil: [all labels] [(unregister_sensor_listener,NEW[new com.pandaeyes.cryptowatch.WatchService$Engine]395,1), (register_sensor_listener,NEW[new com.pandaeyes.cryptowatch.WatchService$Engine]395,1)]
[INFO] Analyzer: =============== wfOnCreate() ===============
[INFO] Analyzer: =============== wfOnCreateEngine() ===============
[INFO] Analyzer: =============== onCreate() ===============
[INFO] ICFGUtil: [acq labels] [(register_sensor_listener,NEW[new com.pandaeyes.cryptowatch.WatchService$Engine]395,1)]
[INFO] ICFGUtil: [rel labels] []
[INFO] ICFGUtil: [all labels] [(register_sensor_listener,NEW[new com.pandaeyes.cryptowatch.WatchService$Engine]395,1)]
[INFO] Analyzer: =============== onVisibilityChanged(true) ===============
[INFO] ICFGUtil: [acq labels] [(register_sensor_listener,NEW[new com.pandaeyes.cryptowatch.WatchService$Engine]395,1)]
[INFO] ICFGUtil: [rel labels] []
[INFO] ICFGUtil: [all labels] [(register_sensor_listener,NEW[new com.pandaeyes.cryptowatch.WatchService$Engine]395,1)]
[INFO] Analyzer: =============== onVisibilityChanged(false) ===============
[INFO] ICFGUtil: [acq labels] []
[INFO] ICFGUtil: [rel labels] [(unregister_sensor_listener,NEW[new com.pandaeyes.cryptowatch.WatchService$Engine]395,1)]
[INFO] ICFGUtil: [all labels] [(unregister_sensor_listener,NEW[new com.pandaeyes.cryptowatch.WatchService$Engine]395,1)]
[INFO] Analyzer: =============== onDestroy() ===============
[INFO] Analyzer: =============== wfOnDestroy() ===============
[INFO] Analyzer: =============== onAmbientModeChanged(false) ===============
[INFO] ICFGUtil: [acq labels] [(register_sensor_listener,NEW[new com.pandaeyes.cryptowatch.WatchService$Engine]395,1)]
[INFO] ICFGUtil: [rel labels] [(unregister_sensor_listener,NEW[new com.pandaeyes.cryptowatch.WatchService$Engine]395,1)]
[INFO] ICFGUtil: [all labels] [(unregister_sensor_listener,NEW[new com.pandaeyes.cryptowatch.WatchService$Engine]395,1), (register_sensor_listener,NEW[new com.pandaeyes.cryptowatch.WatchService$Engine]395,1)]
[INFO] Analyzer: =============== wfOnCreate() ===============
[INFO] Analyzer: =============== wfOnCreateEngine() ===============
[INFO] Analyzer: =============== onCreate() ===============
[INFO] ICFGUtil: [acq labels] [(register_sensor_listener,NEW[new com.pandaeyes.cryptowatch.WatchService$Engine]395,1)]
[INFO] ICFGUtil: [rel labels] []
[INFO] ICFGUtil: [all labels] [(register_sensor_listener,NEW[new com.pandaeyes.cryptowatch.WatchService$Engine]395,1)]
[INFO] Analyzer: =============== onVisibilityChanged(true) ===============
[INFO] ICFGUtil: [acq labels] [(register_sensor_listener,NEW[new com.pandaeyes.cryptowatch.WatchService$Engine]395,1)]
[INFO] ICFGUtil: [rel labels] []
[INFO] ICFGUtil: [all labels] [(register_sensor_listener,NEW[new com.pandaeyes.cryptowatch.WatchService$Engine]395,1)]
[INFO] Analyzer: =============== onVisibilityChanged(false) ===============
[INFO] ICFGUtil: [acq labels] []
[INFO] ICFGUtil: [rel labels] [(unregister_sensor_listener,NEW[new com.pandaeyes.cryptowatch.WatchService$Engine]395,1)]
[INFO] ICFGUtil: [all labels] [(unregister_sensor_listener,NEW[new com.pandaeyes.cryptowatch.WatchService$Engine]395,1)]
[INFO] Analyzer: =============== onDestroy() ===============
[INFO] Analyzer: =============== wfOnDestroy() ===============
[INFO] Analyzer: =============== onAmbientModeChanged(true) ===============
[INFO] ICFGUtil: [acq labels] []
[INFO] ICFGUtil: [rel labels] [(unregister_sensor_listener,NEW[new com.pandaeyes.cryptowatch.WatchService$Engine]395,1)]
[INFO] ICFGUtil: [all labels] [(unregister_sensor_listener,NEW[new com.pandaeyes.cryptowatch.WatchService$Engine]395,1)]
[INFO] Analyzer: =============== onAmbientModeChanged(false) ===============
[INFO] ICFGUtil: [acq labels] [(register_sensor_listener,NEW[new com.pandaeyes.cryptowatch.WatchService$Engine]395,1)]
[INFO] ICFGUtil: [rel labels] []
[INFO] ICFGUtil: [all labels] [(register_sensor_listener,NEW[new com.pandaeyes.cryptowatch.WatchService$Engine]395,1)]
[INFO] MySceneTransformer: setColor @ onAmbientModeChanged(true): [{}]
[INFO] MySceneTransformer: setColor @ onAmbientModeChanged(false): [{}]
[INFO] MySceneTransformer: setColor equal=true
[INFO] MySceneTransformer: colors @ onAmbientModeChanged(true): []
[INFO] MySceneTransformer: colors @ onAmbientModeChanged(false): []
[INFO] MySceneTransformer: colors equal=false
[INFO] MySceneTransformer: @@@@@@ SENSOR LEAK @@@@@@ [1] [[<null::SELECT::interactive>, <interactive::STANDBY::ambient>]]
[INFO] MySceneTransformer: LEAK TESTCASE 1: wearable.select_on_handheld(HANDHELD_SERIALNO, labels[pkg])
[INFO] MySceneTransformer: LEAK TESTCASE 1: wearable.standby()
[INFO] MySceneTransformer: @@@@@@ SENSOR LEAK @@@@@@ [1] [[<null::SELECT::interactive>, <interactive::SWIPE_UP::invisible_notification>, <invisible_notification::STANDBY::ambient>]]
[INFO] MySceneTransformer: LEAK TESTCASE 2: wearable.select_on_handheld(HANDHELD_SERIALNO, labels[pkg])
[INFO] MySceneTransformer: LEAK TESTCASE 2: wearable.swipe_up()
[INFO] MySceneTransformer: LEAK TESTCASE 2: wearable.standby()
[INFO] MySceneTransformer: @@@@@@ SENSOR LEAK @@@@@@ [1] [[<null::SELECT::interactive>, <interactive::PRESS_SIDE_BUTTON::invisible_applist>, <invisible_applist::STANDBY::ambient>]]
[INFO] MySceneTransformer: LEAK TESTCASE 3: wearable.select_on_handheld(HANDHELD_SERIALNO, labels[pkg])
[INFO] MySceneTransformer: LEAK TESTCASE 3: wearable.press_side_button()
[INFO] MySceneTransformer: LEAK TESTCASE 3: wearable.standby()
[INFO] MySceneTransformer: TOTAL TIME: 2.124000 sec
[INFO] MySceneTransformer: Soot stopped on Thu Jun 21 11:58:38 EDT 2018
