Soot started on Thu Jun 21 11:56:15 EDT 2018
[INFO] MySceneTransformer: WatchFaceService:::: com.osthoro.animatedearthwatchface.AnalogWatchFaceService
[INFO] MySceneTransformer: !!!!!!!!!! Going to analyze: ./apks/wear/com.osthoro.animatedearthwatchface.apk
[INFO] MySceneTransformer: ############## com.osthoro.animatedearthwatchface.AnalogWatchFaceService$Engine ##############
[INFO] Analyzer: =============== onSensorChanged() ===============
[INFO] FlowGraph: @@@@ Total Class:   71
[INFO] FlowGraph: @@@@ Total Methods: 327
[INFO] FlowGraph: @@@@ Total Stmts:   6635
[INFO] Analyzer: =============== onAmbientModeChanged(false) ===============
[INFO] ICFGUtil: [acq labels] [(register_sensor_listener,NEW[new com.osthoro.animatedearthwatchface.AnalogWatchFaceService$Engine]102,1), (register_sensor_listener,NEW[new com.osthoro.animatedearthwatchface.AnalogWatchFaceService$Engine]102,2), (register_sensor_listener,NEW[new com.osthoro.animatedearthwatchface.AnalogWatchFaceService$Engine]102,4)]
[INFO] ICFGUtil: [rel labels] [(unregister_sensor_listener,NEW[new com.osthoro.animatedearthwatchface.AnalogWatchFaceService$Engine]102,-1)]
[INFO] ICFGUtil: [all labels] [(unregister_sensor_listener,NEW[new com.osthoro.animatedearthwatchface.AnalogWatchFaceService$Engine]102,-1), (register_sensor_listener,NEW[new com.osthoro.animatedearthwatchface.AnalogWatchFaceService$Engine]102,1), (register_sensor_listener,NEW[new com.osthoro.animatedearthwatchface.AnalogWatchFaceService$Engine]102,2), (register_sensor_listener,NEW[new com.osthoro.animatedearthwatchface.AnalogWatchFaceService$Engine]102,4)]
[INFO] Analyzer: =============== wfOnCreate() ===============
[INFO] Analyzer: =============== wfOnCreateEngine() ===============
[INFO] Analyzer: =============== onCreate() ===============
[INFO] Analyzer: =============== onVisibilityChanged(true) ===============
[INFO] ICFGUtil: [acq labels] [(register_sensor_listener,NEW[new com.osthoro.animatedearthwatchface.AnalogWatchFaceService$Engine]102,4), (register_sensor_listener,NEW[new com.osthoro.animatedearthwatchface.AnalogWatchFaceService$Engine]102,1), (register_sensor_listener,NEW[new com.osthoro.animatedearthwatchface.AnalogWatchFaceService$Engine]102,2)]
[INFO] ICFGUtil: [rel labels] [(unregister_sensor_listener,NEW[new com.osthoro.animatedearthwatchface.AnalogWatchFaceService$Engine]102,-1)]
[INFO] ICFGUtil: [all labels] [(unregister_sensor_listener,NEW[new com.osthoro.animatedearthwatchface.AnalogWatchFaceService$Engine]102,-1), (register_sensor_listener,NEW[new com.osthoro.animatedearthwatchface.AnalogWatchFaceService$Engine]102,4), (register_sensor_listener,NEW[new com.osthoro.animatedearthwatchface.AnalogWatchFaceService$Engine]102,1), (register_sensor_listener,NEW[new com.osthoro.animatedearthwatchface.AnalogWatchFaceService$Engine]102,2)]
[INFO] Analyzer: =============== onAmbientModeChanged(true) ===============
[INFO] ICFGUtil: [acq labels] []
[INFO] ICFGUtil: [rel labels] [(unregister_sensor_listener,NEW[new com.osthoro.animatedearthwatchface.AnalogWatchFaceService$Engine]102,-1)]
[INFO] ICFGUtil: [all labels] [(unregister_sensor_listener,NEW[new com.osthoro.animatedearthwatchface.AnalogWatchFaceService$Engine]102,-1)]
[INFO] Analyzer: =============== onAmbientModeChanged(false) ===============
[INFO] ICFGUtil: [acq labels] [(register_sensor_listener,NEW[new com.osthoro.animatedearthwatchface.AnalogWatchFaceService$Engine]102,1), (register_sensor_listener,NEW[new com.osthoro.animatedearthwatchface.AnalogWatchFaceService$Engine]102,2), (register_sensor_listener,NEW[new com.osthoro.animatedearthwatchface.AnalogWatchFaceService$Engine]102,4)]
[INFO] ICFGUtil: [rel labels] [(unregister_sensor_listener,NEW[new com.osthoro.animatedearthwatchface.AnalogWatchFaceService$Engine]102,-1)]
[INFO] ICFGUtil: [all labels] [(unregister_sensor_listener,NEW[new com.osthoro.animatedearthwatchface.AnalogWatchFaceService$Engine]102,-1), (register_sensor_listener,NEW[new com.osthoro.animatedearthwatchface.AnalogWatchFaceService$Engine]102,1), (register_sensor_listener,NEW[new com.osthoro.animatedearthwatchface.AnalogWatchFaceService$Engine]102,2), (register_sensor_listener,NEW[new com.osthoro.animatedearthwatchface.AnalogWatchFaceService$Engine]102,4)]
[INFO] Analyzer: =============== wfOnCreate() ===============
[INFO] Analyzer: =============== wfOnCreateEngine() ===============
[INFO] Analyzer: =============== onCreate() ===============
[INFO] Analyzer: =============== onVisibilityChanged(true) ===============
[INFO] ICFGUtil: [acq labels] [(register_sensor_listener,NEW[new com.osthoro.animatedearthwatchface.AnalogWatchFaceService$Engine]102,4), (register_sensor_listener,NEW[new com.osthoro.animatedearthwatchface.AnalogWatchFaceService$Engine]102,1), (register_sensor_listener,NEW[new com.osthoro.animatedearthwatchface.AnalogWatchFaceService$Engine]102,2)]
[INFO] ICFGUtil: [rel labels] [(unregister_sensor_listener,NEW[new com.osthoro.animatedearthwatchface.AnalogWatchFaceService$Engine]102,-1)]
[INFO] ICFGUtil: [all labels] [(unregister_sensor_listener,NEW[new com.osthoro.animatedearthwatchface.AnalogWatchFaceService$Engine]102,-1), (register_sensor_listener,NEW[new com.osthoro.animatedearthwatchface.AnalogWatchFaceService$Engine]102,4), (register_sensor_listener,NEW[new com.osthoro.animatedearthwatchface.AnalogWatchFaceService$Engine]102,1), (register_sensor_listener,NEW[new com.osthoro.animatedearthwatchface.AnalogWatchFaceService$Engine]102,2)]
[INFO] Analyzer: =============== onVisibilityChanged(false) ===============
[INFO] ICFGUtil: [acq labels] []
[INFO] ICFGUtil: [rel labels] [(unregister_sensor_listener,NEW[new com.osthoro.animatedearthwatchface.AnalogWatchFaceService$Engine]102,-1)]
[INFO] ICFGUtil: [all labels] [(unregister_sensor_listener,NEW[new com.osthoro.animatedearthwatchface.AnalogWatchFaceService$Engine]102,-1)]
[INFO] Analyzer: =============== onAmbientModeChanged(true) ===============
[INFO] ICFGUtil: [acq labels] []
[INFO] ICFGUtil: [rel labels] [(unregister_sensor_listener,NEW[new com.osthoro.animatedearthwatchface.AnalogWatchFaceService$Engine]102,-1)]
[INFO] ICFGUtil: [all labels] [(unregister_sensor_listener,NEW[new com.osthoro.animatedearthwatchface.AnalogWatchFaceService$Engine]102,-1)]
[INFO] Analyzer: =============== onVisibilityChanged(true) ===============
[INFO] ICFGUtil: [acq labels] [(register_sensor_listener,NEW[new com.osthoro.animatedearthwatchface.AnalogWatchFaceService$Engine]102,4), (register_sensor_listener,NEW[new com.osthoro.animatedearthwatchface.AnalogWatchFaceService$Engine]102,1), (register_sensor_listener,NEW[new com.osthoro.animatedearthwatchface.AnalogWatchFaceService$Engine]102,2)]
[INFO] ICFGUtil: [rel labels] [(unregister_sensor_listener,NEW[new com.osthoro.animatedearthwatchface.AnalogWatchFaceService$Engine]102,-1)]
[INFO] ICFGUtil: [all labels] [(unregister_sensor_listener,NEW[new com.osthoro.animatedearthwatchface.AnalogWatchFaceService$Engine]102,-1), (register_sensor_listener,NEW[new com.osthoro.animatedearthwatchface.AnalogWatchFaceService$Engine]102,4), (register_sensor_listener,NEW[new com.osthoro.animatedearthwatchface.AnalogWatchFaceService$Engine]102,1), (register_sensor_listener,NEW[new com.osthoro.animatedearthwatchface.AnalogWatchFaceService$Engine]102,2)]
[INFO] Analyzer: =============== onAmbientModeChanged(false) ===============
[INFO] ICFGUtil: [acq labels] [(register_sensor_listener,NEW[new com.osthoro.animatedearthwatchface.AnalogWatchFaceService$Engine]102,1), (register_sensor_listener,NEW[new com.osthoro.animatedearthwatchface.AnalogWatchFaceService$Engine]102,2), (register_sensor_listener,NEW[new com.osthoro.animatedearthwatchface.AnalogWatchFaceService$Engine]102,4)]
[INFO] ICFGUtil: [rel labels] [(unregister_sensor_listener,NEW[new com.osthoro.animatedearthwatchface.AnalogWatchFaceService$Engine]102,-1)]
[INFO] ICFGUtil: [all labels] [(unregister_sensor_listener,NEW[new com.osthoro.animatedearthwatchface.AnalogWatchFaceService$Engine]102,-1), (register_sensor_listener,NEW[new com.osthoro.animatedearthwatchface.AnalogWatchFaceService$Engine]102,1), (register_sensor_listener,NEW[new com.osthoro.animatedearthwatchface.AnalogWatchFaceService$Engine]102,2), (register_sensor_listener,NEW[new com.osthoro.animatedearthwatchface.AnalogWatchFaceService$Engine]102,4)]
[INFO] Analyzer: =============== wfOnCreate() ===============
[INFO] Analyzer: =============== wfOnCreateEngine() ===============
[INFO] Analyzer: =============== onCreate() ===============
[INFO] Analyzer: =============== onVisibilityChanged(true) ===============
[INFO] ICFGUtil: [acq labels] [(register_sensor_listener,NEW[new com.osthoro.animatedearthwatchface.AnalogWatchFaceService$Engine]102,4), (register_sensor_listener,NEW[new com.osthoro.animatedearthwatchface.AnalogWatchFaceService$Engine]102,1), (register_sensor_listener,NEW[new com.osthoro.animatedearthwatchface.AnalogWatchFaceService$Engine]102,2)]
[INFO] ICFGUtil: [rel labels] [(unregister_sensor_listener,NEW[new com.osthoro.animatedearthwatchface.AnalogWatchFaceService$Engine]102,-1)]
[INFO] ICFGUtil: [all labels] [(unregister_sensor_listener,NEW[new com.osthoro.animatedearthwatchface.AnalogWatchFaceService$Engine]102,-1), (register_sensor_listener,NEW[new com.osthoro.animatedearthwatchface.AnalogWatchFaceService$Engine]102,4), (register_sensor_listener,NEW[new com.osthoro.animatedearthwatchface.AnalogWatchFaceService$Engine]102,1), (register_sensor_listener,NEW[new com.osthoro.animatedearthwatchface.AnalogWatchFaceService$Engine]102,2)]
[INFO] Analyzer: =============== onVisibilityChanged(false) ===============
[INFO] ICFGUtil: [acq labels] []
[INFO] ICFGUtil: [rel labels] [(unregister_sensor_listener,NEW[new com.osthoro.animatedearthwatchface.AnalogWatchFaceService$Engine]102,-1)]
[INFO] ICFGUtil: [all labels] [(unregister_sensor_listener,NEW[new com.osthoro.animatedearthwatchface.AnalogWatchFaceService$Engine]102,-1)]
[INFO] Analyzer: =============== onAmbientModeChanged(true) ===============
[INFO] ICFGUtil: [acq labels] []
[INFO] ICFGUtil: [rel labels] [(unregister_sensor_listener,NEW[new com.osthoro.animatedearthwatchface.AnalogWatchFaceService$Engine]102,-1)]
[INFO] ICFGUtil: [all labels] [(unregister_sensor_listener,NEW[new com.osthoro.animatedearthwatchface.AnalogWatchFaceService$Engine]102,-1)]
[INFO] Analyzer: =============== onVisibilityChanged(true) ===============
[INFO] ICFGUtil: [acq labels] [(register_sensor_listener,NEW[new com.osthoro.animatedearthwatchface.AnalogWatchFaceService$Engine]102,4), (register_sensor_listener,NEW[new com.osthoro.animatedearthwatchface.AnalogWatchFaceService$Engine]102,1), (register_sensor_listener,NEW[new com.osthoro.animatedearthwatchface.AnalogWatchFaceService$Engine]102,2)]
[INFO] ICFGUtil: [rel labels] [(unregister_sensor_listener,NEW[new com.osthoro.animatedearthwatchface.AnalogWatchFaceService$Engine]102,-1)]
[INFO] ICFGUtil: [all labels] [(unregister_sensor_listener,NEW[new com.osthoro.animatedearthwatchface.AnalogWatchFaceService$Engine]102,-1), (register_sensor_listener,NEW[new com.osthoro.animatedearthwatchface.AnalogWatchFaceService$Engine]102,4), (register_sensor_listener,NEW[new com.osthoro.animatedearthwatchface.AnalogWatchFaceService$Engine]102,1), (register_sensor_listener,NEW[new com.osthoro.animatedearthwatchface.AnalogWatchFaceService$Engine]102,2)]
[INFO] Analyzer: =============== onAmbientModeChanged(false) ===============
[INFO] ICFGUtil: [acq labels] [(register_sensor_listener,NEW[new com.osthoro.animatedearthwatchface.AnalogWatchFaceService$Engine]102,1), (register_sensor_listener,NEW[new com.osthoro.animatedearthwatchface.AnalogWatchFaceService$Engine]102,2), (register_sensor_listener,NEW[new com.osthoro.animatedearthwatchface.AnalogWatchFaceService$Engine]102,4)]
[INFO] ICFGUtil: [rel labels] [(unregister_sensor_listener,NEW[new com.osthoro.animatedearthwatchface.AnalogWatchFaceService$Engine]102,-1)]
[INFO] ICFGUtil: [all labels] [(unregister_sensor_listener,NEW[new com.osthoro.animatedearthwatchface.AnalogWatchFaceService$Engine]102,-1), (register_sensor_listener,NEW[new com.osthoro.animatedearthwatchface.AnalogWatchFaceService$Engine]102,1), (register_sensor_listener,NEW[new com.osthoro.animatedearthwatchface.AnalogWatchFaceService$Engine]102,2), (register_sensor_listener,NEW[new com.osthoro.animatedearthwatchface.AnalogWatchFaceService$Engine]102,4)]
[INFO] Analyzer: =============== wfOnCreate() ===============
[INFO] Analyzer: =============== wfOnCreateEngine() ===============
[INFO] Analyzer: =============== onCreate() ===============
[INFO] Analyzer: =============== onVisibilityChanged(true) ===============
[INFO] ICFGUtil: [acq labels] [(register_sensor_listener,NEW[new com.osthoro.animatedearthwatchface.AnalogWatchFaceService$Engine]102,4), (register_sensor_listener,NEW[new com.osthoro.animatedearthwatchface.AnalogWatchFaceService$Engine]102,1), (register_sensor_listener,NEW[new com.osthoro.animatedearthwatchface.AnalogWatchFaceService$Engine]102,2)]
[INFO] ICFGUtil: [rel labels] [(unregister_sensor_listener,NEW[new com.osthoro.animatedearthwatchface.AnalogWatchFaceService$Engine]102,-1)]
[INFO] ICFGUtil: [all labels] [(unregister_sensor_listener,NEW[new com.osthoro.animatedearthwatchface.AnalogWatchFaceService$Engine]102,-1), (register_sensor_listener,NEW[new com.osthoro.animatedearthwatchface.AnalogWatchFaceService$Engine]102,4), (register_sensor_listener,NEW[new com.osthoro.animatedearthwatchface.AnalogWatchFaceService$Engine]102,1), (register_sensor_listener,NEW[new com.osthoro.animatedearthwatchface.AnalogWatchFaceService$Engine]102,2)]
[INFO] Analyzer: =============== onVisibilityChanged(false) ===============
[INFO] ICFGUtil: [acq labels] []
[INFO] ICFGUtil: [rel labels] [(unregister_sensor_listener,NEW[new com.osthoro.animatedearthwatchface.AnalogWatchFaceService$Engine]102,-1)]
[INFO] ICFGUtil: [all labels] [(unregister_sensor_listener,NEW[new com.osthoro.animatedearthwatchface.AnalogWatchFaceService$Engine]102,-1)]
[INFO] Analyzer: =============== onDestroy() ===============
[INFO] Analyzer: =============== wfOnDestroy() ===============
[INFO] Analyzer: =============== onAmbientModeChanged(false) ===============
[INFO] ICFGUtil: [acq labels] [(register_sensor_listener,NEW[new com.osthoro.animatedearthwatchface.AnalogWatchFaceService$Engine]102,1), (register_sensor_listener,NEW[new com.osthoro.animatedearthwatchface.AnalogWatchFaceService$Engine]102,2), (register_sensor_listener,NEW[new com.osthoro.animatedearthwatchface.AnalogWatchFaceService$Engine]102,4)]
[INFO] ICFGUtil: [rel labels] [(unregister_sensor_listener,NEW[new com.osthoro.animatedearthwatchface.AnalogWatchFaceService$Engine]102,-1)]
[INFO] ICFGUtil: [all labels] [(unregister_sensor_listener,NEW[new com.osthoro.animatedearthwatchface.AnalogWatchFaceService$Engine]102,-1), (register_sensor_listener,NEW[new com.osthoro.animatedearthwatchface.AnalogWatchFaceService$Engine]102,1), (register_sensor_listener,NEW[new com.osthoro.animatedearthwatchface.AnalogWatchFaceService$Engine]102,2), (register_sensor_listener,NEW[new com.osthoro.animatedearthwatchface.AnalogWatchFaceService$Engine]102,4)]
[INFO] Analyzer: =============== wfOnCreate() ===============
[INFO] Analyzer: =============== wfOnCreateEngine() ===============
[INFO] Analyzer: =============== onCreate() ===============
[INFO] Analyzer: =============== onVisibilityChanged(true) ===============
[INFO] ICFGUtil: [acq labels] [(register_sensor_listener,NEW[new com.osthoro.animatedearthwatchface.AnalogWatchFaceService$Engine]102,4), (register_sensor_listener,NEW[new com.osthoro.animatedearthwatchface.AnalogWatchFaceService$Engine]102,1), (register_sensor_listener,NEW[new com.osthoro.animatedearthwatchface.AnalogWatchFaceService$Engine]102,2)]
[INFO] ICFGUtil: [rel labels] [(unregister_sensor_listener,NEW[new com.osthoro.animatedearthwatchface.AnalogWatchFaceService$Engine]102,-1)]
[INFO] ICFGUtil: [all labels] [(unregister_sensor_listener,NEW[new com.osthoro.animatedearthwatchface.AnalogWatchFaceService$Engine]102,-1), (register_sensor_listener,NEW[new com.osthoro.animatedearthwatchface.AnalogWatchFaceService$Engine]102,4), (register_sensor_listener,NEW[new com.osthoro.animatedearthwatchface.AnalogWatchFaceService$Engine]102,1), (register_sensor_listener,NEW[new com.osthoro.animatedearthwatchface.AnalogWatchFaceService$Engine]102,2)]
[INFO] Analyzer: =============== onVisibilityChanged(false) ===============
[INFO] ICFGUtil: [acq labels] []
[INFO] ICFGUtil: [rel labels] [(unregister_sensor_listener,NEW[new com.osthoro.animatedearthwatchface.AnalogWatchFaceService$Engine]102,-1)]
[INFO] ICFGUtil: [all labels] [(unregister_sensor_listener,NEW[new com.osthoro.animatedearthwatchface.AnalogWatchFaceService$Engine]102,-1)]
[INFO] Analyzer: =============== onDestroy() ===============
[INFO] Analyzer: =============== wfOnDestroy() ===============
[INFO] Analyzer: =============== onAmbientModeChanged(true) ===============
[INFO] ICFGUtil: [acq labels] []
[INFO] ICFGUtil: [rel labels] [(unregister_sensor_listener,NEW[new com.osthoro.animatedearthwatchface.AnalogWatchFaceService$Engine]102,-1)]
[INFO] ICFGUtil: [all labels] [(unregister_sensor_listener,NEW[new com.osthoro.animatedearthwatchface.AnalogWatchFaceService$Engine]102,-1)]
[INFO] Analyzer: =============== onAmbientModeChanged(false) ===============
[INFO] ICFGUtil: [acq labels] [(register_sensor_listener,NEW[new com.osthoro.animatedearthwatchface.AnalogWatchFaceService$Engine]102,1), (register_sensor_listener,NEW[new com.osthoro.animatedearthwatchface.AnalogWatchFaceService$Engine]102,2), (register_sensor_listener,NEW[new com.osthoro.animatedearthwatchface.AnalogWatchFaceService$Engine]102,4)]
[INFO] ICFGUtil: [rel labels] []
[INFO] ICFGUtil: [all labels] [(register_sensor_listener,NEW[new com.osthoro.animatedearthwatchface.AnalogWatchFaceService$Engine]102,1), (register_sensor_listener,NEW[new com.osthoro.animatedearthwatchface.AnalogWatchFaceService$Engine]102,2), (register_sensor_listener,NEW[new com.osthoro.animatedearthwatchface.AnalogWatchFaceService$Engine]102,4)]
[INFO] MySceneTransformer: setColor @ onAmbientModeChanged(true): [{}]
[INFO] MySceneTransformer: setColor @ onAmbientModeChanged(false): [{}]
[INFO] MySceneTransformer: setColor equal=true
[INFO] MySceneTransformer: colors @ onAmbientModeChanged(true): []
[INFO] MySceneTransformer: colors @ onAmbientModeChanged(false): []
[INFO] MySceneTransformer: colors equal=false
[INFO] MySceneTransformer: @@@@@@ SENSOR LEAK @@@@@@ [4, 1, 2] [[<null::SELECT::interactive>, <interactive::PRESS_SIDE_BUTTON::invisible_applist>, <invisible_applist::STANDBY::ambient>]]
[INFO] MySceneTransformer: LEAK TESTCASE 1: wearable.select_on_handheld(HANDHELD_SERIALNO, labels[pkg])
[INFO] MySceneTransformer: LEAK TESTCASE 1: wearable.press_side_button()
[INFO] MySceneTransformer: LEAK TESTCASE 1: wearable.standby()
[INFO] MySceneTransformer: @@@@@@ SENSOR LEAK @@@@@@ [4, 1, 2] [[<null::SELECT::interactive>, <interactive::SWIPE_UP::invisible_notification>, <invisible_notification::STANDBY::ambient>]]
[INFO] MySceneTransformer: LEAK TESTCASE 2: wearable.select_on_handheld(HANDHELD_SERIALNO, labels[pkg])
[INFO] MySceneTransformer: LEAK TESTCASE 2: wearable.swipe_up()
[INFO] MySceneTransformer: LEAK TESTCASE 2: wearable.standby()
[INFO] MySceneTransformer: TOTAL TIME: 4.390000 sec
[INFO] MySceneTransformer: Soot stopped on Thu Jun 21 11:56:22 EDT 2018
