Soot started on Thu Jun 21 11:24:57 EDT 2018
[INFO] MySceneTransformer: WatchFaceService:::: com.jaral.watchface.scifi.ui.PsychronWatchFaceService
[INFO] MySceneTransformer: !!!!!!!!!! Going to analyze: ./apks/wear/com.jaral.watchface.scifi.apk
[INFO] MySceneTransformer: ############## com.jaral.watchface.library.services.BaseWatchFaceService$SmartWatchEngine ##############
[INFO] Analyzer: =============== onSensorChanged() ===============
[INFO] FlowGraph: @@@@ Total Class:   110
[INFO] FlowGraph: @@@@ Total Methods: 652
[INFO] FlowGraph: @@@@ Total Stmts:   8242
[INFO] Analyzer: =============== onSensorChanged() ===============
[INFO] ICFGUtil: [acq labels] []
[INFO] ICFGUtil: [rel labels] [(unregister_sensor_listener,NEW[new com.jaral.watchface.library.pedometer.Pedometer]500,-1)]
[INFO] ICFGUtil: [all labels] [(unregister_sensor_listener,NEW[new com.jaral.watchface.library.pedometer.Pedometer]500,-1)]
[INFO] Analyzer: =============== onSensorChanged() ===============
[INFO] MySceneTransformer: onSensorChanged: {<com.jaral.watchface.library.pedometer.Pedometer: void onSensorChanged(android.hardware.SensorEvent)>=[(unregister_sensor_listener,NEW[new com.jaral.watchface.library.pedometer.Pedometer]500,-1)]}
[INFO] Analyzer: =============== onAmbientModeChanged(false) ===============
[INFO] ICFGUtil: [acq labels] [(register_sensor_listener,NEW[new com.jaral.watchface.library.ui.ParallaxDrawable]1195,3), (register_sensor_listener,NEW[new com.jaral.watchface.library.ui.views.layers.CompassLayer$1]1850,11)]
[INFO] ICFGUtil: [rel labels] [(unregister_sensor_listener,NEW[new com.jaral.watchface.library.ui.views.layers.CompassLayer$1]1850,-1), (unregister_sensor_listener,NEW[new com.jaral.watchface.library.ui.ParallaxDrawable]1195,-1)]
[INFO] ICFGUtil: [all labels] [(register_sensor_listener,NEW[new com.jaral.watchface.library.ui.ParallaxDrawable]1195,3), (unregister_sensor_listener,NEW[new com.jaral.watchface.library.ui.views.layers.CompassLayer$1]1850,-1), (unregister_sensor_listener,NEW[new com.jaral.watchface.library.ui.ParallaxDrawable]1195,-1), (register_sensor_listener,NEW[new com.jaral.watchface.library.ui.views.layers.CompassLayer$1]1850,11)]
[INFO] Analyzer: =============== wfOnCreate() ===============
[INFO] Analyzer: =============== wfOnCreateEngine() ===============
[INFO] Analyzer: =============== onCreate() ===============
[INFO] Analyzer: =============== onVisibilityChanged(true) ===============
[INFO] FlowAnalysis: =================== <android.graphics.Paint: void setColor(int)>(-16777216)
[INFO] ICFGUtil: [acq labels] [(register_sensor_listener,NEW[new com.jaral.watchface.library.ui.ParallaxDrawable]1195,3), (register_sensor_listener,NEW[new com.jaral.watchface.library.ui.views.layers.CompassLayer$1]1850,11)]
[INFO] ICFGUtil: [rel labels] [(unregister_sensor_listener,NEW[new com.jaral.watchface.library.ui.views.layers.CompassLayer$1]1850,-1), (unregister_sensor_listener,NEW[new com.jaral.watchface.library.ui.ParallaxDrawable]1195,-1)]
[INFO] ICFGUtil: [all labels] [(register_sensor_listener,NEW[new com.jaral.watchface.library.ui.ParallaxDrawable]1195,3), (unregister_sensor_listener,NEW[new com.jaral.watchface.library.ui.views.layers.CompassLayer$1]1850,-1), (unregister_sensor_listener,NEW[new com.jaral.watchface.library.ui.ParallaxDrawable]1195,-1), (register_sensor_listener,NEW[new com.jaral.watchface.library.ui.views.layers.CompassLayer$1]1850,11)]
[INFO] Analyzer: =============== onAmbientModeChanged(true) ===============
[INFO] FlowAnalysis: =================== <android.graphics.Paint: void setColor(int)>(-16777216)
[INFO] Analyzer: =============== onAmbientModeChanged(false) ===============
[INFO] ICFGUtil: [acq labels] [(register_sensor_listener,NEW[new com.jaral.watchface.library.ui.ParallaxDrawable]1195,3), (register_sensor_listener,NEW[new com.jaral.watchface.library.ui.views.layers.CompassLayer$1]1850,11)]
[INFO] ICFGUtil: [rel labels] [(unregister_sensor_listener,NEW[new com.jaral.watchface.library.ui.views.layers.CompassLayer$1]1850,-1), (unregister_sensor_listener,NEW[new com.jaral.watchface.library.ui.ParallaxDrawable]1195,-1)]
[INFO] ICFGUtil: [all labels] [(register_sensor_listener,NEW[new com.jaral.watchface.library.ui.ParallaxDrawable]1195,3), (unregister_sensor_listener,NEW[new com.jaral.watchface.library.ui.views.layers.CompassLayer$1]1850,-1), (unregister_sensor_listener,NEW[new com.jaral.watchface.library.ui.ParallaxDrawable]1195,-1), (register_sensor_listener,NEW[new com.jaral.watchface.library.ui.views.layers.CompassLayer$1]1850,11)]
[INFO] Analyzer: =============== wfOnCreate() ===============
[INFO] Analyzer: =============== wfOnCreateEngine() ===============
[INFO] Analyzer: =============== onCreate() ===============
[INFO] Analyzer: =============== onVisibilityChanged(true) ===============
[INFO] FlowAnalysis: =================== <android.graphics.Paint: void setColor(int)>(-16777216)
[INFO] ICFGUtil: [acq labels] [(register_sensor_listener,NEW[new com.jaral.watchface.library.ui.ParallaxDrawable]1195,3), (register_sensor_listener,NEW[new com.jaral.watchface.library.ui.views.layers.CompassLayer$1]1850,11)]
[INFO] ICFGUtil: [rel labels] [(unregister_sensor_listener,NEW[new com.jaral.watchface.library.ui.views.layers.CompassLayer$1]1850,-1), (unregister_sensor_listener,NEW[new com.jaral.watchface.library.ui.ParallaxDrawable]1195,-1)]
[INFO] ICFGUtil: [all labels] [(register_sensor_listener,NEW[new com.jaral.watchface.library.ui.ParallaxDrawable]1195,3), (unregister_sensor_listener,NEW[new com.jaral.watchface.library.ui.views.layers.CompassLayer$1]1850,-1), (unregister_sensor_listener,NEW[new com.jaral.watchface.library.ui.ParallaxDrawable]1195,-1), (register_sensor_listener,NEW[new com.jaral.watchface.library.ui.views.layers.CompassLayer$1]1850,11)]
[INFO] Analyzer: =============== onVisibilityChanged(false) ===============
[INFO] ICFGUtil: [acq labels] [(register_sensor_listener,NEW[new com.jaral.watchface.library.ui.ParallaxDrawable]1195,3), (register_sensor_listener,NEW[new com.jaral.watchface.library.ui.views.layers.CompassLayer$1]1850,11)]
[INFO] ICFGUtil: [rel labels] [(unregister_sensor_listener,NEW[new com.jaral.watchface.library.ui.views.layers.CompassLayer$1]1850,-1), (unregister_sensor_listener,NEW[new com.jaral.watchface.library.ui.ParallaxDrawable]1195,-1)]
[INFO] ICFGUtil: [all labels] [(register_sensor_listener,NEW[new com.jaral.watchface.library.ui.ParallaxDrawable]1195,3), (unregister_sensor_listener,NEW[new com.jaral.watchface.library.ui.views.layers.CompassLayer$1]1850,-1), (unregister_sensor_listener,NEW[new com.jaral.watchface.library.ui.ParallaxDrawable]1195,-1), (register_sensor_listener,NEW[new com.jaral.watchface.library.ui.views.layers.CompassLayer$1]1850,11)]
[INFO] Analyzer: =============== onAmbientModeChanged(true) ===============
[INFO] FlowAnalysis: =================== <android.graphics.Paint: void setColor(int)>(-16777216)
[INFO] Analyzer: =============== onVisibilityChanged(true) ===============
[INFO] FlowAnalysis: =================== <android.graphics.Paint: void setColor(int)>(-16777216)
[INFO] ICFGUtil: [acq labels] [(register_sensor_listener,NEW[new com.jaral.watchface.library.ui.ParallaxDrawable]1195,3), (register_sensor_listener,NEW[new com.jaral.watchface.library.ui.views.layers.CompassLayer$1]1850,11)]
[INFO] ICFGUtil: [rel labels] [(unregister_sensor_listener,NEW[new com.jaral.watchface.library.ui.views.layers.CompassLayer$1]1850,-1), (unregister_sensor_listener,NEW[new com.jaral.watchface.library.ui.ParallaxDrawable]1195,-1)]
[INFO] ICFGUtil: [all labels] [(register_sensor_listener,NEW[new com.jaral.watchface.library.ui.ParallaxDrawable]1195,3), (unregister_sensor_listener,NEW[new com.jaral.watchface.library.ui.views.layers.CompassLayer$1]1850,-1), (unregister_sensor_listener,NEW[new com.jaral.watchface.library.ui.ParallaxDrawable]1195,-1), (register_sensor_listener,NEW[new com.jaral.watchface.library.ui.views.layers.CompassLayer$1]1850,11)]
[INFO] Analyzer: =============== onAmbientModeChanged(false) ===============
[INFO] ICFGUtil: [acq labels] [(register_sensor_listener,NEW[new com.jaral.watchface.library.ui.ParallaxDrawable]1195,3), (register_sensor_listener,NEW[new com.jaral.watchface.library.ui.views.layers.CompassLayer$1]1850,11)]
[INFO] ICFGUtil: [rel labels] [(unregister_sensor_listener,NEW[new com.jaral.watchface.library.ui.views.layers.CompassLayer$1]1850,-1), (unregister_sensor_listener,NEW[new com.jaral.watchface.library.ui.ParallaxDrawable]1195,-1)]
[INFO] ICFGUtil: [all labels] [(register_sensor_listener,NEW[new com.jaral.watchface.library.ui.ParallaxDrawable]1195,3), (unregister_sensor_listener,NEW[new com.jaral.watchface.library.ui.views.layers.CompassLayer$1]1850,-1), (unregister_sensor_listener,NEW[new com.jaral.watchface.library.ui.ParallaxDrawable]1195,-1), (register_sensor_listener,NEW[new com.jaral.watchface.library.ui.views.layers.CompassLayer$1]1850,11)]
[INFO] Analyzer: =============== wfOnCreate() ===============
[INFO] Analyzer: =============== wfOnCreateEngine() ===============
[INFO] Analyzer: =============== onCreate() ===============
[INFO] Analyzer: =============== onVisibilityChanged(true) ===============
[INFO] FlowAnalysis: =================== <android.graphics.Paint: void setColor(int)>(-16777216)
[INFO] ICFGUtil: [acq labels] [(register_sensor_listener,NEW[new com.jaral.watchface.library.ui.ParallaxDrawable]1195,3), (register_sensor_listener,NEW[new com.jaral.watchface.library.ui.views.layers.CompassLayer$1]1850,11)]
[INFO] ICFGUtil: [rel labels] [(unregister_sensor_listener,NEW[new com.jaral.watchface.library.ui.views.layers.CompassLayer$1]1850,-1), (unregister_sensor_listener,NEW[new com.jaral.watchface.library.ui.ParallaxDrawable]1195,-1)]
[INFO] ICFGUtil: [all labels] [(register_sensor_listener,NEW[new com.jaral.watchface.library.ui.ParallaxDrawable]1195,3), (unregister_sensor_listener,NEW[new com.jaral.watchface.library.ui.views.layers.CompassLayer$1]1850,-1), (unregister_sensor_listener,NEW[new com.jaral.watchface.library.ui.ParallaxDrawable]1195,-1), (register_sensor_listener,NEW[new com.jaral.watchface.library.ui.views.layers.CompassLayer$1]1850,11)]
[INFO] Analyzer: =============== onVisibilityChanged(false) ===============
[INFO] ICFGUtil: [acq labels] [(register_sensor_listener,NEW[new com.jaral.watchface.library.ui.ParallaxDrawable]1195,3), (register_sensor_listener,NEW[new com.jaral.watchface.library.ui.views.layers.CompassLayer$1]1850,11)]
[INFO] ICFGUtil: [rel labels] [(unregister_sensor_listener,NEW[new com.jaral.watchface.library.ui.views.layers.CompassLayer$1]1850,-1), (unregister_sensor_listener,NEW[new com.jaral.watchface.library.ui.ParallaxDrawable]1195,-1)]
[INFO] ICFGUtil: [all labels] [(register_sensor_listener,NEW[new com.jaral.watchface.library.ui.ParallaxDrawable]1195,3), (unregister_sensor_listener,NEW[new com.jaral.watchface.library.ui.views.layers.CompassLayer$1]1850,-1), (unregister_sensor_listener,NEW[new com.jaral.watchface.library.ui.ParallaxDrawable]1195,-1), (register_sensor_listener,NEW[new com.jaral.watchface.library.ui.views.layers.CompassLayer$1]1850,11)]
[INFO] Analyzer: =============== onAmbientModeChanged(true) ===============
[INFO] FlowAnalysis: =================== <android.graphics.Paint: void setColor(int)>(-16777216)
[INFO] Analyzer: =============== onVisibilityChanged(true) ===============
[INFO] FlowAnalysis: =================== <android.graphics.Paint: void setColor(int)>(-16777216)
[INFO] ICFGUtil: [acq labels] [(register_sensor_listener,NEW[new com.jaral.watchface.library.ui.ParallaxDrawable]1195,3), (register_sensor_listener,NEW[new com.jaral.watchface.library.ui.views.layers.CompassLayer$1]1850,11)]
[INFO] ICFGUtil: [rel labels] [(unregister_sensor_listener,NEW[new com.jaral.watchface.library.ui.views.layers.CompassLayer$1]1850,-1), (unregister_sensor_listener,NEW[new com.jaral.watchface.library.ui.ParallaxDrawable]1195,-1)]
[INFO] ICFGUtil: [all labels] [(register_sensor_listener,NEW[new com.jaral.watchface.library.ui.ParallaxDrawable]1195,3), (unregister_sensor_listener,NEW[new com.jaral.watchface.library.ui.views.layers.CompassLayer$1]1850,-1), (unregister_sensor_listener,NEW[new com.jaral.watchface.library.ui.ParallaxDrawable]1195,-1), (register_sensor_listener,NEW[new com.jaral.watchface.library.ui.views.layers.CompassLayer$1]1850,11)]
[INFO] Analyzer: =============== onAmbientModeChanged(false) ===============
[INFO] ICFGUtil: [acq labels] [(register_sensor_listener,NEW[new com.jaral.watchface.library.ui.ParallaxDrawable]1195,3), (register_sensor_listener,NEW[new com.jaral.watchface.library.ui.views.layers.CompassLayer$1]1850,11)]
[INFO] ICFGUtil: [rel labels] [(unregister_sensor_listener,NEW[new com.jaral.watchface.library.ui.views.layers.CompassLayer$1]1850,-1), (unregister_sensor_listener,NEW[new com.jaral.watchface.library.ui.ParallaxDrawable]1195,-1)]
[INFO] ICFGUtil: [all labels] [(register_sensor_listener,NEW[new com.jaral.watchface.library.ui.ParallaxDrawable]1195,3), (unregister_sensor_listener,NEW[new com.jaral.watchface.library.ui.views.layers.CompassLayer$1]1850,-1), (unregister_sensor_listener,NEW[new com.jaral.watchface.library.ui.ParallaxDrawable]1195,-1), (register_sensor_listener,NEW[new com.jaral.watchface.library.ui.views.layers.CompassLayer$1]1850,11)]
[INFO] Analyzer: =============== wfOnCreate() ===============
[INFO] Analyzer: =============== wfOnCreateEngine() ===============
[INFO] Analyzer: =============== onCreate() ===============
[INFO] Analyzer: =============== onVisibilityChanged(true) ===============
[INFO] FlowAnalysis: =================== <android.graphics.Paint: void setColor(int)>(-16777216)
[INFO] ICFGUtil: [acq labels] [(register_sensor_listener,NEW[new com.jaral.watchface.library.ui.ParallaxDrawable]1195,3), (register_sensor_listener,NEW[new com.jaral.watchface.library.ui.views.layers.CompassLayer$1]1850,11)]
[INFO] ICFGUtil: [rel labels] [(unregister_sensor_listener,NEW[new com.jaral.watchface.library.ui.views.layers.CompassLayer$1]1850,-1), (unregister_sensor_listener,NEW[new com.jaral.watchface.library.ui.ParallaxDrawable]1195,-1)]
[INFO] ICFGUtil: [all labels] [(register_sensor_listener,NEW[new com.jaral.watchface.library.ui.ParallaxDrawable]1195,3), (unregister_sensor_listener,NEW[new com.jaral.watchface.library.ui.views.layers.CompassLayer$1]1850,-1), (unregister_sensor_listener,NEW[new com.jaral.watchface.library.ui.ParallaxDrawable]1195,-1), (register_sensor_listener,NEW[new com.jaral.watchface.library.ui.views.layers.CompassLayer$1]1850,11)]
[INFO] Analyzer: =============== onVisibilityChanged(false) ===============
[INFO] ICFGUtil: [acq labels] [(register_sensor_listener,NEW[new com.jaral.watchface.library.ui.ParallaxDrawable]1195,3), (register_sensor_listener,NEW[new com.jaral.watchface.library.ui.views.layers.CompassLayer$1]1850,11)]
[INFO] ICFGUtil: [rel labels] [(unregister_sensor_listener,NEW[new com.jaral.watchface.library.ui.views.layers.CompassLayer$1]1850,-1), (unregister_sensor_listener,NEW[new com.jaral.watchface.library.ui.ParallaxDrawable]1195,-1)]
[INFO] ICFGUtil: [all labels] [(register_sensor_listener,NEW[new com.jaral.watchface.library.ui.ParallaxDrawable]1195,3), (unregister_sensor_listener,NEW[new com.jaral.watchface.library.ui.views.layers.CompassLayer$1]1850,-1), (unregister_sensor_listener,NEW[new com.jaral.watchface.library.ui.ParallaxDrawable]1195,-1), (register_sensor_listener,NEW[new com.jaral.watchface.library.ui.views.layers.CompassLayer$1]1850,11)]
[INFO] Analyzer: =============== onDestroy() ===============
[INFO] Analyzer: =============== wfOnDestroy() ===============
[INFO] Analyzer: =============== onAmbientModeChanged(false) ===============
[INFO] ICFGUtil: [acq labels] [(register_sensor_listener,NEW[new com.jaral.watchface.library.ui.ParallaxDrawable]1195,3), (register_sensor_listener,NEW[new com.jaral.watchface.library.ui.views.layers.CompassLayer$1]1850,11)]
[INFO] ICFGUtil: [rel labels] [(unregister_sensor_listener,NEW[new com.jaral.watchface.library.ui.views.layers.CompassLayer$1]1850,-1), (unregister_sensor_listener,NEW[new com.jaral.watchface.library.ui.ParallaxDrawable]1195,-1)]
[INFO] ICFGUtil: [all labels] [(register_sensor_listener,NEW[new com.jaral.watchface.library.ui.ParallaxDrawable]1195,3), (unregister_sensor_listener,NEW[new com.jaral.watchface.library.ui.views.layers.CompassLayer$1]1850,-1), (unregister_sensor_listener,NEW[new com.jaral.watchface.library.ui.ParallaxDrawable]1195,-1), (register_sensor_listener,NEW[new com.jaral.watchface.library.ui.views.layers.CompassLayer$1]1850,11)]
[INFO] Analyzer: =============== wfOnCreate() ===============
[INFO] Analyzer: =============== wfOnCreateEngine() ===============
[INFO] Analyzer: =============== onCreate() ===============
[INFO] Analyzer: =============== onVisibilityChanged(true) ===============
[INFO] FlowAnalysis: =================== <android.graphics.Paint: void setColor(int)>(-16777216)
[INFO] ICFGUtil: [acq labels] [(register_sensor_listener,NEW[new com.jaral.watchface.library.ui.ParallaxDrawable]1195,3), (register_sensor_listener,NEW[new com.jaral.watchface.library.ui.views.layers.CompassLayer$1]1850,11)]
[INFO] ICFGUtil: [rel labels] [(unregister_sensor_listener,NEW[new com.jaral.watchface.library.ui.views.layers.CompassLayer$1]1850,-1), (unregister_sensor_listener,NEW[new com.jaral.watchface.library.ui.ParallaxDrawable]1195,-1)]
[INFO] ICFGUtil: [all labels] [(register_sensor_listener,NEW[new com.jaral.watchface.library.ui.ParallaxDrawable]1195,3), (unregister_sensor_listener,NEW[new com.jaral.watchface.library.ui.views.layers.CompassLayer$1]1850,-1), (unregister_sensor_listener,NEW[new com.jaral.watchface.library.ui.ParallaxDrawable]1195,-1), (register_sensor_listener,NEW[new com.jaral.watchface.library.ui.views.layers.CompassLayer$1]1850,11)]
[INFO] Analyzer: =============== onVisibilityChanged(false) ===============
[INFO] ICFGUtil: [acq labels] [(register_sensor_listener,NEW[new com.jaral.watchface.library.ui.ParallaxDrawable]1195,3), (register_sensor_listener,NEW[new com.jaral.watchface.library.ui.views.layers.CompassLayer$1]1850,11)]
[INFO] ICFGUtil: [rel labels] [(unregister_sensor_listener,NEW[new com.jaral.watchface.library.ui.views.layers.CompassLayer$1]1850,-1), (unregister_sensor_listener,NEW[new com.jaral.watchface.library.ui.ParallaxDrawable]1195,-1)]
[INFO] ICFGUtil: [all labels] [(register_sensor_listener,NEW[new com.jaral.watchface.library.ui.ParallaxDrawable]1195,3), (unregister_sensor_listener,NEW[new com.jaral.watchface.library.ui.views.layers.CompassLayer$1]1850,-1), (unregister_sensor_listener,NEW[new com.jaral.watchface.library.ui.ParallaxDrawable]1195,-1), (register_sensor_listener,NEW[new com.jaral.watchface.library.ui.views.layers.CompassLayer$1]1850,11)]
[INFO] Analyzer: =============== onDestroy() ===============
[INFO] Analyzer: =============== wfOnDestroy() ===============
[INFO] Analyzer: =============== onAmbientModeChanged(true) ===============
[INFO] FlowAnalysis: =================== <android.graphics.Paint: void setColor(int)>(-16777216)
[INFO] ICFGUtil: [acq labels] [(register_sensor_listener,NEW[new com.jaral.watchface.library.ui.ParallaxDrawable]1195,3), (register_sensor_listener,NEW[new com.jaral.watchface.library.ui.views.layers.CompassLayer$1]1850,11)]
[INFO] ICFGUtil: [rel labels] [(unregister_sensor_listener,NEW[new com.jaral.watchface.library.ui.views.layers.CompassLayer$1]1850,-1), (unregister_sensor_listener,NEW[new com.jaral.watchface.library.ui.ParallaxDrawable]1195,-1)]
[INFO] ICFGUtil: [all labels] [(register_sensor_listener,NEW[new com.jaral.watchface.library.ui.ParallaxDrawable]1195,3), (unregister_sensor_listener,NEW[new com.jaral.watchface.library.ui.views.layers.CompassLayer$1]1850,-1), (unregister_sensor_listener,NEW[new com.jaral.watchface.library.ui.ParallaxDrawable]1195,-1), (register_sensor_listener,NEW[new com.jaral.watchface.library.ui.views.layers.CompassLayer$1]1850,11)]
[INFO] Analyzer: =============== onAmbientModeChanged(false) ===============
[INFO] FlowAnalysis: =================== <android.graphics.Paint: void setColor(int)>(-16777216)
[INFO] ICFGUtil: [acq labels] [(register_sensor_listener,NEW[new com.jaral.watchface.library.ui.ParallaxDrawable]1195,3), (register_sensor_listener,NEW[new com.jaral.watchface.library.ui.views.layers.CompassLayer$1]1850,11)]
[INFO] ICFGUtil: [rel labels] [(unregister_sensor_listener,NEW[new com.jaral.watchface.library.ui.views.layers.CompassLayer$1]1850,-1), (unregister_sensor_listener,NEW[new com.jaral.watchface.library.ui.ParallaxDrawable]1195,-1)]
[INFO] ICFGUtil: [all labels] [(register_sensor_listener,NEW[new com.jaral.watchface.library.ui.ParallaxDrawable]1195,3), (unregister_sensor_listener,NEW[new com.jaral.watchface.library.ui.views.layers.CompassLayer$1]1850,-1), (unregister_sensor_listener,NEW[new com.jaral.watchface.library.ui.ParallaxDrawable]1195,-1), (register_sensor_listener,NEW[new com.jaral.watchface.library.ui.views.layers.CompassLayer$1]1850,11)]
[INFO] MySceneTransformer: setColor @ onAmbientModeChanged(true): [{$r1=[-16777216], $r8=[0, -16777216, -2266088, -131086], $r6_1=[0, -16777216, -2266088, -131086], $r6=[0, -16777216, -2266088, -131086]}]
[INFO] MySceneTransformer: setColor @ onAmbientModeChanged(false): [{$r1=[-16777216], $r8=[0, -16777216, -2266088, -131086], $r6_1=[0, -16777216, -2266088, -131086], $r6=[0, -16777216, -2266088, -131086]}]
[INFO] MySceneTransformer: setColor equal=true
[INFO] MySceneTransformer: colors @ onAmbientModeChanged(true): [ffdd6c18, fffdfff2]
[INFO] MySceneTransformer: colors @ onAmbientModeChanged(false): [ffdd6c18, fffdfff2]
[INFO] MySceneTransformer: colors equal=true
[INFO] MySceneTransformer: @@@@@@ SENSOR LEAK @@@@@@ [3, 11] [[<null::SELECT::interactive>, <interactive::STANDBY::ambient>]]
[INFO] MySceneTransformer: LEAK TESTCASE 1: wearable.select_on_handheld(HANDHELD_SERIALNO, labels[pkg])
[INFO] MySceneTransformer: LEAK TESTCASE 1: wearable.standby()
[INFO] MySceneTransformer: @@@@@@ SENSOR LEAK @@@@@@ [3, 11] [[<null::SELECT::interactive>, <interactive::SWIPE_UP::invisible_notification>, <invisible_notification::STANDBY::ambient>]]
[INFO] MySceneTransformer: LEAK TESTCASE 2: wearable.select_on_handheld(HANDHELD_SERIALNO, labels[pkg])
[INFO] MySceneTransformer: LEAK TESTCASE 2: wearable.swipe_up()
[INFO] MySceneTransformer: LEAK TESTCASE 2: wearable.standby()
[INFO] MySceneTransformer: @@@@@@ SENSOR LEAK @@@@@@ [3, 11] [[<null::SELECT::interactive>, <interactive::SWIPE_RIGHT::invisible_wfpicker>, <invisible_wfpicker::DESELECT::null>]]
[INFO] MySceneTransformer: LEAK TESTCASE 3: wearable.select_on_handheld(HANDHELD_SERIALNO, labels[pkg])
[INFO] MySceneTransformer: LEAK TESTCASE 3: wearable.swipe_right()
[INFO] MySceneTransformer: LEAK TESTCASE 3: wearable.deselect_on_handheld(HANDHELD_SERIALNO)
[INFO] MySceneTransformer: @@@@@@ SENSOR LEAK @@@@@@ [3, 11] [[<null::SELECT::interactive>, <interactive::PRESS_SIDE_BUTTON::invisible_applist>, <invisible_applist::STANDBY::ambient>]]
[INFO] MySceneTransformer: LEAK TESTCASE 4: wearable.select_on_handheld(HANDHELD_SERIALNO, labels[pkg])
[INFO] MySceneTransformer: LEAK TESTCASE 4: wearable.press_side_button()
[INFO] MySceneTransformer: LEAK TESTCASE 4: wearable.standby()
[INFO] MySceneTransformer: @@@@@@ SENSOR LEAK @@@@@@ [3, 11] [[<null::SELECT::interactive>, <interactive::SWIPE_LEFT::invisible_wfpicker>, <invisible_wfpicker::DESELECT::null>]]
[INFO] MySceneTransformer: LEAK TESTCASE 5: wearable.select_on_handheld(HANDHELD_SERIALNO, labels[pkg])
[INFO] MySceneTransformer: LEAK TESTCASE 5: wearable.swipe_left()
[INFO] MySceneTransformer: LEAK TESTCASE 5: wearable.deselect_on_handheld(HANDHELD_SERIALNO)
[INFO] MySceneTransformer: TOTAL TIME: 18.348000 sec
[INFO] MySceneTransformer: Soot stopped on Thu Jun 21 11:25:19 EDT 2018
