Soot started on Thu Jun 21 12:20:51 EDT 2018
[INFO] MySceneTransformer: WatchFaceService:::: com.trinketworkshop.signalwatchface.SignalWatchFace
[INFO] MySceneTransformer: !!!!!!!!!! Going to analyze: ./apks/wear/com.trinketworkshop.signalwatcface.apk
[INFO] MySceneTransformer: ############## com.trinketworkshop.signalwatchface.SignalWatchFace$Engine ##############
[INFO] Analyzer: =============== onSensorChanged() ===============
[INFO] FlowGraph: @@@@ Total Class:   86
[INFO] FlowGraph: @@@@ Total Methods: 371
[INFO] FlowGraph: @@@@ Total Stmts:   6840
[INFO] Analyzer: =============== onAmbientModeChanged(false) ===============
[INFO] Analyzer: =============== wfOnCreate() ===============
[INFO] Analyzer: =============== wfOnCreateEngine() ===============
[INFO] Analyzer: =============== onCreate() ===============
[INFO] Analyzer: =============== onVisibilityChanged(true) ===============
[INFO] ICFGUtil: [acq labels] [(register_sensor_listener,NEW[new com.trinketworkshop.signalwatchface.SignalWatchFace$Engine]2175,19)]
[INFO] ICFGUtil: [rel labels] [(unregister_sensor_listener,NEW[new com.trinketworkshop.signalwatchface.SignalWatchFace$Engine]2175,-1)]
[INFO] ICFGUtil: [all labels] [(register_sensor_listener,NEW[new com.trinketworkshop.signalwatchface.SignalWatchFace$Engine]2175,19), (unregister_sensor_listener,NEW[new com.trinketworkshop.signalwatchface.SignalWatchFace$Engine]2175,-1)]
[INFO] Analyzer: =============== onAmbientModeChanged(true) ===============
[INFO] Analyzer: =============== onAmbientModeChanged(false) ===============
[INFO] Analyzer: =============== wfOnCreate() ===============
[INFO] Analyzer: =============== wfOnCreateEngine() ===============
[INFO] Analyzer: =============== onCreate() ===============
[INFO] Analyzer: =============== onVisibilityChanged(true) ===============
[INFO] ICFGUtil: [acq labels] [(register_sensor_listener,NEW[new com.trinketworkshop.signalwatchface.SignalWatchFace$Engine]2175,19)]
[INFO] ICFGUtil: [rel labels] [(unregister_sensor_listener,NEW[new com.trinketworkshop.signalwatchface.SignalWatchFace$Engine]2175,-1)]
[INFO] ICFGUtil: [all labels] [(register_sensor_listener,NEW[new com.trinketworkshop.signalwatchface.SignalWatchFace$Engine]2175,19), (unregister_sensor_listener,NEW[new com.trinketworkshop.signalwatchface.SignalWatchFace$Engine]2175,-1)]
[INFO] Analyzer: =============== onVisibilityChanged(false) ===============
[INFO] ICFGUtil: [acq labels] []
[INFO] ICFGUtil: [rel labels] [(unregister_sensor_listener,NEW[new com.trinketworkshop.signalwatchface.SignalWatchFace$Engine]2175,-1)]
[INFO] ICFGUtil: [all labels] [(unregister_sensor_listener,NEW[new com.trinketworkshop.signalwatchface.SignalWatchFace$Engine]2175,-1)]
[INFO] Analyzer: =============== onAmbientModeChanged(true) ===============
[INFO] Analyzer: =============== onVisibilityChanged(true) ===============
[INFO] ICFGUtil: [acq labels] [(register_sensor_listener,NEW[new com.trinketworkshop.signalwatchface.SignalWatchFace$Engine]2175,19)]
[INFO] ICFGUtil: [rel labels] [(unregister_sensor_listener,NEW[new com.trinketworkshop.signalwatchface.SignalWatchFace$Engine]2175,-1)]
[INFO] ICFGUtil: [all labels] [(register_sensor_listener,NEW[new com.trinketworkshop.signalwatchface.SignalWatchFace$Engine]2175,19), (unregister_sensor_listener,NEW[new com.trinketworkshop.signalwatchface.SignalWatchFace$Engine]2175,-1)]
[INFO] Analyzer: =============== onAmbientModeChanged(false) ===============
[INFO] Analyzer: =============== wfOnCreate() ===============
[INFO] Analyzer: =============== wfOnCreateEngine() ===============
[INFO] Analyzer: =============== onCreate() ===============
[INFO] Analyzer: =============== onVisibilityChanged(true) ===============
[INFO] ICFGUtil: [acq labels] [(register_sensor_listener,NEW[new com.trinketworkshop.signalwatchface.SignalWatchFace$Engine]2175,19)]
[INFO] ICFGUtil: [rel labels] [(unregister_sensor_listener,NEW[new com.trinketworkshop.signalwatchface.SignalWatchFace$Engine]2175,-1)]
[INFO] ICFGUtil: [all labels] [(register_sensor_listener,NEW[new com.trinketworkshop.signalwatchface.SignalWatchFace$Engine]2175,19), (unregister_sensor_listener,NEW[new com.trinketworkshop.signalwatchface.SignalWatchFace$Engine]2175,-1)]
[INFO] Analyzer: =============== onVisibilityChanged(false) ===============
[INFO] ICFGUtil: [acq labels] []
[INFO] ICFGUtil: [rel labels] [(unregister_sensor_listener,NEW[new com.trinketworkshop.signalwatchface.SignalWatchFace$Engine]2175,-1)]
[INFO] ICFGUtil: [all labels] [(unregister_sensor_listener,NEW[new com.trinketworkshop.signalwatchface.SignalWatchFace$Engine]2175,-1)]
[INFO] Analyzer: =============== onAmbientModeChanged(true) ===============
[INFO] Analyzer: =============== onVisibilityChanged(true) ===============
[INFO] ICFGUtil: [acq labels] [(register_sensor_listener,NEW[new com.trinketworkshop.signalwatchface.SignalWatchFace$Engine]2175,19)]
[INFO] ICFGUtil: [rel labels] [(unregister_sensor_listener,NEW[new com.trinketworkshop.signalwatchface.SignalWatchFace$Engine]2175,-1)]
[INFO] ICFGUtil: [all labels] [(register_sensor_listener,NEW[new com.trinketworkshop.signalwatchface.SignalWatchFace$Engine]2175,19), (unregister_sensor_listener,NEW[new com.trinketworkshop.signalwatchface.SignalWatchFace$Engine]2175,-1)]
[INFO] Analyzer: =============== onAmbientModeChanged(false) ===============
[INFO] Analyzer: =============== wfOnCreate() ===============
[INFO] Analyzer: =============== wfOnCreateEngine() ===============
[INFO] Analyzer: =============== onCreate() ===============
[INFO] Analyzer: =============== onVisibilityChanged(true) ===============
[INFO] ICFGUtil: [acq labels] [(register_sensor_listener,NEW[new com.trinketworkshop.signalwatchface.SignalWatchFace$Engine]2175,19)]
[INFO] ICFGUtil: [rel labels] [(unregister_sensor_listener,NEW[new com.trinketworkshop.signalwatchface.SignalWatchFace$Engine]2175,-1)]
[INFO] ICFGUtil: [all labels] [(register_sensor_listener,NEW[new com.trinketworkshop.signalwatchface.SignalWatchFace$Engine]2175,19), (unregister_sensor_listener,NEW[new com.trinketworkshop.signalwatchface.SignalWatchFace$Engine]2175,-1)]
[INFO] Analyzer: =============== onVisibilityChanged(false) ===============
[INFO] ICFGUtil: [acq labels] []
[INFO] ICFGUtil: [rel labels] [(unregister_sensor_listener,NEW[new com.trinketworkshop.signalwatchface.SignalWatchFace$Engine]2175,-1)]
[INFO] ICFGUtil: [all labels] [(unregister_sensor_listener,NEW[new com.trinketworkshop.signalwatchface.SignalWatchFace$Engine]2175,-1)]
[INFO] Analyzer: =============== onDestroy() ===============
[INFO] Analyzer: =============== wfOnDestroy() ===============
[INFO] Analyzer: =============== onAmbientModeChanged(false) ===============
[INFO] Analyzer: =============== wfOnCreate() ===============
[INFO] Analyzer: =============== wfOnCreateEngine() ===============
[INFO] Analyzer: =============== onCreate() ===============
[INFO] Analyzer: =============== onVisibilityChanged(true) ===============
[INFO] ICFGUtil: [acq labels] [(register_sensor_listener,NEW[new com.trinketworkshop.signalwatchface.SignalWatchFace$Engine]2175,19)]
[INFO] ICFGUtil: [rel labels] [(unregister_sensor_listener,NEW[new com.trinketworkshop.signalwatchface.SignalWatchFace$Engine]2175,-1)]
[INFO] ICFGUtil: [all labels] [(register_sensor_listener,NEW[new com.trinketworkshop.signalwatchface.SignalWatchFace$Engine]2175,19), (unregister_sensor_listener,NEW[new com.trinketworkshop.signalwatchface.SignalWatchFace$Engine]2175,-1)]
[INFO] Analyzer: =============== onVisibilityChanged(false) ===============
[INFO] ICFGUtil: [acq labels] []
[INFO] ICFGUtil: [rel labels] [(unregister_sensor_listener,NEW[new com.trinketworkshop.signalwatchface.SignalWatchFace$Engine]2175,-1)]
[INFO] ICFGUtil: [all labels] [(unregister_sensor_listener,NEW[new com.trinketworkshop.signalwatchface.SignalWatchFace$Engine]2175,-1)]
[INFO] Analyzer: =============== onDestroy() ===============
[INFO] Analyzer: =============== wfOnDestroy() ===============
[INFO] Analyzer: =============== onAmbientModeChanged(true) ===============
[INFO] Analyzer: =============== onAmbientModeChanged(false) ===============
[INFO] MySceneTransformer: setColor @ onAmbientModeChanged(true): [{}]
[INFO] MySceneTransformer: setColor @ onAmbientModeChanged(false): [{}]
[INFO] MySceneTransformer: setColor equal=true
[INFO] MySceneTransformer: colors @ onAmbientModeChanged(true): []
[INFO] MySceneTransformer: colors @ onAmbientModeChanged(false): []
[INFO] MySceneTransformer: colors equal=false
[INFO] MySceneTransformer: TOTAL TIME: 14.884000 sec
[INFO] MySceneTransformer: Soot stopped on Thu Jun 21 12:21:09 EDT 2018
