Soot started on Thu Jun 21 12:02:52 EDT 2018
[INFO] MySceneTransformer: WatchFaceService:::: com.qmzc.timagine.watchface.maze.EngineWatchFace
[INFO] MySceneTransformer: !!!!!!!!!! Going to analyze: ./apks/wear/com.qmzc.timagine.watchface.maze.apk
[INFO] MySceneTransformer: ############## com.freeplay.common.superclass.WatchFace$Engine ##############
[INFO] Analyzer: =============== onAmbientModeChanged(false) ===============
[INFO] FlowGraph: @@@@ Total Class:   445
[INFO] FlowGraph: @@@@ Total Methods: 2093
[INFO] FlowGraph: @@@@ Total Stmts:   25355
[INFO] Analyzer: =============== wfOnCreate() ===============
[INFO] Analyzer: =============== wfOnCreateEngine() ===============
[INFO] Analyzer: =============== onCreate() ===============
[INFO] Analyzer: =============== onVisibilityChanged(true) ===============
[INFO] FlowAnalysis: =================== <android.graphics.Paint: void setColor(int)>([-2368549])
[INFO] FlowAnalysis: =================== <android.graphics.Paint: void setColor(int)>([-1842205])
[INFO] Analyzer: =============== onAmbientModeChanged(true) ===============
[INFO] FlowAnalysis: =================== <android.graphics.Paint: void setColor(int)>([-2368549])
[INFO] FlowAnalysis: =================== <android.graphics.Paint: void setColor(int)>([-1842205])
[INFO] Analyzer: =============== onAmbientModeChanged(false) ===============
[INFO] Analyzer: =============== wfOnCreate() ===============
[INFO] Analyzer: =============== wfOnCreateEngine() ===============
[INFO] Analyzer: =============== onCreate() ===============
[INFO] Analyzer: =============== onVisibilityChanged(true) ===============
[INFO] FlowAnalysis: =================== <android.graphics.Paint: void setColor(int)>([-2368549])
[INFO] FlowAnalysis: =================== <android.graphics.Paint: void setColor(int)>([-1842205])
[INFO] Analyzer: =============== onVisibilityChanged(false) ===============
[INFO] Analyzer: =============== onAmbientModeChanged(true) ===============
[INFO] FlowAnalysis: =================== <android.graphics.Paint: void setColor(int)>([-2368549])
[INFO] FlowAnalysis: =================== <android.graphics.Paint: void setColor(int)>([-1842205])
[INFO] Analyzer: =============== onVisibilityChanged(true) ===============
[INFO] FlowAnalysis: =================== <android.graphics.Paint: void setColor(int)>([-2368549])
[INFO] FlowAnalysis: =================== <android.graphics.Paint: void setColor(int)>([-1842205])
[INFO] Analyzer: =============== onAmbientModeChanged(false) ===============
[INFO] Analyzer: =============== wfOnCreate() ===============
[INFO] Analyzer: =============== wfOnCreateEngine() ===============
[INFO] Analyzer: =============== onCreate() ===============
[INFO] Analyzer: =============== onVisibilityChanged(true) ===============
[INFO] FlowAnalysis: =================== <android.graphics.Paint: void setColor(int)>([-2368549])
[INFO] FlowAnalysis: =================== <android.graphics.Paint: void setColor(int)>([-1842205])
[INFO] Analyzer: =============== onVisibilityChanged(false) ===============
[INFO] Analyzer: =============== onAmbientModeChanged(true) ===============
[INFO] FlowAnalysis: =================== <android.graphics.Paint: void setColor(int)>([-2368549])
[INFO] FlowAnalysis: =================== <android.graphics.Paint: void setColor(int)>([-1842205])
[INFO] Analyzer: =============== onVisibilityChanged(true) ===============
[INFO] FlowAnalysis: =================== <android.graphics.Paint: void setColor(int)>([-2368549])
[INFO] FlowAnalysis: =================== <android.graphics.Paint: void setColor(int)>([-1842205])
[INFO] Analyzer: =============== onAmbientModeChanged(false) ===============
[INFO] Analyzer: =============== wfOnCreate() ===============
[INFO] Analyzer: =============== wfOnCreateEngine() ===============
[INFO] Analyzer: =============== onCreate() ===============
[INFO] Analyzer: =============== onVisibilityChanged(true) ===============
[INFO] FlowAnalysis: =================== <android.graphics.Paint: void setColor(int)>([-2368549])
[INFO] FlowAnalysis: =================== <android.graphics.Paint: void setColor(int)>([-1842205])
[INFO] Analyzer: =============== onVisibilityChanged(false) ===============
[INFO] Analyzer: =============== onDestroy() ===============
[INFO] Analyzer: =============== wfOnDestroy() ===============
[INFO] Analyzer: =============== onAmbientModeChanged(false) ===============
[INFO] Analyzer: =============== wfOnCreate() ===============
[INFO] Analyzer: =============== wfOnCreateEngine() ===============
[INFO] Analyzer: =============== onCreate() ===============
[INFO] Analyzer: =============== onVisibilityChanged(true) ===============
[INFO] FlowAnalysis: =================== <android.graphics.Paint: void setColor(int)>([-2368549])
[INFO] FlowAnalysis: =================== <android.graphics.Paint: void setColor(int)>([-1842205])
[INFO] Analyzer: =============== onVisibilityChanged(false) ===============
[INFO] Analyzer: =============== onDestroy() ===============
[INFO] Analyzer: =============== wfOnDestroy() ===============
[INFO] Analyzer: =============== onAmbientModeChanged(true) ===============
[INFO] FlowAnalysis: =================== <android.graphics.Paint: void setColor(int)>([-2368549])
[INFO] FlowAnalysis: =================== <android.graphics.Paint: void setColor(int)>([-1842205])
[INFO] Analyzer: =============== onAmbientModeChanged(false) ===============
[INFO] FlowAnalysis: =================== <android.graphics.Paint: void setColor(int)>(-16777216)
[INFO] FlowAnalysis: =================== <android.graphics.Paint: void setColor(int)>([-2368549])
[INFO] MySceneTransformer: setColor @ onAmbientModeChanged(true): [{$r2=[-2410751, -15968581], $r3=[-1, -15236654, -695032], $r2=[-65794], $r2=[-1052689], $r3=[-1, -4013374, -8421505, -5761260], $r3=[-1, -16035666, -967408], $r2=[-1, -2410751, -15968581], $r2=[-5259563, -7749907, -7713793, -25854, -10440705], $r3=[-1, -15236654, -695032], $r2=[-15236654, -695032], $r2=[-5592406, -15236654, -695032], $r3=[-1, -5761260], $r4=[-65536], $r1=[-2368549, -1842205]}]
[INFO] MySceneTransformer: setColor @ onAmbientModeChanged(false): [{$r2=[-1052689], $r3=[-1, -4013374, -8421505, -5761260], $r2=[-5259563, -7749907, -7713793, -25854, -10440705], $r3=[-1, -5761260], $r1=[-16777216, -2368549]}]
[INFO] MySceneTransformer: setColor equal=false
[INFO] MySceneTransformer: colors @ onAmbientModeChanged(true): [ffe3e3e3, ffa81714, ff8a4bff, ff7f7f7f, ff0b50ae, fff56508, red, ffff9b02, ff60afff, ffdb3701, ffdbdbdb, fff13d10, ff89beed, ffefefef, ff0c56bb, ffc2c2c2, ffafbed5, fffefefe, ff1781d2]
[INFO] MySceneTransformer: colors @ onAmbientModeChanged(false): [ffff9b02, ff60afff, ffa81714, ff8a4bff, ffdbdbdb, ff89beed, ff7f7f7f, ffefefef, ffc2c2c2, ffafbed5]
[INFO] MySceneTransformer: colors equal=false
[INFO] MySceneTransformer: colors not equal, flows to ambient: [ffe3e3e3, ffa81714, ff8a4bff, ff7f7f7f, ff0b50ae, fff56508, red, ffff9b02, ff60afff, ffdb3701, ffdbdbdb, fff13d10, ff89beed, ffefefef, ff0c56bb, ffc2c2c2, ffafbed5, fffefefe, ff1781d2]
[INFO] MySceneTransformer: colors not equal, flows to ambient: [ffe3e3e3, ffa81714, ff8a4bff, ff7f7f7f, ff0b50ae, fff56508, red, ffff9b02, ff60afff, ffdb3701, ffdbdbdb, fff13d10, ff89beed, ffefefef, ff0c56bb, ffc2c2c2, ffafbed5, fffefefe, ff1781d2]
[INFO] MySceneTransformer: colors not equal, flows to ambient: [ffe3e3e3, ffa81714, ff8a4bff, ff7f7f7f, ff0b50ae, fff56508, red, ffff9b02, ff60afff, ffdb3701, ffdbdbdb, fff13d10, ff89beed, ffefefef, ff0c56bb, ffc2c2c2, ffafbed5, fffefefe, ff1781d2]
[INFO] MySceneTransformer: colors not equal, flows to ambient: [ffe3e3e3, ffa81714, ff8a4bff, ff7f7f7f, ff0b50ae, fff56508, red, ffff9b02, ff60afff, ffdb3701, ffdbdbdb, fff13d10, ff89beed, ffefefef, ff0c56bb, ffc2c2c2, ffafbed5, fffefefe, ff1781d2]
[INFO] MySceneTransformer: colors not equal, flows to ambient: [ffe3e3e3, ffa81714, ff8a4bff, ff7f7f7f, ff0b50ae, fff56508, red, ffff9b02, ff60afff, ffdb3701, ffdbdbdb, fff13d10, ff89beed, ffefefef, ff0c56bb, ffc2c2c2, ffafbed5, fffefefe, ff1781d2]
[INFO] MySceneTransformer: colors not equal, flows to ambient: [ffe3e3e3, ffa81714, ff8a4bff, ff7f7f7f, ff0b50ae, fff56508, red, ffff9b02, ff60afff, ffdb3701, ffdbdbdb, fff13d10, ff89beed, ffefefef, ff0c56bb, ffc2c2c2, ffafbed5, fffefefe, ff1781d2]
[INFO] MySceneTransformer: colors not equal, flows to ambient: [ffe3e3e3, ffa81714, ff8a4bff, ff7f7f7f, ff0b50ae, fff56508, red, ffff9b02, ff60afff, ffdb3701, ffdbdbdb, fff13d10, ff89beed, ffefefef, ff0c56bb, ffc2c2c2, ffafbed5, fffefefe, ff1781d2]
[INFO] MySceneTransformer: colors not equal, flows to ambient: [ffe3e3e3, ffa81714, ff8a4bff, ff7f7f7f, ff0b50ae, fff56508, red, ffff9b02, ff60afff, ffdb3701, ffdbdbdb, fff13d10, ff89beed, ffefefef, ff0c56bb, ffc2c2c2, ffafbed5, fffefefe, ff1781d2]
[INFO] MySceneTransformer: colors not equal, flows to ambient: [ffe3e3e3, ffa81714, ff8a4bff, ff7f7f7f, ff0b50ae, fff56508, red, ffff9b02, ff60afff, ffdb3701, ffdbdbdb, fff13d10, ff89beed, ffefefef, ff0c56bb, ffc2c2c2, ffafbed5, fffefefe, ff1781d2]
[INFO] MySceneTransformer: colors not equal, flows to ambient: [ffe3e3e3, ffa81714, ff8a4bff, ff7f7f7f, ff0b50ae, fff56508, red, ffff9b02, ff60afff, ffdb3701, ffdbdbdb, fff13d10, ff89beed, ffefefef, ff0c56bb, ffc2c2c2, ffafbed5, fffefefe, ff1781d2]
[INFO] MySceneTransformer: colors not equal, flows to ambient: [ffe3e3e3, ffa81714, ff8a4bff, ff7f7f7f, ff0b50ae, fff56508, red, ffff9b02, ff60afff, ffdb3701, ffdbdbdb, fff13d10, ff89beed, ffefefef, ff0c56bb, ffc2c2c2, ffafbed5, fffefefe, ff1781d2]
[INFO] MySceneTransformer: colors not equal, flows to ambient: [ffe3e3e3, ffa81714, ff8a4bff, ff7f7f7f, ff0b50ae, fff56508, red, ffff9b02, ff60afff, ffdb3701, ffdbdbdb, fff13d10, ff89beed, ffefefef, ff0c56bb, ffc2c2c2, ffafbed5, fffefefe, ff1781d2]
[INFO] MySceneTransformer: colors not equal, flows to ambient: [ffe3e3e3, ffa81714, ff8a4bff, ff7f7f7f, ff0b50ae, fff56508, red, ffff9b02, ff60afff, ffdb3701, ffdbdbdb, fff13d10, ff89beed, ffefefef, ff0c56bb, ffc2c2c2, ffafbed5, fffefefe, ff1781d2]
[INFO] MySceneTransformer: colors not equal, flows to ambient: [ffe3e3e3, ffa81714, ff8a4bff, ff7f7f7f, ff0b50ae, fff56508, red, ffff9b02, ff60afff, ffdb3701, ffdbdbdb, fff13d10, ff89beed, ffefefef, ff0c56bb, ffc2c2c2, ffafbed5, fffefefe, ff1781d2]
[INFO] MySceneTransformer: colors not equal, flows to ambient: [ffe3e3e3, ffa81714, ff8a4bff, ff7f7f7f, ff0b50ae, fff56508, red, ffff9b02, ff60afff, ffdb3701, ffdbdbdb, fff13d10, ff89beed, ffefefef, ff0c56bb, ffc2c2c2, ffafbed5, fffefefe, ff1781d2]
[INFO] MySceneTransformer: colors not equal, flows to ambient: [ffe3e3e3, ffa81714, ff8a4bff, ff7f7f7f, ff0b50ae, fff56508, red, ffff9b02, ff60afff, ffdb3701, ffdbdbdb, fff13d10, ff89beed, ffefefef, ff0c56bb, ffc2c2c2, ffafbed5, fffefefe, ff1781d2]
[INFO] MySceneTransformer: colors not equal, flows to ambient: [ffe3e3e3, ffa81714, ff8a4bff, ff7f7f7f, ff0b50ae, fff56508, red, ffff9b02, ff60afff, ffdb3701, ffdbdbdb, fff13d10, ff89beed, ffefefef, ff0c56bb, ffc2c2c2, ffafbed5, fffefefe, ff1781d2]
[INFO] MySceneTransformer: colors not equal, flows to ambient: [ffe3e3e3, ffa81714, ff8a4bff, ff7f7f7f, ff0b50ae, fff56508, red, ffff9b02, ff60afff, ffdb3701, ffdbdbdb, fff13d10, ff89beed, ffefefef, ff0c56bb, ffc2c2c2, ffafbed5, fffefefe, ff1781d2]
[INFO] MySceneTransformer: colors not equal, flows to ambient: [ffe3e3e3, ffa81714, ff8a4bff, ff7f7f7f, ff0b50ae, fff56508, red, ffff9b02, ff60afff, ffdb3701, ffdbdbdb, fff13d10, ff89beed, ffefefef, ff0c56bb, ffc2c2c2, ffafbed5, fffefefe, ff1781d2]
[INFO] MySceneTransformer: TOTAL TIME: 15.614000 sec
[INFO] MySceneTransformer: Soot stopped on Thu Jun 21 12:03:12 EDT 2018
