Soot started on Thu Jun 21 10:45:28 EDT 2018
[INFO] MySceneTransformer: WatchFaceService:::: com.atelierkebin.mascotcharacterappcontest_watchface.Character_KureiKei
[INFO] MySceneTransformer: WatchFaceService:::: com.atelierkebin.mascotcharacterappcontest_watchface.Character_QueryChan
[INFO] MySceneTransformer: WatchFaceService:::: com.atelierkebin.mascotcharacterappcontest_watchface.Character_Zunko
[INFO] MySceneTransformer: WatchFaceService:::: com.atelierkebin.mascotcharacterappcontest_watchface.Character_Unitychan
[INFO] MySceneTransformer: WatchFaceService:::: com.atelierkebin.mascotcharacterappcontest_watchface.Character_Gibasa
[INFO] MySceneTransformer: WatchFaceService:::: com.atelierkebin.mascotcharacterappcontest_watchface.Character_Yuka
[INFO] MySceneTransformer: WatchFaceService:::: com.atelierkebin.mascotcharacterappcontest_watchface.Character_Itako
[INFO] MySceneTransformer: WatchFaceService:::: com.atelierkebin.mascotcharacterappcontest_watchface.Character_Kiritan
[INFO] MySceneTransformer: WatchFaceService:::: com.atelierkebin.mascotcharacterappcontest_watchface.Character_Seika
[INFO] MySceneTransformer: WatchFaceService:::: com.atelierkebin.mascotcharacterappcontest_watchface.Character_Nagomi
[INFO] MySceneTransformer: WatchFaceService:::: com.atelierkebin.mascotcharacterappcontest_watchface.Character_Komatu
[INFO] MySceneTransformer: WatchFaceService:::: com.atelierkebin.mascotcharacterappcontest_watchface.Character_Tamane
[INFO] MySceneTransformer: WatchFaceService:::: com.atelierkebin.mascotcharacterappcontest_watchface.Character_Hackadoll
[INFO] MySceneTransformer: WatchFaceService:::: com.atelierkebin.mascotcharacterappcontest_watchface.Character_Izumi
[INFO] MySceneTransformer: WatchFaceService:::: com.atelierkebin.mascotcharacterappcontest_watchface.Character_Etan
[INFO] MySceneTransformer: WatchFaceService:::: com.atelierkebin.mascotcharacterappcontest_watchface.Character_MakisenYokaiMaki
[INFO] MySceneTransformer: WatchFaceService:::: com.atelierkebin.mascotcharacterappcontest_watchface.Character_Kimiwata
[INFO] MySceneTransformer: !!!!!!!!!! Going to analyze: ./apks/wear/com.atelierkebin.mascotcharacterappcontest_watchface.apk
[INFO] MySceneTransformer: ############## com.atelierkebin.mascotcharacterappcontest_watchface.AnalogWatch$Engine ##############
[INFO] Analyzer: =============== onAmbientModeChanged(false) ===============
[INFO] FlowGraph: @@@@ Total Class:   71
[INFO] FlowGraph: @@@@ Total Methods: 230
[INFO] FlowGraph: @@@@ Total Stmts:   3386
[INFO] Analyzer: =============== wfOnCreate() ===============
[INFO] Analyzer: =============== wfOnCreateEngine() ===============
[INFO] Analyzer: =============== onCreate() ===============
[INFO] Analyzer: =============== onVisibilityChanged(true) ===============
[INFO] FlowAnalysis: =================== <android.graphics.Paint: void setColor(int)>(-16777216)
[INFO] Analyzer: =============== onAmbientModeChanged(true) ===============
[INFO] FlowAnalysis: =================== <android.graphics.Paint: void setColor(int)>(-16777216)
[INFO] Analyzer: =============== onAmbientModeChanged(false) ===============
[INFO] Analyzer: =============== wfOnCreate() ===============
[INFO] Analyzer: =============== wfOnCreateEngine() ===============
[INFO] Analyzer: =============== onCreate() ===============
[INFO] Analyzer: =============== onVisibilityChanged(true) ===============
[INFO] FlowAnalysis: =================== <android.graphics.Paint: void setColor(int)>(-16777216)
[INFO] Analyzer: =============== onVisibilityChanged(false) ===============
[INFO] Analyzer: =============== onAmbientModeChanged(true) ===============
[INFO] FlowAnalysis: =================== <android.graphics.Paint: void setColor(int)>(-16777216)
[INFO] Analyzer: =============== onVisibilityChanged(true) ===============
[INFO] FlowAnalysis: =================== <android.graphics.Paint: void setColor(int)>(-16777216)
[INFO] Analyzer: =============== onAmbientModeChanged(false) ===============
[INFO] Analyzer: =============== wfOnCreate() ===============
[INFO] Analyzer: =============== wfOnCreateEngine() ===============
[INFO] Analyzer: =============== onCreate() ===============
[INFO] Analyzer: =============== onVisibilityChanged(true) ===============
[INFO] FlowAnalysis: =================== <android.graphics.Paint: void setColor(int)>(-16777216)
[INFO] Analyzer: =============== onVisibilityChanged(false) ===============
[INFO] Analyzer: =============== onAmbientModeChanged(true) ===============
[INFO] FlowAnalysis: =================== <android.graphics.Paint: void setColor(int)>(-16777216)
[INFO] Analyzer: =============== onVisibilityChanged(true) ===============
[INFO] FlowAnalysis: =================== <android.graphics.Paint: void setColor(int)>(-16777216)
[INFO] Analyzer: =============== onAmbientModeChanged(false) ===============
[INFO] Analyzer: =============== wfOnCreate() ===============
[INFO] Analyzer: =============== wfOnCreateEngine() ===============
[INFO] Analyzer: =============== onCreate() ===============
[INFO] Analyzer: =============== onVisibilityChanged(true) ===============
[INFO] FlowAnalysis: =================== <android.graphics.Paint: void setColor(int)>(-16777216)
[INFO] Analyzer: =============== onVisibilityChanged(false) ===============
[INFO] Analyzer: =============== onDestroy() ===============
[INFO] Analyzer: =============== wfOnDestroy() ===============
[INFO] Analyzer: =============== onAmbientModeChanged(false) ===============
[INFO] Analyzer: =============== wfOnCreate() ===============
[INFO] Analyzer: =============== wfOnCreateEngine() ===============
[INFO] Analyzer: =============== onCreate() ===============
[INFO] Analyzer: =============== onVisibilityChanged(true) ===============
[INFO] FlowAnalysis: =================== <android.graphics.Paint: void setColor(int)>(-16777216)
[INFO] Analyzer: =============== onVisibilityChanged(false) ===============
[INFO] Analyzer: =============== onDestroy() ===============
[INFO] Analyzer: =============== wfOnDestroy() ===============
[INFO] Analyzer: =============== onAmbientModeChanged(true) ===============
[INFO] FlowAnalysis: =================== <android.graphics.Paint: void setColor(int)>(-16777216)
[INFO] Analyzer: =============== onAmbientModeChanged(false) ===============
[INFO] MySceneTransformer: setColor @ onAmbientModeChanged(true): [{$r1=[-16777216]}]
[INFO] MySceneTransformer: setColor @ onAmbientModeChanged(false): [{}]
[INFO] MySceneTransformer: setColor equal=false
[INFO] MySceneTransformer: colors @ onAmbientModeChanged(true): []
[INFO] MySceneTransformer: colors @ onAmbientModeChanged(false): []
[INFO] MySceneTransformer: colors equal=false
[INFO] MySceneTransformer: TOTAL TIME: 2.420000 sec
[INFO] MySceneTransformer: Soot stopped on Thu Jun 21 10:45:34 EDT 2018
