Soot started on Thu Jun 21 11:20:46 EDT 2018
[INFO] MySceneTransformer: WatchFaceService:::: com.goldenpie.devs.videowatchface.WatchFaceService
[INFO] MySceneTransformer: !!!!!!!!!! Going to analyze: ./apks/wear/com.goldenpie.devs.videowatchface.apk
[INFO] MySceneTransformer: ############## com.goldenpie.devs.videowatchface.WatchFaceService$Engine ##############
[INFO] Analyzer: =============== onAmbientModeChanged(false) ===============
[INFO] FlowGraph: @@@@ Total Class:   245
[INFO] FlowGraph: @@@@ Total Methods: 1204
[INFO] FlowGraph: @@@@ Total Stmts:   14689
[INFO] Analyzer: =============== wfOnCreate() ===============
[INFO] Analyzer: =============== wfOnCreateEngine() ===============
[INFO] Analyzer: =============== onCreate() ===============
[INFO] Analyzer: =============== onVisibilityChanged(true) ===============
[INFO] FlowAnalysis: =================== <android.graphics.Paint: void setColor(int)>(-16777216)
[INFO] Analyzer: =============== onAmbientModeChanged(true) ===============
[INFO] FlowAnalysis: =================== <android.graphics.Paint: void setColor(int)>(-16777216)
[INFO] Analyzer: =============== onAmbientModeChanged(false) ===============
[INFO] Analyzer: =============== wfOnCreate() ===============
[INFO] Analyzer: =============== wfOnCreateEngine() ===============
[INFO] Analyzer: =============== onCreate() ===============
[INFO] Analyzer: =============== onVisibilityChanged(true) ===============
[INFO] FlowAnalysis: =================== <android.graphics.Paint: void setColor(int)>(-16777216)
[INFO] Analyzer: =============== onVisibilityChanged(false) ===============
[INFO] Analyzer: =============== onAmbientModeChanged(true) ===============
[INFO] FlowAnalysis: =================== <android.graphics.Paint: void setColor(int)>(-16777216)
[INFO] Analyzer: =============== onVisibilityChanged(true) ===============
[INFO] FlowAnalysis: =================== <android.graphics.Paint: void setColor(int)>(-16777216)
[INFO] Analyzer: =============== onAmbientModeChanged(false) ===============
[INFO] Analyzer: =============== wfOnCreate() ===============
[INFO] Analyzer: =============== wfOnCreateEngine() ===============
[INFO] Analyzer: =============== onCreate() ===============
[INFO] Analyzer: =============== onVisibilityChanged(true) ===============
[INFO] FlowAnalysis: =================== <android.graphics.Paint: void setColor(int)>(-16777216)
[INFO] Analyzer: =============== onVisibilityChanged(false) ===============
[INFO] Analyzer: =============== onAmbientModeChanged(true) ===============
[INFO] FlowAnalysis: =================== <android.graphics.Paint: void setColor(int)>(-16777216)
[INFO] Analyzer: =============== onVisibilityChanged(true) ===============
[INFO] FlowAnalysis: =================== <android.graphics.Paint: void setColor(int)>(-16777216)
[INFO] Analyzer: =============== onAmbientModeChanged(false) ===============
[INFO] Analyzer: =============== wfOnCreate() ===============
[INFO] Analyzer: =============== wfOnCreateEngine() ===============
[INFO] Analyzer: =============== onCreate() ===============
[INFO] Analyzer: =============== onVisibilityChanged(true) ===============
[INFO] FlowAnalysis: =================== <android.graphics.Paint: void setColor(int)>(-16777216)
[INFO] Analyzer: =============== onVisibilityChanged(false) ===============
[INFO] Analyzer: =============== onDestroy() ===============
[INFO] Analyzer: =============== wfOnDestroy() ===============
[INFO] Analyzer: =============== onAmbientModeChanged(false) ===============
[INFO] Analyzer: =============== wfOnCreate() ===============
[INFO] Analyzer: =============== wfOnCreateEngine() ===============
[INFO] Analyzer: =============== onCreate() ===============
[INFO] Analyzer: =============== onVisibilityChanged(true) ===============
[INFO] FlowAnalysis: =================== <android.graphics.Paint: void setColor(int)>(-16777216)
[INFO] Analyzer: =============== onVisibilityChanged(false) ===============
[INFO] Analyzer: =============== onDestroy() ===============
[INFO] Analyzer: =============== wfOnDestroy() ===============
[INFO] Analyzer: =============== onAmbientModeChanged(true) ===============
[INFO] FlowAnalysis: =================== <android.graphics.Paint: void setColor(int)>(-16777216)
[INFO] Analyzer: =============== onAmbientModeChanged(false) ===============
[INFO] FlowAnalysis: =================== <android.graphics.Paint: void setColor(int)>(-16777216)
[INFO] MySceneTransformer: setColor @ onAmbientModeChanged(true): [{$r1=[-16777216]}]
[INFO] MySceneTransformer: setColor @ onAmbientModeChanged(false): [{$r1=[-16777216]}]
[INFO] MySceneTransformer: setColor equal=true
[INFO] MySceneTransformer: colors @ onAmbientModeChanged(true): []
[INFO] MySceneTransformer: colors @ onAmbientModeChanged(false): []
[INFO] MySceneTransformer: colors equal=false
[INFO] MySceneTransformer: TOTAL TIME: 74.771000 sec
[INFO] MySceneTransformer: Soot stopped on Thu Jun 21 11:22:05 EDT 2018
