Soot started on Thu Jun 21 12:05:14 EDT 2018
[INFO] MySceneTransformer: WatchFaceService:::: com.rooty_pict.digital_watch_face_free.DigitalWatchFaceService
[INFO] MySceneTransformer: !!!!!!!!!! Going to analyze: ./apks/wear/com.rooty_pict.digital_watch_face_free.apk
[INFO] MySceneTransformer: ############## com.rooty_pict.digital_watch_face_free.DigitalWatchFaceService$Engine ##############
[INFO] Analyzer: =============== onAmbientModeChanged(false) ===============
[INFO] FlowGraph: @@@@ Total Class:   102
[INFO] FlowGraph: @@@@ Total Methods: 352
[INFO] FlowGraph: @@@@ Total Stmts:   4906
[INFO] Analyzer: =============== wfOnCreate() ===============
[INFO] Analyzer: =============== wfOnCreateEngine() ===============
[INFO] Analyzer: =============== onCreate() ===============
[INFO] Analyzer: =============== onVisibilityChanged(true) ===============
[INFO] FlowAnalysis: =================== <android.graphics.Paint: void setColor(int)>(-16777216)
[INFO] Analyzer: =============== onAmbientModeChanged(true) ===============
[INFO] FlowAnalysis: =================== <android.graphics.Paint: void setColor(int)>(-16777216)
[INFO] Analyzer: =============== onAmbientModeChanged(false) ===============
[INFO] Analyzer: =============== wfOnCreate() ===============
[INFO] Analyzer: =============== wfOnCreateEngine() ===============
[INFO] Analyzer: =============== onCreate() ===============
[INFO] Analyzer: =============== onVisibilityChanged(true) ===============
[INFO] FlowAnalysis: =================== <android.graphics.Paint: void setColor(int)>(-16777216)
[INFO] Analyzer: =============== onVisibilityChanged(false) ===============
[INFO] Analyzer: =============== onAmbientModeChanged(true) ===============
[INFO] FlowAnalysis: =================== <android.graphics.Paint: void setColor(int)>(-16777216)
[INFO] Analyzer: =============== onVisibilityChanged(true) ===============
[INFO] FlowAnalysis: =================== <android.graphics.Paint: void setColor(int)>(-16777216)
[INFO] Analyzer: =============== onAmbientModeChanged(false) ===============
[INFO] Analyzer: =============== wfOnCreate() ===============
[INFO] Analyzer: =============== wfOnCreateEngine() ===============
[INFO] Analyzer: =============== onCreate() ===============
[INFO] Analyzer: =============== onVisibilityChanged(true) ===============
[INFO] FlowAnalysis: =================== <android.graphics.Paint: void setColor(int)>(-16777216)
[INFO] Analyzer: =============== onVisibilityChanged(false) ===============
[INFO] Analyzer: =============== onAmbientModeChanged(true) ===============
[INFO] FlowAnalysis: =================== <android.graphics.Paint: void setColor(int)>(-16777216)
[INFO] Analyzer: =============== onVisibilityChanged(true) ===============
[INFO] FlowAnalysis: =================== <android.graphics.Paint: void setColor(int)>(-16777216)
[INFO] Analyzer: =============== onAmbientModeChanged(false) ===============
[INFO] Analyzer: =============== wfOnCreate() ===============
[INFO] Analyzer: =============== wfOnCreateEngine() ===============
[INFO] Analyzer: =============== onCreate() ===============
[INFO] Analyzer: =============== onVisibilityChanged(true) ===============
[INFO] FlowAnalysis: =================== <android.graphics.Paint: void setColor(int)>(-16777216)
[INFO] Analyzer: =============== onVisibilityChanged(false) ===============
[INFO] Analyzer: =============== onDestroy() ===============
[INFO] Analyzer: =============== wfOnDestroy() ===============
[INFO] Analyzer: =============== onAmbientModeChanged(false) ===============
[INFO] Analyzer: =============== wfOnCreate() ===============
[INFO] Analyzer: =============== wfOnCreateEngine() ===============
[INFO] Analyzer: =============== onCreate() ===============
[INFO] Analyzer: =============== onVisibilityChanged(true) ===============
[INFO] FlowAnalysis: =================== <android.graphics.Paint: void setColor(int)>(-16777216)
[INFO] Analyzer: =============== onVisibilityChanged(false) ===============
[INFO] Analyzer: =============== onDestroy() ===============
[INFO] Analyzer: =============== wfOnDestroy() ===============
[INFO] Analyzer: =============== onAmbientModeChanged(true) ===============
[INFO] FlowAnalysis: =================== <android.graphics.Paint: void setColor(int)>(-16777216)
[INFO] Analyzer: =============== onAmbientModeChanged(false) ===============
[INFO] MySceneTransformer: setColor @ onAmbientModeChanged(true): [{$r1=[-16777216], $r2=[-1]}]
[INFO] MySceneTransformer: setColor @ onAmbientModeChanged(false): [{$r2=[-1, -16777216]}]
[INFO] MySceneTransformer: setColor equal=false
[INFO] MySceneTransformer: colors @ onAmbientModeChanged(true): []
[INFO] MySceneTransformer: colors @ onAmbientModeChanged(false): []
[INFO] MySceneTransformer: colors equal=false
[INFO] MySceneTransformer: ############## com.rooty_pict.digital_watch_face_free.SweepWatchFaceService$Engine ##############
[INFO] Analyzer: =============== onAmbientModeChanged(false) ===============
[INFO] Analyzer: =============== wfOnCreate() ===============
[INFO] Analyzer: =============== wfOnCreateEngine() ===============
[INFO] Analyzer: =============== onCreate() ===============
[INFO] Analyzer: =============== onVisibilityChanged(true) ===============
[INFO] Analyzer: =============== onAmbientModeChanged(true) ===============
[INFO] Analyzer: =============== onAmbientModeChanged(false) ===============
[INFO] Analyzer: =============== wfOnCreate() ===============
[INFO] Analyzer: =============== wfOnCreateEngine() ===============
[INFO] Analyzer: =============== onCreate() ===============
[INFO] Analyzer: =============== onVisibilityChanged(true) ===============
[INFO] Analyzer: =============== onVisibilityChanged(false) ===============
[INFO] Analyzer: =============== onAmbientModeChanged(true) ===============
[INFO] Analyzer: =============== onVisibilityChanged(true) ===============
[INFO] Analyzer: =============== onAmbientModeChanged(false) ===============
[INFO] Analyzer: =============== wfOnCreate() ===============
[INFO] Analyzer: =============== wfOnCreateEngine() ===============
[INFO] Analyzer: =============== onCreate() ===============
[INFO] Analyzer: =============== onVisibilityChanged(true) ===============
[INFO] Analyzer: =============== onVisibilityChanged(false) ===============
[INFO] Analyzer: =============== onAmbientModeChanged(true) ===============
[INFO] Analyzer: =============== onVisibilityChanged(true) ===============
[INFO] Analyzer: =============== onAmbientModeChanged(false) ===============
[INFO] Analyzer: =============== wfOnCreate() ===============
[INFO] Analyzer: =============== wfOnCreateEngine() ===============
[INFO] Analyzer: =============== onCreate() ===============
[INFO] Analyzer: =============== onVisibilityChanged(true) ===============
[INFO] Analyzer: =============== onVisibilityChanged(false) ===============
[INFO] Analyzer: =============== onDestroy() ===============
[INFO] Analyzer: =============== wfOnDestroy() ===============
[INFO] Analyzer: =============== onAmbientModeChanged(false) ===============
[INFO] Analyzer: =============== wfOnCreate() ===============
[INFO] Analyzer: =============== wfOnCreateEngine() ===============
[INFO] Analyzer: =============== onCreate() ===============
[INFO] Analyzer: =============== onVisibilityChanged(true) ===============
[INFO] Analyzer: =============== onVisibilityChanged(false) ===============
[INFO] Analyzer: =============== onDestroy() ===============
[INFO] Analyzer: =============== wfOnDestroy() ===============
[INFO] Analyzer: =============== onAmbientModeChanged(true) ===============
[INFO] Analyzer: =============== onAmbientModeChanged(false) ===============
[INFO] MySceneTransformer: setColor @ onAmbientModeChanged(true): [{}]
[INFO] MySceneTransformer: setColor @ onAmbientModeChanged(false): [{}]
[INFO] MySceneTransformer: setColor equal=true
[INFO] MySceneTransformer: colors @ onAmbientModeChanged(true): []
[INFO] MySceneTransformer: colors @ onAmbientModeChanged(false): []
[INFO] MySceneTransformer: colors equal=false
[INFO] MySceneTransformer: ############## com.rooty_pict.digital_watch_face.CardBoundsWatchFaceService$Engine ##############
[INFO] Analyzer: =============== onAmbientModeChanged(false) ===============
[INFO] Analyzer: =============== wfOnCreate() ===============
[INFO] Analyzer: =============== wfOnCreateEngine() ===============
[INFO] Analyzer: =============== onCreate() ===============
[INFO] Analyzer: =============== onVisibilityChanged(true) ===============
[INFO] FlowAnalysis: =================== <android.graphics.Paint: void setColor(int)>(-16777216)
[INFO] Analyzer: =============== onAmbientModeChanged(true) ===============
[INFO] FlowAnalysis: =================== <android.graphics.Paint: void setColor(int)>(-16777216)
[INFO] Analyzer: =============== onAmbientModeChanged(false) ===============
[INFO] Analyzer: =============== wfOnCreate() ===============
[INFO] Analyzer: =============== wfOnCreateEngine() ===============
[INFO] Analyzer: =============== onCreate() ===============
[INFO] Analyzer: =============== onVisibilityChanged(true) ===============
[INFO] FlowAnalysis: =================== <android.graphics.Paint: void setColor(int)>(-16777216)
[INFO] Analyzer: =============== onVisibilityChanged(false) ===============
[INFO] Analyzer: =============== onAmbientModeChanged(true) ===============
[INFO] FlowAnalysis: =================== <android.graphics.Paint: void setColor(int)>(-16777216)
[INFO] Analyzer: =============== onVisibilityChanged(true) ===============
[INFO] FlowAnalysis: =================== <android.graphics.Paint: void setColor(int)>(-16777216)
[INFO] Analyzer: =============== onAmbientModeChanged(false) ===============
[INFO] Analyzer: =============== wfOnCreate() ===============
[INFO] Analyzer: =============== wfOnCreateEngine() ===============
[INFO] Analyzer: =============== onCreate() ===============
[INFO] Analyzer: =============== onVisibilityChanged(true) ===============
[INFO] FlowAnalysis: =================== <android.graphics.Paint: void setColor(int)>(-16777216)
[INFO] Analyzer: =============== onVisibilityChanged(false) ===============
[INFO] Analyzer: =============== onAmbientModeChanged(true) ===============
[INFO] FlowAnalysis: =================== <android.graphics.Paint: void setColor(int)>(-16777216)
[INFO] Analyzer: =============== onVisibilityChanged(true) ===============
[INFO] FlowAnalysis: =================== <android.graphics.Paint: void setColor(int)>(-16777216)
[INFO] Analyzer: =============== onAmbientModeChanged(false) ===============
[INFO] Analyzer: =============== wfOnCreate() ===============
[INFO] Analyzer: =============== wfOnCreateEngine() ===============
[INFO] Analyzer: =============== onCreate() ===============
[INFO] Analyzer: =============== onVisibilityChanged(true) ===============
[INFO] FlowAnalysis: =================== <android.graphics.Paint: void setColor(int)>(-16777216)
[INFO] Analyzer: =============== onVisibilityChanged(false) ===============
[INFO] Analyzer: =============== onDestroy() ===============
[INFO] Analyzer: =============== wfOnDestroy() ===============
[INFO] Analyzer: =============== onAmbientModeChanged(false) ===============
[INFO] Analyzer: =============== wfOnCreate() ===============
[INFO] Analyzer: =============== wfOnCreateEngine() ===============
[INFO] Analyzer: =============== onCreate() ===============
[INFO] Analyzer: =============== onVisibilityChanged(true) ===============
[INFO] FlowAnalysis: =================== <android.graphics.Paint: void setColor(int)>(-16777216)
[INFO] Analyzer: =============== onVisibilityChanged(false) ===============
[INFO] Analyzer: =============== onDestroy() ===============
[INFO] Analyzer: =============== wfOnDestroy() ===============
[INFO] Analyzer: =============== onAmbientModeChanged(true) ===============
[INFO] FlowAnalysis: =================== <android.graphics.Paint: void setColor(int)>(-16777216)
[INFO] Analyzer: =============== onAmbientModeChanged(false) ===============
[INFO] FlowAnalysis: =================== <android.graphics.Paint: void setColor(int)>(-16776961)
[INFO] MySceneTransformer: setColor @ onAmbientModeChanged(true): [{$r3_3=[-65536], $r1=[-16777216]}]
[INFO] MySceneTransformer: setColor @ onAmbientModeChanged(false): [{$r3_3=[-16711936], $r3=[-65281], $r1=[-16776961]}]
[INFO] MySceneTransformer: setColor equal=false
[INFO] MySceneTransformer: colors @ onAmbientModeChanged(true): [red]
[INFO] MySceneTransformer: colors @ onAmbientModeChanged(false): [fuchsia, blue, lime]
[INFO] MySceneTransformer: colors equal=false
[INFO] MySceneTransformer: ############## com.rooty_pict.digital_watch_face.SweepWatchFaceService$Engine ##############
[INFO] Analyzer: =============== onAmbientModeChanged(false) ===============
[INFO] Analyzer: =============== wfOnCreate() ===============
[INFO] Analyzer: =============== wfOnCreateEngine() ===============
[INFO] Analyzer: =============== onCreate() ===============
[INFO] Analyzer: =============== onVisibilityChanged(true) ===============
[INFO] Analyzer: =============== onAmbientModeChanged(true) ===============
[INFO] Analyzer: =============== onAmbientModeChanged(false) ===============
[INFO] Analyzer: =============== wfOnCreate() ===============
[INFO] Analyzer: =============== wfOnCreateEngine() ===============
[INFO] Analyzer: =============== onCreate() ===============
[INFO] Analyzer: =============== onVisibilityChanged(true) ===============
[INFO] Analyzer: =============== onVisibilityChanged(false) ===============
[INFO] Analyzer: =============== onAmbientModeChanged(true) ===============
[INFO] Analyzer: =============== onVisibilityChanged(true) ===============
[INFO] Analyzer: =============== onAmbientModeChanged(false) ===============
[INFO] Analyzer: =============== wfOnCreate() ===============
[INFO] Analyzer: =============== wfOnCreateEngine() ===============
[INFO] Analyzer: =============== onCreate() ===============
[INFO] Analyzer: =============== onVisibilityChanged(true) ===============
[INFO] Analyzer: =============== onVisibilityChanged(false) ===============
[INFO] Analyzer: =============== onAmbientModeChanged(true) ===============
[INFO] Analyzer: =============== onVisibilityChanged(true) ===============
[INFO] Analyzer: =============== onAmbientModeChanged(false) ===============
[INFO] Analyzer: =============== wfOnCreate() ===============
[INFO] Analyzer: =============== wfOnCreateEngine() ===============
[INFO] Analyzer: =============== onCreate() ===============
[INFO] Analyzer: =============== onVisibilityChanged(true) ===============
[INFO] Analyzer: =============== onVisibilityChanged(false) ===============
[INFO] Analyzer: =============== onDestroy() ===============
[INFO] Analyzer: =============== wfOnDestroy() ===============
[INFO] Analyzer: =============== onAmbientModeChanged(false) ===============
[INFO] Analyzer: =============== wfOnCreate() ===============
[INFO] Analyzer: =============== wfOnCreateEngine() ===============
[INFO] Analyzer: =============== onCreate() ===============
[INFO] Analyzer: =============== onVisibilityChanged(true) ===============
[INFO] Analyzer: =============== onVisibilityChanged(false) ===============
[INFO] Analyzer: =============== onDestroy() ===============
[INFO] Analyzer: =============== wfOnDestroy() ===============
[INFO] Analyzer: =============== onAmbientModeChanged(true) ===============
[INFO] Analyzer: =============== onAmbientModeChanged(false) ===============
[INFO] MySceneTransformer: setColor @ onAmbientModeChanged(true): [{}]
[INFO] MySceneTransformer: setColor @ onAmbientModeChanged(false): [{}]
[INFO] MySceneTransformer: setColor equal=true
[INFO] MySceneTransformer: colors @ onAmbientModeChanged(true): []
[INFO] MySceneTransformer: colors @ onAmbientModeChanged(false): []
[INFO] MySceneTransformer: colors equal=false
[INFO] MySceneTransformer: ############## com.rooty_pict.digital_watch_face_free.CardBoundsWatchFaceService$Engine ##############
[INFO] Analyzer: =============== onAmbientModeChanged(false) ===============
[INFO] Analyzer: =============== wfOnCreate() ===============
[INFO] Analyzer: =============== wfOnCreateEngine() ===============
[INFO] Analyzer: =============== onCreate() ===============
[INFO] Analyzer: =============== onVisibilityChanged(true) ===============
[INFO] FlowAnalysis: =================== <android.graphics.Paint: void setColor(int)>(-16777216)
[INFO] Analyzer: =============== onAmbientModeChanged(true) ===============
[INFO] FlowAnalysis: =================== <android.graphics.Paint: void setColor(int)>(-16777216)
[INFO] Analyzer: =============== onAmbientModeChanged(false) ===============
[INFO] Analyzer: =============== wfOnCreate() ===============
[INFO] Analyzer: =============== wfOnCreateEngine() ===============
[INFO] Analyzer: =============== onCreate() ===============
[INFO] Analyzer: =============== onVisibilityChanged(true) ===============
[INFO] FlowAnalysis: =================== <android.graphics.Paint: void setColor(int)>(-16777216)
[INFO] Analyzer: =============== onVisibilityChanged(false) ===============
[INFO] Analyzer: =============== onAmbientModeChanged(true) ===============
[INFO] FlowAnalysis: =================== <android.graphics.Paint: void setColor(int)>(-16777216)
[INFO] Analyzer: =============== onVisibilityChanged(true) ===============
[INFO] FlowAnalysis: =================== <android.graphics.Paint: void setColor(int)>(-16777216)
[INFO] Analyzer: =============== onAmbientModeChanged(false) ===============
[INFO] Analyzer: =============== wfOnCreate() ===============
[INFO] Analyzer: =============== wfOnCreateEngine() ===============
[INFO] Analyzer: =============== onCreate() ===============
[INFO] Analyzer: =============== onVisibilityChanged(true) ===============
[INFO] FlowAnalysis: =================== <android.graphics.Paint: void setColor(int)>(-16777216)
[INFO] Analyzer: =============== onVisibilityChanged(false) ===============
[INFO] Analyzer: =============== onAmbientModeChanged(true) ===============
[INFO] FlowAnalysis: =================== <android.graphics.Paint: void setColor(int)>(-16777216)
[INFO] Analyzer: =============== onVisibilityChanged(true) ===============
[INFO] FlowAnalysis: =================== <android.graphics.Paint: void setColor(int)>(-16777216)
[INFO] Analyzer: =============== onAmbientModeChanged(false) ===============
[INFO] Analyzer: =============== wfOnCreate() ===============
[INFO] Analyzer: =============== wfOnCreateEngine() ===============
[INFO] Analyzer: =============== onCreate() ===============
[INFO] Analyzer: =============== onVisibilityChanged(true) ===============
[INFO] FlowAnalysis: =================== <android.graphics.Paint: void setColor(int)>(-16777216)
[INFO] Analyzer: =============== onVisibilityChanged(false) ===============
[INFO] Analyzer: =============== onDestroy() ===============
[INFO] Analyzer: =============== wfOnDestroy() ===============
[INFO] Analyzer: =============== onAmbientModeChanged(false) ===============
[INFO] Analyzer: =============== wfOnCreate() ===============
[INFO] Analyzer: =============== wfOnCreateEngine() ===============
[INFO] Analyzer: =============== onCreate() ===============
[INFO] Analyzer: =============== onVisibilityChanged(true) ===============
[INFO] FlowAnalysis: =================== <android.graphics.Paint: void setColor(int)>(-16777216)
[INFO] Analyzer: =============== onVisibilityChanged(false) ===============
[INFO] Analyzer: =============== onDestroy() ===============
[INFO] Analyzer: =============== wfOnDestroy() ===============
[INFO] Analyzer: =============== onAmbientModeChanged(true) ===============
[INFO] FlowAnalysis: =================== <android.graphics.Paint: void setColor(int)>(-16777216)
[INFO] Analyzer: =============== onAmbientModeChanged(false) ===============
[INFO] FlowAnalysis: =================== <android.graphics.Paint: void setColor(int)>(-16776961)
[INFO] MySceneTransformer: setColor @ onAmbientModeChanged(true): [{$r1=[-16777216], $r3_3=[-65536]}]
[INFO] MySceneTransformer: setColor @ onAmbientModeChanged(false): [{$r1=[-16776961], $r3_3=[-16711936], $r3=[-65281]}]
[INFO] MySceneTransformer: setColor equal=false
[INFO] MySceneTransformer: colors @ onAmbientModeChanged(true): [red]
[INFO] MySceneTransformer: colors @ onAmbientModeChanged(false): [fuchsia, blue, lime]
[INFO] MySceneTransformer: colors equal=false
[INFO] MySceneTransformer: ############## com.rooty_pict.digital_watch_face.DigitalWatchFaceService$Engine ##############
[INFO] Analyzer: =============== onAmbientModeChanged(false) ===============
[INFO] Analyzer: =============== wfOnCreate() ===============
[INFO] Analyzer: =============== wfOnCreateEngine() ===============
[INFO] Analyzer: =============== onCreate() ===============
[INFO] Analyzer: =============== onVisibilityChanged(true) ===============
[INFO] FlowAnalysis: =================== <android.graphics.Paint: void setColor(int)>(-16777216)
[INFO] Analyzer: =============== onAmbientModeChanged(true) ===============
[INFO] FlowAnalysis: =================== <android.graphics.Paint: void setColor(int)>(-16777216)
[INFO] Analyzer: =============== onAmbientModeChanged(false) ===============
[INFO] Analyzer: =============== wfOnCreate() ===============
[INFO] Analyzer: =============== wfOnCreateEngine() ===============
[INFO] Analyzer: =============== onCreate() ===============
[INFO] Analyzer: =============== onVisibilityChanged(true) ===============
[INFO] FlowAnalysis: =================== <android.graphics.Paint: void setColor(int)>(-16777216)
[INFO] Analyzer: =============== onVisibilityChanged(false) ===============
[INFO] Analyzer: =============== onAmbientModeChanged(true) ===============
[INFO] FlowAnalysis: =================== <android.graphics.Paint: void setColor(int)>(-16777216)
[INFO] Analyzer: =============== onVisibilityChanged(true) ===============
[INFO] FlowAnalysis: =================== <android.graphics.Paint: void setColor(int)>(-16777216)
[INFO] Analyzer: =============== onAmbientModeChanged(false) ===============
[INFO] Analyzer: =============== wfOnCreate() ===============
[INFO] Analyzer: =============== wfOnCreateEngine() ===============
[INFO] Analyzer: =============== onCreate() ===============
[INFO] Analyzer: =============== onVisibilityChanged(true) ===============
[INFO] FlowAnalysis: =================== <android.graphics.Paint: void setColor(int)>(-16777216)
[INFO] Analyzer: =============== onVisibilityChanged(false) ===============
[INFO] Analyzer: =============== onAmbientModeChanged(true) ===============
[INFO] FlowAnalysis: =================== <android.graphics.Paint: void setColor(int)>(-16777216)
[INFO] Analyzer: =============== onVisibilityChanged(true) ===============
[INFO] FlowAnalysis: =================== <android.graphics.Paint: void setColor(int)>(-16777216)
[INFO] Analyzer: =============== onAmbientModeChanged(false) ===============
[INFO] Analyzer: =============== wfOnCreate() ===============
[INFO] Analyzer: =============== wfOnCreateEngine() ===============
[INFO] Analyzer: =============== onCreate() ===============
[INFO] Analyzer: =============== onVisibilityChanged(true) ===============
[INFO] FlowAnalysis: =================== <android.graphics.Paint: void setColor(int)>(-16777216)
[INFO] Analyzer: =============== onVisibilityChanged(false) ===============
[INFO] Analyzer: =============== onDestroy() ===============
[INFO] Analyzer: =============== wfOnDestroy() ===============
[INFO] Analyzer: =============== onAmbientModeChanged(false) ===============
[INFO] Analyzer: =============== wfOnCreate() ===============
[INFO] Analyzer: =============== wfOnCreateEngine() ===============
[INFO] Analyzer: =============== onCreate() ===============
[INFO] Analyzer: =============== onVisibilityChanged(true) ===============
[INFO] FlowAnalysis: =================== <android.graphics.Paint: void setColor(int)>(-16777216)
[INFO] Analyzer: =============== onVisibilityChanged(false) ===============
[INFO] Analyzer: =============== onDestroy() ===============
[INFO] Analyzer: =============== wfOnDestroy() ===============
[INFO] Analyzer: =============== onAmbientModeChanged(true) ===============
[INFO] FlowAnalysis: =================== <android.graphics.Paint: void setColor(int)>(-16777216)
[INFO] Analyzer: =============== onAmbientModeChanged(false) ===============
[INFO] MySceneTransformer: setColor @ onAmbientModeChanged(true): [{$r1=[-16777216], $r2=[-1]}]
[INFO] MySceneTransformer: setColor @ onAmbientModeChanged(false): [{$r2=[-1, -16777216]}]
[INFO] MySceneTransformer: setColor equal=false
[INFO] MySceneTransformer: colors @ onAmbientModeChanged(true): []
[INFO] MySceneTransformer: colors @ onAmbientModeChanged(false): []
[INFO] MySceneTransformer: colors equal=false
[INFO] MySceneTransformer: TOTAL TIME: 3.737000 sec
[INFO] MySceneTransformer: Soot stopped on Thu Jun 21 12:05:20 EDT 2018
