Soot started on Thu Jun 21 12:52:56 EDT 2018
[INFO] MySceneTransformer: WatchFaceService:::: com.zanyatocorp.illusionwatchface.WatchFaceService
[INFO] MySceneTransformer: !!!!!!!!!! Going to analyze: ./apks/wear/com.zanyatocorp.illusionwatchface.apk
[INFO] MySceneTransformer: ############## com.zanyatocorp.illusionwatchface.l ##############
[INFO] Analyzer: =============== onSensorChanged() ===============
[INFO] FlowGraph: @@@@ Total Class:   27
[INFO] FlowGraph: @@@@ Total Methods: 144
[INFO] FlowGraph: @@@@ Total Stmts:   2983
[INFO] Analyzer: =============== onAmbientModeChanged(false) ===============
[INFO] ICFGUtil: [acq labels] [(register_sensor_listener,NEW[new com.zanyatocorp.illusionwatchface.n]532,1)]
[INFO] ICFGUtil: [rel labels] [(unregister_sensor_listener,NEW[new com.zanyatocorp.illusionwatchface.n]532,-1)]
[INFO] ICFGUtil: [all labels] [(register_sensor_listener,NEW[new com.zanyatocorp.illusionwatchface.n]532,1), (unregister_sensor_listener,NEW[new com.zanyatocorp.illusionwatchface.n]532,-1)]
[INFO] Analyzer: =============== wfOnCreate() ===============
[INFO] Analyzer: =============== wfOnCreateEngine() ===============
[INFO] Analyzer: =============== onCreate() ===============
[INFO] Analyzer: =============== onVisibilityChanged(true) ===============
[INFO] FlowAnalysis: =================== <android.graphics.Paint: void setColor(int)>(-16777216)
[INFO] ICFGUtil: [acq labels] [(register_sensor_listener,NEW[new com.zanyatocorp.illusionwatchface.n]532,1)]
[INFO] ICFGUtil: [rel labels] []
[INFO] ICFGUtil: [all labels] [(register_sensor_listener,NEW[new com.zanyatocorp.illusionwatchface.n]532,1)]
[INFO] Analyzer: =============== onAmbientModeChanged(true) ===============
[INFO] FlowAnalysis: =================== <android.graphics.Paint: void setColor(int)>(-16777216)
[INFO] ICFGUtil: [acq labels] []
[INFO] ICFGUtil: [rel labels] [(unregister_sensor_listener,NEW[new com.zanyatocorp.illusionwatchface.n]532,-1)]
[INFO] ICFGUtil: [all labels] [(unregister_sensor_listener,NEW[new com.zanyatocorp.illusionwatchface.n]532,-1)]
[INFO] Analyzer: =============== onAmbientModeChanged(false) ===============
[INFO] ICFGUtil: [acq labels] [(register_sensor_listener,NEW[new com.zanyatocorp.illusionwatchface.n]532,1)]
[INFO] ICFGUtil: [rel labels] [(unregister_sensor_listener,NEW[new com.zanyatocorp.illusionwatchface.n]532,-1)]
[INFO] ICFGUtil: [all labels] [(register_sensor_listener,NEW[new com.zanyatocorp.illusionwatchface.n]532,1), (unregister_sensor_listener,NEW[new com.zanyatocorp.illusionwatchface.n]532,-1)]
[INFO] Analyzer: =============== wfOnCreate() ===============
[INFO] Analyzer: =============== wfOnCreateEngine() ===============
[INFO] Analyzer: =============== onCreate() ===============
[INFO] Analyzer: =============== onVisibilityChanged(true) ===============
[INFO] FlowAnalysis: =================== <android.graphics.Paint: void setColor(int)>(-16777216)
[INFO] ICFGUtil: [acq labels] [(register_sensor_listener,NEW[new com.zanyatocorp.illusionwatchface.n]532,1)]
[INFO] ICFGUtil: [rel labels] []
[INFO] ICFGUtil: [all labels] [(register_sensor_listener,NEW[new com.zanyatocorp.illusionwatchface.n]532,1)]
[INFO] Analyzer: =============== onVisibilityChanged(false) ===============
[INFO] ICFGUtil: [acq labels] []
[INFO] ICFGUtil: [rel labels] [(unregister_sensor_listener,NEW[new com.zanyatocorp.illusionwatchface.n]532,-1)]
[INFO] ICFGUtil: [all labels] [(unregister_sensor_listener,NEW[new com.zanyatocorp.illusionwatchface.n]532,-1)]
[INFO] Analyzer: =============== onAmbientModeChanged(true) ===============
[INFO] FlowAnalysis: =================== <android.graphics.Paint: void setColor(int)>(-16777216)
[INFO] ICFGUtil: [acq labels] []
[INFO] ICFGUtil: [rel labels] [(unregister_sensor_listener,NEW[new com.zanyatocorp.illusionwatchface.n]532,-1)]
[INFO] ICFGUtil: [all labels] [(unregister_sensor_listener,NEW[new com.zanyatocorp.illusionwatchface.n]532,-1)]
[INFO] Analyzer: =============== onVisibilityChanged(true) ===============
[INFO] FlowAnalysis: =================== <android.graphics.Paint: void setColor(int)>(-16777216)
[INFO] ICFGUtil: [acq labels] [(register_sensor_listener,NEW[new com.zanyatocorp.illusionwatchface.n]532,1)]
[INFO] ICFGUtil: [rel labels] []
[INFO] ICFGUtil: [all labels] [(register_sensor_listener,NEW[new com.zanyatocorp.illusionwatchface.n]532,1)]
[INFO] Analyzer: =============== onAmbientModeChanged(false) ===============
[INFO] ICFGUtil: [acq labels] [(register_sensor_listener,NEW[new com.zanyatocorp.illusionwatchface.n]532,1)]
[INFO] ICFGUtil: [rel labels] [(unregister_sensor_listener,NEW[new com.zanyatocorp.illusionwatchface.n]532,-1)]
[INFO] ICFGUtil: [all labels] [(register_sensor_listener,NEW[new com.zanyatocorp.illusionwatchface.n]532,1), (unregister_sensor_listener,NEW[new com.zanyatocorp.illusionwatchface.n]532,-1)]
[INFO] Analyzer: =============== wfOnCreate() ===============
[INFO] Analyzer: =============== wfOnCreateEngine() ===============
[INFO] Analyzer: =============== onCreate() ===============
[INFO] Analyzer: =============== onVisibilityChanged(true) ===============
[INFO] FlowAnalysis: =================== <android.graphics.Paint: void setColor(int)>(-16777216)
[INFO] ICFGUtil: [acq labels] [(register_sensor_listener,NEW[new com.zanyatocorp.illusionwatchface.n]532,1)]
[INFO] ICFGUtil: [rel labels] []
[INFO] ICFGUtil: [all labels] [(register_sensor_listener,NEW[new com.zanyatocorp.illusionwatchface.n]532,1)]
[INFO] Analyzer: =============== onVisibilityChanged(false) ===============
[INFO] ICFGUtil: [acq labels] []
[INFO] ICFGUtil: [rel labels] [(unregister_sensor_listener,NEW[new com.zanyatocorp.illusionwatchface.n]532,-1)]
[INFO] ICFGUtil: [all labels] [(unregister_sensor_listener,NEW[new com.zanyatocorp.illusionwatchface.n]532,-1)]
[INFO] Analyzer: =============== onAmbientModeChanged(true) ===============
[INFO] FlowAnalysis: =================== <android.graphics.Paint: void setColor(int)>(-16777216)
[INFO] ICFGUtil: [acq labels] []
[INFO] ICFGUtil: [rel labels] [(unregister_sensor_listener,NEW[new com.zanyatocorp.illusionwatchface.n]532,-1)]
[INFO] ICFGUtil: [all labels] [(unregister_sensor_listener,NEW[new com.zanyatocorp.illusionwatchface.n]532,-1)]
[INFO] Analyzer: =============== onVisibilityChanged(true) ===============
[INFO] FlowAnalysis: =================== <android.graphics.Paint: void setColor(int)>(-16777216)
[INFO] ICFGUtil: [acq labels] [(register_sensor_listener,NEW[new com.zanyatocorp.illusionwatchface.n]532,1)]
[INFO] ICFGUtil: [rel labels] []
[INFO] ICFGUtil: [all labels] [(register_sensor_listener,NEW[new com.zanyatocorp.illusionwatchface.n]532,1)]
[INFO] Analyzer: =============== onAmbientModeChanged(false) ===============
[INFO] ICFGUtil: [acq labels] [(register_sensor_listener,NEW[new com.zanyatocorp.illusionwatchface.n]532,1)]
[INFO] ICFGUtil: [rel labels] [(unregister_sensor_listener,NEW[new com.zanyatocorp.illusionwatchface.n]532,-1)]
[INFO] ICFGUtil: [all labels] [(register_sensor_listener,NEW[new com.zanyatocorp.illusionwatchface.n]532,1), (unregister_sensor_listener,NEW[new com.zanyatocorp.illusionwatchface.n]532,-1)]
[INFO] Analyzer: =============== wfOnCreate() ===============
[INFO] Analyzer: =============== wfOnCreateEngine() ===============
[INFO] Analyzer: =============== onCreate() ===============
[INFO] Analyzer: =============== onVisibilityChanged(true) ===============
[INFO] FlowAnalysis: =================== <android.graphics.Paint: void setColor(int)>(-16777216)
[INFO] ICFGUtil: [acq labels] [(register_sensor_listener,NEW[new com.zanyatocorp.illusionwatchface.n]532,1)]
[INFO] ICFGUtil: [rel labels] []
[INFO] ICFGUtil: [all labels] [(register_sensor_listener,NEW[new com.zanyatocorp.illusionwatchface.n]532,1)]
[INFO] Analyzer: =============== onVisibilityChanged(false) ===============
[INFO] ICFGUtil: [acq labels] []
[INFO] ICFGUtil: [rel labels] [(unregister_sensor_listener,NEW[new com.zanyatocorp.illusionwatchface.n]532,-1)]
[INFO] ICFGUtil: [all labels] [(unregister_sensor_listener,NEW[new com.zanyatocorp.illusionwatchface.n]532,-1)]
[INFO] Analyzer: =============== onDestroy() ===============
[INFO] ICFGUtil: [acq labels] []
[INFO] ICFGUtil: [rel labels] [(unregister_sensor_listener,NEW[new com.zanyatocorp.illusionwatchface.n]532,-1)]
[INFO] ICFGUtil: [all labels] [(unregister_sensor_listener,NEW[new com.zanyatocorp.illusionwatchface.n]532,-1)]
[INFO] Analyzer: =============== wfOnDestroy() ===============
[INFO] Analyzer: =============== onAmbientModeChanged(false) ===============
[INFO] ICFGUtil: [acq labels] [(register_sensor_listener,NEW[new com.zanyatocorp.illusionwatchface.n]532,1)]
[INFO] ICFGUtil: [rel labels] [(unregister_sensor_listener,NEW[new com.zanyatocorp.illusionwatchface.n]532,-1)]
[INFO] ICFGUtil: [all labels] [(register_sensor_listener,NEW[new com.zanyatocorp.illusionwatchface.n]532,1), (unregister_sensor_listener,NEW[new com.zanyatocorp.illusionwatchface.n]532,-1)]
[INFO] Analyzer: =============== wfOnCreate() ===============
[INFO] Analyzer: =============== wfOnCreateEngine() ===============
[INFO] Analyzer: =============== onCreate() ===============
[INFO] Analyzer: =============== onVisibilityChanged(true) ===============
[INFO] FlowAnalysis: =================== <android.graphics.Paint: void setColor(int)>(-16777216)
[INFO] ICFGUtil: [acq labels] [(register_sensor_listener,NEW[new com.zanyatocorp.illusionwatchface.n]532,1)]
[INFO] ICFGUtil: [rel labels] []
[INFO] ICFGUtil: [all labels] [(register_sensor_listener,NEW[new com.zanyatocorp.illusionwatchface.n]532,1)]
[INFO] Analyzer: =============== onVisibilityChanged(false) ===============
[INFO] ICFGUtil: [acq labels] []
[INFO] ICFGUtil: [rel labels] [(unregister_sensor_listener,NEW[new com.zanyatocorp.illusionwatchface.n]532,-1)]
[INFO] ICFGUtil: [all labels] [(unregister_sensor_listener,NEW[new com.zanyatocorp.illusionwatchface.n]532,-1)]
[INFO] Analyzer: =============== onDestroy() ===============
[INFO] ICFGUtil: [acq labels] []
[INFO] ICFGUtil: [rel labels] [(unregister_sensor_listener,NEW[new com.zanyatocorp.illusionwatchface.n]532,-1)]
[INFO] ICFGUtil: [all labels] [(unregister_sensor_listener,NEW[new com.zanyatocorp.illusionwatchface.n]532,-1)]
[INFO] Analyzer: =============== wfOnDestroy() ===============
[INFO] Analyzer: =============== onAmbientModeChanged(true) ===============
[INFO] FlowAnalysis: =================== <android.graphics.Paint: void setColor(int)>(-16777216)
[INFO] ICFGUtil: [acq labels] []
[INFO] ICFGUtil: [rel labels] [(unregister_sensor_listener,NEW[new com.zanyatocorp.illusionwatchface.n]532,-1)]
[INFO] ICFGUtil: [all labels] [(unregister_sensor_listener,NEW[new com.zanyatocorp.illusionwatchface.n]532,-1)]
[INFO] Analyzer: =============== onAmbientModeChanged(false) ===============
[INFO] FlowAnalysis: =================== <android.graphics.Paint: void setColor(int)>([-16777216])
[INFO] ICFGUtil: [acq labels] [(register_sensor_listener,NEW[new com.zanyatocorp.illusionwatchface.n]532,1)]
[INFO] ICFGUtil: [rel labels] []
[INFO] ICFGUtil: [all labels] [(register_sensor_listener,NEW[new com.zanyatocorp.illusionwatchface.n]532,1)]
[INFO] MySceneTransformer: setColor @ onAmbientModeChanged(true): [{$r1=[-16777216]}]
[INFO] MySceneTransformer: setColor @ onAmbientModeChanged(false): [{$r1=[-16777216]}]
[INFO] MySceneTransformer: setColor equal=true
[INFO] MySceneTransformer: colors @ onAmbientModeChanged(true): []
[INFO] MySceneTransformer: colors @ onAmbientModeChanged(false): []
[INFO] MySceneTransformer: colors equal=false
[INFO] MySceneTransformer: @@@@@@ SENSOR LEAK @@@@@@ [1] [[<null::SELECT::interactive>, <interactive::SWIPE_UP::invisible_notification>, <invisible_notification::STANDBY::ambient>]]
[INFO] MySceneTransformer: LEAK TESTCASE 1: wearable.select_on_handheld(HANDHELD_SERIALNO, labels[pkg])
[INFO] MySceneTransformer: LEAK TESTCASE 1: wearable.swipe_up()
[INFO] MySceneTransformer: LEAK TESTCASE 1: wearable.standby()
[INFO] MySceneTransformer: @@@@@@ SENSOR LEAK @@@@@@ [1] [[<null::SELECT::interactive>, <interactive::PRESS_SIDE_BUTTON::invisible_applist>, <invisible_applist::STANDBY::ambient>]]
[INFO] MySceneTransformer: LEAK TESTCASE 2: wearable.select_on_handheld(HANDHELD_SERIALNO, labels[pkg])
[INFO] MySceneTransformer: LEAK TESTCASE 2: wearable.press_side_button()
[INFO] MySceneTransformer: LEAK TESTCASE 2: wearable.standby()
[INFO] MySceneTransformer: TOTAL TIME: 2.476000 sec
[INFO] MySceneTransformer: Soot stopped on Thu Jun 21 12:53:01 EDT 2018
