Soot started on Thu Jun 21 12:37:38 EDT 2018
[INFO] MySceneTransformer: WatchFaceService:::: com.watch.richface.coolcircle.DigitalRichFaceService
[INFO] MySceneTransformer: !!!!!!!!!! Going to analyze: ./apks/wear/com.watch.richface.coolcircle.apk
[INFO] MySceneTransformer: ############## com.watch.richface.coolcircle.DigitalRichFaceService$Engine ##############
[INFO] Analyzer: =============== onSensorChanged() ===============
[INFO] FlowGraph: @@@@ Total Class:   259
[INFO] FlowGraph: @@@@ Total Methods: 992
[INFO] FlowGraph: @@@@ Total Stmts:   17232
[INFO] Analyzer: =============== onSensorChanged() ===============
[INFO] Analyzer: =============== onAmbientModeChanged(false) ===============
[INFO] Analyzer: =============== wfOnCreate() ===============
[INFO] Analyzer: =============== wfOnCreateEngine() ===============
[INFO] Analyzer: =============== onCreate() ===============
[INFO] Analyzer: =============== onVisibilityChanged(true) ===============
[INFO] Analyzer: =============== onAmbientModeChanged(true) ===============
[INFO] Analyzer: =============== onAmbientModeChanged(false) ===============
[INFO] Analyzer: =============== wfOnCreate() ===============
[INFO] Analyzer: =============== wfOnCreateEngine() ===============
[INFO] Analyzer: =============== onCreate() ===============
[INFO] Analyzer: =============== onVisibilityChanged(true) ===============
[INFO] Analyzer: =============== onVisibilityChanged(false) ===============
[INFO] ICFGUtil: [acq labels] []
[INFO] ICFGUtil: [rel labels] [(unregister_sensor_listener,NEW[new com.watch.richface.coolcircle.common.manager.StepCounterManager]1753,-1)]
[INFO] ICFGUtil: [all labels] [(unregister_sensor_listener,NEW[new com.watch.richface.coolcircle.common.manager.StepCounterManager]1753,-1)]
[INFO] Analyzer: =============== onAmbientModeChanged(true) ===============
[INFO] Analyzer: =============== onVisibilityChanged(true) ===============
[INFO] Analyzer: =============== onAmbientModeChanged(false) ===============
[INFO] Analyzer: =============== wfOnCreate() ===============
[INFO] Analyzer: =============== wfOnCreateEngine() ===============
[INFO] Analyzer: =============== onCreate() ===============
[INFO] Analyzer: =============== onVisibilityChanged(true) ===============
[INFO] Analyzer: =============== onVisibilityChanged(false) ===============
[INFO] ICFGUtil: [acq labels] []
[INFO] ICFGUtil: [rel labels] [(unregister_sensor_listener,NEW[new com.watch.richface.coolcircle.common.manager.StepCounterManager]1753,-1)]
[INFO] ICFGUtil: [all labels] [(unregister_sensor_listener,NEW[new com.watch.richface.coolcircle.common.manager.StepCounterManager]1753,-1)]
[INFO] Analyzer: =============== onAmbientModeChanged(true) ===============
[INFO] Analyzer: =============== onVisibilityChanged(true) ===============
[INFO] Analyzer: =============== onAmbientModeChanged(false) ===============
[INFO] Analyzer: =============== wfOnCreate() ===============
[INFO] Analyzer: =============== wfOnCreateEngine() ===============
[INFO] Analyzer: =============== onCreate() ===============
[INFO] Analyzer: =============== onVisibilityChanged(true) ===============
[INFO] Analyzer: =============== onVisibilityChanged(false) ===============
[INFO] ICFGUtil: [acq labels] []
[INFO] ICFGUtil: [rel labels] [(unregister_sensor_listener,NEW[new com.watch.richface.coolcircle.common.manager.StepCounterManager]1753,-1)]
[INFO] ICFGUtil: [all labels] [(unregister_sensor_listener,NEW[new com.watch.richface.coolcircle.common.manager.StepCounterManager]1753,-1)]
[INFO] Analyzer: =============== onDestroy() ===============
[INFO] Analyzer: =============== wfOnDestroy() ===============
[INFO] Analyzer: =============== onAmbientModeChanged(false) ===============
[INFO] Analyzer: =============== wfOnCreate() ===============
[INFO] Analyzer: =============== wfOnCreateEngine() ===============
[INFO] Analyzer: =============== onCreate() ===============
[INFO] Analyzer: =============== onVisibilityChanged(true) ===============
[INFO] Analyzer: =============== onVisibilityChanged(false) ===============
[INFO] ICFGUtil: [acq labels] []
[INFO] ICFGUtil: [rel labels] [(unregister_sensor_listener,NEW[new com.watch.richface.coolcircle.common.manager.StepCounterManager]1753,-1)]
[INFO] ICFGUtil: [all labels] [(unregister_sensor_listener,NEW[new com.watch.richface.coolcircle.common.manager.StepCounterManager]1753,-1)]
[INFO] Analyzer: =============== onDestroy() ===============
[INFO] Analyzer: =============== wfOnDestroy() ===============
[INFO] Analyzer: =============== onAmbientModeChanged(true) ===============
[INFO] Analyzer: =============== onAmbientModeChanged(false) ===============
[INFO] MySceneTransformer: setColor @ onAmbientModeChanged(true): [{$r3_2=[-1], $r2_6=[-7829368], $r3=[-1], $r2_5=[-1], $r2_7=[-16777216], $r2=[-1], $r2_4=[-1]}]
[INFO] MySceneTransformer: setColor @ onAmbientModeChanged(false): [{$r3_2=[-1], $r2_2=[-13421773], $r2_1=[-1], $r2=[-4342339, -12434878, -11652050, -769226, -8336444, -5262293, -12245088, -7288071, -15174191, -2300043, -16746133, -4776932, -10453621, -7508381, -1086464, -10167017, -16729133, -6982195, -22746, -14273992], $r3=[-1], $r2_3=[-4342339, -12434878, -11652050, -769226, -8336444, -5262293, -12245088, -7288071, -15174191, -2300043, -16746133, -4776932, -10453621, -7508381, -1086464, -10167017, -16729133, -6982195, -22746, -14273992], $r2=[-1]}]
[INFO] MySceneTransformer: setColor equal=false
[INFO] MySceneTransformer: colors @ onAmbientModeChanged(true): []
[INFO] MySceneTransformer: colors @ onAmbientModeChanged(false): [ff64dd17, ff00bbd3, ff90caf9, ffafb42b, ff4527a0, fff44336, ff8d6e63, ff9575cd, ff607d8b, ffef6c00, ff1875d1, ff4e342e, ff00796b, ffb71c1c, ffdce775, ffffa726, ffbdbdbd, ff80cbc4, ff263238]
[INFO] MySceneTransformer: colors equal=false
[INFO] MySceneTransformer: TOTAL TIME: 21.981000 sec
[INFO] MySceneTransformer: Soot stopped on Thu Jun 21 12:38:05 EDT 2018
