Soot started on Thu Jun 21 11:50:43 EDT 2018
[INFO] MySceneTransformer: WatchFaceService:::: com.mogoolab.androidwear.christmascounter.MyWatchFace
[INFO] MySceneTransformer: !!!!!!!!!! Going to analyze: ./apks/wear/com.mogoolab.androidwear.christmascounter.apk
[INFO] MySceneTransformer: ############## com.mogoolab.androidwear.christmascounter.MyWatchFace$Engine ##############
[INFO] Analyzer: =============== onSensorChanged() ===============
[INFO] FlowGraph: @@@@ Total Class:   26
[INFO] FlowGraph: @@@@ Total Methods: 78
[INFO] FlowGraph: @@@@ Total Stmts:   1596
[INFO] Analyzer: =============== onAmbientModeChanged(false) ===============
[INFO] Analyzer: =============== wfOnCreate() ===============
[INFO] Analyzer: =============== wfOnCreateEngine() ===============
[INFO] Analyzer: =============== onCreate() ===============
[INFO] ICFGUtil: [acq labels] [(register_sensor_listener,NEW[new com.mogoolab.androidwear.christmascounter.MyWatchFace$Engine]43,18), (register_sensor_listener,NEW[new com.mogoolab.androidwear.christmascounter.MyWatchFace$Engine]43,19), (register_sensor_listener,NEW[new com.mogoolab.androidwear.christmascounter.MyWatchFace$Engine]43,21)]
[INFO] ICFGUtil: [rel labels] []
[INFO] ICFGUtil: [all labels] [(register_sensor_listener,NEW[new com.mogoolab.androidwear.christmascounter.MyWatchFace$Engine]43,18), (register_sensor_listener,NEW[new com.mogoolab.androidwear.christmascounter.MyWatchFace$Engine]43,19), (register_sensor_listener,NEW[new com.mogoolab.androidwear.christmascounter.MyWatchFace$Engine]43,21)]
[INFO] Analyzer: =============== onVisibilityChanged(true) ===============
[INFO] Analyzer: =============== onAmbientModeChanged(true) ===============
[INFO] Analyzer: =============== onAmbientModeChanged(false) ===============
[INFO] Analyzer: =============== wfOnCreate() ===============
[INFO] Analyzer: =============== wfOnCreateEngine() ===============
[INFO] Analyzer: =============== onCreate() ===============
[INFO] ICFGUtil: [acq labels] [(register_sensor_listener,NEW[new com.mogoolab.androidwear.christmascounter.MyWatchFace$Engine]43,18), (register_sensor_listener,NEW[new com.mogoolab.androidwear.christmascounter.MyWatchFace$Engine]43,19), (register_sensor_listener,NEW[new com.mogoolab.androidwear.christmascounter.MyWatchFace$Engine]43,21)]
[INFO] ICFGUtil: [rel labels] []
[INFO] ICFGUtil: [all labels] [(register_sensor_listener,NEW[new com.mogoolab.androidwear.christmascounter.MyWatchFace$Engine]43,18), (register_sensor_listener,NEW[new com.mogoolab.androidwear.christmascounter.MyWatchFace$Engine]43,19), (register_sensor_listener,NEW[new com.mogoolab.androidwear.christmascounter.MyWatchFace$Engine]43,21)]
[INFO] Analyzer: =============== onVisibilityChanged(true) ===============
[INFO] Analyzer: =============== onVisibilityChanged(false) ===============
[INFO] Analyzer: =============== onAmbientModeChanged(true) ===============
[INFO] Analyzer: =============== onVisibilityChanged(true) ===============
[INFO] Analyzer: =============== onAmbientModeChanged(false) ===============
[INFO] Analyzer: =============== wfOnCreate() ===============
[INFO] Analyzer: =============== wfOnCreateEngine() ===============
[INFO] Analyzer: =============== onCreate() ===============
[INFO] ICFGUtil: [acq labels] [(register_sensor_listener,NEW[new com.mogoolab.androidwear.christmascounter.MyWatchFace$Engine]43,18), (register_sensor_listener,NEW[new com.mogoolab.androidwear.christmascounter.MyWatchFace$Engine]43,19), (register_sensor_listener,NEW[new com.mogoolab.androidwear.christmascounter.MyWatchFace$Engine]43,21)]
[INFO] ICFGUtil: [rel labels] []
[INFO] ICFGUtil: [all labels] [(register_sensor_listener,NEW[new com.mogoolab.androidwear.christmascounter.MyWatchFace$Engine]43,18), (register_sensor_listener,NEW[new com.mogoolab.androidwear.christmascounter.MyWatchFace$Engine]43,19), (register_sensor_listener,NEW[new com.mogoolab.androidwear.christmascounter.MyWatchFace$Engine]43,21)]
[INFO] Analyzer: =============== onVisibilityChanged(true) ===============
[INFO] Analyzer: =============== onVisibilityChanged(false) ===============
[INFO] Analyzer: =============== onAmbientModeChanged(true) ===============
[INFO] Analyzer: =============== onVisibilityChanged(true) ===============
[INFO] Analyzer: =============== onAmbientModeChanged(false) ===============
[INFO] Analyzer: =============== wfOnCreate() ===============
[INFO] Analyzer: =============== wfOnCreateEngine() ===============
[INFO] Analyzer: =============== onCreate() ===============
[INFO] ICFGUtil: [acq labels] [(register_sensor_listener,NEW[new com.mogoolab.androidwear.christmascounter.MyWatchFace$Engine]43,18), (register_sensor_listener,NEW[new com.mogoolab.androidwear.christmascounter.MyWatchFace$Engine]43,19), (register_sensor_listener,NEW[new com.mogoolab.androidwear.christmascounter.MyWatchFace$Engine]43,21)]
[INFO] ICFGUtil: [rel labels] []
[INFO] ICFGUtil: [all labels] [(register_sensor_listener,NEW[new com.mogoolab.androidwear.christmascounter.MyWatchFace$Engine]43,18), (register_sensor_listener,NEW[new com.mogoolab.androidwear.christmascounter.MyWatchFace$Engine]43,19), (register_sensor_listener,NEW[new com.mogoolab.androidwear.christmascounter.MyWatchFace$Engine]43,21)]
[INFO] Analyzer: =============== onVisibilityChanged(true) ===============
[INFO] Analyzer: =============== onVisibilityChanged(false) ===============
[INFO] Analyzer: =============== onDestroy() ===============
[INFO] Analyzer: =============== wfOnDestroy() ===============
[INFO] Analyzer: =============== onAmbientModeChanged(false) ===============
[INFO] Analyzer: =============== wfOnCreate() ===============
[INFO] Analyzer: =============== wfOnCreateEngine() ===============
[INFO] Analyzer: =============== onCreate() ===============
[INFO] ICFGUtil: [acq labels] [(register_sensor_listener,NEW[new com.mogoolab.androidwear.christmascounter.MyWatchFace$Engine]43,18), (register_sensor_listener,NEW[new com.mogoolab.androidwear.christmascounter.MyWatchFace$Engine]43,19), (register_sensor_listener,NEW[new com.mogoolab.androidwear.christmascounter.MyWatchFace$Engine]43,21)]
[INFO] ICFGUtil: [rel labels] []
[INFO] ICFGUtil: [all labels] [(register_sensor_listener,NEW[new com.mogoolab.androidwear.christmascounter.MyWatchFace$Engine]43,18), (register_sensor_listener,NEW[new com.mogoolab.androidwear.christmascounter.MyWatchFace$Engine]43,19), (register_sensor_listener,NEW[new com.mogoolab.androidwear.christmascounter.MyWatchFace$Engine]43,21)]
[INFO] Analyzer: =============== onVisibilityChanged(true) ===============
[INFO] Analyzer: =============== onVisibilityChanged(false) ===============
[INFO] Analyzer: =============== onDestroy() ===============
[INFO] Analyzer: =============== wfOnDestroy() ===============
[INFO] Analyzer: =============== onAmbientModeChanged(true) ===============
[INFO] Analyzer: =============== onAmbientModeChanged(false) ===============
[INFO] MySceneTransformer: setColor @ onAmbientModeChanged(true): [{$r7_51=[-1], $r7_48=[-1], $r7_69=[-1], $r7_58=[-1], $r2=[-16777216], $r7_65=[-1], $r7_55=[-16777216], $r7_68=[-1], $r7_62=[-16777216]}]
[INFO] MySceneTransformer: setColor @ onAmbientModeChanged(false): [{$r2=[-16777216]}]
[INFO] MySceneTransformer: setColor equal=false
[INFO] MySceneTransformer: colors @ onAmbientModeChanged(true): []
[INFO] MySceneTransformer: colors @ onAmbientModeChanged(false): []
[INFO] MySceneTransformer: colors equal=false
[INFO] MySceneTransformer: @@@@@@ SENSOR LEAK @@@@@@ [21, 18, 19] [[<null::SELECT::interactive>, <interactive::STANDBY::ambient>]]
[INFO] MySceneTransformer: LEAK TESTCASE 1: wearable.select_on_handheld(HANDHELD_SERIALNO, labels[pkg])
[INFO] MySceneTransformer: LEAK TESTCASE 1: wearable.standby()
[INFO] MySceneTransformer: @@@@@@ SENSOR LEAK @@@@@@ [21, 18, 19] [[<null::SELECT::interactive>, <interactive::SWIPE_UP::invisible_notification>, <invisible_notification::STANDBY::ambient>]]
[INFO] MySceneTransformer: LEAK TESTCASE 2: wearable.select_on_handheld(HANDHELD_SERIALNO, labels[pkg])
[INFO] MySceneTransformer: LEAK TESTCASE 2: wearable.swipe_up()
[INFO] MySceneTransformer: LEAK TESTCASE 2: wearable.standby()
[INFO] MySceneTransformer: @@@@@@ SENSOR LEAK @@@@@@ [21, 18, 19] [[<null::SELECT::interactive>, <interactive::SWIPE_LEFT::invisible_wfpicker>, <invisible_wfpicker::DESELECT::null>]]
[INFO] MySceneTransformer: LEAK TESTCASE 3: wearable.select_on_handheld(HANDHELD_SERIALNO, labels[pkg])
[INFO] MySceneTransformer: LEAK TESTCASE 3: wearable.swipe_left()
[INFO] MySceneTransformer: LEAK TESTCASE 3: wearable.deselect_on_handheld(HANDHELD_SERIALNO)
[INFO] MySceneTransformer: @@@@@@ SENSOR LEAK @@@@@@ [21, 18, 19] [[<null::SELECT::interactive>, <interactive::SWIPE_RIGHT::invisible_wfpicker>, <invisible_wfpicker::DESELECT::null>]]
[INFO] MySceneTransformer: LEAK TESTCASE 4: wearable.select_on_handheld(HANDHELD_SERIALNO, labels[pkg])
[INFO] MySceneTransformer: LEAK TESTCASE 4: wearable.swipe_right()
[INFO] MySceneTransformer: LEAK TESTCASE 4: wearable.deselect_on_handheld(HANDHELD_SERIALNO)
[INFO] MySceneTransformer: @@@@@@ SENSOR LEAK @@@@@@ [21, 18, 19] [[<null::SELECT::interactive>, <interactive::PRESS_SIDE_BUTTON::invisible_applist>, <invisible_applist::STANDBY::ambient>]]
[INFO] MySceneTransformer: LEAK TESTCASE 5: wearable.select_on_handheld(HANDHELD_SERIALNO, labels[pkg])
[INFO] MySceneTransformer: LEAK TESTCASE 5: wearable.press_side_button()
[INFO] MySceneTransformer: LEAK TESTCASE 5: wearable.standby()
[INFO] MySceneTransformer: TOTAL TIME: 2.768000 sec
[INFO] MySceneTransformer: Soot stopped on Thu Jun 21 11:50:49 EDT 2018
