Soot started on Thu Jun 21 11:56:52 EDT 2018
[INFO] MySceneTransformer: WatchFaceService:::: com.osthoro.beautifulstuddedwatchface.AnalogWatchFaceService
[INFO] MySceneTransformer: !!!!!!!!!! Going to analyze: ./apks/wear/com.osthoro.beautifulstuddedwatchface.apk
[INFO] MySceneTransformer: ############## com.osthoro.beautifulstuddedwatchface.AnalogWatchFaceService$Engine ##############
[INFO] Analyzer: =============== onSensorChanged() ===============
[INFO] FlowGraph: @@@@ Total Class:   40
[INFO] FlowGraph: @@@@ Total Methods: 155
[INFO] FlowGraph: @@@@ Total Stmts:   2701
[INFO] Analyzer: =============== onAmbientModeChanged(false) ===============
[INFO] ICFGUtil: [acq labels] [(register_sensor_listener,This[com.osthoro.beautifulstuddedwatchface.AnalogWatchFaceService$Engine]236,2), (register_sensor_listener,This[com.osthoro.beautifulstuddedwatchface.AnalogWatchFaceService$Engine]236,1), (register_sensor_listener,This[com.osthoro.beautifulstuddedwatchface.AnalogWatchFaceService$Engine]236,4)]
[INFO] ICFGUtil: [rel labels] [(unregister_sensor_listener,This[com.osthoro.beautifulstuddedwatchface.AnalogWatchFaceService$Engine]236,-1)]
[INFO] ICFGUtil: [all labels] [(register_sensor_listener,This[com.osthoro.beautifulstuddedwatchface.AnalogWatchFaceService$Engine]236,2), (unregister_sensor_listener,This[com.osthoro.beautifulstuddedwatchface.AnalogWatchFaceService$Engine]236,-1), (register_sensor_listener,This[com.osthoro.beautifulstuddedwatchface.AnalogWatchFaceService$Engine]236,1), (register_sensor_listener,This[com.osthoro.beautifulstuddedwatchface.AnalogWatchFaceService$Engine]236,4)]
[INFO] Analyzer: =============== wfOnCreate() ===============
[INFO] Analyzer: =============== wfOnCreateEngine() ===============
[INFO] Analyzer: =============== onCreate() ===============
[INFO] Analyzer: =============== onVisibilityChanged(true) ===============
[INFO] FlowAnalysis: =================== cannot resolve <android.graphics.Paint: void setColor(int)>
[INFO] ICFGUtil: [acq labels] [(register_sensor_listener,This[com.osthoro.beautifulstuddedwatchface.AnalogWatchFaceService$Engine]236,2), (register_sensor_listener,This[com.osthoro.beautifulstuddedwatchface.AnalogWatchFaceService$Engine]236,1), (register_sensor_listener,This[com.osthoro.beautifulstuddedwatchface.AnalogWatchFaceService$Engine]236,4)]
[INFO] ICFGUtil: [rel labels] []
[INFO] ICFGUtil: [all labels] [(register_sensor_listener,This[com.osthoro.beautifulstuddedwatchface.AnalogWatchFaceService$Engine]236,2), (register_sensor_listener,This[com.osthoro.beautifulstuddedwatchface.AnalogWatchFaceService$Engine]236,1), (register_sensor_listener,This[com.osthoro.beautifulstuddedwatchface.AnalogWatchFaceService$Engine]236,4)]
[INFO] Analyzer: =============== onAmbientModeChanged(true) ===============
[INFO] FlowAnalysis: =================== cannot resolve <android.graphics.Paint: void setColor(int)>
[INFO] ICFGUtil: [acq labels] []
[INFO] ICFGUtil: [rel labels] [(unregister_sensor_listener,This[com.osthoro.beautifulstuddedwatchface.AnalogWatchFaceService$Engine]236,-1)]
[INFO] ICFGUtil: [all labels] [(unregister_sensor_listener,This[com.osthoro.beautifulstuddedwatchface.AnalogWatchFaceService$Engine]236,-1)]
[INFO] Analyzer: =============== onAmbientModeChanged(false) ===============
[INFO] ICFGUtil: [acq labels] [(register_sensor_listener,This[com.osthoro.beautifulstuddedwatchface.AnalogWatchFaceService$Engine]236,2), (register_sensor_listener,This[com.osthoro.beautifulstuddedwatchface.AnalogWatchFaceService$Engine]236,1), (register_sensor_listener,This[com.osthoro.beautifulstuddedwatchface.AnalogWatchFaceService$Engine]236,4)]
[INFO] ICFGUtil: [rel labels] [(unregister_sensor_listener,This[com.osthoro.beautifulstuddedwatchface.AnalogWatchFaceService$Engine]236,-1)]
[INFO] ICFGUtil: [all labels] [(register_sensor_listener,This[com.osthoro.beautifulstuddedwatchface.AnalogWatchFaceService$Engine]236,2), (unregister_sensor_listener,This[com.osthoro.beautifulstuddedwatchface.AnalogWatchFaceService$Engine]236,-1), (register_sensor_listener,This[com.osthoro.beautifulstuddedwatchface.AnalogWatchFaceService$Engine]236,1), (register_sensor_listener,This[com.osthoro.beautifulstuddedwatchface.AnalogWatchFaceService$Engine]236,4)]
[INFO] Analyzer: =============== wfOnCreate() ===============
[INFO] Analyzer: =============== wfOnCreateEngine() ===============
[INFO] Analyzer: =============== onCreate() ===============
[INFO] Analyzer: =============== onVisibilityChanged(true) ===============
[INFO] FlowAnalysis: =================== cannot resolve <android.graphics.Paint: void setColor(int)>
[INFO] ICFGUtil: [acq labels] [(register_sensor_listener,This[com.osthoro.beautifulstuddedwatchface.AnalogWatchFaceService$Engine]236,2), (register_sensor_listener,This[com.osthoro.beautifulstuddedwatchface.AnalogWatchFaceService$Engine]236,1), (register_sensor_listener,This[com.osthoro.beautifulstuddedwatchface.AnalogWatchFaceService$Engine]236,4)]
[INFO] ICFGUtil: [rel labels] []
[INFO] ICFGUtil: [all labels] [(register_sensor_listener,This[com.osthoro.beautifulstuddedwatchface.AnalogWatchFaceService$Engine]236,2), (register_sensor_listener,This[com.osthoro.beautifulstuddedwatchface.AnalogWatchFaceService$Engine]236,1), (register_sensor_listener,This[com.osthoro.beautifulstuddedwatchface.AnalogWatchFaceService$Engine]236,4)]
[INFO] Analyzer: =============== onVisibilityChanged(false) ===============
[INFO] ICFGUtil: [acq labels] []
[INFO] ICFGUtil: [rel labels] [(unregister_sensor_listener,This[com.osthoro.beautifulstuddedwatchface.AnalogWatchFaceService$Engine]236,-1)]
[INFO] ICFGUtil: [all labels] [(unregister_sensor_listener,This[com.osthoro.beautifulstuddedwatchface.AnalogWatchFaceService$Engine]236,-1)]
[INFO] Analyzer: =============== onAmbientModeChanged(true) ===============
[INFO] FlowAnalysis: =================== cannot resolve <android.graphics.Paint: void setColor(int)>
[INFO] ICFGUtil: [acq labels] []
[INFO] ICFGUtil: [rel labels] [(unregister_sensor_listener,This[com.osthoro.beautifulstuddedwatchface.AnalogWatchFaceService$Engine]236,-1)]
[INFO] ICFGUtil: [all labels] [(unregister_sensor_listener,This[com.osthoro.beautifulstuddedwatchface.AnalogWatchFaceService$Engine]236,-1)]
[INFO] Analyzer: =============== onVisibilityChanged(true) ===============
[INFO] FlowAnalysis: =================== cannot resolve <android.graphics.Paint: void setColor(int)>
[INFO] ICFGUtil: [acq labels] [(register_sensor_listener,This[com.osthoro.beautifulstuddedwatchface.AnalogWatchFaceService$Engine]236,2), (register_sensor_listener,This[com.osthoro.beautifulstuddedwatchface.AnalogWatchFaceService$Engine]236,1), (register_sensor_listener,This[com.osthoro.beautifulstuddedwatchface.AnalogWatchFaceService$Engine]236,4)]
[INFO] ICFGUtil: [rel labels] []
[INFO] ICFGUtil: [all labels] [(register_sensor_listener,This[com.osthoro.beautifulstuddedwatchface.AnalogWatchFaceService$Engine]236,2), (register_sensor_listener,This[com.osthoro.beautifulstuddedwatchface.AnalogWatchFaceService$Engine]236,1), (register_sensor_listener,This[com.osthoro.beautifulstuddedwatchface.AnalogWatchFaceService$Engine]236,4)]
[INFO] Analyzer: =============== onAmbientModeChanged(false) ===============
[INFO] ICFGUtil: [acq labels] [(register_sensor_listener,This[com.osthoro.beautifulstuddedwatchface.AnalogWatchFaceService$Engine]236,2), (register_sensor_listener,This[com.osthoro.beautifulstuddedwatchface.AnalogWatchFaceService$Engine]236,1), (register_sensor_listener,This[com.osthoro.beautifulstuddedwatchface.AnalogWatchFaceService$Engine]236,4)]
[INFO] ICFGUtil: [rel labels] [(unregister_sensor_listener,This[com.osthoro.beautifulstuddedwatchface.AnalogWatchFaceService$Engine]236,-1)]
[INFO] ICFGUtil: [all labels] [(register_sensor_listener,This[com.osthoro.beautifulstuddedwatchface.AnalogWatchFaceService$Engine]236,2), (unregister_sensor_listener,This[com.osthoro.beautifulstuddedwatchface.AnalogWatchFaceService$Engine]236,-1), (register_sensor_listener,This[com.osthoro.beautifulstuddedwatchface.AnalogWatchFaceService$Engine]236,1), (register_sensor_listener,This[com.osthoro.beautifulstuddedwatchface.AnalogWatchFaceService$Engine]236,4)]
[INFO] Analyzer: =============== wfOnCreate() ===============
[INFO] Analyzer: =============== wfOnCreateEngine() ===============
[INFO] Analyzer: =============== onCreate() ===============
[INFO] Analyzer: =============== onVisibilityChanged(true) ===============
[INFO] FlowAnalysis: =================== cannot resolve <android.graphics.Paint: void setColor(int)>
[INFO] ICFGUtil: [acq labels] [(register_sensor_listener,This[com.osthoro.beautifulstuddedwatchface.AnalogWatchFaceService$Engine]236,2), (register_sensor_listener,This[com.osthoro.beautifulstuddedwatchface.AnalogWatchFaceService$Engine]236,1), (register_sensor_listener,This[com.osthoro.beautifulstuddedwatchface.AnalogWatchFaceService$Engine]236,4)]
[INFO] ICFGUtil: [rel labels] []
[INFO] ICFGUtil: [all labels] [(register_sensor_listener,This[com.osthoro.beautifulstuddedwatchface.AnalogWatchFaceService$Engine]236,2), (register_sensor_listener,This[com.osthoro.beautifulstuddedwatchface.AnalogWatchFaceService$Engine]236,1), (register_sensor_listener,This[com.osthoro.beautifulstuddedwatchface.AnalogWatchFaceService$Engine]236,4)]
[INFO] Analyzer: =============== onVisibilityChanged(false) ===============
[INFO] ICFGUtil: [acq labels] []
[INFO] ICFGUtil: [rel labels] [(unregister_sensor_listener,This[com.osthoro.beautifulstuddedwatchface.AnalogWatchFaceService$Engine]236,-1)]
[INFO] ICFGUtil: [all labels] [(unregister_sensor_listener,This[com.osthoro.beautifulstuddedwatchface.AnalogWatchFaceService$Engine]236,-1)]
[INFO] Analyzer: =============== onAmbientModeChanged(true) ===============
[INFO] FlowAnalysis: =================== cannot resolve <android.graphics.Paint: void setColor(int)>
[INFO] ICFGUtil: [acq labels] []
[INFO] ICFGUtil: [rel labels] [(unregister_sensor_listener,This[com.osthoro.beautifulstuddedwatchface.AnalogWatchFaceService$Engine]236,-1)]
[INFO] ICFGUtil: [all labels] [(unregister_sensor_listener,This[com.osthoro.beautifulstuddedwatchface.AnalogWatchFaceService$Engine]236,-1)]
[INFO] Analyzer: =============== onVisibilityChanged(true) ===============
[INFO] FlowAnalysis: =================== cannot resolve <android.graphics.Paint: void setColor(int)>
[INFO] ICFGUtil: [acq labels] [(register_sensor_listener,This[com.osthoro.beautifulstuddedwatchface.AnalogWatchFaceService$Engine]236,2), (register_sensor_listener,This[com.osthoro.beautifulstuddedwatchface.AnalogWatchFaceService$Engine]236,1), (register_sensor_listener,This[com.osthoro.beautifulstuddedwatchface.AnalogWatchFaceService$Engine]236,4)]
[INFO] ICFGUtil: [rel labels] []
[INFO] ICFGUtil: [all labels] [(register_sensor_listener,This[com.osthoro.beautifulstuddedwatchface.AnalogWatchFaceService$Engine]236,2), (register_sensor_listener,This[com.osthoro.beautifulstuddedwatchface.AnalogWatchFaceService$Engine]236,1), (register_sensor_listener,This[com.osthoro.beautifulstuddedwatchface.AnalogWatchFaceService$Engine]236,4)]
[INFO] Analyzer: =============== onAmbientModeChanged(false) ===============
[INFO] ICFGUtil: [acq labels] [(register_sensor_listener,This[com.osthoro.beautifulstuddedwatchface.AnalogWatchFaceService$Engine]236,2), (register_sensor_listener,This[com.osthoro.beautifulstuddedwatchface.AnalogWatchFaceService$Engine]236,1), (register_sensor_listener,This[com.osthoro.beautifulstuddedwatchface.AnalogWatchFaceService$Engine]236,4)]
[INFO] ICFGUtil: [rel labels] [(unregister_sensor_listener,This[com.osthoro.beautifulstuddedwatchface.AnalogWatchFaceService$Engine]236,-1)]
[INFO] ICFGUtil: [all labels] [(register_sensor_listener,This[com.osthoro.beautifulstuddedwatchface.AnalogWatchFaceService$Engine]236,2), (unregister_sensor_listener,This[com.osthoro.beautifulstuddedwatchface.AnalogWatchFaceService$Engine]236,-1), (register_sensor_listener,This[com.osthoro.beautifulstuddedwatchface.AnalogWatchFaceService$Engine]236,1), (register_sensor_listener,This[com.osthoro.beautifulstuddedwatchface.AnalogWatchFaceService$Engine]236,4)]
[INFO] Analyzer: =============== wfOnCreate() ===============
[INFO] Analyzer: =============== wfOnCreateEngine() ===============
[INFO] Analyzer: =============== onCreate() ===============
[INFO] Analyzer: =============== onVisibilityChanged(true) ===============
[INFO] FlowAnalysis: =================== cannot resolve <android.graphics.Paint: void setColor(int)>
[INFO] ICFGUtil: [acq labels] [(register_sensor_listener,This[com.osthoro.beautifulstuddedwatchface.AnalogWatchFaceService$Engine]236,2), (register_sensor_listener,This[com.osthoro.beautifulstuddedwatchface.AnalogWatchFaceService$Engine]236,1), (register_sensor_listener,This[com.osthoro.beautifulstuddedwatchface.AnalogWatchFaceService$Engine]236,4)]
[INFO] ICFGUtil: [rel labels] []
[INFO] ICFGUtil: [all labels] [(register_sensor_listener,This[com.osthoro.beautifulstuddedwatchface.AnalogWatchFaceService$Engine]236,2), (register_sensor_listener,This[com.osthoro.beautifulstuddedwatchface.AnalogWatchFaceService$Engine]236,1), (register_sensor_listener,This[com.osthoro.beautifulstuddedwatchface.AnalogWatchFaceService$Engine]236,4)]
[INFO] Analyzer: =============== onVisibilityChanged(false) ===============
[INFO] ICFGUtil: [acq labels] []
[INFO] ICFGUtil: [rel labels] [(unregister_sensor_listener,This[com.osthoro.beautifulstuddedwatchface.AnalogWatchFaceService$Engine]236,-1)]
[INFO] ICFGUtil: [all labels] [(unregister_sensor_listener,This[com.osthoro.beautifulstuddedwatchface.AnalogWatchFaceService$Engine]236,-1)]
[INFO] Analyzer: =============== onDestroy() ===============
[INFO] Analyzer: =============== wfOnDestroy() ===============
[INFO] Analyzer: =============== onAmbientModeChanged(false) ===============
[INFO] ICFGUtil: [acq labels] [(register_sensor_listener,This[com.osthoro.beautifulstuddedwatchface.AnalogWatchFaceService$Engine]236,2), (register_sensor_listener,This[com.osthoro.beautifulstuddedwatchface.AnalogWatchFaceService$Engine]236,1), (register_sensor_listener,This[com.osthoro.beautifulstuddedwatchface.AnalogWatchFaceService$Engine]236,4)]
[INFO] ICFGUtil: [rel labels] [(unregister_sensor_listener,This[com.osthoro.beautifulstuddedwatchface.AnalogWatchFaceService$Engine]236,-1)]
[INFO] ICFGUtil: [all labels] [(register_sensor_listener,This[com.osthoro.beautifulstuddedwatchface.AnalogWatchFaceService$Engine]236,2), (unregister_sensor_listener,This[com.osthoro.beautifulstuddedwatchface.AnalogWatchFaceService$Engine]236,-1), (register_sensor_listener,This[com.osthoro.beautifulstuddedwatchface.AnalogWatchFaceService$Engine]236,1), (register_sensor_listener,This[com.osthoro.beautifulstuddedwatchface.AnalogWatchFaceService$Engine]236,4)]
[INFO] Analyzer: =============== wfOnCreate() ===============
[INFO] Analyzer: =============== wfOnCreateEngine() ===============
[INFO] Analyzer: =============== onCreate() ===============
[INFO] Analyzer: =============== onVisibilityChanged(true) ===============
[INFO] FlowAnalysis: =================== cannot resolve <android.graphics.Paint: void setColor(int)>
[INFO] ICFGUtil: [acq labels] [(register_sensor_listener,This[com.osthoro.beautifulstuddedwatchface.AnalogWatchFaceService$Engine]236,2), (register_sensor_listener,This[com.osthoro.beautifulstuddedwatchface.AnalogWatchFaceService$Engine]236,1), (register_sensor_listener,This[com.osthoro.beautifulstuddedwatchface.AnalogWatchFaceService$Engine]236,4)]
[INFO] ICFGUtil: [rel labels] []
[INFO] ICFGUtil: [all labels] [(register_sensor_listener,This[com.osthoro.beautifulstuddedwatchface.AnalogWatchFaceService$Engine]236,2), (register_sensor_listener,This[com.osthoro.beautifulstuddedwatchface.AnalogWatchFaceService$Engine]236,1), (register_sensor_listener,This[com.osthoro.beautifulstuddedwatchface.AnalogWatchFaceService$Engine]236,4)]
[INFO] Analyzer: =============== onVisibilityChanged(false) ===============
[INFO] ICFGUtil: [acq labels] []
[INFO] ICFGUtil: [rel labels] [(unregister_sensor_listener,This[com.osthoro.beautifulstuddedwatchface.AnalogWatchFaceService$Engine]236,-1)]
[INFO] ICFGUtil: [all labels] [(unregister_sensor_listener,This[com.osthoro.beautifulstuddedwatchface.AnalogWatchFaceService$Engine]236,-1)]
[INFO] Analyzer: =============== onDestroy() ===============
[INFO] Analyzer: =============== wfOnDestroy() ===============
[INFO] Analyzer: =============== onAmbientModeChanged(true) ===============
[INFO] FlowAnalysis: =================== cannot resolve <android.graphics.Paint: void setColor(int)>
[INFO] ICFGUtil: [acq labels] []
[INFO] ICFGUtil: [rel labels] [(unregister_sensor_listener,This[com.osthoro.beautifulstuddedwatchface.AnalogWatchFaceService$Engine]236,-1)]
[INFO] ICFGUtil: [all labels] [(unregister_sensor_listener,This[com.osthoro.beautifulstuddedwatchface.AnalogWatchFaceService$Engine]236,-1)]
[INFO] Analyzer: =============== onAmbientModeChanged(false) ===============
[INFO] FlowAnalysis: =================== cannot resolve <android.graphics.Paint: void setColor(int)>
[INFO] ICFGUtil: [acq labels] [(register_sensor_listener,This[com.osthoro.beautifulstuddedwatchface.AnalogWatchFaceService$Engine]236,2), (register_sensor_listener,This[com.osthoro.beautifulstuddedwatchface.AnalogWatchFaceService$Engine]236,1), (register_sensor_listener,This[com.osthoro.beautifulstuddedwatchface.AnalogWatchFaceService$Engine]236,4)]
[INFO] ICFGUtil: [rel labels] []
[INFO] ICFGUtil: [all labels] [(register_sensor_listener,This[com.osthoro.beautifulstuddedwatchface.AnalogWatchFaceService$Engine]236,2), (register_sensor_listener,This[com.osthoro.beautifulstuddedwatchface.AnalogWatchFaceService$Engine]236,1), (register_sensor_listener,This[com.osthoro.beautifulstuddedwatchface.AnalogWatchFaceService$Engine]236,4)]
[INFO] MySceneTransformer: setColor @ onAmbientModeChanged(true): [{}]
[INFO] MySceneTransformer: setColor @ onAmbientModeChanged(false): [{}]
[INFO] MySceneTransformer: setColor equal=true
[INFO] MySceneTransformer: colors @ onAmbientModeChanged(true): []
[INFO] MySceneTransformer: colors @ onAmbientModeChanged(false): []
[INFO] MySceneTransformer: colors equal=false
[INFO] MySceneTransformer: @@@@@@ SENSOR LEAK @@@@@@ [4, 1, 2] [[<null::SELECT::interactive>, <interactive::PRESS_SIDE_BUTTON::invisible_applist>, <invisible_applist::STANDBY::ambient>]]
[INFO] MySceneTransformer: LEAK TESTCASE 1: wearable.select_on_handheld(HANDHELD_SERIALNO, labels[pkg])
[INFO] MySceneTransformer: LEAK TESTCASE 1: wearable.press_side_button()
[INFO] MySceneTransformer: LEAK TESTCASE 1: wearable.standby()
[INFO] MySceneTransformer: @@@@@@ SENSOR LEAK @@@@@@ [4, 1, 2] [[<null::SELECT::interactive>, <interactive::SWIPE_UP::invisible_notification>, <invisible_notification::STANDBY::ambient>]]
[INFO] MySceneTransformer: LEAK TESTCASE 2: wearable.select_on_handheld(HANDHELD_SERIALNO, labels[pkg])
[INFO] MySceneTransformer: LEAK TESTCASE 2: wearable.swipe_up()
[INFO] MySceneTransformer: LEAK TESTCASE 2: wearable.standby()
[INFO] MySceneTransformer: TOTAL TIME: 2.336000 sec
[INFO] MySceneTransformer: Soot stopped on Thu Jun 21 11:56:57 EDT 2018
