Soot started on Thu Jun 21 12:02:36 EDT 2018
[INFO] MySceneTransformer: WatchFaceService:::: com.qmzc.timagine.watchface.kiwi.EngineWatchFace
[INFO] MySceneTransformer: !!!!!!!!!! Going to analyze: ./apks/wear/com.qmzc.timagine.watchface.kiwi.apk
[INFO] MySceneTransformer: ############## com.freeplay.common.superclass.WatchFace$Engine ##############
[INFO] Analyzer: =============== onAmbientModeChanged(false) ===============
[INFO] FlowGraph: @@@@ Total Class:   451
[INFO] FlowGraph: @@@@ Total Methods: 2129
[INFO] FlowGraph: @@@@ Total Stmts:   25641
[INFO] Analyzer: =============== wfOnCreate() ===============
[INFO] Analyzer: =============== wfOnCreateEngine() ===============
[INFO] Analyzer: =============== onCreate() ===============
[INFO] Analyzer: =============== onVisibilityChanged(true) ===============
[INFO] FlowAnalysis: =================== <android.graphics.Paint: void setColor(int)>([-2368549])
[INFO] FlowAnalysis: =================== <android.graphics.Paint: void setColor(int)>([-1842205])
[INFO] Analyzer: =============== onAmbientModeChanged(true) ===============
[INFO] FlowAnalysis: =================== <android.graphics.Paint: void setColor(int)>([-2368549])
[INFO] FlowAnalysis: =================== <android.graphics.Paint: void setColor(int)>([-1842205])
[INFO] Analyzer: =============== onAmbientModeChanged(false) ===============
[INFO] Analyzer: =============== wfOnCreate() ===============
[INFO] Analyzer: =============== wfOnCreateEngine() ===============
[INFO] Analyzer: =============== onCreate() ===============
[INFO] Analyzer: =============== onVisibilityChanged(true) ===============
[INFO] FlowAnalysis: =================== <android.graphics.Paint: void setColor(int)>([-2368549])
[INFO] FlowAnalysis: =================== <android.graphics.Paint: void setColor(int)>([-1842205])
[INFO] Analyzer: =============== onVisibilityChanged(false) ===============
[INFO] Analyzer: =============== onAmbientModeChanged(true) ===============
[INFO] FlowAnalysis: =================== <android.graphics.Paint: void setColor(int)>([-2368549])
[INFO] FlowAnalysis: =================== <android.graphics.Paint: void setColor(int)>([-1842205])
[INFO] Analyzer: =============== onVisibilityChanged(true) ===============
[INFO] FlowAnalysis: =================== <android.graphics.Paint: void setColor(int)>([-2368549])
[INFO] FlowAnalysis: =================== <android.graphics.Paint: void setColor(int)>([-1842205])
[INFO] Analyzer: =============== onAmbientModeChanged(false) ===============
[INFO] Analyzer: =============== wfOnCreate() ===============
[INFO] Analyzer: =============== wfOnCreateEngine() ===============
[INFO] Analyzer: =============== onCreate() ===============
[INFO] Analyzer: =============== onVisibilityChanged(true) ===============
[INFO] FlowAnalysis: =================== <android.graphics.Paint: void setColor(int)>([-2368549])
[INFO] FlowAnalysis: =================== <android.graphics.Paint: void setColor(int)>([-1842205])
[INFO] Analyzer: =============== onVisibilityChanged(false) ===============
[INFO] Analyzer: =============== onAmbientModeChanged(true) ===============
[INFO] FlowAnalysis: =================== <android.graphics.Paint: void setColor(int)>([-2368549])
[INFO] FlowAnalysis: =================== <android.graphics.Paint: void setColor(int)>([-1842205])
[INFO] Analyzer: =============== onVisibilityChanged(true) ===============
[INFO] FlowAnalysis: =================== <android.graphics.Paint: void setColor(int)>([-2368549])
[INFO] FlowAnalysis: =================== <android.graphics.Paint: void setColor(int)>([-1842205])
[INFO] Analyzer: =============== onAmbientModeChanged(false) ===============
[INFO] Analyzer: =============== wfOnCreate() ===============
[INFO] Analyzer: =============== wfOnCreateEngine() ===============
[INFO] Analyzer: =============== onCreate() ===============
[INFO] Analyzer: =============== onVisibilityChanged(true) ===============
[INFO] FlowAnalysis: =================== <android.graphics.Paint: void setColor(int)>([-2368549])
[INFO] FlowAnalysis: =================== <android.graphics.Paint: void setColor(int)>([-1842205])
[INFO] Analyzer: =============== onVisibilityChanged(false) ===============
[INFO] Analyzer: =============== onDestroy() ===============
[INFO] Analyzer: =============== wfOnDestroy() ===============
[INFO] Analyzer: =============== onAmbientModeChanged(false) ===============
[INFO] Analyzer: =============== wfOnCreate() ===============
[INFO] Analyzer: =============== wfOnCreateEngine() ===============
[INFO] Analyzer: =============== onCreate() ===============
[INFO] Analyzer: =============== onVisibilityChanged(true) ===============
[INFO] FlowAnalysis: =================== <android.graphics.Paint: void setColor(int)>([-2368549])
[INFO] FlowAnalysis: =================== <android.graphics.Paint: void setColor(int)>([-1842205])
[INFO] Analyzer: =============== onVisibilityChanged(false) ===============
[INFO] Analyzer: =============== onDestroy() ===============
[INFO] Analyzer: =============== wfOnDestroy() ===============
[INFO] Analyzer: =============== onAmbientModeChanged(true) ===============
[INFO] FlowAnalysis: =================== <android.graphics.Paint: void setColor(int)>([-2368549])
[INFO] FlowAnalysis: =================== <android.graphics.Paint: void setColor(int)>([-1842205])
[INFO] Analyzer: =============== onAmbientModeChanged(false) ===============
[INFO] FlowAnalysis: =================== <android.graphics.Paint: void setColor(int)>(-16777216)
[INFO] FlowAnalysis: =================== <android.graphics.Paint: void setColor(int)>([-2368549])
[INFO] MySceneTransformer: setColor @ onAmbientModeChanged(true): [{$r3=[-1, -5761260], $r2=[-1052689], $r3=[-1, -4013374, -8421505, -5761260], $r1=[-2368549, -1842205], $r3=[-10972902], $r4=[-65536], $r2=[-25854]}]
[INFO] MySceneTransformer: setColor @ onAmbientModeChanged(false): [{$r3=[-1, -5761260], $r2=[-1052689], $r3=[-1, -4013374, -8421505, -5761260], $r1=[-16777216, -2368549], $r2=[-25854]}]
[INFO] MySceneTransformer: setColor equal=false
[INFO] MySceneTransformer: colors @ onAmbientModeChanged(true): [ffe3e3e3, red, ffff9b02, ffa81714, ffdbdbdb, ff7f7f7f, ffefefef, ffc2c2c2, ff58911a]
[INFO] MySceneTransformer: colors @ onAmbientModeChanged(false): [ffff9b02, ffa81714, ffdbdbdb, ff7f7f7f, ffefefef, ffc2c2c2]
[INFO] MySceneTransformer: colors equal=false
[INFO] MySceneTransformer: colors not equal, flows to ambient: [ffe3e3e3, red, ffff9b02, ffa81714, ffdbdbdb, ff7f7f7f, ffefefef, ffc2c2c2, ff58911a]
[INFO] MySceneTransformer: colors not equal, flows to ambient: [ffe3e3e3, red, ffff9b02, ffa81714, ffdbdbdb, ff7f7f7f, ffefefef, ffc2c2c2, ff58911a]
[INFO] MySceneTransformer: colors not equal, flows to ambient: [ffe3e3e3, red, ffff9b02, ffa81714, ffdbdbdb, ff7f7f7f, ffefefef, ffc2c2c2, ff58911a]
[INFO] MySceneTransformer: colors not equal, flows to ambient: [ffe3e3e3, red, ffff9b02, ffa81714, ffdbdbdb, ff7f7f7f, ffefefef, ffc2c2c2, ff58911a]
[INFO] MySceneTransformer: colors not equal, flows to ambient: [ffe3e3e3, red, ffff9b02, ffa81714, ffdbdbdb, ff7f7f7f, ffefefef, ffc2c2c2, ff58911a]
[INFO] MySceneTransformer: colors not equal, flows to ambient: [ffe3e3e3, red, ffff9b02, ffa81714, ffdbdbdb, ff7f7f7f, ffefefef, ffc2c2c2, ff58911a]
[INFO] MySceneTransformer: colors not equal, flows to ambient: [ffe3e3e3, red, ffff9b02, ffa81714, ffdbdbdb, ff7f7f7f, ffefefef, ffc2c2c2, ff58911a]
[INFO] MySceneTransformer: colors not equal, flows to ambient: [ffe3e3e3, red, ffff9b02, ffa81714, ffdbdbdb, ff7f7f7f, ffefefef, ffc2c2c2, ff58911a]
[INFO] MySceneTransformer: colors not equal, flows to ambient: [ffe3e3e3, red, ffff9b02, ffa81714, ffdbdbdb, ff7f7f7f, ffefefef, ffc2c2c2, ff58911a]
[INFO] MySceneTransformer: TOTAL TIME: 11.640000 sec
[INFO] MySceneTransformer: Soot stopped on Thu Jun 21 12:02:52 EDT 2018
