Soot started on Thu Jun 21 10:44:32 EDT 2018
[INFO] MySceneTransformer: WatchFaceService:::: com.asus.facedesigner.WatchFaceService.CustomWatchFaceService
[INFO] MySceneTransformer: !!!!!!!!!! Going to analyze: ./apks/wear/com.asus.facedesigner.apk
[INFO] MySceneTransformer: ############## com.asus.facedesigner.WatchFaceService.CustomWatchFaceService$Engine ##############
[INFO] Analyzer: =============== onAmbientModeChanged(false) ===============
[INFO] FlowGraph: @@@@ Total Class:   90
[INFO] FlowGraph: @@@@ Total Methods: 700
[INFO] FlowGraph: @@@@ Total Stmts:   12542
[INFO] Analyzer: =============== wfOnCreate() ===============
[INFO] Analyzer: =============== wfOnCreateEngine() ===============
[INFO] Analyzer: =============== onCreate() ===============
[INFO] Analyzer: =============== onVisibilityChanged(true) ===============
[INFO] FlowAnalysis: =================== <android.graphics.Paint: void setColor(int)>([-16777216])
[INFO] FlowAnalysis: =================== <android.graphics.Paint: void setColor(int)>([-16777216])
[INFO] FlowAnalysis: =================== <android.graphics.Paint: void setColor(int)>([-16777216])
[INFO] FlowAnalysis: =================== <android.graphics.Paint: void setColor(int)>([-1,-16777216])
[INFO] FlowAnalysis: =================== <android.graphics.Paint: void setColor(int)>([-1,-16777216])
[INFO] FlowAnalysis: =================== <android.graphics.Paint: void setColor(int)>([-16777216])
[INFO] FlowAnalysis: =================== <android.graphics.Paint: void setColor(int)>([-1])
[INFO] Analyzer: =============== onAmbientModeChanged(true) ===============
[INFO] FlowAnalysis: =================== <android.graphics.Paint: void setColor(int)>([-16777216])
[INFO] FlowAnalysis: =================== <android.graphics.Paint: void setColor(int)>([-16777216])
[INFO] FlowAnalysis: =================== <android.graphics.Paint: void setColor(int)>([-16777216])
[INFO] FlowAnalysis: =================== <android.graphics.Paint: void setColor(int)>([-1,-16777216])
[INFO] Analyzer: =============== onAmbientModeChanged(false) ===============
[INFO] Analyzer: =============== wfOnCreate() ===============
[INFO] Analyzer: =============== wfOnCreateEngine() ===============
[INFO] Analyzer: =============== onCreate() ===============
[INFO] Analyzer: =============== onVisibilityChanged(true) ===============
[INFO] FlowAnalysis: =================== <android.graphics.Paint: void setColor(int)>([-16777216])
[INFO] FlowAnalysis: =================== <android.graphics.Paint: void setColor(int)>([-16777216])
[INFO] FlowAnalysis: =================== <android.graphics.Paint: void setColor(int)>([-16777216])
[INFO] FlowAnalysis: =================== <android.graphics.Paint: void setColor(int)>([-1,-16777216])
[INFO] FlowAnalysis: =================== <android.graphics.Paint: void setColor(int)>([-1,-16777216])
[INFO] FlowAnalysis: =================== <android.graphics.Paint: void setColor(int)>([-16777216])
[INFO] FlowAnalysis: =================== <android.graphics.Paint: void setColor(int)>([-1])
[INFO] Analyzer: =============== onVisibilityChanged(false) ===============
[INFO] Analyzer: =============== onAmbientModeChanged(true) ===============
[INFO] FlowAnalysis: =================== <android.graphics.Paint: void setColor(int)>([-16777216])
[INFO] FlowAnalysis: =================== <android.graphics.Paint: void setColor(int)>([-16777216])
[INFO] FlowAnalysis: =================== <android.graphics.Paint: void setColor(int)>([-16777216])
[INFO] FlowAnalysis: =================== <android.graphics.Paint: void setColor(int)>([-1,-16777216])
[INFO] Analyzer: =============== onVisibilityChanged(true) ===============
[INFO] FlowAnalysis: =================== <android.graphics.Paint: void setColor(int)>([-16777216])
[INFO] FlowAnalysis: =================== <android.graphics.Paint: void setColor(int)>([-16777216])
[INFO] FlowAnalysis: =================== <android.graphics.Paint: void setColor(int)>([-16777216])
[INFO] FlowAnalysis: =================== <android.graphics.Paint: void setColor(int)>([-1,-16777216])
[INFO] Analyzer: =============== onAmbientModeChanged(false) ===============
[INFO] Analyzer: =============== wfOnCreate() ===============
[INFO] Analyzer: =============== wfOnCreateEngine() ===============
[INFO] Analyzer: =============== onCreate() ===============
[INFO] Analyzer: =============== onVisibilityChanged(true) ===============
[INFO] FlowAnalysis: =================== <android.graphics.Paint: void setColor(int)>([-16777216])
[INFO] FlowAnalysis: =================== <android.graphics.Paint: void setColor(int)>([-16777216])
[INFO] FlowAnalysis: =================== <android.graphics.Paint: void setColor(int)>([-16777216])
[INFO] FlowAnalysis: =================== <android.graphics.Paint: void setColor(int)>([-1,-16777216])
[INFO] FlowAnalysis: =================== <android.graphics.Paint: void setColor(int)>([-1,-16777216])
[INFO] FlowAnalysis: =================== <android.graphics.Paint: void setColor(int)>([-16777216])
[INFO] FlowAnalysis: =================== <android.graphics.Paint: void setColor(int)>([-1])
[INFO] Analyzer: =============== onVisibilityChanged(false) ===============
[INFO] Analyzer: =============== onAmbientModeChanged(true) ===============
[INFO] FlowAnalysis: =================== <android.graphics.Paint: void setColor(int)>([-16777216])
[INFO] FlowAnalysis: =================== <android.graphics.Paint: void setColor(int)>([-16777216])
[INFO] FlowAnalysis: =================== <android.graphics.Paint: void setColor(int)>([-16777216])
[INFO] FlowAnalysis: =================== <android.graphics.Paint: void setColor(int)>([-1,-16777216])
[INFO] Analyzer: =============== onVisibilityChanged(true) ===============
[INFO] FlowAnalysis: =================== <android.graphics.Paint: void setColor(int)>([-16777216])
[INFO] FlowAnalysis: =================== <android.graphics.Paint: void setColor(int)>([-16777216])
[INFO] FlowAnalysis: =================== <android.graphics.Paint: void setColor(int)>([-16777216])
[INFO] FlowAnalysis: =================== <android.graphics.Paint: void setColor(int)>([-1,-16777216])
[INFO] Analyzer: =============== onAmbientModeChanged(false) ===============
[INFO] Analyzer: =============== wfOnCreate() ===============
[INFO] Analyzer: =============== wfOnCreateEngine() ===============
[INFO] Analyzer: =============== onCreate() ===============
[INFO] Analyzer: =============== onVisibilityChanged(true) ===============
[INFO] FlowAnalysis: =================== <android.graphics.Paint: void setColor(int)>([-16777216])
[INFO] FlowAnalysis: =================== <android.graphics.Paint: void setColor(int)>([-16777216])
[INFO] FlowAnalysis: =================== <android.graphics.Paint: void setColor(int)>([-16777216])
[INFO] FlowAnalysis: =================== <android.graphics.Paint: void setColor(int)>([-1,-16777216])
[INFO] FlowAnalysis: =================== <android.graphics.Paint: void setColor(int)>([-1,-16777216])
[INFO] FlowAnalysis: =================== <android.graphics.Paint: void setColor(int)>([-16777216])
[INFO] FlowAnalysis: =================== <android.graphics.Paint: void setColor(int)>([-1])
[INFO] Analyzer: =============== onVisibilityChanged(false) ===============
[INFO] Analyzer: =============== onDestroy() ===============
[INFO] Analyzer: =============== wfOnDestroy() ===============
[INFO] Analyzer: =============== onAmbientModeChanged(false) ===============
[INFO] Analyzer: =============== wfOnCreate() ===============
[INFO] Analyzer: =============== wfOnCreateEngine() ===============
[INFO] Analyzer: =============== onCreate() ===============
[INFO] Analyzer: =============== onVisibilityChanged(true) ===============
[INFO] FlowAnalysis: =================== <android.graphics.Paint: void setColor(int)>([-16777216])
[INFO] FlowAnalysis: =================== <android.graphics.Paint: void setColor(int)>([-16777216])
[INFO] FlowAnalysis: =================== <android.graphics.Paint: void setColor(int)>([-16777216])
[INFO] FlowAnalysis: =================== <android.graphics.Paint: void setColor(int)>([-1,-16777216])
[INFO] FlowAnalysis: =================== <android.graphics.Paint: void setColor(int)>([-1,-16777216])
[INFO] FlowAnalysis: =================== <android.graphics.Paint: void setColor(int)>([-16777216])
[INFO] FlowAnalysis: =================== <android.graphics.Paint: void setColor(int)>([-1])
[INFO] Analyzer: =============== onVisibilityChanged(false) ===============
[INFO] Analyzer: =============== onDestroy() ===============
[INFO] Analyzer: =============== wfOnDestroy() ===============
[INFO] Analyzer: =============== onAmbientModeChanged(true) ===============
[INFO] FlowAnalysis: =================== <android.graphics.Paint: void setColor(int)>([-16777216])
[INFO] FlowAnalysis: =================== <android.graphics.Paint: void setColor(int)>([-16777216])
[INFO] FlowAnalysis: =================== <android.graphics.Paint: void setColor(int)>([-16777216])
[INFO] FlowAnalysis: =================== <android.graphics.Paint: void setColor(int)>([-1,-16777216])
[INFO] Analyzer: =============== onAmbientModeChanged(false) ===============
[INFO] FlowAnalysis: =================== <android.graphics.Paint: void setColor(int)>([-16777216])
[INFO] FlowAnalysis: =================== <android.graphics.Paint: void setColor(int)>([-16777216])
[INFO] FlowAnalysis: =================== <android.graphics.Paint: void setColor(int)>([-16777216])
[INFO] FlowAnalysis: =================== <android.graphics.Paint: void setColor(int)>([-1,-16777216])
[INFO] FlowAnalysis: =================== <android.graphics.Paint: void setColor(int)>([-1,-16777216])
[INFO] FlowAnalysis: =================== <android.graphics.Paint: void setColor(int)>([-16777216])
[INFO] FlowAnalysis: =================== <android.graphics.Paint: void setColor(int)>([-1])
[INFO] MySceneTransformer: setColor @ onAmbientModeChanged(true): [{$r4=[-1], $r2=[-1, -526088], $r4_3=[-526088], $r5_1=[-1], $r1=[-16777216], $r4_1=[-1], $r5_3=[-1, -526088], $r1=[-1], $r1_1=[-1], $r1=[-1], $r1_2=[-1, -526088], $r1=[-16777216, -1], $r4_2=[-526088]}]
[INFO] MySceneTransformer: setColor @ onAmbientModeChanged(false): [{$r1_3=[-1, -526088], $r2=[-1, -526088], $r1_2=[-526088], $r4_3=[-526088], $r1=[-16777216], $r5_3=[-1, -526088], $r1_3=[-526088], $r1=[-16777216, -1], $r4_2=[-526088]}]
[INFO] MySceneTransformer: setColor equal=false
[INFO] MySceneTransformer: colors @ onAmbientModeChanged(true): [fff7f8f8]
[INFO] MySceneTransformer: colors @ onAmbientModeChanged(false): [fff7f8f8]
[INFO] MySceneTransformer: colors equal=true
[INFO] MySceneTransformer: TOTAL TIME: 35.243000 sec
[INFO] MySceneTransformer: Soot stopped on Thu Jun 21 10:45:12 EDT 2018
