Soot started on Thu Jun 21 11:22:20 EDT 2018
[INFO] MySceneTransformer: WatchFaceService:::: com.goposse.beeroclock.services.BeerWatchFaceService
[INFO] MySceneTransformer: !!!!!!!!!! Going to analyze: ./apks/wear/com.goposse.beeroclock.apk
[INFO] MySceneTransformer: ############## com.goposse.beeroclock.services.BeerWatchFaceService$Engine ##############
[INFO] Analyzer: =============== onSensorChanged() ===============
[INFO] FlowGraph: @@@@ Total Class:   61
[INFO] FlowGraph: @@@@ Total Methods: 187
[INFO] FlowGraph: @@@@ Total Stmts:   3057
[INFO] Analyzer: =============== onAmbientModeChanged(false) ===============
[INFO] Analyzer: =============== wfOnCreate() ===============
[INFO] ICFGUtil: [acq labels] []
[INFO] ICFGUtil: [rel labels] []
[INFO] ICFGUtil: [all labels] []
[INFO] Analyzer: =============== wfOnCreateEngine() ===============
[INFO] Analyzer: =============== onCreate() ===============
[INFO] Analyzer: =============== onVisibilityChanged(true) ===============
[INFO] ICFGUtil: [acq labels] []
[INFO] ICFGUtil: [rel labels] []
[INFO] ICFGUtil: [all labels] []
[INFO] Analyzer: =============== onAmbientModeChanged(true) ===============
[INFO] Analyzer: =============== onAmbientModeChanged(false) ===============
[INFO] Analyzer: =============== wfOnCreate() ===============
[INFO] ICFGUtil: [acq labels] []
[INFO] ICFGUtil: [rel labels] []
[INFO] ICFGUtil: [all labels] []
[INFO] Analyzer: =============== wfOnCreateEngine() ===============
[INFO] Analyzer: =============== onCreate() ===============
[INFO] Analyzer: =============== onVisibilityChanged(true) ===============
[INFO] ICFGUtil: [acq labels] []
[INFO] ICFGUtil: [rel labels] []
[INFO] ICFGUtil: [all labels] []
[INFO] Analyzer: =============== onVisibilityChanged(false) ===============
[INFO] ICFGUtil: [acq labels] []
[INFO] ICFGUtil: [rel labels] []
[INFO] ICFGUtil: [all labels] []
[INFO] Analyzer: =============== onAmbientModeChanged(true) ===============
[INFO] Analyzer: =============== onVisibilityChanged(true) ===============
[INFO] ICFGUtil: [acq labels] []
[INFO] ICFGUtil: [rel labels] []
[INFO] ICFGUtil: [all labels] []
[INFO] Analyzer: =============== onAmbientModeChanged(false) ===============
[INFO] Analyzer: =============== wfOnCreate() ===============
[INFO] ICFGUtil: [acq labels] []
[INFO] ICFGUtil: [rel labels] []
[INFO] ICFGUtil: [all labels] []
[INFO] Analyzer: =============== wfOnCreateEngine() ===============
[INFO] Analyzer: =============== onCreate() ===============
[INFO] Analyzer: =============== onVisibilityChanged(true) ===============
[INFO] ICFGUtil: [acq labels] []
[INFO] ICFGUtil: [rel labels] []
[INFO] ICFGUtil: [all labels] []
[INFO] Analyzer: =============== onVisibilityChanged(false) ===============
[INFO] ICFGUtil: [acq labels] []
[INFO] ICFGUtil: [rel labels] []
[INFO] ICFGUtil: [all labels] []
[INFO] Analyzer: =============== onAmbientModeChanged(true) ===============
[INFO] Analyzer: =============== onVisibilityChanged(true) ===============
[INFO] ICFGUtil: [acq labels] []
[INFO] ICFGUtil: [rel labels] []
[INFO] ICFGUtil: [all labels] []
[INFO] Analyzer: =============== onAmbientModeChanged(false) ===============
[INFO] Analyzer: =============== wfOnCreate() ===============
[INFO] ICFGUtil: [acq labels] []
[INFO] ICFGUtil: [rel labels] []
[INFO] ICFGUtil: [all labels] []
[INFO] Analyzer: =============== wfOnCreateEngine() ===============
[INFO] Analyzer: =============== onCreate() ===============
[INFO] Analyzer: =============== onVisibilityChanged(true) ===============
[INFO] ICFGUtil: [acq labels] []
[INFO] ICFGUtil: [rel labels] []
[INFO] ICFGUtil: [all labels] []
[INFO] Analyzer: =============== onVisibilityChanged(false) ===============
[INFO] ICFGUtil: [acq labels] []
[INFO] ICFGUtil: [rel labels] []
[INFO] ICFGUtil: [all labels] []
[INFO] Analyzer: =============== onDestroy() ===============
[INFO] Analyzer: =============== wfOnDestroy() ===============
[INFO] ICFGUtil: [acq labels] []
[INFO] ICFGUtil: [rel labels] []
[INFO] ICFGUtil: [all labels] []
[INFO] Analyzer: =============== onAmbientModeChanged(false) ===============
[INFO] Analyzer: =============== wfOnCreate() ===============
[INFO] ICFGUtil: [acq labels] []
[INFO] ICFGUtil: [rel labels] []
[INFO] ICFGUtil: [all labels] []
[INFO] Analyzer: =============== wfOnCreateEngine() ===============
[INFO] Analyzer: =============== onCreate() ===============
[INFO] Analyzer: =============== onVisibilityChanged(true) ===============
[INFO] ICFGUtil: [acq labels] []
[INFO] ICFGUtil: [rel labels] []
[INFO] ICFGUtil: [all labels] []
[INFO] Analyzer: =============== onVisibilityChanged(false) ===============
[INFO] ICFGUtil: [acq labels] []
[INFO] ICFGUtil: [rel labels] []
[INFO] ICFGUtil: [all labels] []
[INFO] Analyzer: =============== onDestroy() ===============
[INFO] Analyzer: =============== wfOnDestroy() ===============
[INFO] ICFGUtil: [acq labels] []
[INFO] ICFGUtil: [rel labels] []
[INFO] ICFGUtil: [all labels] []
[INFO] Analyzer: =============== onAmbientModeChanged(true) ===============
[INFO] Analyzer: =============== onAmbientModeChanged(false) ===============
[INFO] MySceneTransformer: setColor @ onAmbientModeChanged(true): [{}]
[INFO] MySceneTransformer: setColor @ onAmbientModeChanged(false): [{}]
[INFO] MySceneTransformer: setColor equal=true
[INFO] MySceneTransformer: colors @ onAmbientModeChanged(true): []
[INFO] MySceneTransformer: colors @ onAmbientModeChanged(false): []
[INFO] MySceneTransformer: colors equal=false
[INFO] MySceneTransformer: TOTAL TIME: 3.248000 sec
[INFO] MySceneTransformer: Soot stopped on Thu Jun 21 11:22:28 EDT 2018
