Soot started on Thu Jun 21 12:20:01 EDT 2018
[INFO] MySceneTransformer: WatchFaceService:::: com.tppm.watch.face.template2.AnalogFaceService
[INFO] MySceneTransformer: !!!!!!!!!! Going to analyze: ./apks/wear/com.tppm.watch.face.christmas.apk
[INFO] MySceneTransformer: ############## com.tppm.watch.face.template2.AnalogFaceService$Engine ##############
[INFO] Analyzer: =============== onAmbientModeChanged(false) ===============
[INFO] FlowGraph: @@@@ Total Class:   33
[INFO] FlowGraph: @@@@ Total Methods: 92
[INFO] FlowGraph: @@@@ Total Stmts:   1853
[INFO] Analyzer: =============== wfOnCreate() ===============
[INFO] Analyzer: =============== wfOnCreateEngine() ===============
[INFO] Analyzer: =============== onCreate() ===============
[INFO] Analyzer: =============== onVisibilityChanged(true) ===============
[INFO] Analyzer: =============== onAmbientModeChanged(true) ===============
[INFO] Analyzer: =============== onAmbientModeChanged(false) ===============
[INFO] Analyzer: =============== wfOnCreate() ===============
[INFO] Analyzer: =============== wfOnCreateEngine() ===============
[INFO] Analyzer: =============== onCreate() ===============
[INFO] Analyzer: =============== onVisibilityChanged(true) ===============
[INFO] Analyzer: =============== onVisibilityChanged(false) ===============
[INFO] Analyzer: =============== onAmbientModeChanged(true) ===============
[INFO] Analyzer: =============== onVisibilityChanged(true) ===============
[INFO] Analyzer: =============== onAmbientModeChanged(false) ===============
[INFO] Analyzer: =============== wfOnCreate() ===============
[INFO] Analyzer: =============== wfOnCreateEngine() ===============
[INFO] Analyzer: =============== onCreate() ===============
[INFO] Analyzer: =============== onVisibilityChanged(true) ===============
[INFO] Analyzer: =============== onVisibilityChanged(false) ===============
[INFO] Analyzer: =============== onAmbientModeChanged(true) ===============
[INFO] Analyzer: =============== onVisibilityChanged(true) ===============
[INFO] Analyzer: =============== onAmbientModeChanged(false) ===============
[INFO] Analyzer: =============== wfOnCreate() ===============
[INFO] Analyzer: =============== wfOnCreateEngine() ===============
[INFO] Analyzer: =============== onCreate() ===============
[INFO] Analyzer: =============== onVisibilityChanged(true) ===============
[INFO] Analyzer: =============== onVisibilityChanged(false) ===============
[INFO] Analyzer: =============== onDestroy() ===============
[INFO] Analyzer: =============== wfOnDestroy() ===============
[INFO] Analyzer: =============== onAmbientModeChanged(false) ===============
[INFO] Analyzer: =============== wfOnCreate() ===============
[INFO] Analyzer: =============== wfOnCreateEngine() ===============
[INFO] Analyzer: =============== onCreate() ===============
[INFO] Analyzer: =============== onVisibilityChanged(true) ===============
[INFO] Analyzer: =============== onVisibilityChanged(false) ===============
[INFO] Analyzer: =============== onDestroy() ===============
[INFO] Analyzer: =============== wfOnDestroy() ===============
[INFO] Analyzer: =============== onAmbientModeChanged(true) ===============
[INFO] Analyzer: =============== onAmbientModeChanged(false) ===============
[INFO] MySceneTransformer: setColor @ onAmbientModeChanged(true): [{}]
[INFO] MySceneTransformer: setColor @ onAmbientModeChanged(false): [{}]
[INFO] MySceneTransformer: setColor equal=true
[INFO] MySceneTransformer: colors @ onAmbientModeChanged(true): []
[INFO] MySceneTransformer: colors @ onAmbientModeChanged(false): []
[INFO] MySceneTransformer: colors equal=false
[INFO] MySceneTransformer: TOTAL TIME: 1.982000 sec
[INFO] MySceneTransformer: Soot stopped on Thu Jun 21 12:20:06 EDT 2018
