Soot started on Thu Jun 21 13:00:24 EDT 2018
[INFO] MySceneTransformer: WatchFaceService:::: de.huwig.watchfaces.wear.face.BigBenBackground
[INFO] MySceneTransformer: WatchFaceService:::: de.huwig.watchfaces.wear.face.BigSimpleBackground
[INFO] MySceneTransformer: WatchFaceService:::: de.huwig.watchfaces.wear.face.BinaryBackground
[INFO] MySceneTransformer: WatchFaceService:::: de.huwig.watchfaces.wear.face.BlocksBackground
[INFO] MySceneTransformer: WatchFaceService:::: de.huwig.watchfaces.wear.face.ChronographFaceBackground
[INFO] MySceneTransformer: WatchFaceService:::: de.huwig.watchfaces.wear.face.DigitalNativeBackground
[INFO] MySceneTransformer: WatchFaceService:::: de.huwig.watchfaces.wear.face.FutureRetroBackground
[INFO] MySceneTransformer: WatchFaceService:::: de.huwig.watchfaces.wear.face.FuturisticBackground
[INFO] MySceneTransformer: WatchFaceService:::: de.huwig.watchfaces.wear.face.GrandmasterBackground
[INFO] MySceneTransformer: WatchFaceService:::: de.huwig.watchfaces.wear.face.IngressionBackground
[INFO] MySceneTransformer: WatchFaceService:::: de.huwig.watchfaces.wear.face.KnightWatchBackground
[INFO] MySceneTransformer: WatchFaceService:::: de.huwig.watchfaces.wear.face.LedClockBackground
[INFO] MySceneTransformer: WatchFaceService:::: de.huwig.watchfaces.wear.face.MandalaBackground
[INFO] MySceneTransformer: WatchFaceService:::: de.huwig.watchfaces.wear.face.MiltekUTCBackground
[INFO] MySceneTransformer: WatchFaceService:::: de.huwig.watchfaces.wear.face.MinimalBackground
[INFO] MySceneTransformer: WatchFaceService:::: de.huwig.watchfaces.wear.face.NowBackground
[INFO] MySceneTransformer: WatchFaceService:::: de.huwig.watchfaces.wear.face.PacBackground
[INFO] MySceneTransformer: WatchFaceService:::: de.huwig.watchfaces.wear.face.RetrosmartBackground
[INFO] MySceneTransformer: WatchFaceService:::: de.huwig.watchfaces.wear.face.SimpleBackground
[INFO] MySceneTransformer: WatchFaceService:::: de.huwig.watchfaces.wear.face.SmartchronographBackground
[INFO] MySceneTransformer: WatchFaceService:::: de.huwig.watchfaces.wear.face.SquareOneBackground
[INFO] MySceneTransformer: WatchFaceService:::: de.huwig.watchfaces.wear.face.TennisBackground
[INFO] MySceneTransformer: WatchFaceService:::: de.huwig.watchfaces.wear.face.TextBackground
[INFO] MySceneTransformer: WatchFaceService:::: de.huwig.watchfaces.wear.face.TimiconBackground
[INFO] MySceneTransformer: WatchFaceService:::: de.huwig.watchfaces.wear.face.TrekBackground
[INFO] MySceneTransformer: WatchFaceService:::: de.huwig.watchfaces.wear.face.XessBackground
[INFO] MySceneTransformer: WatchFaceService:::: de.huwig.watchfaces.wear.face.XRayBackground
[INFO] MySceneTransformer: !!!!!!!!!! Going to analyze: ./apks/wear/de.huwig.watchfaces.apk
[ERROR] ClassUtil: APK is obfuscated!!! Ignore!!!
