Soot started on Thu Jun 21 13:02:51 EDT 2018
[INFO] MySceneTransformer: WatchFaceService:::: emperatriz.spin.SpinWatchFace
[INFO] MySceneTransformer: !!!!!!!!!! Going to analyze: ./apks/wear/emperatriz.spin.apk
[INFO] MySceneTransformer: ############## emperatriz.spin.SpinWatchFace$Engine ##############
[INFO] Analyzer: =============== onSensorChanged() ===============
[INFO] FlowGraph: @@@@ Total Class:   42
[INFO] FlowGraph: @@@@ Total Methods: 191
[INFO] FlowGraph: @@@@ Total Stmts:   5298
[INFO] Analyzer: =============== onAmbientModeChanged(false) ===============
[INFO] Analyzer: =============== wfOnCreate() ===============
[INFO] Analyzer: =============== wfOnCreateEngine() ===============
[INFO] Analyzer: =============== onCreate() ===============
[INFO] ICFGUtil: [acq labels] []
[INFO] ICFGUtil: [rel labels] []
[INFO] ICFGUtil: [all labels] []
[INFO] Analyzer: =============== onVisibilityChanged(true) ===============
[INFO] Analyzer: =============== onAmbientModeChanged(true) ===============
[INFO] Analyzer: =============== onAmbientModeChanged(false) ===============
[INFO] Analyzer: =============== wfOnCreate() ===============
[INFO] Analyzer: =============== wfOnCreateEngine() ===============
[INFO] Analyzer: =============== onCreate() ===============
[INFO] ICFGUtil: [acq labels] []
[INFO] ICFGUtil: [rel labels] []
[INFO] ICFGUtil: [all labels] []
[INFO] Analyzer: =============== onVisibilityChanged(true) ===============
[INFO] Analyzer: =============== onVisibilityChanged(false) ===============
[INFO] Analyzer: =============== onAmbientModeChanged(true) ===============
[INFO] Analyzer: =============== onVisibilityChanged(true) ===============
[INFO] Analyzer: =============== onAmbientModeChanged(false) ===============
[INFO] Analyzer: =============== wfOnCreate() ===============
[INFO] Analyzer: =============== wfOnCreateEngine() ===============
[INFO] Analyzer: =============== onCreate() ===============
[INFO] ICFGUtil: [acq labels] []
[INFO] ICFGUtil: [rel labels] []
[INFO] ICFGUtil: [all labels] []
[INFO] Analyzer: =============== onVisibilityChanged(true) ===============
[INFO] Analyzer: =============== onVisibilityChanged(false) ===============
[INFO] Analyzer: =============== onAmbientModeChanged(true) ===============
[INFO] Analyzer: =============== onVisibilityChanged(true) ===============
[INFO] Analyzer: =============== onAmbientModeChanged(false) ===============
[INFO] Analyzer: =============== wfOnCreate() ===============
[INFO] Analyzer: =============== wfOnCreateEngine() ===============
[INFO] Analyzer: =============== onCreate() ===============
[INFO] ICFGUtil: [acq labels] []
[INFO] ICFGUtil: [rel labels] []
[INFO] ICFGUtil: [all labels] []
[INFO] Analyzer: =============== onVisibilityChanged(true) ===============
[INFO] Analyzer: =============== onVisibilityChanged(false) ===============
[INFO] Analyzer: =============== onDestroy() ===============
[INFO] ICFGUtil: [acq labels] []
[INFO] ICFGUtil: [rel labels] []
[INFO] ICFGUtil: [all labels] []
[INFO] Analyzer: =============== wfOnDestroy() ===============
[INFO] Analyzer: =============== onAmbientModeChanged(false) ===============
[INFO] Analyzer: =============== wfOnCreate() ===============
[INFO] Analyzer: =============== wfOnCreateEngine() ===============
[INFO] Analyzer: =============== onCreate() ===============
[INFO] ICFGUtil: [acq labels] []
[INFO] ICFGUtil: [rel labels] []
[INFO] ICFGUtil: [all labels] []
[INFO] Analyzer: =============== onVisibilityChanged(true) ===============
[INFO] Analyzer: =============== onVisibilityChanged(false) ===============
[INFO] Analyzer: =============== onDestroy() ===============
[INFO] ICFGUtil: [acq labels] []
[INFO] ICFGUtil: [rel labels] []
[INFO] ICFGUtil: [all labels] []
[INFO] Analyzer: =============== wfOnDestroy() ===============
[INFO] Analyzer: =============== onAmbientModeChanged(true) ===============
[INFO] Analyzer: =============== onAmbientModeChanged(false) ===============
[INFO] MySceneTransformer: setColor @ onAmbientModeChanged(true): [{$r0=[-1], $r0=[-16777216], $r0=[-16777216], $r0=[-4473925, -7829368], $r2_4=[-16777216], $r2_11=[-16777216], $r1=[-16777216, -1]}]
[INFO] MySceneTransformer: setColor @ onAmbientModeChanged(false): [{$r0=[-1], $r0=[-16777216], $r0=[-16777216], $r0=[-4473925, -7829368], $r2_4=[-16777216], $r2_11=[-16777216], $r1=[-16777216, -1]}]
[INFO] MySceneTransformer: setColor equal=true
[INFO] MySceneTransformer: colors @ onAmbientModeChanged(true): []
[INFO] MySceneTransformer: colors @ onAmbientModeChanged(false): []
[INFO] MySceneTransformer: colors equal=false
[INFO] MySceneTransformer: TOTAL TIME: 4.105000 sec
[INFO] MySceneTransformer: Soot stopped on Thu Jun 21 13:02:58 EDT 2018
