Soot started on Thu Jun 21 13:03:13 EDT 2018
[INFO] MySceneTransformer: WatchFaceService:::: es.samsoft.wear.digitalcamouflagewatchface.service.main.ServicioMain
[INFO] MySceneTransformer: !!!!!!!!!! Going to analyze: ./apks/wear/es.samsoft.wear.digitalcamouflagewatchface.apk
[INFO] MySceneTransformer: ############## es.samsoft.wear.digitalcamouflagewatchface.service.main.ServicioMain$Engine ##############
[INFO] Analyzer: =============== onSensorChanged() ===============
[INFO] FlowGraph: @@@@ Total Class:   76
[INFO] FlowGraph: @@@@ Total Methods: 279
[INFO] FlowGraph: @@@@ Total Stmts:   4769
[INFO] Analyzer: =============== onAmbientModeChanged(false) ===============
[INFO] Analyzer: =============== wfOnCreate() ===============
[INFO] Analyzer: =============== wfOnCreateEngine() ===============
[INFO] Analyzer: =============== onCreate() ===============
[INFO] ICFGUtil: [acq labels] [(register_sensor_listener,NEW[new es.samsoft.wear.digitalcamouflagewatchface.service.main.ServicioMain$Engine]1486,19)]
[INFO] ICFGUtil: [rel labels] []
[INFO] ICFGUtil: [all labels] [(register_sensor_listener,NEW[new es.samsoft.wear.digitalcamouflagewatchface.service.main.ServicioMain$Engine]1486,19)]
[INFO] Analyzer: =============== onVisibilityChanged(true) ===============
[INFO] Analyzer: =============== onAmbientModeChanged(true) ===============
[INFO] Analyzer: =============== onAmbientModeChanged(false) ===============
[INFO] Analyzer: =============== wfOnCreate() ===============
[INFO] Analyzer: =============== wfOnCreateEngine() ===============
[INFO] Analyzer: =============== onCreate() ===============
[INFO] ICFGUtil: [acq labels] [(register_sensor_listener,NEW[new es.samsoft.wear.digitalcamouflagewatchface.service.main.ServicioMain$Engine]1486,19)]
[INFO] ICFGUtil: [rel labels] []
[INFO] ICFGUtil: [all labels] [(register_sensor_listener,NEW[new es.samsoft.wear.digitalcamouflagewatchface.service.main.ServicioMain$Engine]1486,19)]
[INFO] Analyzer: =============== onVisibilityChanged(true) ===============
[INFO] Analyzer: =============== onVisibilityChanged(false) ===============
[INFO] Analyzer: =============== onAmbientModeChanged(true) ===============
[INFO] Analyzer: =============== onVisibilityChanged(true) ===============
[INFO] Analyzer: =============== onAmbientModeChanged(false) ===============
[INFO] Analyzer: =============== wfOnCreate() ===============
[INFO] Analyzer: =============== wfOnCreateEngine() ===============
[INFO] Analyzer: =============== onCreate() ===============
[INFO] ICFGUtil: [acq labels] [(register_sensor_listener,NEW[new es.samsoft.wear.digitalcamouflagewatchface.service.main.ServicioMain$Engine]1486,19)]
[INFO] ICFGUtil: [rel labels] []
[INFO] ICFGUtil: [all labels] [(register_sensor_listener,NEW[new es.samsoft.wear.digitalcamouflagewatchface.service.main.ServicioMain$Engine]1486,19)]
[INFO] Analyzer: =============== onVisibilityChanged(true) ===============
[INFO] Analyzer: =============== onVisibilityChanged(false) ===============
[INFO] Analyzer: =============== onAmbientModeChanged(true) ===============
[INFO] Analyzer: =============== onVisibilityChanged(true) ===============
[INFO] Analyzer: =============== onAmbientModeChanged(false) ===============
[INFO] Analyzer: =============== wfOnCreate() ===============
[INFO] Analyzer: =============== wfOnCreateEngine() ===============
[INFO] Analyzer: =============== onCreate() ===============
[INFO] ICFGUtil: [acq labels] [(register_sensor_listener,NEW[new es.samsoft.wear.digitalcamouflagewatchface.service.main.ServicioMain$Engine]1486,19)]
[INFO] ICFGUtil: [rel labels] []
[INFO] ICFGUtil: [all labels] [(register_sensor_listener,NEW[new es.samsoft.wear.digitalcamouflagewatchface.service.main.ServicioMain$Engine]1486,19)]
[INFO] Analyzer: =============== onVisibilityChanged(true) ===============
[INFO] Analyzer: =============== onVisibilityChanged(false) ===============
[INFO] Analyzer: =============== onDestroy() ===============
[INFO] Analyzer: =============== wfOnDestroy() ===============
[INFO] ICFGUtil: [acq labels] []
[INFO] ICFGUtil: [rel labels] [(unregister_sensor_listener,NEW[new es.samsoft.wear.digitalcamouflagewatchface.service.main.ServicioMain$Engine]1486,-1)]
[INFO] ICFGUtil: [all labels] [(unregister_sensor_listener,NEW[new es.samsoft.wear.digitalcamouflagewatchface.service.main.ServicioMain$Engine]1486,-1)]
[INFO] Analyzer: =============== onAmbientModeChanged(false) ===============
[INFO] Analyzer: =============== wfOnCreate() ===============
[INFO] Analyzer: =============== wfOnCreateEngine() ===============
[INFO] Analyzer: =============== onCreate() ===============
[INFO] ICFGUtil: [acq labels] [(register_sensor_listener,NEW[new es.samsoft.wear.digitalcamouflagewatchface.service.main.ServicioMain$Engine]1486,19)]
[INFO] ICFGUtil: [rel labels] []
[INFO] ICFGUtil: [all labels] [(register_sensor_listener,NEW[new es.samsoft.wear.digitalcamouflagewatchface.service.main.ServicioMain$Engine]1486,19)]
[INFO] Analyzer: =============== onVisibilityChanged(true) ===============
[INFO] Analyzer: =============== onVisibilityChanged(false) ===============
[INFO] Analyzer: =============== onDestroy() ===============
[INFO] Analyzer: =============== wfOnDestroy() ===============
[INFO] ICFGUtil: [acq labels] []
[INFO] ICFGUtil: [rel labels] [(unregister_sensor_listener,NEW[new es.samsoft.wear.digitalcamouflagewatchface.service.main.ServicioMain$Engine]1486,-1)]
[INFO] ICFGUtil: [all labels] [(unregister_sensor_listener,NEW[new es.samsoft.wear.digitalcamouflagewatchface.service.main.ServicioMain$Engine]1486,-1)]
[INFO] Analyzer: =============== onAmbientModeChanged(true) ===============
[INFO] Analyzer: =============== onAmbientModeChanged(false) ===============
[INFO] MySceneTransformer: setColor @ onAmbientModeChanged(true): [{$r1_5=[-2236963], $r1_6=[-2236963]}]
[INFO] MySceneTransformer: setColor @ onAmbientModeChanged(false): [{$r1=[-1], $r1_1=[-1]}]
[INFO] MySceneTransformer: setColor equal=false
[INFO] MySceneTransformer: colors @ onAmbientModeChanged(true): [ffdddddd]
[INFO] MySceneTransformer: colors @ onAmbientModeChanged(false): []
[INFO] MySceneTransformer: colors equal=false
[INFO] MySceneTransformer: TOTAL TIME: 4.552000 sec
[INFO] MySceneTransformer: Soot stopped on Thu Jun 21 13:03:21 EDT 2018
