Soot started on Thu Jun 21 13:03:05 EDT 2018
[INFO] MySceneTransformer: WatchFaceService:::: es.samsoft.wear.deepbluewatchface.service.ServicioMain
[INFO] MySceneTransformer: !!!!!!!!!! Going to analyze: ./apks/wear/es.samsoft.wear.deepbluewatchface.apk
[INFO] MySceneTransformer: ############## es.samsoft.wear.deepbluewatchface.service.ServicioMain$Engine ##############
[INFO] Analyzer: =============== onSensorChanged() ===============
[INFO] FlowGraph: @@@@ Total Class:   53
[INFO] FlowGraph: @@@@ Total Methods: 207
[INFO] FlowGraph: @@@@ Total Stmts:   3903
[INFO] Analyzer: =============== onAmbientModeChanged(false) ===============
[INFO] Analyzer: =============== wfOnCreate() ===============
[INFO] Analyzer: =============== wfOnCreateEngine() ===============
[INFO] Analyzer: =============== onCreate() ===============
[INFO] ICFGUtil: [acq labels] [(register_sensor_listener,NEW[new es.samsoft.wear.deepbluewatchface.service.ServicioMain$Engine]234,19)]
[INFO] ICFGUtil: [rel labels] []
[INFO] ICFGUtil: [all labels] [(register_sensor_listener,NEW[new es.samsoft.wear.deepbluewatchface.service.ServicioMain$Engine]234,19)]
[INFO] Analyzer: =============== onVisibilityChanged(true) ===============
[INFO] Analyzer: =============== onAmbientModeChanged(true) ===============
[INFO] Analyzer: =============== onAmbientModeChanged(false) ===============
[INFO] Analyzer: =============== wfOnCreate() ===============
[INFO] Analyzer: =============== wfOnCreateEngine() ===============
[INFO] Analyzer: =============== onCreate() ===============
[INFO] ICFGUtil: [acq labels] [(register_sensor_listener,NEW[new es.samsoft.wear.deepbluewatchface.service.ServicioMain$Engine]234,19)]
[INFO] ICFGUtil: [rel labels] []
[INFO] ICFGUtil: [all labels] [(register_sensor_listener,NEW[new es.samsoft.wear.deepbluewatchface.service.ServicioMain$Engine]234,19)]
[INFO] Analyzer: =============== onVisibilityChanged(true) ===============
[INFO] Analyzer: =============== onVisibilityChanged(false) ===============
[INFO] Analyzer: =============== onAmbientModeChanged(true) ===============
[INFO] Analyzer: =============== onVisibilityChanged(true) ===============
[INFO] Analyzer: =============== onAmbientModeChanged(false) ===============
[INFO] Analyzer: =============== wfOnCreate() ===============
[INFO] Analyzer: =============== wfOnCreateEngine() ===============
[INFO] Analyzer: =============== onCreate() ===============
[INFO] ICFGUtil: [acq labels] [(register_sensor_listener,NEW[new es.samsoft.wear.deepbluewatchface.service.ServicioMain$Engine]234,19)]
[INFO] ICFGUtil: [rel labels] []
[INFO] ICFGUtil: [all labels] [(register_sensor_listener,NEW[new es.samsoft.wear.deepbluewatchface.service.ServicioMain$Engine]234,19)]
[INFO] Analyzer: =============== onVisibilityChanged(true) ===============
[INFO] Analyzer: =============== onVisibilityChanged(false) ===============
[INFO] Analyzer: =============== onAmbientModeChanged(true) ===============
[INFO] Analyzer: =============== onVisibilityChanged(true) ===============
[INFO] Analyzer: =============== onAmbientModeChanged(false) ===============
[INFO] Analyzer: =============== wfOnCreate() ===============
[INFO] Analyzer: =============== wfOnCreateEngine() ===============
[INFO] Analyzer: =============== onCreate() ===============
[INFO] ICFGUtil: [acq labels] [(register_sensor_listener,NEW[new es.samsoft.wear.deepbluewatchface.service.ServicioMain$Engine]234,19)]
[INFO] ICFGUtil: [rel labels] []
[INFO] ICFGUtil: [all labels] [(register_sensor_listener,NEW[new es.samsoft.wear.deepbluewatchface.service.ServicioMain$Engine]234,19)]
[INFO] Analyzer: =============== onVisibilityChanged(true) ===============
[INFO] Analyzer: =============== onVisibilityChanged(false) ===============
[INFO] Analyzer: =============== onDestroy() ===============
[INFO] Analyzer: =============== wfOnDestroy() ===============
[INFO] ICFGUtil: [acq labels] []
[INFO] ICFGUtil: [rel labels] [(unregister_sensor_listener,NEW[new es.samsoft.wear.deepbluewatchface.service.ServicioMain$Engine]234,-1)]
[INFO] ICFGUtil: [all labels] [(unregister_sensor_listener,NEW[new es.samsoft.wear.deepbluewatchface.service.ServicioMain$Engine]234,-1)]
[INFO] Analyzer: =============== onAmbientModeChanged(false) ===============
[INFO] Analyzer: =============== wfOnCreate() ===============
[INFO] Analyzer: =============== wfOnCreateEngine() ===============
[INFO] Analyzer: =============== onCreate() ===============
[INFO] ICFGUtil: [acq labels] [(register_sensor_listener,NEW[new es.samsoft.wear.deepbluewatchface.service.ServicioMain$Engine]234,19)]
[INFO] ICFGUtil: [rel labels] []
[INFO] ICFGUtil: [all labels] [(register_sensor_listener,NEW[new es.samsoft.wear.deepbluewatchface.service.ServicioMain$Engine]234,19)]
[INFO] Analyzer: =============== onVisibilityChanged(true) ===============
[INFO] Analyzer: =============== onVisibilityChanged(false) ===============
[INFO] Analyzer: =============== onDestroy() ===============
[INFO] Analyzer: =============== wfOnDestroy() ===============
[INFO] ICFGUtil: [acq labels] []
[INFO] ICFGUtil: [rel labels] [(unregister_sensor_listener,NEW[new es.samsoft.wear.deepbluewatchface.service.ServicioMain$Engine]234,-1)]
[INFO] ICFGUtil: [all labels] [(unregister_sensor_listener,NEW[new es.samsoft.wear.deepbluewatchface.service.ServicioMain$Engine]234,-1)]
[INFO] Analyzer: =============== onAmbientModeChanged(true) ===============
[INFO] Analyzer: =============== onAmbientModeChanged(false) ===============
[INFO] MySceneTransformer: setColor @ onAmbientModeChanged(true): [{$r1=[-16777216], $r1_4=[-2236963]}]
[INFO] MySceneTransformer: setColor @ onAmbientModeChanged(false): [{$r1=[-16777216]}]
[INFO] MySceneTransformer: setColor equal=false
[INFO] MySceneTransformer: colors @ onAmbientModeChanged(true): [ffdddddd]
[INFO] MySceneTransformer: colors @ onAmbientModeChanged(false): []
[INFO] MySceneTransformer: colors equal=false
[INFO] MySceneTransformer: TOTAL TIME: 3.798000 sec
[INFO] MySceneTransformer: Soot stopped on Thu Jun 21 13:03:12 EDT 2018
