Soot started on Thu Jun 21 13:03:44 EDT 2018
[INFO] MySceneTransformer: WatchFaceService:::: eu.foxjunior.simpleandcleanwathfacefree.SimpleCleanActivity
[INFO] MySceneTransformer: !!!!!!!!!! Going to analyze: ./apks/wear/eu.foxjunior.simpleandcleanwathfacefree.apk
[INFO] MySceneTransformer: ############## eu.foxjunior.simpleandcleanwathfacefree.container.BaseActivity$Engine ##############
[INFO] Analyzer: =============== onAmbientModeChanged(false) ===============
[INFO] FlowGraph: @@@@ Total Class:   47
[INFO] FlowGraph: @@@@ Total Methods: 225
[INFO] FlowGraph: @@@@ Total Stmts:   4399
[INFO] Analyzer: =============== wfOnCreate() ===============
[INFO] Analyzer: =============== wfOnCreateEngine() ===============
[INFO] Analyzer: =============== onCreate() ===============
[INFO] Analyzer: =============== onVisibilityChanged(true) ===============
[INFO] Analyzer: =============== onAmbientModeChanged(true) ===============
[INFO] Analyzer: =============== onAmbientModeChanged(false) ===============
[INFO] Analyzer: =============== wfOnCreate() ===============
[INFO] Analyzer: =============== wfOnCreateEngine() ===============
[INFO] Analyzer: =============== onCreate() ===============
[INFO] Analyzer: =============== onVisibilityChanged(true) ===============
[INFO] Analyzer: =============== onVisibilityChanged(false) ===============
[INFO] Analyzer: =============== onAmbientModeChanged(true) ===============
[INFO] Analyzer: =============== onVisibilityChanged(true) ===============
[INFO] Analyzer: =============== onAmbientModeChanged(false) ===============
[INFO] Analyzer: =============== wfOnCreate() ===============
[INFO] Analyzer: =============== wfOnCreateEngine() ===============
[INFO] Analyzer: =============== onCreate() ===============
[INFO] Analyzer: =============== onVisibilityChanged(true) ===============
[INFO] Analyzer: =============== onVisibilityChanged(false) ===============
[INFO] Analyzer: =============== onAmbientModeChanged(true) ===============
[INFO] Analyzer: =============== onVisibilityChanged(true) ===============
[INFO] Analyzer: =============== onAmbientModeChanged(false) ===============
[INFO] Analyzer: =============== wfOnCreate() ===============
[INFO] Analyzer: =============== wfOnCreateEngine() ===============
[INFO] Analyzer: =============== onCreate() ===============
[INFO] Analyzer: =============== onVisibilityChanged(true) ===============
[INFO] Analyzer: =============== onVisibilityChanged(false) ===============
[INFO] Analyzer: =============== onDestroy() ===============
[INFO] Analyzer: =============== wfOnDestroy() ===============
[INFO] Analyzer: =============== onAmbientModeChanged(false) ===============
[INFO] Analyzer: =============== wfOnCreate() ===============
[INFO] Analyzer: =============== wfOnCreateEngine() ===============
[INFO] Analyzer: =============== onCreate() ===============
[INFO] Analyzer: =============== onVisibilityChanged(true) ===============
[INFO] Analyzer: =============== onVisibilityChanged(false) ===============
[INFO] Analyzer: =============== onDestroy() ===============
[INFO] Analyzer: =============== wfOnDestroy() ===============
[INFO] Analyzer: =============== onAmbientModeChanged(true) ===============
[INFO] Analyzer: =============== onAmbientModeChanged(false) ===============
[INFO] MySceneTransformer: setColor @ onAmbientModeChanged(true): [{$r5_3=[-16777216], $r4_6=[-1], $r4_40=[-1], $r5_29=[-16777216, -1], $r4=[-16777216, -1], $r4_5=[-1], $r7_1=[-16777216, -1], $r5_34=[-1], $r4_4=[-16711936, -65536, -16776961], $r4_7=[-1], $r4_8=[-1], $r4_37=[-1], $r5=[-16777216], $r3=[-1], $r4_2=[-16777216, -1], $r4_33=[-16777216, -1]}]
[INFO] MySceneTransformer: setColor @ onAmbientModeChanged(false): [{$r5_3=[-16777216], $r4_6=[-1], $r4_40=[-1], $r5_29=[-16777216, -1], $r4=[-16777216, -1], $r4_5=[-1], $r7_1=[-16777216, -1], $r5_34=[-1], $r4_4=[-16711936, -65536, -16776961], $r4_7=[-1], $r4_8=[-1], $r4_37=[-1], $r5=[-16777216], $r3=[-1], $r4_2=[-16777216, -1], $r4_33=[-16777216, -1]}]
[INFO] MySceneTransformer: setColor equal=true
[INFO] MySceneTransformer: colors @ onAmbientModeChanged(true): [red, blue, lime]
[INFO] MySceneTransformer: colors @ onAmbientModeChanged(false): [red, blue, lime]
[INFO] MySceneTransformer: colors equal=true
[INFO] MySceneTransformer: TOTAL TIME: 8.535000 sec
[INFO] MySceneTransformer: Soot stopped on Thu Jun 21 13:03:56 EDT 2018
