Soot started on Thu Jun 21 13:06:19 EDT 2018
[INFO] MySceneTransformer: WatchFaceService:::: fr.thema.wear.watch.master.WatchFaceService
[INFO] MySceneTransformer: !!!!!!!!!! Going to analyze: ./apks/wear/fr.thema.wear.watch.master.apk
[INFO] MySceneTransformer: ############## fr.thema.wear.watch.master.WatchFaceService$Engine ##############
[INFO] Analyzer: =============== onSensorChanged() ===============
[INFO] FlowGraph: @@@@ Total Class:   133
[INFO] FlowGraph: @@@@ Total Methods: 577
[INFO] FlowGraph: @@@@ Total Stmts:   14040
[INFO] ICFGUtil: [acq labels] []
[INFO] ICFGUtil: [rel labels] [(unregister_sensor_listener,This[fr.thema.wear.watch.master.WatchFaceService$Engine]62,-1)]
[INFO] ICFGUtil: [all labels] [(unregister_sensor_listener,This[fr.thema.wear.watch.master.WatchFaceService$Engine]62,-1)]
[INFO] MySceneTransformer: onSensorChanged: {<fr.thema.wear.watch.master.WatchFaceService$Engine: void onSensorChanged(android.hardware.SensorEvent)>=[(unregister_sensor_listener,This[fr.thema.wear.watch.master.WatchFaceService$Engine]62,-1)]}
[INFO] Analyzer: =============== onAmbientModeChanged(false) ===============
[INFO] Analyzer: =============== wfOnCreate() ===============
[INFO] Analyzer: =============== wfOnCreateEngine() ===============
[INFO] Analyzer: =============== onCreate() ===============
[INFO] Analyzer: =============== onVisibilityChanged(true) ===============
[INFO] Analyzer: =============== onAmbientModeChanged(true) ===============
[INFO] Analyzer: =============== onAmbientModeChanged(false) ===============
[INFO] Analyzer: =============== wfOnCreate() ===============
[INFO] Analyzer: =============== wfOnCreateEngine() ===============
[INFO] Analyzer: =============== onCreate() ===============
[INFO] Analyzer: =============== onVisibilityChanged(true) ===============
[INFO] Analyzer: =============== onVisibilityChanged(false) ===============
[INFO] Analyzer: =============== onAmbientModeChanged(true) ===============
[INFO] Analyzer: =============== onVisibilityChanged(true) ===============
[INFO] Analyzer: =============== onAmbientModeChanged(false) ===============
[INFO] Analyzer: =============== wfOnCreate() ===============
[INFO] Analyzer: =============== wfOnCreateEngine() ===============
[INFO] Analyzer: =============== onCreate() ===============
[INFO] Analyzer: =============== onVisibilityChanged(true) ===============
[INFO] Analyzer: =============== onVisibilityChanged(false) ===============
[INFO] Analyzer: =============== onAmbientModeChanged(true) ===============
[INFO] Analyzer: =============== onVisibilityChanged(true) ===============
[INFO] Analyzer: =============== onAmbientModeChanged(false) ===============
[INFO] Analyzer: =============== wfOnCreate() ===============
[INFO] Analyzer: =============== wfOnCreateEngine() ===============
[INFO] Analyzer: =============== onCreate() ===============
[INFO] Analyzer: =============== onVisibilityChanged(true) ===============
[INFO] Analyzer: =============== onVisibilityChanged(false) ===============
[INFO] Analyzer: =============== onDestroy() ===============
[INFO] ICFGUtil: [acq labels] []
[INFO] ICFGUtil: [rel labels] [(unregister_sensor_listener,This[fr.thema.wear.watch.master.WatchFaceService$Engine]62,-1)]
[INFO] ICFGUtil: [all labels] [(unregister_sensor_listener,This[fr.thema.wear.watch.master.WatchFaceService$Engine]62,-1)]
[INFO] Analyzer: =============== wfOnDestroy() ===============
[INFO] Analyzer: =============== onAmbientModeChanged(false) ===============
[INFO] Analyzer: =============== wfOnCreate() ===============
[INFO] Analyzer: =============== wfOnCreateEngine() ===============
[INFO] Analyzer: =============== onCreate() ===============
[INFO] Analyzer: =============== onVisibilityChanged(true) ===============
[INFO] Analyzer: =============== onVisibilityChanged(false) ===============
[INFO] Analyzer: =============== onDestroy() ===============
[INFO] ICFGUtil: [acq labels] []
[INFO] ICFGUtil: [rel labels] [(unregister_sensor_listener,This[fr.thema.wear.watch.master.WatchFaceService$Engine]62,-1)]
[INFO] ICFGUtil: [all labels] [(unregister_sensor_listener,This[fr.thema.wear.watch.master.WatchFaceService$Engine]62,-1)]
[INFO] Analyzer: =============== wfOnDestroy() ===============
[INFO] Analyzer: =============== onAmbientModeChanged(true) ===============
[INFO] Analyzer: =============== onAmbientModeChanged(false) ===============
[INFO] MySceneTransformer: setColor @ onAmbientModeChanged(true): [{$r1_39=[-1], $r3_3=[-1], $r3_6=[-1], $r1_47=[-1], $r3_7=[-1], $r1_46=[-1], $r1_45=[-1], $r3_1=[-1], $r1_40=[-1], $r1_43=[-1], $r1_41=[-1], $r1_42=[-1], $r1_44=[-1], $r3_5=[-1], $r1_1=[-1], $r1_48=[-1], $r1=[-1], $r3_4=[-1], $r1_49=[-1], $r3_2=[-1], $r1_51=[-1]}]
[INFO] MySceneTransformer: setColor @ onAmbientModeChanged(false): [{$r1_10=[-1], $r1_3=[-1], $r1_13=[1879048191], $r1_2=[-1], $r1_8=[-1], $r1_1=[-1], $r1_6=[-1], $r1_5=[-1], $r1_12=[-1], $r1_4=[-1], $r1=[-1996488705], $r1_7=[-1], $r1_9=[-1]}]
[INFO] MySceneTransformer: setColor equal=false
[INFO] MySceneTransformer: colors @ onAmbientModeChanged(true): []
[INFO] MySceneTransformer: colors @ onAmbientModeChanged(false): []
[INFO] MySceneTransformer: colors equal=false
[INFO] MySceneTransformer: TOTAL TIME: 6.742000 sec
[INFO] MySceneTransformer: Soot stopped on Thu Jun 21 13:06:29 EDT 2018
