Soot started on Thu Jun 21 13:06:55 EDT 2018
[INFO] MySceneTransformer: WatchFaceService:::: fr.thema.wear.watch.racing.WatchFaceService
[INFO] MySceneTransformer: !!!!!!!!!! Going to analyze: ./apks/wear/fr.thema.wear.watch.racing.apk
[INFO] MySceneTransformer: ############## fr.thema.wear.watch.racing.WatchFaceService$Engine ##############
[INFO] Analyzer: =============== onSensorChanged() ===============
[INFO] FlowGraph: @@@@ Total Class:   135
[INFO] FlowGraph: @@@@ Total Methods: 580
[INFO] FlowGraph: @@@@ Total Stmts:   13257
[INFO] ICFGUtil: [acq labels] []
[INFO] ICFGUtil: [rel labels] [(unregister_sensor_listener,This[fr.thema.wear.watch.racing.WatchFaceService$Engine]1391,-1)]
[INFO] ICFGUtil: [all labels] [(unregister_sensor_listener,This[fr.thema.wear.watch.racing.WatchFaceService$Engine]1391,-1)]
[INFO] MySceneTransformer: onSensorChanged: {<fr.thema.wear.watch.racing.WatchFaceService$Engine: void onSensorChanged(android.hardware.SensorEvent)>=[(unregister_sensor_listener,This[fr.thema.wear.watch.racing.WatchFaceService$Engine]1391,-1)]}
[INFO] Analyzer: =============== onAmbientModeChanged(false) ===============
[INFO] Analyzer: =============== wfOnCreate() ===============
[INFO] Analyzer: =============== wfOnCreateEngine() ===============
[INFO] Analyzer: =============== onCreate() ===============
[INFO] Analyzer: =============== onVisibilityChanged(true) ===============
[INFO] Analyzer: =============== onAmbientModeChanged(true) ===============
[INFO] Analyzer: =============== onAmbientModeChanged(false) ===============
[INFO] Analyzer: =============== wfOnCreate() ===============
[INFO] Analyzer: =============== wfOnCreateEngine() ===============
[INFO] Analyzer: =============== onCreate() ===============
[INFO] Analyzer: =============== onVisibilityChanged(true) ===============
[INFO] Analyzer: =============== onVisibilityChanged(false) ===============
[INFO] Analyzer: =============== onAmbientModeChanged(true) ===============
[INFO] Analyzer: =============== onVisibilityChanged(true) ===============
[INFO] Analyzer: =============== onAmbientModeChanged(false) ===============
[INFO] Analyzer: =============== wfOnCreate() ===============
[INFO] Analyzer: =============== wfOnCreateEngine() ===============
[INFO] Analyzer: =============== onCreate() ===============
[INFO] Analyzer: =============== onVisibilityChanged(true) ===============
[INFO] Analyzer: =============== onVisibilityChanged(false) ===============
[INFO] Analyzer: =============== onAmbientModeChanged(true) ===============
[INFO] Analyzer: =============== onVisibilityChanged(true) ===============
[INFO] Analyzer: =============== onAmbientModeChanged(false) ===============
[INFO] Analyzer: =============== wfOnCreate() ===============
[INFO] Analyzer: =============== wfOnCreateEngine() ===============
[INFO] Analyzer: =============== onCreate() ===============
[INFO] Analyzer: =============== onVisibilityChanged(true) ===============
[INFO] Analyzer: =============== onVisibilityChanged(false) ===============
[INFO] Analyzer: =============== onDestroy() ===============
[INFO] ICFGUtil: [acq labels] []
[INFO] ICFGUtil: [rel labels] [(unregister_sensor_listener,This[fr.thema.wear.watch.racing.WatchFaceService$Engine]1391,-1)]
[INFO] ICFGUtil: [all labels] [(unregister_sensor_listener,This[fr.thema.wear.watch.racing.WatchFaceService$Engine]1391,-1)]
[INFO] Analyzer: =============== wfOnDestroy() ===============
[INFO] Analyzer: =============== onAmbientModeChanged(false) ===============
[INFO] Analyzer: =============== wfOnCreate() ===============
[INFO] Analyzer: =============== wfOnCreateEngine() ===============
[INFO] Analyzer: =============== onCreate() ===============
[INFO] Analyzer: =============== onVisibilityChanged(true) ===============
[INFO] Analyzer: =============== onVisibilityChanged(false) ===============
[INFO] Analyzer: =============== onDestroy() ===============
[INFO] ICFGUtil: [acq labels] []
[INFO] ICFGUtil: [rel labels] [(unregister_sensor_listener,This[fr.thema.wear.watch.racing.WatchFaceService$Engine]1391,-1)]
[INFO] ICFGUtil: [all labels] [(unregister_sensor_listener,This[fr.thema.wear.watch.racing.WatchFaceService$Engine]1391,-1)]
[INFO] Analyzer: =============== wfOnDestroy() ===============
[INFO] Analyzer: =============== onAmbientModeChanged(true) ===============
[INFO] Analyzer: =============== onAmbientModeChanged(false) ===============
[INFO] MySceneTransformer: setColor @ onAmbientModeChanged(true): [{}]
[INFO] MySceneTransformer: setColor @ onAmbientModeChanged(false): [{$r2_1=[-1], $r2_2=[-1], $r2_4=[-1], $r2_5=[-1], $r2_3=[-1]}]
[INFO] MySceneTransformer: setColor equal=false
[INFO] MySceneTransformer: colors @ onAmbientModeChanged(true): []
[INFO] MySceneTransformer: colors @ onAmbientModeChanged(false): []
[INFO] MySceneTransformer: colors equal=false
[INFO] MySceneTransformer: TOTAL TIME: 5.971000 sec
[INFO] MySceneTransformer: Soot stopped on Thu Jun 21 13:07:04 EDT 2018
