Soot started on Thu Jun 21 13:08:23 EDT 2018
[INFO] MySceneTransformer: WatchFaceService:::: de.zuhanden.smartwatch.gold.ui.GoldWatchService
[INFO] MySceneTransformer: !!!!!!!!!! Going to analyze: ./apks/wear/gold.watch.face.apk
[INFO] MySceneTransformer: ############## co.smartwatchface.library.services.SmartWatchFaceService$SmartWatchEngine ##############
[INFO] Analyzer: =============== onSensorChanged() ===============
[INFO] FlowGraph: @@@@ Total Class:   111
[INFO] FlowGraph: @@@@ Total Methods: 641
[INFO] FlowGraph: @@@@ Total Stmts:   7612
[INFO] Analyzer: =============== onSensorChanged() ===============
[INFO] ICFGUtil: [acq labels] []
[INFO] ICFGUtil: [rel labels] [(unregister_sensor_listener,NEW[new co.smartwatchface.library.pedometer.Pedometer]47,-1), (unregister_sensor_listener,NEW[new co.smartwatchface.library.pedometer.Pedometer]1672,-1)]
[INFO] ICFGUtil: [all labels] [(unregister_sensor_listener,NEW[new co.smartwatchface.library.pedometer.Pedometer]47,-1), (unregister_sensor_listener,NEW[new co.smartwatchface.library.pedometer.Pedometer]1672,-1)]
[INFO] MySceneTransformer: onSensorChanged: {<co.smartwatchface.library.pedometer.Pedometer: void onSensorChanged(android.hardware.SensorEvent)>=[(unregister_sensor_listener,NEW[new co.smartwatchface.library.pedometer.Pedometer]47,-1), (unregister_sensor_listener,NEW[new co.smartwatchface.library.pedometer.Pedometer]1672,-1)]}
[INFO] Analyzer: =============== onAmbientModeChanged(false) ===============
[INFO] ICFGUtil: [acq labels] [(register_sensor_listener,NEW[new co.smartwatchface.library.ui.views.layers.CompassLayer$1]5538,11)]
[INFO] ICFGUtil: [rel labels] [(unregister_sensor_listener,NEW[new co.smartwatchface.library.ui.views.layers.CompassLayer$1]5538,-1), (unregister_sensor_listener,NEW[new co.smartwatchface.library.ui.views.layers.CompassLayer$1]5538,-1)]
[INFO] ICFGUtil: [all labels] [(register_sensor_listener,NEW[new co.smartwatchface.library.ui.views.layers.CompassLayer$1]5538,11), (unregister_sensor_listener,NEW[new co.smartwatchface.library.ui.views.layers.CompassLayer$1]5538,-1), (unregister_sensor_listener,NEW[new co.smartwatchface.library.ui.views.layers.CompassLayer$1]5538,-1)]
[INFO] Analyzer: =============== wfOnCreate() ===============
[INFO] Analyzer: =============== wfOnCreateEngine() ===============
[INFO] Analyzer: =============== onCreate() ===============
[INFO] Analyzer: =============== onVisibilityChanged(true) ===============
[INFO] FlowAnalysis: =================== <android.graphics.Paint: void setColor(int)>(-16777216)
[INFO] ICFGUtil: [acq labels] [(register_sensor_listener,NEW[new co.smartwatchface.library.ui.views.layers.CompassLayer$1]5538,11)]
[INFO] ICFGUtil: [rel labels] [(unregister_sensor_listener,NEW[new co.smartwatchface.library.ui.views.layers.CompassLayer$1]5538,-1), (unregister_sensor_listener,NEW[new co.smartwatchface.library.ui.views.layers.CompassLayer$1]5538,-1)]
[INFO] ICFGUtil: [all labels] [(register_sensor_listener,NEW[new co.smartwatchface.library.ui.views.layers.CompassLayer$1]5538,11), (unregister_sensor_listener,NEW[new co.smartwatchface.library.ui.views.layers.CompassLayer$1]5538,-1), (unregister_sensor_listener,NEW[new co.smartwatchface.library.ui.views.layers.CompassLayer$1]5538,-1)]
[INFO] Analyzer: =============== onAmbientModeChanged(true) ===============
[INFO] FlowAnalysis: =================== <android.graphics.Paint: void setColor(int)>(-16777216)
[INFO] Analyzer: =============== onAmbientModeChanged(false) ===============
[INFO] ICFGUtil: [acq labels] [(register_sensor_listener,NEW[new co.smartwatchface.library.ui.views.layers.CompassLayer$1]5538,11)]
[INFO] ICFGUtil: [rel labels] [(unregister_sensor_listener,NEW[new co.smartwatchface.library.ui.views.layers.CompassLayer$1]5538,-1), (unregister_sensor_listener,NEW[new co.smartwatchface.library.ui.views.layers.CompassLayer$1]5538,-1)]
[INFO] ICFGUtil: [all labels] [(register_sensor_listener,NEW[new co.smartwatchface.library.ui.views.layers.CompassLayer$1]5538,11), (unregister_sensor_listener,NEW[new co.smartwatchface.library.ui.views.layers.CompassLayer$1]5538,-1), (unregister_sensor_listener,NEW[new co.smartwatchface.library.ui.views.layers.CompassLayer$1]5538,-1)]
[INFO] Analyzer: =============== wfOnCreate() ===============
[INFO] Analyzer: =============== wfOnCreateEngine() ===============
[INFO] Analyzer: =============== onCreate() ===============
[INFO] Analyzer: =============== onVisibilityChanged(true) ===============
[INFO] FlowAnalysis: =================== <android.graphics.Paint: void setColor(int)>(-16777216)
[INFO] ICFGUtil: [acq labels] [(register_sensor_listener,NEW[new co.smartwatchface.library.ui.views.layers.CompassLayer$1]5538,11)]
[INFO] ICFGUtil: [rel labels] [(unregister_sensor_listener,NEW[new co.smartwatchface.library.ui.views.layers.CompassLayer$1]5538,-1), (unregister_sensor_listener,NEW[new co.smartwatchface.library.ui.views.layers.CompassLayer$1]5538,-1)]
[INFO] ICFGUtil: [all labels] [(register_sensor_listener,NEW[new co.smartwatchface.library.ui.views.layers.CompassLayer$1]5538,11), (unregister_sensor_listener,NEW[new co.smartwatchface.library.ui.views.layers.CompassLayer$1]5538,-1), (unregister_sensor_listener,NEW[new co.smartwatchface.library.ui.views.layers.CompassLayer$1]5538,-1)]
[INFO] Analyzer: =============== onVisibilityChanged(false) ===============
[INFO] ICFGUtil: [acq labels] [(register_sensor_listener,NEW[new co.smartwatchface.library.ui.views.layers.CompassLayer$1]5538,11)]
[INFO] ICFGUtil: [rel labels] [(unregister_sensor_listener,NEW[new co.smartwatchface.library.ui.views.layers.CompassLayer$1]5538,-1), (unregister_sensor_listener,NEW[new co.smartwatchface.library.ui.views.layers.CompassLayer$1]5538,-1)]
[INFO] ICFGUtil: [all labels] [(register_sensor_listener,NEW[new co.smartwatchface.library.ui.views.layers.CompassLayer$1]5538,11), (unregister_sensor_listener,NEW[new co.smartwatchface.library.ui.views.layers.CompassLayer$1]5538,-1), (unregister_sensor_listener,NEW[new co.smartwatchface.library.ui.views.layers.CompassLayer$1]5538,-1)]
[INFO] Analyzer: =============== onAmbientModeChanged(true) ===============
[INFO] FlowAnalysis: =================== <android.graphics.Paint: void setColor(int)>(-16777216)
[INFO] Analyzer: =============== onVisibilityChanged(true) ===============
[INFO] FlowAnalysis: =================== <android.graphics.Paint: void setColor(int)>(-16777216)
[INFO] ICFGUtil: [acq labels] [(register_sensor_listener,NEW[new co.smartwatchface.library.ui.views.layers.CompassLayer$1]5538,11)]
[INFO] ICFGUtil: [rel labels] [(unregister_sensor_listener,NEW[new co.smartwatchface.library.ui.views.layers.CompassLayer$1]5538,-1), (unregister_sensor_listener,NEW[new co.smartwatchface.library.ui.views.layers.CompassLayer$1]5538,-1)]
[INFO] ICFGUtil: [all labels] [(register_sensor_listener,NEW[new co.smartwatchface.library.ui.views.layers.CompassLayer$1]5538,11), (unregister_sensor_listener,NEW[new co.smartwatchface.library.ui.views.layers.CompassLayer$1]5538,-1), (unregister_sensor_listener,NEW[new co.smartwatchface.library.ui.views.layers.CompassLayer$1]5538,-1)]
[INFO] Analyzer: =============== onAmbientModeChanged(false) ===============
[INFO] ICFGUtil: [acq labels] [(register_sensor_listener,NEW[new co.smartwatchface.library.ui.views.layers.CompassLayer$1]5538,11)]
[INFO] ICFGUtil: [rel labels] [(unregister_sensor_listener,NEW[new co.smartwatchface.library.ui.views.layers.CompassLayer$1]5538,-1), (unregister_sensor_listener,NEW[new co.smartwatchface.library.ui.views.layers.CompassLayer$1]5538,-1)]
[INFO] ICFGUtil: [all labels] [(register_sensor_listener,NEW[new co.smartwatchface.library.ui.views.layers.CompassLayer$1]5538,11), (unregister_sensor_listener,NEW[new co.smartwatchface.library.ui.views.layers.CompassLayer$1]5538,-1), (unregister_sensor_listener,NEW[new co.smartwatchface.library.ui.views.layers.CompassLayer$1]5538,-1)]
[INFO] Analyzer: =============== wfOnCreate() ===============
[INFO] Analyzer: =============== wfOnCreateEngine() ===============
[INFO] Analyzer: =============== onCreate() ===============
[INFO] Analyzer: =============== onVisibilityChanged(true) ===============
[INFO] FlowAnalysis: =================== <android.graphics.Paint: void setColor(int)>(-16777216)
[INFO] ICFGUtil: [acq labels] [(register_sensor_listener,NEW[new co.smartwatchface.library.ui.views.layers.CompassLayer$1]5538,11)]
[INFO] ICFGUtil: [rel labels] [(unregister_sensor_listener,NEW[new co.smartwatchface.library.ui.views.layers.CompassLayer$1]5538,-1), (unregister_sensor_listener,NEW[new co.smartwatchface.library.ui.views.layers.CompassLayer$1]5538,-1)]
[INFO] ICFGUtil: [all labels] [(register_sensor_listener,NEW[new co.smartwatchface.library.ui.views.layers.CompassLayer$1]5538,11), (unregister_sensor_listener,NEW[new co.smartwatchface.library.ui.views.layers.CompassLayer$1]5538,-1), (unregister_sensor_listener,NEW[new co.smartwatchface.library.ui.views.layers.CompassLayer$1]5538,-1)]
[INFO] Analyzer: =============== onVisibilityChanged(false) ===============
[INFO] ICFGUtil: [acq labels] [(register_sensor_listener,NEW[new co.smartwatchface.library.ui.views.layers.CompassLayer$1]5538,11)]
[INFO] ICFGUtil: [rel labels] [(unregister_sensor_listener,NEW[new co.smartwatchface.library.ui.views.layers.CompassLayer$1]5538,-1), (unregister_sensor_listener,NEW[new co.smartwatchface.library.ui.views.layers.CompassLayer$1]5538,-1)]
[INFO] ICFGUtil: [all labels] [(register_sensor_listener,NEW[new co.smartwatchface.library.ui.views.layers.CompassLayer$1]5538,11), (unregister_sensor_listener,NEW[new co.smartwatchface.library.ui.views.layers.CompassLayer$1]5538,-1), (unregister_sensor_listener,NEW[new co.smartwatchface.library.ui.views.layers.CompassLayer$1]5538,-1)]
[INFO] Analyzer: =============== onAmbientModeChanged(true) ===============
[INFO] FlowAnalysis: =================== <android.graphics.Paint: void setColor(int)>(-16777216)
[INFO] Analyzer: =============== onVisibilityChanged(true) ===============
[INFO] FlowAnalysis: =================== <android.graphics.Paint: void setColor(int)>(-16777216)
[INFO] ICFGUtil: [acq labels] [(register_sensor_listener,NEW[new co.smartwatchface.library.ui.views.layers.CompassLayer$1]5538,11)]
[INFO] ICFGUtil: [rel labels] [(unregister_sensor_listener,NEW[new co.smartwatchface.library.ui.views.layers.CompassLayer$1]5538,-1), (unregister_sensor_listener,NEW[new co.smartwatchface.library.ui.views.layers.CompassLayer$1]5538,-1)]
[INFO] ICFGUtil: [all labels] [(register_sensor_listener,NEW[new co.smartwatchface.library.ui.views.layers.CompassLayer$1]5538,11), (unregister_sensor_listener,NEW[new co.smartwatchface.library.ui.views.layers.CompassLayer$1]5538,-1), (unregister_sensor_listener,NEW[new co.smartwatchface.library.ui.views.layers.CompassLayer$1]5538,-1)]
[INFO] Analyzer: =============== onAmbientModeChanged(false) ===============
[INFO] ICFGUtil: [acq labels] [(register_sensor_listener,NEW[new co.smartwatchface.library.ui.views.layers.CompassLayer$1]5538,11)]
[INFO] ICFGUtil: [rel labels] [(unregister_sensor_listener,NEW[new co.smartwatchface.library.ui.views.layers.CompassLayer$1]5538,-1), (unregister_sensor_listener,NEW[new co.smartwatchface.library.ui.views.layers.CompassLayer$1]5538,-1)]
[INFO] ICFGUtil: [all labels] [(register_sensor_listener,NEW[new co.smartwatchface.library.ui.views.layers.CompassLayer$1]5538,11), (unregister_sensor_listener,NEW[new co.smartwatchface.library.ui.views.layers.CompassLayer$1]5538,-1), (unregister_sensor_listener,NEW[new co.smartwatchface.library.ui.views.layers.CompassLayer$1]5538,-1)]
[INFO] Analyzer: =============== wfOnCreate() ===============
[INFO] Analyzer: =============== wfOnCreateEngine() ===============
[INFO] Analyzer: =============== onCreate() ===============
[INFO] Analyzer: =============== onVisibilityChanged(true) ===============
[INFO] FlowAnalysis: =================== <android.graphics.Paint: void setColor(int)>(-16777216)
[INFO] ICFGUtil: [acq labels] [(register_sensor_listener,NEW[new co.smartwatchface.library.ui.views.layers.CompassLayer$1]5538,11)]
[INFO] ICFGUtil: [rel labels] [(unregister_sensor_listener,NEW[new co.smartwatchface.library.ui.views.layers.CompassLayer$1]5538,-1), (unregister_sensor_listener,NEW[new co.smartwatchface.library.ui.views.layers.CompassLayer$1]5538,-1)]
[INFO] ICFGUtil: [all labels] [(register_sensor_listener,NEW[new co.smartwatchface.library.ui.views.layers.CompassLayer$1]5538,11), (unregister_sensor_listener,NEW[new co.smartwatchface.library.ui.views.layers.CompassLayer$1]5538,-1), (unregister_sensor_listener,NEW[new co.smartwatchface.library.ui.views.layers.CompassLayer$1]5538,-1)]
[INFO] Analyzer: =============== onVisibilityChanged(false) ===============
[INFO] ICFGUtil: [acq labels] [(register_sensor_listener,NEW[new co.smartwatchface.library.ui.views.layers.CompassLayer$1]5538,11)]
[INFO] ICFGUtil: [rel labels] [(unregister_sensor_listener,NEW[new co.smartwatchface.library.ui.views.layers.CompassLayer$1]5538,-1), (unregister_sensor_listener,NEW[new co.smartwatchface.library.ui.views.layers.CompassLayer$1]5538,-1)]
[INFO] ICFGUtil: [all labels] [(register_sensor_listener,NEW[new co.smartwatchface.library.ui.views.layers.CompassLayer$1]5538,11), (unregister_sensor_listener,NEW[new co.smartwatchface.library.ui.views.layers.CompassLayer$1]5538,-1), (unregister_sensor_listener,NEW[new co.smartwatchface.library.ui.views.layers.CompassLayer$1]5538,-1)]
[INFO] Analyzer: =============== onDestroy() ===============
[INFO] Analyzer: =============== wfOnDestroy() ===============
[INFO] ICFGUtil: [acq labels] []
[INFO] ICFGUtil: [rel labels] [(unregister_sensor_listener,NEW[new co.smartwatchface.library.pedometer.Pedometer]47,-1), (unregister_sensor_listener,NEW[new co.smartwatchface.library.pedometer.Pedometer]1672,-1)]
[INFO] ICFGUtil: [all labels] [(unregister_sensor_listener,NEW[new co.smartwatchface.library.pedometer.Pedometer]47,-1), (unregister_sensor_listener,NEW[new co.smartwatchface.library.pedometer.Pedometer]1672,-1)]
[INFO] Analyzer: =============== onAmbientModeChanged(false) ===============
[INFO] ICFGUtil: [acq labels] [(register_sensor_listener,NEW[new co.smartwatchface.library.ui.views.layers.CompassLayer$1]5538,11)]
[INFO] ICFGUtil: [rel labels] [(unregister_sensor_listener,NEW[new co.smartwatchface.library.ui.views.layers.CompassLayer$1]5538,-1), (unregister_sensor_listener,NEW[new co.smartwatchface.library.ui.views.layers.CompassLayer$1]5538,-1)]
[INFO] ICFGUtil: [all labels] [(register_sensor_listener,NEW[new co.smartwatchface.library.ui.views.layers.CompassLayer$1]5538,11), (unregister_sensor_listener,NEW[new co.smartwatchface.library.ui.views.layers.CompassLayer$1]5538,-1), (unregister_sensor_listener,NEW[new co.smartwatchface.library.ui.views.layers.CompassLayer$1]5538,-1)]
[INFO] Analyzer: =============== wfOnCreate() ===============
[INFO] Analyzer: =============== wfOnCreateEngine() ===============
[INFO] Analyzer: =============== onCreate() ===============
[INFO] Analyzer: =============== onVisibilityChanged(true) ===============
[INFO] FlowAnalysis: =================== <android.graphics.Paint: void setColor(int)>(-16777216)
[INFO] ICFGUtil: [acq labels] [(register_sensor_listener,NEW[new co.smartwatchface.library.ui.views.layers.CompassLayer$1]5538,11)]
[INFO] ICFGUtil: [rel labels] [(unregister_sensor_listener,NEW[new co.smartwatchface.library.ui.views.layers.CompassLayer$1]5538,-1), (unregister_sensor_listener,NEW[new co.smartwatchface.library.ui.views.layers.CompassLayer$1]5538,-1)]
[INFO] ICFGUtil: [all labels] [(register_sensor_listener,NEW[new co.smartwatchface.library.ui.views.layers.CompassLayer$1]5538,11), (unregister_sensor_listener,NEW[new co.smartwatchface.library.ui.views.layers.CompassLayer$1]5538,-1), (unregister_sensor_listener,NEW[new co.smartwatchface.library.ui.views.layers.CompassLayer$1]5538,-1)]
[INFO] Analyzer: =============== onVisibilityChanged(false) ===============
[INFO] ICFGUtil: [acq labels] [(register_sensor_listener,NEW[new co.smartwatchface.library.ui.views.layers.CompassLayer$1]5538,11)]
[INFO] ICFGUtil: [rel labels] [(unregister_sensor_listener,NEW[new co.smartwatchface.library.ui.views.layers.CompassLayer$1]5538,-1), (unregister_sensor_listener,NEW[new co.smartwatchface.library.ui.views.layers.CompassLayer$1]5538,-1)]
[INFO] ICFGUtil: [all labels] [(register_sensor_listener,NEW[new co.smartwatchface.library.ui.views.layers.CompassLayer$1]5538,11), (unregister_sensor_listener,NEW[new co.smartwatchface.library.ui.views.layers.CompassLayer$1]5538,-1), (unregister_sensor_listener,NEW[new co.smartwatchface.library.ui.views.layers.CompassLayer$1]5538,-1)]
[INFO] Analyzer: =============== onDestroy() ===============
[INFO] Analyzer: =============== wfOnDestroy() ===============
[INFO] ICFGUtil: [acq labels] []
[INFO] ICFGUtil: [rel labels] [(unregister_sensor_listener,NEW[new co.smartwatchface.library.pedometer.Pedometer]47,-1), (unregister_sensor_listener,NEW[new co.smartwatchface.library.pedometer.Pedometer]1672,-1)]
[INFO] ICFGUtil: [all labels] [(unregister_sensor_listener,NEW[new co.smartwatchface.library.pedometer.Pedometer]47,-1), (unregister_sensor_listener,NEW[new co.smartwatchface.library.pedometer.Pedometer]1672,-1)]
[INFO] Analyzer: =============== onAmbientModeChanged(true) ===============
[INFO] FlowAnalysis: =================== <android.graphics.Paint: void setColor(int)>(-16777216)
[INFO] ICFGUtil: [acq labels] [(register_sensor_listener,NEW[new co.smartwatchface.library.ui.views.layers.CompassLayer$1]5538,11)]
[INFO] ICFGUtil: [rel labels] [(unregister_sensor_listener,NEW[new co.smartwatchface.library.ui.views.layers.CompassLayer$1]5538,-1), (unregister_sensor_listener,NEW[new co.smartwatchface.library.ui.views.layers.CompassLayer$1]5538,-1)]
[INFO] ICFGUtil: [all labels] [(register_sensor_listener,NEW[new co.smartwatchface.library.ui.views.layers.CompassLayer$1]5538,11), (unregister_sensor_listener,NEW[new co.smartwatchface.library.ui.views.layers.CompassLayer$1]5538,-1), (unregister_sensor_listener,NEW[new co.smartwatchface.library.ui.views.layers.CompassLayer$1]5538,-1)]
[INFO] Analyzer: =============== onAmbientModeChanged(false) ===============
[INFO] FlowAnalysis: =================== <android.graphics.Paint: void setColor(int)>(-16777216)
[INFO] ICFGUtil: [acq labels] [(register_sensor_listener,NEW[new co.smartwatchface.library.ui.views.layers.CompassLayer$1]5538,11)]
[INFO] ICFGUtil: [rel labels] [(unregister_sensor_listener,NEW[new co.smartwatchface.library.ui.views.layers.CompassLayer$1]5538,-1), (unregister_sensor_listener,NEW[new co.smartwatchface.library.ui.views.layers.CompassLayer$1]5538,-1)]
[INFO] ICFGUtil: [all labels] [(register_sensor_listener,NEW[new co.smartwatchface.library.ui.views.layers.CompassLayer$1]5538,11), (unregister_sensor_listener,NEW[new co.smartwatchface.library.ui.views.layers.CompassLayer$1]5538,-1), (unregister_sensor_listener,NEW[new co.smartwatchface.library.ui.views.layers.CompassLayer$1]5538,-1)]
[INFO] MySceneTransformer: setColor @ onAmbientModeChanged(true): [{$r6_1=[-1], $r1=[-16777216], $r5=[-1]}]
[INFO] MySceneTransformer: setColor @ onAmbientModeChanged(false): [{$r6_1=[-1], $r1=[-16777216], $r5=[-1]}]
[INFO] MySceneTransformer: setColor equal=true
[INFO] MySceneTransformer: colors @ onAmbientModeChanged(true): []
[INFO] MySceneTransformer: colors @ onAmbientModeChanged(false): []
[INFO] MySceneTransformer: colors equal=false
[INFO] MySceneTransformer: @@@@@@ SENSOR LEAK @@@@@@ [11] [[<null::SELECT::interactive>, <interactive::STANDBY::ambient>]]
[INFO] MySceneTransformer: LEAK TESTCASE 1: wearable.select_on_handheld(HANDHELD_SERIALNO, labels[pkg])
[INFO] MySceneTransformer: LEAK TESTCASE 1: wearable.standby()
[INFO] MySceneTransformer: @@@@@@ SENSOR LEAK @@@@@@ [11] [[<null::SELECT::interactive>, <interactive::PRESS_SIDE_BUTTON::invisible_applist>, <invisible_applist::STANDBY::ambient>]]
[INFO] MySceneTransformer: LEAK TESTCASE 2: wearable.select_on_handheld(HANDHELD_SERIALNO, labels[pkg])
[INFO] MySceneTransformer: LEAK TESTCASE 2: wearable.press_side_button()
[INFO] MySceneTransformer: LEAK TESTCASE 2: wearable.standby()
[INFO] MySceneTransformer: @@@@@@ SENSOR LEAK @@@@@@ [11] [[<null::SELECT::interactive>, <interactive::SWIPE_LEFT::invisible_wfpicker>, <invisible_wfpicker::DESELECT::null>]]
[INFO] MySceneTransformer: LEAK TESTCASE 3: wearable.select_on_handheld(HANDHELD_SERIALNO, labels[pkg])
[INFO] MySceneTransformer: LEAK TESTCASE 3: wearable.swipe_left()
[INFO] MySceneTransformer: LEAK TESTCASE 3: wearable.deselect_on_handheld(HANDHELD_SERIALNO)
[INFO] MySceneTransformer: @@@@@@ SENSOR LEAK @@@@@@ [11] [[<null::SELECT::interactive>, <interactive::SWIPE_UP::invisible_notification>, <invisible_notification::STANDBY::ambient>]]
[INFO] MySceneTransformer: LEAK TESTCASE 4: wearable.select_on_handheld(HANDHELD_SERIALNO, labels[pkg])
[INFO] MySceneTransformer: LEAK TESTCASE 4: wearable.swipe_up()
[INFO] MySceneTransformer: LEAK TESTCASE 4: wearable.standby()
[INFO] MySceneTransformer: @@@@@@ SENSOR LEAK @@@@@@ [11] [[<null::SELECT::interactive>, <interactive::SWIPE_RIGHT::invisible_wfpicker>, <invisible_wfpicker::DESELECT::null>]]
[INFO] MySceneTransformer: LEAK TESTCASE 5: wearable.select_on_handheld(HANDHELD_SERIALNO, labels[pkg])
[INFO] MySceneTransformer: LEAK TESTCASE 5: wearable.swipe_right()
[INFO] MySceneTransformer: LEAK TESTCASE 5: wearable.deselect_on_handheld(HANDHELD_SERIALNO)
[INFO] MySceneTransformer: TOTAL TIME: 12.655000 sec
[INFO] MySceneTransformer: Soot stopped on Thu Jun 21 13:08:39 EDT 2018
