Soot started on Thu Jun 21 13:21:56 EDT 2018
[INFO] MySceneTransformer: WatchFaceService:::: nl.envine.nltekst.NlWordsWatchFaceService
[INFO] MySceneTransformer: !!!!!!!!!! Going to analyze: ./apks/wear/nl.envine.nltekst.apk
[INFO] MySceneTransformer: ############## nl.envine.nltekst.NlWordsWatchFaceService$Engine ##############
[INFO] Analyzer: =============== onAmbientModeChanged(false) ===============
[INFO] FlowGraph: @@@@ Total Class:   19
[INFO] FlowGraph: @@@@ Total Methods: 42
[INFO] FlowGraph: @@@@ Total Stmts:   582
[INFO] Analyzer: =============== wfOnCreate() ===============
[INFO] Analyzer: =============== wfOnCreateEngine() ===============
[INFO] Analyzer: =============== onCreate() ===============
[INFO] Analyzer: =============== onVisibilityChanged(true) ===============
[INFO] Analyzer: =============== onAmbientModeChanged(true) ===============
[INFO] Analyzer: =============== onAmbientModeChanged(false) ===============
[INFO] Analyzer: =============== wfOnCreate() ===============
[INFO] Analyzer: =============== wfOnCreateEngine() ===============
[INFO] Analyzer: =============== onCreate() ===============
[INFO] Analyzer: =============== onVisibilityChanged(true) ===============
[INFO] Analyzer: =============== onVisibilityChanged(false) ===============
[INFO] Analyzer: =============== onAmbientModeChanged(true) ===============
[INFO] Analyzer: =============== onVisibilityChanged(true) ===============
[INFO] Analyzer: =============== onAmbientModeChanged(false) ===============
[INFO] Analyzer: =============== wfOnCreate() ===============
[INFO] Analyzer: =============== wfOnCreateEngine() ===============
[INFO] Analyzer: =============== onCreate() ===============
[INFO] Analyzer: =============== onVisibilityChanged(true) ===============
[INFO] Analyzer: =============== onVisibilityChanged(false) ===============
[INFO] Analyzer: =============== onAmbientModeChanged(true) ===============
[INFO] Analyzer: =============== onVisibilityChanged(true) ===============
[INFO] Analyzer: =============== onAmbientModeChanged(false) ===============
[INFO] Analyzer: =============== wfOnCreate() ===============
[INFO] Analyzer: =============== wfOnCreateEngine() ===============
[INFO] Analyzer: =============== onCreate() ===============
[INFO] Analyzer: =============== onVisibilityChanged(true) ===============
[INFO] Analyzer: =============== onVisibilityChanged(false) ===============
[INFO] Analyzer: =============== onDestroy() ===============
[INFO] Analyzer: =============== wfOnDestroy() ===============
[INFO] Analyzer: =============== onAmbientModeChanged(false) ===============
[INFO] Analyzer: =============== wfOnCreate() ===============
[INFO] Analyzer: =============== wfOnCreateEngine() ===============
[INFO] Analyzer: =============== onCreate() ===============
[INFO] Analyzer: =============== onVisibilityChanged(true) ===============
[INFO] Analyzer: =============== onVisibilityChanged(false) ===============
[INFO] Analyzer: =============== onDestroy() ===============
[INFO] Analyzer: =============== wfOnDestroy() ===============
[INFO] Analyzer: =============== onAmbientModeChanged(true) ===============
[INFO] Analyzer: =============== onAmbientModeChanged(false) ===============
[INFO] MySceneTransformer: setColor @ onAmbientModeChanged(true): [{}]
[INFO] MySceneTransformer: setColor @ onAmbientModeChanged(false): [{}]
[INFO] MySceneTransformer: setColor equal=true
[INFO] MySceneTransformer: colors @ onAmbientModeChanged(true): []
[INFO] MySceneTransformer: colors @ onAmbientModeChanged(false): []
[INFO] MySceneTransformer: colors equal=false
[INFO] MySceneTransformer: TOTAL TIME: 0.954000 sec
[INFO] MySceneTransformer: Soot stopped on Thu Jun 21 13:22:00 EDT 2018
