Soot started on Thu Jun 21 13:22:14 EDT 2018
[INFO] MySceneTransformer: WatchFaceService:::: nl.lemonslice.watchface.sportballs.volley.VolleyBallWatchFaceService
[INFO] MySceneTransformer: WatchFaceService:::: nl.lemonslice.watchface.sportballs.soccer.SoccerBallWatchFaceService
[INFO] MySceneTransformer: WatchFaceService:::: nl.lemonslice.watchface.sportballs.basket.BasketBallWatchFaceService
[INFO] MySceneTransformer: WatchFaceService:::: nl.lemonslice.watchface.sportballs.tennis.TennisBallWatchFaceService
[INFO] MySceneTransformer: WatchFaceService:::: nl.lemonslice.watchface.sportballs.baseball.BaseBallWatchFaceService
[INFO] MySceneTransformer: !!!!!!!!!! Going to analyze: ./apks/wear/nl.lemonslice.watchface.sportballs.apk
[INFO] MySceneTransformer: ############## nl.lemonslice.watchface.sportballs.soccer.SoccerBallWatchFaceService$SoccerBallEngine ##############
[INFO] Analyzer: =============== onAmbientModeChanged(false) ===============
[INFO] FlowGraph: @@@@ Total Class:   48
[INFO] FlowGraph: @@@@ Total Methods: 149
[INFO] FlowGraph: @@@@ Total Stmts:   1194
[INFO] Analyzer: =============== wfOnCreate() ===============
[INFO] Analyzer: =============== wfOnCreateEngine() ===============
[INFO] Analyzer: =============== onCreate() ===============
[INFO] Analyzer: =============== onVisibilityChanged(true) ===============
[INFO] Analyzer: =============== onAmbientModeChanged(true) ===============
[INFO] Analyzer: =============== onAmbientModeChanged(false) ===============
[INFO] Analyzer: =============== wfOnCreate() ===============
[INFO] Analyzer: =============== wfOnCreateEngine() ===============
[INFO] Analyzer: =============== onCreate() ===============
[INFO] Analyzer: =============== onVisibilityChanged(true) ===============
[INFO] Analyzer: =============== onVisibilityChanged(false) ===============
[INFO] Analyzer: =============== onAmbientModeChanged(true) ===============
[INFO] Analyzer: =============== onVisibilityChanged(true) ===============
[INFO] Analyzer: =============== onAmbientModeChanged(false) ===============
[INFO] Analyzer: =============== wfOnCreate() ===============
[INFO] Analyzer: =============== wfOnCreateEngine() ===============
[INFO] Analyzer: =============== onCreate() ===============
[INFO] Analyzer: =============== onVisibilityChanged(true) ===============
[INFO] Analyzer: =============== onVisibilityChanged(false) ===============
[INFO] Analyzer: =============== onAmbientModeChanged(true) ===============
[INFO] Analyzer: =============== onVisibilityChanged(true) ===============
[INFO] Analyzer: =============== onAmbientModeChanged(false) ===============
[INFO] Analyzer: =============== wfOnCreate() ===============
[INFO] Analyzer: =============== wfOnCreateEngine() ===============
[INFO] Analyzer: =============== onCreate() ===============
[INFO] Analyzer: =============== onVisibilityChanged(true) ===============
[INFO] Analyzer: =============== onVisibilityChanged(false) ===============
[INFO] Analyzer: =============== onDestroy() ===============
[INFO] Analyzer: =============== wfOnDestroy() ===============
[INFO] Analyzer: =============== onAmbientModeChanged(false) ===============
[INFO] Analyzer: =============== wfOnCreate() ===============
[INFO] Analyzer: =============== wfOnCreateEngine() ===============
[INFO] Analyzer: =============== onCreate() ===============
[INFO] Analyzer: =============== onVisibilityChanged(true) ===============
[INFO] Analyzer: =============== onVisibilityChanged(false) ===============
[INFO] Analyzer: =============== onDestroy() ===============
[INFO] Analyzer: =============== wfOnDestroy() ===============
[INFO] Analyzer: =============== onAmbientModeChanged(true) ===============
[INFO] Analyzer: =============== onAmbientModeChanged(false) ===============
[INFO] MySceneTransformer: setColor @ onAmbientModeChanged(true): [{}]
[INFO] MySceneTransformer: setColor @ onAmbientModeChanged(false): [{}]
[INFO] MySceneTransformer: setColor equal=true
[INFO] MySceneTransformer: colors @ onAmbientModeChanged(true): []
[INFO] MySceneTransformer: colors @ onAmbientModeChanged(false): []
[INFO] MySceneTransformer: colors equal=false
[INFO] MySceneTransformer: ############## nl.lemonslice.watchface.sportballs.basket.BasketBallWatchFaceService$BasketBallEngine ##############
[INFO] Analyzer: =============== onAmbientModeChanged(false) ===============
[INFO] Analyzer: =============== wfOnCreate() ===============
[INFO] Analyzer: =============== wfOnCreateEngine() ===============
[INFO] Analyzer: =============== onCreate() ===============
[INFO] Analyzer: =============== onVisibilityChanged(true) ===============
[INFO] Analyzer: =============== onAmbientModeChanged(true) ===============
[INFO] Analyzer: =============== onAmbientModeChanged(false) ===============
[INFO] Analyzer: =============== wfOnCreate() ===============
[INFO] Analyzer: =============== wfOnCreateEngine() ===============
[INFO] Analyzer: =============== onCreate() ===============
[INFO] Analyzer: =============== onVisibilityChanged(true) ===============
[INFO] Analyzer: =============== onVisibilityChanged(false) ===============
[INFO] Analyzer: =============== onAmbientModeChanged(true) ===============
[INFO] Analyzer: =============== onVisibilityChanged(true) ===============
[INFO] Analyzer: =============== onAmbientModeChanged(false) ===============
[INFO] Analyzer: =============== wfOnCreate() ===============
[INFO] Analyzer: =============== wfOnCreateEngine() ===============
[INFO] Analyzer: =============== onCreate() ===============
[INFO] Analyzer: =============== onVisibilityChanged(true) ===============
[INFO] Analyzer: =============== onVisibilityChanged(false) ===============
[INFO] Analyzer: =============== onAmbientModeChanged(true) ===============
[INFO] Analyzer: =============== onVisibilityChanged(true) ===============
[INFO] Analyzer: =============== onAmbientModeChanged(false) ===============
[INFO] Analyzer: =============== wfOnCreate() ===============
[INFO] Analyzer: =============== wfOnCreateEngine() ===============
[INFO] Analyzer: =============== onCreate() ===============
[INFO] Analyzer: =============== onVisibilityChanged(true) ===============
[INFO] Analyzer: =============== onVisibilityChanged(false) ===============
[INFO] Analyzer: =============== onDestroy() ===============
[INFO] Analyzer: =============== wfOnDestroy() ===============
[INFO] Analyzer: =============== onAmbientModeChanged(false) ===============
[INFO] Analyzer: =============== wfOnCreate() ===============
[INFO] Analyzer: =============== wfOnCreateEngine() ===============
[INFO] Analyzer: =============== onCreate() ===============
[INFO] Analyzer: =============== onVisibilityChanged(true) ===============
[INFO] Analyzer: =============== onVisibilityChanged(false) ===============
[INFO] Analyzer: =============== onDestroy() ===============
[INFO] Analyzer: =============== wfOnDestroy() ===============
[INFO] Analyzer: =============== onAmbientModeChanged(true) ===============
[INFO] Analyzer: =============== onAmbientModeChanged(false) ===============
[INFO] MySceneTransformer: setColor @ onAmbientModeChanged(true): [{}]
[INFO] MySceneTransformer: setColor @ onAmbientModeChanged(false): [{}]
[INFO] MySceneTransformer: setColor equal=true
[INFO] MySceneTransformer: colors @ onAmbientModeChanged(true): []
[INFO] MySceneTransformer: colors @ onAmbientModeChanged(false): []
[INFO] MySceneTransformer: colors equal=false
[INFO] MySceneTransformer: ############## nl.lemonslice.watchface.sportballs.tennis.TennisBallWatchFaceService$TennisBallEngine ##############
[INFO] Analyzer: =============== onAmbientModeChanged(false) ===============
[INFO] Analyzer: =============== wfOnCreate() ===============
[INFO] Analyzer: =============== wfOnCreateEngine() ===============
[INFO] Analyzer: =============== onCreate() ===============
[INFO] Analyzer: =============== onVisibilityChanged(true) ===============
[INFO] Analyzer: =============== onAmbientModeChanged(true) ===============
[INFO] Analyzer: =============== onAmbientModeChanged(false) ===============
[INFO] Analyzer: =============== wfOnCreate() ===============
[INFO] Analyzer: =============== wfOnCreateEngine() ===============
[INFO] Analyzer: =============== onCreate() ===============
[INFO] Analyzer: =============== onVisibilityChanged(true) ===============
[INFO] Analyzer: =============== onVisibilityChanged(false) ===============
[INFO] Analyzer: =============== onAmbientModeChanged(true) ===============
[INFO] Analyzer: =============== onVisibilityChanged(true) ===============
[INFO] Analyzer: =============== onAmbientModeChanged(false) ===============
[INFO] Analyzer: =============== wfOnCreate() ===============
[INFO] Analyzer: =============== wfOnCreateEngine() ===============
[INFO] Analyzer: =============== onCreate() ===============
[INFO] Analyzer: =============== onVisibilityChanged(true) ===============
[INFO] Analyzer: =============== onVisibilityChanged(false) ===============
[INFO] Analyzer: =============== onAmbientModeChanged(true) ===============
[INFO] Analyzer: =============== onVisibilityChanged(true) ===============
[INFO] Analyzer: =============== onAmbientModeChanged(false) ===============
[INFO] Analyzer: =============== wfOnCreate() ===============
[INFO] Analyzer: =============== wfOnCreateEngine() ===============
[INFO] Analyzer: =============== onCreate() ===============
[INFO] Analyzer: =============== onVisibilityChanged(true) ===============
[INFO] Analyzer: =============== onVisibilityChanged(false) ===============
[INFO] Analyzer: =============== onDestroy() ===============
[INFO] Analyzer: =============== wfOnDestroy() ===============
[INFO] Analyzer: =============== onAmbientModeChanged(false) ===============
[INFO] Analyzer: =============== wfOnCreate() ===============
[INFO] Analyzer: =============== wfOnCreateEngine() ===============
[INFO] Analyzer: =============== onCreate() ===============
[INFO] Analyzer: =============== onVisibilityChanged(true) ===============
[INFO] Analyzer: =============== onVisibilityChanged(false) ===============
[INFO] Analyzer: =============== onDestroy() ===============
[INFO] Analyzer: =============== wfOnDestroy() ===============
[INFO] Analyzer: =============== onAmbientModeChanged(true) ===============
[INFO] Analyzer: =============== onAmbientModeChanged(false) ===============
[INFO] MySceneTransformer: setColor @ onAmbientModeChanged(true): [{}]
[INFO] MySceneTransformer: setColor @ onAmbientModeChanged(false): [{}]
[INFO] MySceneTransformer: setColor equal=true
[INFO] MySceneTransformer: colors @ onAmbientModeChanged(true): []
[INFO] MySceneTransformer: colors @ onAmbientModeChanged(false): []
[INFO] MySceneTransformer: colors equal=false
[INFO] MySceneTransformer: ############## nl.lemonslice.watchface.sportballs.volley.VolleyBallWatchFaceService$SoccerBallEngine ##############
[INFO] Analyzer: =============== onAmbientModeChanged(false) ===============
[INFO] Analyzer: =============== wfOnCreate() ===============
[INFO] Analyzer: =============== wfOnCreateEngine() ===============
[INFO] Analyzer: =============== onCreate() ===============
[INFO] Analyzer: =============== onVisibilityChanged(true) ===============
[INFO] Analyzer: =============== onAmbientModeChanged(true) ===============
[INFO] Analyzer: =============== onAmbientModeChanged(false) ===============
[INFO] Analyzer: =============== wfOnCreate() ===============
[INFO] Analyzer: =============== wfOnCreateEngine() ===============
[INFO] Analyzer: =============== onCreate() ===============
[INFO] Analyzer: =============== onVisibilityChanged(true) ===============
[INFO] Analyzer: =============== onVisibilityChanged(false) ===============
[INFO] Analyzer: =============== onAmbientModeChanged(true) ===============
[INFO] Analyzer: =============== onVisibilityChanged(true) ===============
[INFO] Analyzer: =============== onAmbientModeChanged(false) ===============
[INFO] Analyzer: =============== wfOnCreate() ===============
[INFO] Analyzer: =============== wfOnCreateEngine() ===============
[INFO] Analyzer: =============== onCreate() ===============
[INFO] Analyzer: =============== onVisibilityChanged(true) ===============
[INFO] Analyzer: =============== onVisibilityChanged(false) ===============
[INFO] Analyzer: =============== onAmbientModeChanged(true) ===============
[INFO] Analyzer: =============== onVisibilityChanged(true) ===============
[INFO] Analyzer: =============== onAmbientModeChanged(false) ===============
[INFO] Analyzer: =============== wfOnCreate() ===============
[INFO] Analyzer: =============== wfOnCreateEngine() ===============
[INFO] Analyzer: =============== onCreate() ===============
[INFO] Analyzer: =============== onVisibilityChanged(true) ===============
[INFO] Analyzer: =============== onVisibilityChanged(false) ===============
[INFO] Analyzer: =============== onDestroy() ===============
[INFO] Analyzer: =============== wfOnDestroy() ===============
[INFO] Analyzer: =============== onAmbientModeChanged(false) ===============
[INFO] Analyzer: =============== wfOnCreate() ===============
[INFO] Analyzer: =============== wfOnCreateEngine() ===============
[INFO] Analyzer: =============== onCreate() ===============
[INFO] Analyzer: =============== onVisibilityChanged(true) ===============
[INFO] Analyzer: =============== onVisibilityChanged(false) ===============
[INFO] Analyzer: =============== onDestroy() ===============
[INFO] Analyzer: =============== wfOnDestroy() ===============
[INFO] Analyzer: =============== onAmbientModeChanged(true) ===============
[INFO] Analyzer: =============== onAmbientModeChanged(false) ===============
[INFO] MySceneTransformer: setColor @ onAmbientModeChanged(true): [{}]
[INFO] MySceneTransformer: setColor @ onAmbientModeChanged(false): [{}]
[INFO] MySceneTransformer: setColor equal=true
[INFO] MySceneTransformer: colors @ onAmbientModeChanged(true): []
[INFO] MySceneTransformer: colors @ onAmbientModeChanged(false): []
[INFO] MySceneTransformer: colors equal=false
[INFO] MySceneTransformer: ############## nl.lemonslice.watchface.sportballs.baseball.BaseBallWatchFaceService$BaseBallEngine ##############
[INFO] Analyzer: =============== onAmbientModeChanged(false) ===============
[INFO] Analyzer: =============== wfOnCreate() ===============
[INFO] Analyzer: =============== wfOnCreateEngine() ===============
[INFO] Analyzer: =============== onCreate() ===============
[INFO] Analyzer: =============== onVisibilityChanged(true) ===============
[INFO] Analyzer: =============== onAmbientModeChanged(true) ===============
[INFO] Analyzer: =============== onAmbientModeChanged(false) ===============
[INFO] Analyzer: =============== wfOnCreate() ===============
[INFO] Analyzer: =============== wfOnCreateEngine() ===============
[INFO] Analyzer: =============== onCreate() ===============
[INFO] Analyzer: =============== onVisibilityChanged(true) ===============
[INFO] Analyzer: =============== onVisibilityChanged(false) ===============
[INFO] Analyzer: =============== onAmbientModeChanged(true) ===============
[INFO] Analyzer: =============== onVisibilityChanged(true) ===============
[INFO] Analyzer: =============== onAmbientModeChanged(false) ===============
[INFO] Analyzer: =============== wfOnCreate() ===============
[INFO] Analyzer: =============== wfOnCreateEngine() ===============
[INFO] Analyzer: =============== onCreate() ===============
[INFO] Analyzer: =============== onVisibilityChanged(true) ===============
[INFO] Analyzer: =============== onVisibilityChanged(false) ===============
[INFO] Analyzer: =============== onAmbientModeChanged(true) ===============
[INFO] Analyzer: =============== onVisibilityChanged(true) ===============
[INFO] Analyzer: =============== onAmbientModeChanged(false) ===============
[INFO] Analyzer: =============== wfOnCreate() ===============
[INFO] Analyzer: =============== wfOnCreateEngine() ===============
[INFO] Analyzer: =============== onCreate() ===============
[INFO] Analyzer: =============== onVisibilityChanged(true) ===============
[INFO] Analyzer: =============== onVisibilityChanged(false) ===============
[INFO] Analyzer: =============== onDestroy() ===============
[INFO] Analyzer: =============== wfOnDestroy() ===============
[INFO] Analyzer: =============== onAmbientModeChanged(false) ===============
[INFO] Analyzer: =============== wfOnCreate() ===============
[INFO] Analyzer: =============== wfOnCreateEngine() ===============
[INFO] Analyzer: =============== onCreate() ===============
[INFO] Analyzer: =============== onVisibilityChanged(true) ===============
[INFO] Analyzer: =============== onVisibilityChanged(false) ===============
[INFO] Analyzer: =============== onDestroy() ===============
[INFO] Analyzer: =============== wfOnDestroy() ===============
[INFO] Analyzer: =============== onAmbientModeChanged(true) ===============
[INFO] Analyzer: =============== onAmbientModeChanged(false) ===============
[INFO] MySceneTransformer: setColor @ onAmbientModeChanged(true): [{}]
[INFO] MySceneTransformer: setColor @ onAmbientModeChanged(false): [{}]
[INFO] MySceneTransformer: setColor equal=true
[INFO] MySceneTransformer: colors @ onAmbientModeChanged(true): []
[INFO] MySceneTransformer: colors @ onAmbientModeChanged(false): []
[INFO] MySceneTransformer: colors equal=false
[INFO] MySceneTransformer: TOTAL TIME: 1.436000 sec
[INFO] MySceneTransformer: Soot stopped on Thu Jun 21 13:22:18 EDT 2018
