Soot started on Thu Jun 21 13:26:18 EDT 2018
[INFO] MySceneTransformer: WatchFaceService:::: processing.jp.tomoyukim.angular_clock.AngularClockWatchFaceService
[INFO] MySceneTransformer: !!!!!!!!!! Going to analyze: ./apks/wear/processing.jp.tomoyukim.angular_clock.apk
[INFO] MySceneTransformer: ############## processing.jp.tomoyukim.angular_clock.AngularClockWatchFaceService$Engine ##############
[INFO] Analyzer: =============== onAmbientModeChanged(false) ===============
[INFO] FlowGraph: @@@@ Total Class:   118
[INFO] FlowGraph: @@@@ Total Methods: 632
[INFO] FlowGraph: @@@@ Total Stmts:   18017
[INFO] Analyzer: =============== wfOnCreate() ===============
[INFO] Analyzer: =============== wfOnCreateEngine() ===============
[INFO] Analyzer: =============== onCreate() ===============
[INFO] FlowAnalysis: =================== <android.graphics.Paint: void setColor(int)>([0,255])
[INFO] FlowAnalysis: =================== <android.graphics.Paint: void setColor(int)>([0,255])
[INFO] FlowAnalysis: =================== <android.graphics.Paint: void setColor(int)>([0,255])
[INFO] FlowAnalysis: =================== <android.graphics.Paint: void setColor(int)>([0,255])
[INFO] FlowAnalysis: =================== <android.graphics.Paint: void setColor(int)>([0,255])
[INFO] FlowAnalysis: =================== <android.graphics.Paint: void setColor(int)>([0,255])
[INFO] Analyzer: =============== onVisibilityChanged(true) ===============
[INFO] Analyzer: =============== onAmbientModeChanged(true) ===============
[INFO] Analyzer: =============== onAmbientModeChanged(false) ===============
[INFO] Analyzer: =============== wfOnCreate() ===============
[INFO] Analyzer: =============== wfOnCreateEngine() ===============
[INFO] Analyzer: =============== onCreate() ===============
[INFO] FlowAnalysis: =================== <android.graphics.Paint: void setColor(int)>([0,255])
[INFO] FlowAnalysis: =================== <android.graphics.Paint: void setColor(int)>([0,255])
[INFO] FlowAnalysis: =================== <android.graphics.Paint: void setColor(int)>([0,255])
[INFO] FlowAnalysis: =================== <android.graphics.Paint: void setColor(int)>([0,255])
[INFO] FlowAnalysis: =================== <android.graphics.Paint: void setColor(int)>([0,255])
[INFO] FlowAnalysis: =================== <android.graphics.Paint: void setColor(int)>([0,255])
[INFO] Analyzer: =============== onVisibilityChanged(true) ===============
[INFO] Analyzer: =============== onVisibilityChanged(false) ===============
[INFO] Analyzer: =============== onAmbientModeChanged(true) ===============
[INFO] Analyzer: =============== onVisibilityChanged(true) ===============
[INFO] Analyzer: =============== onAmbientModeChanged(false) ===============
[INFO] Analyzer: =============== wfOnCreate() ===============
[INFO] Analyzer: =============== wfOnCreateEngine() ===============
[INFO] Analyzer: =============== onCreate() ===============
[INFO] FlowAnalysis: =================== <android.graphics.Paint: void setColor(int)>([0,255])
[INFO] FlowAnalysis: =================== <android.graphics.Paint: void setColor(int)>([0,255])
[INFO] FlowAnalysis: =================== <android.graphics.Paint: void setColor(int)>([0,255])
[INFO] FlowAnalysis: =================== <android.graphics.Paint: void setColor(int)>([0,255])
[INFO] FlowAnalysis: =================== <android.graphics.Paint: void setColor(int)>([0,255])
[INFO] FlowAnalysis: =================== <android.graphics.Paint: void setColor(int)>([0,255])
[INFO] Analyzer: =============== onVisibilityChanged(true) ===============
[INFO] Analyzer: =============== onVisibilityChanged(false) ===============
[INFO] Analyzer: =============== onAmbientModeChanged(true) ===============
[INFO] Analyzer: =============== onVisibilityChanged(true) ===============
[INFO] Analyzer: =============== onAmbientModeChanged(false) ===============
[INFO] Analyzer: =============== wfOnCreate() ===============
[INFO] Analyzer: =============== wfOnCreateEngine() ===============
[INFO] Analyzer: =============== onCreate() ===============
[INFO] FlowAnalysis: =================== <android.graphics.Paint: void setColor(int)>([0,255])
[INFO] FlowAnalysis: =================== <android.graphics.Paint: void setColor(int)>([0,255])
[INFO] FlowAnalysis: =================== <android.graphics.Paint: void setColor(int)>([0,255])
[INFO] FlowAnalysis: =================== <android.graphics.Paint: void setColor(int)>([0,255])
[INFO] FlowAnalysis: =================== <android.graphics.Paint: void setColor(int)>([0,255])
[INFO] FlowAnalysis: =================== <android.graphics.Paint: void setColor(int)>([0,255])
[INFO] Analyzer: =============== onVisibilityChanged(true) ===============
[INFO] Analyzer: =============== onVisibilityChanged(false) ===============
[INFO] Analyzer: =============== onDestroy() ===============
[INFO] Analyzer: =============== wfOnDestroy() ===============
[INFO] Analyzer: =============== onAmbientModeChanged(false) ===============
[INFO] Analyzer: =============== wfOnCreate() ===============
[INFO] Analyzer: =============== wfOnCreateEngine() ===============
[INFO] Analyzer: =============== onCreate() ===============
[INFO] FlowAnalysis: =================== <android.graphics.Paint: void setColor(int)>([0,255])
[INFO] FlowAnalysis: =================== <android.graphics.Paint: void setColor(int)>([0,255])
[INFO] FlowAnalysis: =================== <android.graphics.Paint: void setColor(int)>([0,255])
[INFO] FlowAnalysis: =================== <android.graphics.Paint: void setColor(int)>([0,255])
[INFO] FlowAnalysis: =================== <android.graphics.Paint: void setColor(int)>([0,255])
[INFO] FlowAnalysis: =================== <android.graphics.Paint: void setColor(int)>([0,255])
[INFO] Analyzer: =============== onVisibilityChanged(true) ===============
[INFO] Analyzer: =============== onVisibilityChanged(false) ===============
[INFO] Analyzer: =============== onDestroy() ===============
[INFO] Analyzer: =============== wfOnDestroy() ===============
[INFO] Analyzer: =============== onAmbientModeChanged(true) ===============
[INFO] Analyzer: =============== onAmbientModeChanged(false) ===============
[INFO] MySceneTransformer: setColor @ onAmbientModeChanged(true): [{}]
[INFO] MySceneTransformer: setColor @ onAmbientModeChanged(false): [{}]
[INFO] MySceneTransformer: setColor equal=true
[INFO] MySceneTransformer: colors @ onAmbientModeChanged(true): []
[INFO] MySceneTransformer: colors @ onAmbientModeChanged(false): []
[INFO] MySceneTransformer: colors equal=false
[INFO] MySceneTransformer: TOTAL TIME: 28.577000 sec
[INFO] MySceneTransformer: Soot stopped on Thu Jun 21 13:26:49 EDT 2018
