Soot started on Thu Jun 21 13:27:41 EDT 2018
[INFO] MySceneTransformer: WatchFaceService:::: ru.physicalcomputing.pulta.PultaWatchFaceService
[INFO] MySceneTransformer: !!!!!!!!!! Going to analyze: ./apks/wear/ru.physicalcomputing.pulta.apk
[INFO] MySceneTransformer: ############## ru.physicalcomputing.pulta.PultaWatchFaceService$Engine ##############
[INFO] Analyzer: =============== onAmbientModeChanged(false) ===============
[INFO] FlowGraph: @@@@ Total Class:   40
[INFO] FlowGraph: @@@@ Total Methods: 175
[INFO] FlowGraph: @@@@ Total Stmts:   10364
[INFO] FlowAnalysis: =================== <android.graphics.Paint: void setColor(int)>(-16777216)
[INFO] FlowAnalysis: =================== cannot resolve <android.graphics.Paint: void setColor(int)>
[INFO] FlowAnalysis: =================== <android.graphics.Paint: void setColor(int)>(-16777216)
[INFO] FlowAnalysis: =================== cannot resolve <android.graphics.Paint: void setColor(int)>
[INFO] Analyzer: =============== wfOnCreate() ===============
[INFO] Analyzer: =============== wfOnCreateEngine() ===============
[INFO] Analyzer: =============== onCreate() ===============
[INFO] FlowAnalysis: =================== cannot resolve <android.graphics.Paint: void setColor(int)>
[INFO] FlowAnalysis: =================== cannot resolve <android.graphics.Paint: void setColor(int)>
[INFO] Analyzer: =============== onVisibilityChanged(true) ===============
[INFO] FlowAnalysis: =================== cannot resolve <android.graphics.Paint: void setColor(int)>
[INFO] Analyzer: =============== onAmbientModeChanged(true) ===============
[INFO] FlowAnalysis: =================== <android.graphics.Paint: void setColor(int)>(-16777216)
[INFO] FlowAnalysis: =================== cannot resolve <android.graphics.Paint: void setColor(int)>
[INFO] FlowAnalysis: =================== <android.graphics.Paint: void setColor(int)>(-16777216)
[INFO] FlowAnalysis: =================== cannot resolve <android.graphics.Paint: void setColor(int)>
[INFO] FlowAnalysis: =================== cannot resolve <android.graphics.Paint: void setColor(int)>
[INFO] FlowAnalysis: =================== <android.graphics.Paint: void setColor(int)>(-16777216)
[INFO] FlowAnalysis: =================== cannot resolve <android.graphics.Paint: void setColor(int)>
[INFO] Analyzer: =============== onAmbientModeChanged(false) ===============
[INFO] FlowAnalysis: =================== <android.graphics.Paint: void setColor(int)>(-16777216)
[INFO] FlowAnalysis: =================== cannot resolve <android.graphics.Paint: void setColor(int)>
[INFO] FlowAnalysis: =================== <android.graphics.Paint: void setColor(int)>(-16777216)
[INFO] FlowAnalysis: =================== cannot resolve <android.graphics.Paint: void setColor(int)>
[INFO] Analyzer: =============== wfOnCreate() ===============
[INFO] Analyzer: =============== wfOnCreateEngine() ===============
[INFO] Analyzer: =============== onCreate() ===============
[INFO] FlowAnalysis: =================== cannot resolve <android.graphics.Paint: void setColor(int)>
[INFO] FlowAnalysis: =================== cannot resolve <android.graphics.Paint: void setColor(int)>
[INFO] Analyzer: =============== onVisibilityChanged(true) ===============
[INFO] FlowAnalysis: =================== cannot resolve <android.graphics.Paint: void setColor(int)>
[INFO] Analyzer: =============== onVisibilityChanged(false) ===============
[INFO] Analyzer: =============== onAmbientModeChanged(true) ===============
[INFO] FlowAnalysis: =================== <android.graphics.Paint: void setColor(int)>(-16777216)
[INFO] FlowAnalysis: =================== cannot resolve <android.graphics.Paint: void setColor(int)>
[INFO] FlowAnalysis: =================== <android.graphics.Paint: void setColor(int)>(-16777216)
[INFO] FlowAnalysis: =================== cannot resolve <android.graphics.Paint: void setColor(int)>
[INFO] FlowAnalysis: =================== cannot resolve <android.graphics.Paint: void setColor(int)>
[INFO] FlowAnalysis: =================== <android.graphics.Paint: void setColor(int)>(-16777216)
[INFO] FlowAnalysis: =================== cannot resolve <android.graphics.Paint: void setColor(int)>
[INFO] Analyzer: =============== onVisibilityChanged(true) ===============
[INFO] FlowAnalysis: =================== cannot resolve <android.graphics.Paint: void setColor(int)>
[INFO] FlowAnalysis: =================== <android.graphics.Paint: void setColor(int)>(-16777216)
[INFO] FlowAnalysis: =================== cannot resolve <android.graphics.Paint: void setColor(int)>
[INFO] Analyzer: =============== onAmbientModeChanged(false) ===============
[INFO] FlowAnalysis: =================== <android.graphics.Paint: void setColor(int)>(-16777216)
[INFO] FlowAnalysis: =================== cannot resolve <android.graphics.Paint: void setColor(int)>
[INFO] FlowAnalysis: =================== <android.graphics.Paint: void setColor(int)>(-16777216)
[INFO] FlowAnalysis: =================== cannot resolve <android.graphics.Paint: void setColor(int)>
[INFO] Analyzer: =============== wfOnCreate() ===============
[INFO] Analyzer: =============== wfOnCreateEngine() ===============
[INFO] Analyzer: =============== onCreate() ===============
[INFO] FlowAnalysis: =================== cannot resolve <android.graphics.Paint: void setColor(int)>
[INFO] FlowAnalysis: =================== cannot resolve <android.graphics.Paint: void setColor(int)>
[INFO] Analyzer: =============== onVisibilityChanged(true) ===============
[INFO] FlowAnalysis: =================== cannot resolve <android.graphics.Paint: void setColor(int)>
[INFO] Analyzer: =============== onVisibilityChanged(false) ===============
[INFO] Analyzer: =============== onAmbientModeChanged(true) ===============
[INFO] FlowAnalysis: =================== <android.graphics.Paint: void setColor(int)>(-16777216)
[INFO] FlowAnalysis: =================== cannot resolve <android.graphics.Paint: void setColor(int)>
[INFO] FlowAnalysis: =================== <android.graphics.Paint: void setColor(int)>(-16777216)
[INFO] FlowAnalysis: =================== cannot resolve <android.graphics.Paint: void setColor(int)>
[INFO] FlowAnalysis: =================== cannot resolve <android.graphics.Paint: void setColor(int)>
[INFO] FlowAnalysis: =================== <android.graphics.Paint: void setColor(int)>(-16777216)
[INFO] FlowAnalysis: =================== cannot resolve <android.graphics.Paint: void setColor(int)>
[INFO] Analyzer: =============== onVisibilityChanged(true) ===============
[INFO] FlowAnalysis: =================== cannot resolve <android.graphics.Paint: void setColor(int)>
[INFO] FlowAnalysis: =================== <android.graphics.Paint: void setColor(int)>(-16777216)
[INFO] FlowAnalysis: =================== cannot resolve <android.graphics.Paint: void setColor(int)>
[INFO] Analyzer: =============== onAmbientModeChanged(false) ===============
[INFO] FlowAnalysis: =================== <android.graphics.Paint: void setColor(int)>(-16777216)
[INFO] FlowAnalysis: =================== cannot resolve <android.graphics.Paint: void setColor(int)>
[INFO] FlowAnalysis: =================== <android.graphics.Paint: void setColor(int)>(-16777216)
[INFO] FlowAnalysis: =================== cannot resolve <android.graphics.Paint: void setColor(int)>
[INFO] Analyzer: =============== wfOnCreate() ===============
[INFO] Analyzer: =============== wfOnCreateEngine() ===============
[INFO] Analyzer: =============== onCreate() ===============
[INFO] FlowAnalysis: =================== cannot resolve <android.graphics.Paint: void setColor(int)>
[INFO] FlowAnalysis: =================== cannot resolve <android.graphics.Paint: void setColor(int)>
[INFO] Analyzer: =============== onVisibilityChanged(true) ===============
[INFO] FlowAnalysis: =================== cannot resolve <android.graphics.Paint: void setColor(int)>
[INFO] Analyzer: =============== onVisibilityChanged(false) ===============
[INFO] Analyzer: =============== onDestroy() ===============
[INFO] Analyzer: =============== wfOnDestroy() ===============
[INFO] Analyzer: =============== onAmbientModeChanged(false) ===============
[INFO] FlowAnalysis: =================== <android.graphics.Paint: void setColor(int)>(-16777216)
[INFO] FlowAnalysis: =================== cannot resolve <android.graphics.Paint: void setColor(int)>
[INFO] FlowAnalysis: =================== <android.graphics.Paint: void setColor(int)>(-16777216)
[INFO] FlowAnalysis: =================== cannot resolve <android.graphics.Paint: void setColor(int)>
[INFO] Analyzer: =============== wfOnCreate() ===============
[INFO] Analyzer: =============== wfOnCreateEngine() ===============
[INFO] Analyzer: =============== onCreate() ===============
[INFO] FlowAnalysis: =================== cannot resolve <android.graphics.Paint: void setColor(int)>
[INFO] FlowAnalysis: =================== cannot resolve <android.graphics.Paint: void setColor(int)>
[INFO] Analyzer: =============== onVisibilityChanged(true) ===============
[INFO] FlowAnalysis: =================== cannot resolve <android.graphics.Paint: void setColor(int)>
[INFO] Analyzer: =============== onVisibilityChanged(false) ===============
[INFO] Analyzer: =============== onDestroy() ===============
[INFO] Analyzer: =============== wfOnDestroy() ===============
[INFO] Analyzer: =============== onAmbientModeChanged(true) ===============
[INFO] FlowAnalysis: =================== <android.graphics.Paint: void setColor(int)>(-16777216)
[INFO] FlowAnalysis: =================== cannot resolve <android.graphics.Paint: void setColor(int)>
[INFO] FlowAnalysis: =================== <android.graphics.Paint: void setColor(int)>(-16777216)
[INFO] FlowAnalysis: =================== cannot resolve <android.graphics.Paint: void setColor(int)>
[INFO] FlowAnalysis: =================== cannot resolve <android.graphics.Paint: void setColor(int)>
[INFO] FlowAnalysis: =================== <android.graphics.Paint: void setColor(int)>(-16777216)
[INFO] FlowAnalysis: =================== cannot resolve <android.graphics.Paint: void setColor(int)>
[INFO] Analyzer: =============== onAmbientModeChanged(false) ===============
[INFO] FlowAnalysis: =================== cannot resolve <android.graphics.Paint: void setColor(int)>
[INFO] FlowAnalysis: =================== <android.graphics.Paint: void setColor(int)>(-16777216)
[INFO] FlowAnalysis: =================== cannot resolve <android.graphics.Paint: void setColor(int)>
[INFO] FlowAnalysis: =================== cannot resolve <android.graphics.Paint: void setColor(int)>
[INFO] FlowAnalysis: =================== <android.graphics.Paint: void setColor(int)>(-16777216)
[INFO] FlowAnalysis: =================== cannot resolve <android.graphics.Paint: void setColor(int)>
[INFO] MySceneTransformer: setColor @ onAmbientModeChanged(true): [{$r3=[-16777216], $r3_35=[-256], $r2_1=[-16777216], $r1=[-16777216]}]
[INFO] MySceneTransformer: setColor @ onAmbientModeChanged(false): [{$r3=[-16777216], $r3_35=[-256], $r2_1=[-16777216], $r1=[-16777216]}]
[INFO] MySceneTransformer: setColor equal=true
[INFO] MySceneTransformer: colors @ onAmbientModeChanged(true): [yellow]
[INFO] MySceneTransformer: colors @ onAmbientModeChanged(false): [yellow]
[INFO] MySceneTransformer: colors equal=true
[INFO] MySceneTransformer: TOTAL TIME: 11.352000 sec
[INFO] MySceneTransformer: Soot stopped on Thu Jun 21 13:27:55 EDT 2018
