Soot started on Thu Jun 21 13:27:56 EDT 2018
[INFO] MySceneTransformer: WatchFaceService:::: ru.slobodchikov.kgbwatchface.KgbWatchFaceService
[INFO] MySceneTransformer: !!!!!!!!!! Going to analyze: ./apks/wear/ru.slobodchikov.kgbwatchface.apk
[INFO] MySceneTransformer: ############## ru.slobodchikov.kgbwatchface.KgbWatchFaceService$Engine ##############
[INFO] Analyzer: =============== onSensorChanged() ===============
[INFO] FlowGraph: @@@@ Total Class:   59
[INFO] FlowGraph: @@@@ Total Methods: 173
[INFO] FlowGraph: @@@@ Total Stmts:   3777
[INFO] Analyzer: =============== onAmbientModeChanged(false) ===============
[INFO] ICFGUtil: [acq labels] [(register_sensor_listener,NEW[new ru.slobodchikov.kgbwatchface.KgbWatchFaceService$Engine]589,1), (register_sensor_listener,NEW[new ru.slobodchikov.kgbwatchface.KgbWatchFaceService$Engine]589,2)]
[INFO] ICFGUtil: [rel labels] [(unregister_sensor_listener,NEW[new ru.slobodchikov.kgbwatchface.KgbWatchFaceService$Engine]589,2), (unregister_sensor_listener,NEW[new ru.slobodchikov.kgbwatchface.KgbWatchFaceService$Engine]589,1)]
[INFO] ICFGUtil: [all labels] [(unregister_sensor_listener,NEW[new ru.slobodchikov.kgbwatchface.KgbWatchFaceService$Engine]589,2), (unregister_sensor_listener,NEW[new ru.slobodchikov.kgbwatchface.KgbWatchFaceService$Engine]589,1), (register_sensor_listener,NEW[new ru.slobodchikov.kgbwatchface.KgbWatchFaceService$Engine]589,1), (register_sensor_listener,NEW[new ru.slobodchikov.kgbwatchface.KgbWatchFaceService$Engine]589,2)]
[INFO] Analyzer: =============== wfOnCreate() ===============
[INFO] Analyzer: =============== wfOnCreateEngine() ===============
[INFO] Analyzer: =============== onCreate() ===============
[INFO] Analyzer: =============== onVisibilityChanged(true) ===============
[INFO] ICFGUtil: [acq labels] [(register_sensor_listener,NEW[new ru.slobodchikov.kgbwatchface.KgbWatchFaceService$Engine]589,1), (register_sensor_listener,NEW[new ru.slobodchikov.kgbwatchface.KgbWatchFaceService$Engine]589,2)]
[INFO] ICFGUtil: [rel labels] [(unregister_sensor_listener,NEW[new ru.slobodchikov.kgbwatchface.KgbWatchFaceService$Engine]589,2), (unregister_sensor_listener,NEW[new ru.slobodchikov.kgbwatchface.KgbWatchFaceService$Engine]589,1)]
[INFO] ICFGUtil: [all labels] [(unregister_sensor_listener,NEW[new ru.slobodchikov.kgbwatchface.KgbWatchFaceService$Engine]589,2), (unregister_sensor_listener,NEW[new ru.slobodchikov.kgbwatchface.KgbWatchFaceService$Engine]589,1), (register_sensor_listener,NEW[new ru.slobodchikov.kgbwatchface.KgbWatchFaceService$Engine]589,1), (register_sensor_listener,NEW[new ru.slobodchikov.kgbwatchface.KgbWatchFaceService$Engine]589,2)]
[INFO] Analyzer: =============== onAmbientModeChanged(true) ===============
[INFO] ICFGUtil: [acq labels] [(register_sensor_listener,NEW[new ru.slobodchikov.kgbwatchface.KgbWatchFaceService$Engine]589,1), (register_sensor_listener,NEW[new ru.slobodchikov.kgbwatchface.KgbWatchFaceService$Engine]589,2)]
[INFO] ICFGUtil: [rel labels] [(unregister_sensor_listener,NEW[new ru.slobodchikov.kgbwatchface.KgbWatchFaceService$Engine]589,2), (unregister_sensor_listener,NEW[new ru.slobodchikov.kgbwatchface.KgbWatchFaceService$Engine]589,1)]
[INFO] ICFGUtil: [all labels] [(unregister_sensor_listener,NEW[new ru.slobodchikov.kgbwatchface.KgbWatchFaceService$Engine]589,2), (unregister_sensor_listener,NEW[new ru.slobodchikov.kgbwatchface.KgbWatchFaceService$Engine]589,1), (register_sensor_listener,NEW[new ru.slobodchikov.kgbwatchface.KgbWatchFaceService$Engine]589,1), (register_sensor_listener,NEW[new ru.slobodchikov.kgbwatchface.KgbWatchFaceService$Engine]589,2)]
[INFO] Analyzer: =============== onAmbientModeChanged(false) ===============
[INFO] ICFGUtil: [acq labels] [(register_sensor_listener,NEW[new ru.slobodchikov.kgbwatchface.KgbWatchFaceService$Engine]589,1), (register_sensor_listener,NEW[new ru.slobodchikov.kgbwatchface.KgbWatchFaceService$Engine]589,2)]
[INFO] ICFGUtil: [rel labels] [(unregister_sensor_listener,NEW[new ru.slobodchikov.kgbwatchface.KgbWatchFaceService$Engine]589,2), (unregister_sensor_listener,NEW[new ru.slobodchikov.kgbwatchface.KgbWatchFaceService$Engine]589,1)]
[INFO] ICFGUtil: [all labels] [(unregister_sensor_listener,NEW[new ru.slobodchikov.kgbwatchface.KgbWatchFaceService$Engine]589,2), (unregister_sensor_listener,NEW[new ru.slobodchikov.kgbwatchface.KgbWatchFaceService$Engine]589,1), (register_sensor_listener,NEW[new ru.slobodchikov.kgbwatchface.KgbWatchFaceService$Engine]589,1), (register_sensor_listener,NEW[new ru.slobodchikov.kgbwatchface.KgbWatchFaceService$Engine]589,2)]
[INFO] Analyzer: =============== wfOnCreate() ===============
[INFO] Analyzer: =============== wfOnCreateEngine() ===============
[INFO] Analyzer: =============== onCreate() ===============
[INFO] Analyzer: =============== onVisibilityChanged(true) ===============
[INFO] ICFGUtil: [acq labels] [(register_sensor_listener,NEW[new ru.slobodchikov.kgbwatchface.KgbWatchFaceService$Engine]589,1), (register_sensor_listener,NEW[new ru.slobodchikov.kgbwatchface.KgbWatchFaceService$Engine]589,2)]
[INFO] ICFGUtil: [rel labels] [(unregister_sensor_listener,NEW[new ru.slobodchikov.kgbwatchface.KgbWatchFaceService$Engine]589,2), (unregister_sensor_listener,NEW[new ru.slobodchikov.kgbwatchface.KgbWatchFaceService$Engine]589,1)]
[INFO] ICFGUtil: [all labels] [(unregister_sensor_listener,NEW[new ru.slobodchikov.kgbwatchface.KgbWatchFaceService$Engine]589,2), (unregister_sensor_listener,NEW[new ru.slobodchikov.kgbwatchface.KgbWatchFaceService$Engine]589,1), (register_sensor_listener,NEW[new ru.slobodchikov.kgbwatchface.KgbWatchFaceService$Engine]589,1), (register_sensor_listener,NEW[new ru.slobodchikov.kgbwatchface.KgbWatchFaceService$Engine]589,2)]
[INFO] Analyzer: =============== onVisibilityChanged(false) ===============
[INFO] ICFGUtil: [acq labels] [(register_sensor_listener,NEW[new ru.slobodchikov.kgbwatchface.KgbWatchFaceService$Engine]589,1), (register_sensor_listener,NEW[new ru.slobodchikov.kgbwatchface.KgbWatchFaceService$Engine]589,2)]
[INFO] ICFGUtil: [rel labels] [(unregister_sensor_listener,NEW[new ru.slobodchikov.kgbwatchface.KgbWatchFaceService$Engine]589,2), (unregister_sensor_listener,NEW[new ru.slobodchikov.kgbwatchface.KgbWatchFaceService$Engine]589,1)]
[INFO] ICFGUtil: [all labels] [(unregister_sensor_listener,NEW[new ru.slobodchikov.kgbwatchface.KgbWatchFaceService$Engine]589,2), (unregister_sensor_listener,NEW[new ru.slobodchikov.kgbwatchface.KgbWatchFaceService$Engine]589,1), (register_sensor_listener,NEW[new ru.slobodchikov.kgbwatchface.KgbWatchFaceService$Engine]589,1), (register_sensor_listener,NEW[new ru.slobodchikov.kgbwatchface.KgbWatchFaceService$Engine]589,2)]
[INFO] Analyzer: =============== onAmbientModeChanged(true) ===============
[INFO] ICFGUtil: [acq labels] [(register_sensor_listener,NEW[new ru.slobodchikov.kgbwatchface.KgbWatchFaceService$Engine]589,1), (register_sensor_listener,NEW[new ru.slobodchikov.kgbwatchface.KgbWatchFaceService$Engine]589,2)]
[INFO] ICFGUtil: [rel labels] [(unregister_sensor_listener,NEW[new ru.slobodchikov.kgbwatchface.KgbWatchFaceService$Engine]589,2), (unregister_sensor_listener,NEW[new ru.slobodchikov.kgbwatchface.KgbWatchFaceService$Engine]589,1)]
[INFO] ICFGUtil: [all labels] [(unregister_sensor_listener,NEW[new ru.slobodchikov.kgbwatchface.KgbWatchFaceService$Engine]589,2), (unregister_sensor_listener,NEW[new ru.slobodchikov.kgbwatchface.KgbWatchFaceService$Engine]589,1), (register_sensor_listener,NEW[new ru.slobodchikov.kgbwatchface.KgbWatchFaceService$Engine]589,1), (register_sensor_listener,NEW[new ru.slobodchikov.kgbwatchface.KgbWatchFaceService$Engine]589,2)]
[INFO] Analyzer: =============== onVisibilityChanged(true) ===============
[INFO] ICFGUtil: [acq labels] [(register_sensor_listener,NEW[new ru.slobodchikov.kgbwatchface.KgbWatchFaceService$Engine]589,1), (register_sensor_listener,NEW[new ru.slobodchikov.kgbwatchface.KgbWatchFaceService$Engine]589,2)]
[INFO] ICFGUtil: [rel labels] [(unregister_sensor_listener,NEW[new ru.slobodchikov.kgbwatchface.KgbWatchFaceService$Engine]589,2), (unregister_sensor_listener,NEW[new ru.slobodchikov.kgbwatchface.KgbWatchFaceService$Engine]589,1)]
[INFO] ICFGUtil: [all labels] [(unregister_sensor_listener,NEW[new ru.slobodchikov.kgbwatchface.KgbWatchFaceService$Engine]589,2), (unregister_sensor_listener,NEW[new ru.slobodchikov.kgbwatchface.KgbWatchFaceService$Engine]589,1), (register_sensor_listener,NEW[new ru.slobodchikov.kgbwatchface.KgbWatchFaceService$Engine]589,1), (register_sensor_listener,NEW[new ru.slobodchikov.kgbwatchface.KgbWatchFaceService$Engine]589,2)]
[INFO] Analyzer: =============== onAmbientModeChanged(false) ===============
[INFO] ICFGUtil: [acq labels] [(register_sensor_listener,NEW[new ru.slobodchikov.kgbwatchface.KgbWatchFaceService$Engine]589,1), (register_sensor_listener,NEW[new ru.slobodchikov.kgbwatchface.KgbWatchFaceService$Engine]589,2)]
[INFO] ICFGUtil: [rel labels] [(unregister_sensor_listener,NEW[new ru.slobodchikov.kgbwatchface.KgbWatchFaceService$Engine]589,2), (unregister_sensor_listener,NEW[new ru.slobodchikov.kgbwatchface.KgbWatchFaceService$Engine]589,1)]
[INFO] ICFGUtil: [all labels] [(unregister_sensor_listener,NEW[new ru.slobodchikov.kgbwatchface.KgbWatchFaceService$Engine]589,2), (unregister_sensor_listener,NEW[new ru.slobodchikov.kgbwatchface.KgbWatchFaceService$Engine]589,1), (register_sensor_listener,NEW[new ru.slobodchikov.kgbwatchface.KgbWatchFaceService$Engine]589,1), (register_sensor_listener,NEW[new ru.slobodchikov.kgbwatchface.KgbWatchFaceService$Engine]589,2)]
[INFO] Analyzer: =============== wfOnCreate() ===============
[INFO] Analyzer: =============== wfOnCreateEngine() ===============
[INFO] Analyzer: =============== onCreate() ===============
[INFO] Analyzer: =============== onVisibilityChanged(true) ===============
[INFO] ICFGUtil: [acq labels] [(register_sensor_listener,NEW[new ru.slobodchikov.kgbwatchface.KgbWatchFaceService$Engine]589,1), (register_sensor_listener,NEW[new ru.slobodchikov.kgbwatchface.KgbWatchFaceService$Engine]589,2)]
[INFO] ICFGUtil: [rel labels] [(unregister_sensor_listener,NEW[new ru.slobodchikov.kgbwatchface.KgbWatchFaceService$Engine]589,2), (unregister_sensor_listener,NEW[new ru.slobodchikov.kgbwatchface.KgbWatchFaceService$Engine]589,1)]
[INFO] ICFGUtil: [all labels] [(unregister_sensor_listener,NEW[new ru.slobodchikov.kgbwatchface.KgbWatchFaceService$Engine]589,2), (unregister_sensor_listener,NEW[new ru.slobodchikov.kgbwatchface.KgbWatchFaceService$Engine]589,1), (register_sensor_listener,NEW[new ru.slobodchikov.kgbwatchface.KgbWatchFaceService$Engine]589,1), (register_sensor_listener,NEW[new ru.slobodchikov.kgbwatchface.KgbWatchFaceService$Engine]589,2)]
[INFO] Analyzer: =============== onVisibilityChanged(false) ===============
[INFO] ICFGUtil: [acq labels] [(register_sensor_listener,NEW[new ru.slobodchikov.kgbwatchface.KgbWatchFaceService$Engine]589,1), (register_sensor_listener,NEW[new ru.slobodchikov.kgbwatchface.KgbWatchFaceService$Engine]589,2)]
[INFO] ICFGUtil: [rel labels] [(unregister_sensor_listener,NEW[new ru.slobodchikov.kgbwatchface.KgbWatchFaceService$Engine]589,2), (unregister_sensor_listener,NEW[new ru.slobodchikov.kgbwatchface.KgbWatchFaceService$Engine]589,1)]
[INFO] ICFGUtil: [all labels] [(unregister_sensor_listener,NEW[new ru.slobodchikov.kgbwatchface.KgbWatchFaceService$Engine]589,2), (unregister_sensor_listener,NEW[new ru.slobodchikov.kgbwatchface.KgbWatchFaceService$Engine]589,1), (register_sensor_listener,NEW[new ru.slobodchikov.kgbwatchface.KgbWatchFaceService$Engine]589,1), (register_sensor_listener,NEW[new ru.slobodchikov.kgbwatchface.KgbWatchFaceService$Engine]589,2)]
[INFO] Analyzer: =============== onAmbientModeChanged(true) ===============
[INFO] ICFGUtil: [acq labels] [(register_sensor_listener,NEW[new ru.slobodchikov.kgbwatchface.KgbWatchFaceService$Engine]589,1), (register_sensor_listener,NEW[new ru.slobodchikov.kgbwatchface.KgbWatchFaceService$Engine]589,2)]
[INFO] ICFGUtil: [rel labels] [(unregister_sensor_listener,NEW[new ru.slobodchikov.kgbwatchface.KgbWatchFaceService$Engine]589,2), (unregister_sensor_listener,NEW[new ru.slobodchikov.kgbwatchface.KgbWatchFaceService$Engine]589,1)]
[INFO] ICFGUtil: [all labels] [(unregister_sensor_listener,NEW[new ru.slobodchikov.kgbwatchface.KgbWatchFaceService$Engine]589,2), (unregister_sensor_listener,NEW[new ru.slobodchikov.kgbwatchface.KgbWatchFaceService$Engine]589,1), (register_sensor_listener,NEW[new ru.slobodchikov.kgbwatchface.KgbWatchFaceService$Engine]589,1), (register_sensor_listener,NEW[new ru.slobodchikov.kgbwatchface.KgbWatchFaceService$Engine]589,2)]
[INFO] Analyzer: =============== onVisibilityChanged(true) ===============
[INFO] ICFGUtil: [acq labels] [(register_sensor_listener,NEW[new ru.slobodchikov.kgbwatchface.KgbWatchFaceService$Engine]589,1), (register_sensor_listener,NEW[new ru.slobodchikov.kgbwatchface.KgbWatchFaceService$Engine]589,2)]
[INFO] ICFGUtil: [rel labels] [(unregister_sensor_listener,NEW[new ru.slobodchikov.kgbwatchface.KgbWatchFaceService$Engine]589,2), (unregister_sensor_listener,NEW[new ru.slobodchikov.kgbwatchface.KgbWatchFaceService$Engine]589,1)]
[INFO] ICFGUtil: [all labels] [(unregister_sensor_listener,NEW[new ru.slobodchikov.kgbwatchface.KgbWatchFaceService$Engine]589,2), (unregister_sensor_listener,NEW[new ru.slobodchikov.kgbwatchface.KgbWatchFaceService$Engine]589,1), (register_sensor_listener,NEW[new ru.slobodchikov.kgbwatchface.KgbWatchFaceService$Engine]589,1), (register_sensor_listener,NEW[new ru.slobodchikov.kgbwatchface.KgbWatchFaceService$Engine]589,2)]
[INFO] Analyzer: =============== onAmbientModeChanged(false) ===============
[INFO] ICFGUtil: [acq labels] [(register_sensor_listener,NEW[new ru.slobodchikov.kgbwatchface.KgbWatchFaceService$Engine]589,1), (register_sensor_listener,NEW[new ru.slobodchikov.kgbwatchface.KgbWatchFaceService$Engine]589,2)]
[INFO] ICFGUtil: [rel labels] [(unregister_sensor_listener,NEW[new ru.slobodchikov.kgbwatchface.KgbWatchFaceService$Engine]589,2), (unregister_sensor_listener,NEW[new ru.slobodchikov.kgbwatchface.KgbWatchFaceService$Engine]589,1)]
[INFO] ICFGUtil: [all labels] [(unregister_sensor_listener,NEW[new ru.slobodchikov.kgbwatchface.KgbWatchFaceService$Engine]589,2), (unregister_sensor_listener,NEW[new ru.slobodchikov.kgbwatchface.KgbWatchFaceService$Engine]589,1), (register_sensor_listener,NEW[new ru.slobodchikov.kgbwatchface.KgbWatchFaceService$Engine]589,1), (register_sensor_listener,NEW[new ru.slobodchikov.kgbwatchface.KgbWatchFaceService$Engine]589,2)]
[INFO] Analyzer: =============== wfOnCreate() ===============
[INFO] Analyzer: =============== wfOnCreateEngine() ===============
[INFO] Analyzer: =============== onCreate() ===============
[INFO] Analyzer: =============== onVisibilityChanged(true) ===============
[INFO] ICFGUtil: [acq labels] [(register_sensor_listener,NEW[new ru.slobodchikov.kgbwatchface.KgbWatchFaceService$Engine]589,1), (register_sensor_listener,NEW[new ru.slobodchikov.kgbwatchface.KgbWatchFaceService$Engine]589,2)]
[INFO] ICFGUtil: [rel labels] [(unregister_sensor_listener,NEW[new ru.slobodchikov.kgbwatchface.KgbWatchFaceService$Engine]589,2), (unregister_sensor_listener,NEW[new ru.slobodchikov.kgbwatchface.KgbWatchFaceService$Engine]589,1)]
[INFO] ICFGUtil: [all labels] [(unregister_sensor_listener,NEW[new ru.slobodchikov.kgbwatchface.KgbWatchFaceService$Engine]589,2), (unregister_sensor_listener,NEW[new ru.slobodchikov.kgbwatchface.KgbWatchFaceService$Engine]589,1), (register_sensor_listener,NEW[new ru.slobodchikov.kgbwatchface.KgbWatchFaceService$Engine]589,1), (register_sensor_listener,NEW[new ru.slobodchikov.kgbwatchface.KgbWatchFaceService$Engine]589,2)]
[INFO] Analyzer: =============== onVisibilityChanged(false) ===============
[INFO] ICFGUtil: [acq labels] [(register_sensor_listener,NEW[new ru.slobodchikov.kgbwatchface.KgbWatchFaceService$Engine]589,1), (register_sensor_listener,NEW[new ru.slobodchikov.kgbwatchface.KgbWatchFaceService$Engine]589,2)]
[INFO] ICFGUtil: [rel labels] [(unregister_sensor_listener,NEW[new ru.slobodchikov.kgbwatchface.KgbWatchFaceService$Engine]589,2), (unregister_sensor_listener,NEW[new ru.slobodchikov.kgbwatchface.KgbWatchFaceService$Engine]589,1)]
[INFO] ICFGUtil: [all labels] [(unregister_sensor_listener,NEW[new ru.slobodchikov.kgbwatchface.KgbWatchFaceService$Engine]589,2), (unregister_sensor_listener,NEW[new ru.slobodchikov.kgbwatchface.KgbWatchFaceService$Engine]589,1), (register_sensor_listener,NEW[new ru.slobodchikov.kgbwatchface.KgbWatchFaceService$Engine]589,1), (register_sensor_listener,NEW[new ru.slobodchikov.kgbwatchface.KgbWatchFaceService$Engine]589,2)]
[INFO] Analyzer: =============== onDestroy() ===============
[INFO] Analyzer: =============== wfOnDestroy() ===============
[INFO] Analyzer: =============== onAmbientModeChanged(false) ===============
[INFO] ICFGUtil: [acq labels] [(register_sensor_listener,NEW[new ru.slobodchikov.kgbwatchface.KgbWatchFaceService$Engine]589,1), (register_sensor_listener,NEW[new ru.slobodchikov.kgbwatchface.KgbWatchFaceService$Engine]589,2)]
[INFO] ICFGUtil: [rel labels] [(unregister_sensor_listener,NEW[new ru.slobodchikov.kgbwatchface.KgbWatchFaceService$Engine]589,2), (unregister_sensor_listener,NEW[new ru.slobodchikov.kgbwatchface.KgbWatchFaceService$Engine]589,1)]
[INFO] ICFGUtil: [all labels] [(unregister_sensor_listener,NEW[new ru.slobodchikov.kgbwatchface.KgbWatchFaceService$Engine]589,2), (unregister_sensor_listener,NEW[new ru.slobodchikov.kgbwatchface.KgbWatchFaceService$Engine]589,1), (register_sensor_listener,NEW[new ru.slobodchikov.kgbwatchface.KgbWatchFaceService$Engine]589,1), (register_sensor_listener,NEW[new ru.slobodchikov.kgbwatchface.KgbWatchFaceService$Engine]589,2)]
[INFO] Analyzer: =============== wfOnCreate() ===============
[INFO] Analyzer: =============== wfOnCreateEngine() ===============
[INFO] Analyzer: =============== onCreate() ===============
[INFO] Analyzer: =============== onVisibilityChanged(true) ===============
[INFO] ICFGUtil: [acq labels] [(register_sensor_listener,NEW[new ru.slobodchikov.kgbwatchface.KgbWatchFaceService$Engine]589,1), (register_sensor_listener,NEW[new ru.slobodchikov.kgbwatchface.KgbWatchFaceService$Engine]589,2)]
[INFO] ICFGUtil: [rel labels] [(unregister_sensor_listener,NEW[new ru.slobodchikov.kgbwatchface.KgbWatchFaceService$Engine]589,2), (unregister_sensor_listener,NEW[new ru.slobodchikov.kgbwatchface.KgbWatchFaceService$Engine]589,1)]
[INFO] ICFGUtil: [all labels] [(unregister_sensor_listener,NEW[new ru.slobodchikov.kgbwatchface.KgbWatchFaceService$Engine]589,2), (unregister_sensor_listener,NEW[new ru.slobodchikov.kgbwatchface.KgbWatchFaceService$Engine]589,1), (register_sensor_listener,NEW[new ru.slobodchikov.kgbwatchface.KgbWatchFaceService$Engine]589,1), (register_sensor_listener,NEW[new ru.slobodchikov.kgbwatchface.KgbWatchFaceService$Engine]589,2)]
[INFO] Analyzer: =============== onVisibilityChanged(false) ===============
[INFO] ICFGUtil: [acq labels] [(register_sensor_listener,NEW[new ru.slobodchikov.kgbwatchface.KgbWatchFaceService$Engine]589,1), (register_sensor_listener,NEW[new ru.slobodchikov.kgbwatchface.KgbWatchFaceService$Engine]589,2)]
[INFO] ICFGUtil: [rel labels] [(unregister_sensor_listener,NEW[new ru.slobodchikov.kgbwatchface.KgbWatchFaceService$Engine]589,2), (unregister_sensor_listener,NEW[new ru.slobodchikov.kgbwatchface.KgbWatchFaceService$Engine]589,1)]
[INFO] ICFGUtil: [all labels] [(unregister_sensor_listener,NEW[new ru.slobodchikov.kgbwatchface.KgbWatchFaceService$Engine]589,2), (unregister_sensor_listener,NEW[new ru.slobodchikov.kgbwatchface.KgbWatchFaceService$Engine]589,1), (register_sensor_listener,NEW[new ru.slobodchikov.kgbwatchface.KgbWatchFaceService$Engine]589,1), (register_sensor_listener,NEW[new ru.slobodchikov.kgbwatchface.KgbWatchFaceService$Engine]589,2)]
[INFO] Analyzer: =============== onDestroy() ===============
[INFO] Analyzer: =============== wfOnDestroy() ===============
[INFO] Analyzer: =============== onAmbientModeChanged(true) ===============
[INFO] ICFGUtil: [acq labels] [(register_sensor_listener,NEW[new ru.slobodchikov.kgbwatchface.KgbWatchFaceService$Engine]589,1), (register_sensor_listener,NEW[new ru.slobodchikov.kgbwatchface.KgbWatchFaceService$Engine]589,2)]
[INFO] ICFGUtil: [rel labels] [(unregister_sensor_listener,NEW[new ru.slobodchikov.kgbwatchface.KgbWatchFaceService$Engine]589,2), (unregister_sensor_listener,NEW[new ru.slobodchikov.kgbwatchface.KgbWatchFaceService$Engine]589,1)]
[INFO] ICFGUtil: [all labels] [(unregister_sensor_listener,NEW[new ru.slobodchikov.kgbwatchface.KgbWatchFaceService$Engine]589,2), (unregister_sensor_listener,NEW[new ru.slobodchikov.kgbwatchface.KgbWatchFaceService$Engine]589,1), (register_sensor_listener,NEW[new ru.slobodchikov.kgbwatchface.KgbWatchFaceService$Engine]589,1), (register_sensor_listener,NEW[new ru.slobodchikov.kgbwatchface.KgbWatchFaceService$Engine]589,2)]
[INFO] Analyzer: =============== onAmbientModeChanged(false) ===============
[INFO] ICFGUtil: [acq labels] []
[INFO] ICFGUtil: [rel labels] [(unregister_sensor_listener,NEW[new ru.slobodchikov.kgbwatchface.KgbWatchFaceService$Engine]589,2), (unregister_sensor_listener,NEW[new ru.slobodchikov.kgbwatchface.KgbWatchFaceService$Engine]589,1)]
[INFO] ICFGUtil: [all labels] [(unregister_sensor_listener,NEW[new ru.slobodchikov.kgbwatchface.KgbWatchFaceService$Engine]589,2), (unregister_sensor_listener,NEW[new ru.slobodchikov.kgbwatchface.KgbWatchFaceService$Engine]589,1)]
[INFO] MySceneTransformer: setColor @ onAmbientModeChanged(true): [{}]
[INFO] MySceneTransformer: setColor @ onAmbientModeChanged(false): [{}]
[INFO] MySceneTransformer: setColor equal=true
[INFO] MySceneTransformer: colors @ onAmbientModeChanged(true): []
[INFO] MySceneTransformer: colors @ onAmbientModeChanged(false): []
[INFO] MySceneTransformer: colors equal=false
[INFO] MySceneTransformer: @@@@@@ SENSOR LEAK @@@@@@ [1, 2] [[<null::SELECT::interactive>, <interactive::STANDBY::ambient>]]
[INFO] MySceneTransformer: LEAK TESTCASE 1: wearable.select_on_handheld(HANDHELD_SERIALNO, labels[pkg])
[INFO] MySceneTransformer: LEAK TESTCASE 1: wearable.standby()
[INFO] MySceneTransformer: @@@@@@ SENSOR LEAK @@@@@@ [1, 2] [[<null::SELECT::interactive>, <interactive::SWIPE_UP::invisible_notification>, <invisible_notification::STANDBY::ambient>]]
[INFO] MySceneTransformer: LEAK TESTCASE 2: wearable.select_on_handheld(HANDHELD_SERIALNO, labels[pkg])
[INFO] MySceneTransformer: LEAK TESTCASE 2: wearable.swipe_up()
[INFO] MySceneTransformer: LEAK TESTCASE 2: wearable.standby()
[INFO] MySceneTransformer: @@@@@@ SENSOR LEAK @@@@@@ [1, 2] [[<null::SELECT::interactive>, <interactive::PRESS_SIDE_BUTTON::invisible_applist>, <invisible_applist::STANDBY::ambient>]]
[INFO] MySceneTransformer: LEAK TESTCASE 3: wearable.select_on_handheld(HANDHELD_SERIALNO, labels[pkg])
[INFO] MySceneTransformer: LEAK TESTCASE 3: wearable.press_side_button()
[INFO] MySceneTransformer: LEAK TESTCASE 3: wearable.standby()
[INFO] MySceneTransformer: @@@@@@ SENSOR LEAK @@@@@@ [1, 2] [[<null::SELECT::interactive>, <interactive::SWIPE_LEFT::invisible_wfpicker>, <invisible_wfpicker::DESELECT::null>]]
[INFO] MySceneTransformer: LEAK TESTCASE 4: wearable.select_on_handheld(HANDHELD_SERIALNO, labels[pkg])
[INFO] MySceneTransformer: LEAK TESTCASE 4: wearable.swipe_left()
[INFO] MySceneTransformer: LEAK TESTCASE 4: wearable.deselect_on_handheld(HANDHELD_SERIALNO)
[INFO] MySceneTransformer: @@@@@@ SENSOR LEAK @@@@@@ [1, 2] [[<null::SELECT::interactive>, <interactive::SWIPE_RIGHT::invisible_wfpicker>, <invisible_wfpicker::DESELECT::null>]]
[INFO] MySceneTransformer: LEAK TESTCASE 5: wearable.select_on_handheld(HANDHELD_SERIALNO, labels[pkg])
[INFO] MySceneTransformer: LEAK TESTCASE 5: wearable.swipe_right()
[INFO] MySceneTransformer: LEAK TESTCASE 5: wearable.deselect_on_handheld(HANDHELD_SERIALNO)
[INFO] MySceneTransformer: TOTAL TIME: 7.033000 sec
[INFO] MySceneTransformer: Soot stopped on Thu Jun 21 13:28:07 EDT 2018
