Soot started on Thu Jun 21 13:41:37 EDT 2018
[INFO] MySceneTransformer: WatchFaceService:::: wearable.android.breel.com.kaleidoscope.BReelWatchFaceService
[INFO] MySceneTransformer: !!!!!!!!!! Going to analyze: ./apks/wear/wearable.android.breel.com.kaleidoscope.apk
[INFO] MySceneTransformer: ############## wearable.android.breel.com.kaleidoscope.BReelWatchFaceService$Engine ##############
[INFO] Analyzer: =============== onAmbientModeChanged(false) ===============
[INFO] FlowGraph: @@@@ Total Class:   51
[INFO] FlowGraph: @@@@ Total Methods: 186
[INFO] FlowGraph: @@@@ Total Stmts:   3306
[INFO] FlowAnalysis: =================== <android.graphics.Paint: void setColor(int)>(0)
[INFO] FlowAnalysis: =================== <android.graphics.Paint: void setColor(int)>(0)
[INFO] FlowAnalysis: =================== <android.graphics.Paint: void setColor(int)>(0)
[INFO] FlowAnalysis: =================== <android.graphics.Paint: void setColor(int)>(0)
[INFO] Analyzer: =============== wfOnCreate() ===============
[INFO] Analyzer: =============== wfOnCreateEngine() ===============
[INFO] Analyzer: =============== onCreate() ===============
[INFO] Analyzer: =============== onVisibilityChanged(true) ===============
[INFO] FlowAnalysis: =================== <android.graphics.Paint: void setColor(int)>(0)
[INFO] FlowAnalysis: =================== <android.graphics.Paint: void setColor(int)>(0)
[INFO] FlowAnalysis: =================== <android.graphics.Paint: void setColor(int)>(-16777216)
[INFO] Analyzer: =============== onAmbientModeChanged(true) ===============
[INFO] FlowAnalysis: =================== <android.graphics.Paint: void setColor(int)>(-16777216)
[INFO] Analyzer: =============== onAmbientModeChanged(false) ===============
[INFO] FlowAnalysis: =================== <android.graphics.Paint: void setColor(int)>(0)
[INFO] FlowAnalysis: =================== <android.graphics.Paint: void setColor(int)>(0)
[INFO] FlowAnalysis: =================== <android.graphics.Paint: void setColor(int)>(0)
[INFO] FlowAnalysis: =================== <android.graphics.Paint: void setColor(int)>(0)
[INFO] Analyzer: =============== wfOnCreate() ===============
[INFO] Analyzer: =============== wfOnCreateEngine() ===============
[INFO] Analyzer: =============== onCreate() ===============
[INFO] Analyzer: =============== onVisibilityChanged(true) ===============
[INFO] FlowAnalysis: =================== <android.graphics.Paint: void setColor(int)>(0)
[INFO] FlowAnalysis: =================== <android.graphics.Paint: void setColor(int)>(0)
[INFO] FlowAnalysis: =================== <android.graphics.Paint: void setColor(int)>(-16777216)
[INFO] Analyzer: =============== onVisibilityChanged(false) ===============
[INFO] Analyzer: =============== onAmbientModeChanged(true) ===============
[INFO] FlowAnalysis: =================== <android.graphics.Paint: void setColor(int)>(-16777216)
[INFO] Analyzer: =============== onVisibilityChanged(true) ===============
[INFO] FlowAnalysis: =================== <android.graphics.Paint: void setColor(int)>(0)
[INFO] FlowAnalysis: =================== <android.graphics.Paint: void setColor(int)>(0)
[INFO] FlowAnalysis: =================== <android.graphics.Paint: void setColor(int)>(-16777216)
[INFO] Analyzer: =============== onAmbientModeChanged(false) ===============
[INFO] FlowAnalysis: =================== <android.graphics.Paint: void setColor(int)>(0)
[INFO] FlowAnalysis: =================== <android.graphics.Paint: void setColor(int)>(0)
[INFO] FlowAnalysis: =================== <android.graphics.Paint: void setColor(int)>(0)
[INFO] FlowAnalysis: =================== <android.graphics.Paint: void setColor(int)>(0)
[INFO] Analyzer: =============== wfOnCreate() ===============
[INFO] Analyzer: =============== wfOnCreateEngine() ===============
[INFO] Analyzer: =============== onCreate() ===============
[INFO] Analyzer: =============== onVisibilityChanged(true) ===============
[INFO] FlowAnalysis: =================== <android.graphics.Paint: void setColor(int)>(0)
[INFO] FlowAnalysis: =================== <android.graphics.Paint: void setColor(int)>(0)
[INFO] FlowAnalysis: =================== <android.graphics.Paint: void setColor(int)>(-16777216)
[INFO] Analyzer: =============== onVisibilityChanged(false) ===============
[INFO] Analyzer: =============== onAmbientModeChanged(true) ===============
[INFO] FlowAnalysis: =================== <android.graphics.Paint: void setColor(int)>(-16777216)
[INFO] Analyzer: =============== onVisibilityChanged(true) ===============
[INFO] FlowAnalysis: =================== <android.graphics.Paint: void setColor(int)>(0)
[INFO] FlowAnalysis: =================== <android.graphics.Paint: void setColor(int)>(0)
[INFO] FlowAnalysis: =================== <android.graphics.Paint: void setColor(int)>(-16777216)
[INFO] Analyzer: =============== onAmbientModeChanged(false) ===============
[INFO] FlowAnalysis: =================== <android.graphics.Paint: void setColor(int)>(0)
[INFO] FlowAnalysis: =================== <android.graphics.Paint: void setColor(int)>(0)
[INFO] FlowAnalysis: =================== <android.graphics.Paint: void setColor(int)>(0)
[INFO] FlowAnalysis: =================== <android.graphics.Paint: void setColor(int)>(0)
[INFO] Analyzer: =============== wfOnCreate() ===============
[INFO] Analyzer: =============== wfOnCreateEngine() ===============
[INFO] Analyzer: =============== onCreate() ===============
[INFO] Analyzer: =============== onVisibilityChanged(true) ===============
[INFO] FlowAnalysis: =================== <android.graphics.Paint: void setColor(int)>(0)
[INFO] FlowAnalysis: =================== <android.graphics.Paint: void setColor(int)>(0)
[INFO] FlowAnalysis: =================== <android.graphics.Paint: void setColor(int)>(-16777216)
[INFO] Analyzer: =============== onVisibilityChanged(false) ===============
[INFO] Analyzer: =============== onDestroy() ===============
[INFO] Analyzer: =============== wfOnDestroy() ===============
[INFO] Analyzer: =============== onAmbientModeChanged(false) ===============
[INFO] FlowAnalysis: =================== <android.graphics.Paint: void setColor(int)>(0)
[INFO] FlowAnalysis: =================== <android.graphics.Paint: void setColor(int)>(0)
[INFO] FlowAnalysis: =================== <android.graphics.Paint: void setColor(int)>(0)
[INFO] FlowAnalysis: =================== <android.graphics.Paint: void setColor(int)>(0)
[INFO] Analyzer: =============== wfOnCreate() ===============
[INFO] Analyzer: =============== wfOnCreateEngine() ===============
[INFO] Analyzer: =============== onCreate() ===============
[INFO] Analyzer: =============== onVisibilityChanged(true) ===============
[INFO] FlowAnalysis: =================== <android.graphics.Paint: void setColor(int)>(0)
[INFO] FlowAnalysis: =================== <android.graphics.Paint: void setColor(int)>(0)
[INFO] FlowAnalysis: =================== <android.graphics.Paint: void setColor(int)>(-16777216)
[INFO] Analyzer: =============== onVisibilityChanged(false) ===============
[INFO] Analyzer: =============== onDestroy() ===============
[INFO] Analyzer: =============== wfOnDestroy() ===============
[INFO] Analyzer: =============== onAmbientModeChanged(true) ===============
[INFO] FlowAnalysis: =================== <android.graphics.Paint: void setColor(int)>(0)
[INFO] FlowAnalysis: =================== <android.graphics.Paint: void setColor(int)>(0)
[INFO] FlowAnalysis: =================== <android.graphics.Paint: void setColor(int)>(-16777216)
[INFO] Analyzer: =============== onAmbientModeChanged(false) ===============
[INFO] FlowAnalysis: =================== <android.graphics.Paint: void setColor(int)>(0)
[INFO] FlowAnalysis: =================== <android.graphics.Paint: void setColor(int)>(0)
[INFO] FlowAnalysis: =================== <android.graphics.Paint: void setColor(int)>(0)
[INFO] MySceneTransformer: setColor @ onAmbientModeChanged(true): [{$r1_9=[-1], $r1_10=[-1], $r3_1=[-1], $r1=[-16777216], $r2=[0]}]
[INFO] MySceneTransformer: setColor @ onAmbientModeChanged(false): [{$r1_17=[-1], $r1_21=[-16777216], $r1_22=[-16777216], $r1_16=[-1], $r2=[0]}]
[INFO] MySceneTransformer: setColor equal=false
[INFO] MySceneTransformer: colors @ onAmbientModeChanged(true): []
[INFO] MySceneTransformer: colors @ onAmbientModeChanged(false): []
[INFO] MySceneTransformer: colors equal=false
[INFO] MySceneTransformer: TOTAL TIME: 2.951000 sec
[INFO] MySceneTransformer: Soot stopped on Thu Jun 21 13:41:43 EDT 2018
