Soot started on Thu Jun 21 13:41:50 EDT 2018
[INFO] MySceneTransformer: WatchFaceService:::: wearable.android.breel.com.thehundreds.BReelWatchFaceService
[INFO] MySceneTransformer: !!!!!!!!!! Going to analyze: ./apks/wear/wearable.android.breel.com.thehundreds.apk
[INFO] MySceneTransformer: ############## wearable.android.breel.com.thehundreds.BReelWatchFaceService$Engine ##############
[INFO] Analyzer: =============== onSensorChanged() ===============
[INFO] FlowGraph: @@@@ Total Class:   50
[INFO] FlowGraph: @@@@ Total Methods: 190
[INFO] FlowGraph: @@@@ Total Stmts:   3444
[INFO] Analyzer: =============== onAmbientModeChanged(false) ===============
[INFO] ICFGUtil: [acq labels] [(register_sensor_listener,NEW[new wearable.android.breel.com.thehundreds.viewcontroller.OrientationController$1]1280,1)]
[INFO] ICFGUtil: [rel labels] [(unregister_sensor_listener,NEW[new wearable.android.breel.com.thehundreds.viewcontroller.OrientationController$1]1280,-1)]
[INFO] ICFGUtil: [all labels] [(unregister_sensor_listener,NEW[new wearable.android.breel.com.thehundreds.viewcontroller.OrientationController$1]1280,-1), (register_sensor_listener,NEW[new wearable.android.breel.com.thehundreds.viewcontroller.OrientationController$1]1280,1)]
[INFO] Analyzer: =============== wfOnCreate() ===============
[INFO] Analyzer: =============== wfOnCreateEngine() ===============
[INFO] Analyzer: =============== onCreate() ===============
[INFO] Analyzer: =============== onVisibilityChanged(true) ===============
[INFO] FlowAnalysis: =================== <android.graphics.Paint: void setColor(int)>(0)
[INFO] FlowAnalysis: =================== <android.graphics.Paint: void setColor(int)>(0)
[INFO] ICFGUtil: [acq labels] [(register_sensor_listener,NEW[new wearable.android.breel.com.thehundreds.viewcontroller.OrientationController$1]1280,1)]
[INFO] ICFGUtil: [rel labels] []
[INFO] ICFGUtil: [all labels] [(register_sensor_listener,NEW[new wearable.android.breel.com.thehundreds.viewcontroller.OrientationController$1]1280,1)]
[INFO] Analyzer: =============== onAmbientModeChanged(true) ===============
[INFO] FlowAnalysis: =================== <android.graphics.Paint: void setColor(int)>(0)
[INFO] FlowAnalysis: =================== <android.graphics.Paint: void setColor(int)>(0)
[INFO] Analyzer: =============== onAmbientModeChanged(false) ===============
[INFO] ICFGUtil: [acq labels] [(register_sensor_listener,NEW[new wearable.android.breel.com.thehundreds.viewcontroller.OrientationController$1]1280,1)]
[INFO] ICFGUtil: [rel labels] [(unregister_sensor_listener,NEW[new wearable.android.breel.com.thehundreds.viewcontroller.OrientationController$1]1280,-1)]
[INFO] ICFGUtil: [all labels] [(unregister_sensor_listener,NEW[new wearable.android.breel.com.thehundreds.viewcontroller.OrientationController$1]1280,-1), (register_sensor_listener,NEW[new wearable.android.breel.com.thehundreds.viewcontroller.OrientationController$1]1280,1)]
[INFO] Analyzer: =============== wfOnCreate() ===============
[INFO] Analyzer: =============== wfOnCreateEngine() ===============
[INFO] Analyzer: =============== onCreate() ===============
[INFO] Analyzer: =============== onVisibilityChanged(true) ===============
[INFO] FlowAnalysis: =================== <android.graphics.Paint: void setColor(int)>(0)
[INFO] FlowAnalysis: =================== <android.graphics.Paint: void setColor(int)>(0)
[INFO] ICFGUtil: [acq labels] [(register_sensor_listener,NEW[new wearable.android.breel.com.thehundreds.viewcontroller.OrientationController$1]1280,1)]
[INFO] ICFGUtil: [rel labels] []
[INFO] ICFGUtil: [all labels] [(register_sensor_listener,NEW[new wearable.android.breel.com.thehundreds.viewcontroller.OrientationController$1]1280,1)]
[INFO] Analyzer: =============== onVisibilityChanged(false) ===============
[INFO] ICFGUtil: [acq labels] [(register_sensor_listener,NEW[new wearable.android.breel.com.thehundreds.viewcontroller.OrientationController$1]1280,1)]
[INFO] ICFGUtil: [rel labels] [(unregister_sensor_listener,NEW[new wearable.android.breel.com.thehundreds.viewcontroller.OrientationController$1]1280,-1)]
[INFO] ICFGUtil: [all labels] [(unregister_sensor_listener,NEW[new wearable.android.breel.com.thehundreds.viewcontroller.OrientationController$1]1280,-1), (register_sensor_listener,NEW[new wearable.android.breel.com.thehundreds.viewcontroller.OrientationController$1]1280,1)]
[INFO] Analyzer: =============== onAmbientModeChanged(true) ===============
[INFO] FlowAnalysis: =================== <android.graphics.Paint: void setColor(int)>(0)
[INFO] FlowAnalysis: =================== <android.graphics.Paint: void setColor(int)>(0)
[INFO] Analyzer: =============== onVisibilityChanged(true) ===============
[INFO] FlowAnalysis: =================== <android.graphics.Paint: void setColor(int)>(0)
[INFO] FlowAnalysis: =================== <android.graphics.Paint: void setColor(int)>(0)
[INFO] ICFGUtil: [acq labels] [(register_sensor_listener,NEW[new wearable.android.breel.com.thehundreds.viewcontroller.OrientationController$1]1280,1)]
[INFO] ICFGUtil: [rel labels] [(unregister_sensor_listener,NEW[new wearable.android.breel.com.thehundreds.viewcontroller.OrientationController$1]1280,-1)]
[INFO] ICFGUtil: [all labels] [(unregister_sensor_listener,NEW[new wearable.android.breel.com.thehundreds.viewcontroller.OrientationController$1]1280,-1), (register_sensor_listener,NEW[new wearable.android.breel.com.thehundreds.viewcontroller.OrientationController$1]1280,1)]
[INFO] Analyzer: =============== onAmbientModeChanged(false) ===============
[INFO] ICFGUtil: [acq labels] [(register_sensor_listener,NEW[new wearable.android.breel.com.thehundreds.viewcontroller.OrientationController$1]1280,1)]
[INFO] ICFGUtil: [rel labels] [(unregister_sensor_listener,NEW[new wearable.android.breel.com.thehundreds.viewcontroller.OrientationController$1]1280,-1)]
[INFO] ICFGUtil: [all labels] [(unregister_sensor_listener,NEW[new wearable.android.breel.com.thehundreds.viewcontroller.OrientationController$1]1280,-1), (register_sensor_listener,NEW[new wearable.android.breel.com.thehundreds.viewcontroller.OrientationController$1]1280,1)]
[INFO] Analyzer: =============== wfOnCreate() ===============
[INFO] Analyzer: =============== wfOnCreateEngine() ===============
[INFO] Analyzer: =============== onCreate() ===============
[INFO] Analyzer: =============== onVisibilityChanged(true) ===============
[INFO] FlowAnalysis: =================== <android.graphics.Paint: void setColor(int)>(0)
[INFO] FlowAnalysis: =================== <android.graphics.Paint: void setColor(int)>(0)
[INFO] ICFGUtil: [acq labels] [(register_sensor_listener,NEW[new wearable.android.breel.com.thehundreds.viewcontroller.OrientationController$1]1280,1)]
[INFO] ICFGUtil: [rel labels] []
[INFO] ICFGUtil: [all labels] [(register_sensor_listener,NEW[new wearable.android.breel.com.thehundreds.viewcontroller.OrientationController$1]1280,1)]
[INFO] Analyzer: =============== onVisibilityChanged(false) ===============
[INFO] ICFGUtil: [acq labels] [(register_sensor_listener,NEW[new wearable.android.breel.com.thehundreds.viewcontroller.OrientationController$1]1280,1)]
[INFO] ICFGUtil: [rel labels] [(unregister_sensor_listener,NEW[new wearable.android.breel.com.thehundreds.viewcontroller.OrientationController$1]1280,-1)]
[INFO] ICFGUtil: [all labels] [(unregister_sensor_listener,NEW[new wearable.android.breel.com.thehundreds.viewcontroller.OrientationController$1]1280,-1), (register_sensor_listener,NEW[new wearable.android.breel.com.thehundreds.viewcontroller.OrientationController$1]1280,1)]
[INFO] Analyzer: =============== onAmbientModeChanged(true) ===============
[INFO] FlowAnalysis: =================== <android.graphics.Paint: void setColor(int)>(0)
[INFO] FlowAnalysis: =================== <android.graphics.Paint: void setColor(int)>(0)
[INFO] Analyzer: =============== onVisibilityChanged(true) ===============
[INFO] FlowAnalysis: =================== <android.graphics.Paint: void setColor(int)>(0)
[INFO] FlowAnalysis: =================== <android.graphics.Paint: void setColor(int)>(0)
[INFO] ICFGUtil: [acq labels] [(register_sensor_listener,NEW[new wearable.android.breel.com.thehundreds.viewcontroller.OrientationController$1]1280,1)]
[INFO] ICFGUtil: [rel labels] [(unregister_sensor_listener,NEW[new wearable.android.breel.com.thehundreds.viewcontroller.OrientationController$1]1280,-1)]
[INFO] ICFGUtil: [all labels] [(unregister_sensor_listener,NEW[new wearable.android.breel.com.thehundreds.viewcontroller.OrientationController$1]1280,-1), (register_sensor_listener,NEW[new wearable.android.breel.com.thehundreds.viewcontroller.OrientationController$1]1280,1)]
[INFO] Analyzer: =============== onAmbientModeChanged(false) ===============
[INFO] ICFGUtil: [acq labels] [(register_sensor_listener,NEW[new wearable.android.breel.com.thehundreds.viewcontroller.OrientationController$1]1280,1)]
[INFO] ICFGUtil: [rel labels] [(unregister_sensor_listener,NEW[new wearable.android.breel.com.thehundreds.viewcontroller.OrientationController$1]1280,-1)]
[INFO] ICFGUtil: [all labels] [(unregister_sensor_listener,NEW[new wearable.android.breel.com.thehundreds.viewcontroller.OrientationController$1]1280,-1), (register_sensor_listener,NEW[new wearable.android.breel.com.thehundreds.viewcontroller.OrientationController$1]1280,1)]
[INFO] Analyzer: =============== wfOnCreate() ===============
[INFO] Analyzer: =============== wfOnCreateEngine() ===============
[INFO] Analyzer: =============== onCreate() ===============
[INFO] Analyzer: =============== onVisibilityChanged(true) ===============
[INFO] FlowAnalysis: =================== <android.graphics.Paint: void setColor(int)>(0)
[INFO] FlowAnalysis: =================== <android.graphics.Paint: void setColor(int)>(0)
[INFO] ICFGUtil: [acq labels] [(register_sensor_listener,NEW[new wearable.android.breel.com.thehundreds.viewcontroller.OrientationController$1]1280,1)]
[INFO] ICFGUtil: [rel labels] []
[INFO] ICFGUtil: [all labels] [(register_sensor_listener,NEW[new wearable.android.breel.com.thehundreds.viewcontroller.OrientationController$1]1280,1)]
[INFO] Analyzer: =============== onVisibilityChanged(false) ===============
[INFO] ICFGUtil: [acq labels] [(register_sensor_listener,NEW[new wearable.android.breel.com.thehundreds.viewcontroller.OrientationController$1]1280,1)]
[INFO] ICFGUtil: [rel labels] [(unregister_sensor_listener,NEW[new wearable.android.breel.com.thehundreds.viewcontroller.OrientationController$1]1280,-1)]
[INFO] ICFGUtil: [all labels] [(unregister_sensor_listener,NEW[new wearable.android.breel.com.thehundreds.viewcontroller.OrientationController$1]1280,-1), (register_sensor_listener,NEW[new wearable.android.breel.com.thehundreds.viewcontroller.OrientationController$1]1280,1)]
[INFO] Analyzer: =============== onDestroy() ===============
[INFO] ICFGUtil: [acq labels] []
[INFO] ICFGUtil: [rel labels] [(unregister_sensor_listener,NEW[new wearable.android.breel.com.thehundreds.viewcontroller.OrientationController$1]1280,-1)]
[INFO] ICFGUtil: [all labels] [(unregister_sensor_listener,NEW[new wearable.android.breel.com.thehundreds.viewcontroller.OrientationController$1]1280,-1)]
[INFO] Analyzer: =============== wfOnDestroy() ===============
[INFO] Analyzer: =============== onAmbientModeChanged(false) ===============
[INFO] ICFGUtil: [acq labels] [(register_sensor_listener,NEW[new wearable.android.breel.com.thehundreds.viewcontroller.OrientationController$1]1280,1)]
[INFO] ICFGUtil: [rel labels] [(unregister_sensor_listener,NEW[new wearable.android.breel.com.thehundreds.viewcontroller.OrientationController$1]1280,-1)]
[INFO] ICFGUtil: [all labels] [(unregister_sensor_listener,NEW[new wearable.android.breel.com.thehundreds.viewcontroller.OrientationController$1]1280,-1), (register_sensor_listener,NEW[new wearable.android.breel.com.thehundreds.viewcontroller.OrientationController$1]1280,1)]
[INFO] Analyzer: =============== wfOnCreate() ===============
[INFO] Analyzer: =============== wfOnCreateEngine() ===============
[INFO] Analyzer: =============== onCreate() ===============
[INFO] Analyzer: =============== onVisibilityChanged(true) ===============
[INFO] FlowAnalysis: =================== <android.graphics.Paint: void setColor(int)>(0)
[INFO] FlowAnalysis: =================== <android.graphics.Paint: void setColor(int)>(0)
[INFO] ICFGUtil: [acq labels] [(register_sensor_listener,NEW[new wearable.android.breel.com.thehundreds.viewcontroller.OrientationController$1]1280,1)]
[INFO] ICFGUtil: [rel labels] []
[INFO] ICFGUtil: [all labels] [(register_sensor_listener,NEW[new wearable.android.breel.com.thehundreds.viewcontroller.OrientationController$1]1280,1)]
[INFO] Analyzer: =============== onVisibilityChanged(false) ===============
[INFO] ICFGUtil: [acq labels] [(register_sensor_listener,NEW[new wearable.android.breel.com.thehundreds.viewcontroller.OrientationController$1]1280,1)]
[INFO] ICFGUtil: [rel labels] [(unregister_sensor_listener,NEW[new wearable.android.breel.com.thehundreds.viewcontroller.OrientationController$1]1280,-1)]
[INFO] ICFGUtil: [all labels] [(unregister_sensor_listener,NEW[new wearable.android.breel.com.thehundreds.viewcontroller.OrientationController$1]1280,-1), (register_sensor_listener,NEW[new wearable.android.breel.com.thehundreds.viewcontroller.OrientationController$1]1280,1)]
[INFO] Analyzer: =============== onDestroy() ===============
[INFO] ICFGUtil: [acq labels] []
[INFO] ICFGUtil: [rel labels] [(unregister_sensor_listener,NEW[new wearable.android.breel.com.thehundreds.viewcontroller.OrientationController$1]1280,-1)]
[INFO] ICFGUtil: [all labels] [(unregister_sensor_listener,NEW[new wearable.android.breel.com.thehundreds.viewcontroller.OrientationController$1]1280,-1)]
[INFO] Analyzer: =============== wfOnDestroy() ===============
[INFO] Analyzer: =============== onAmbientModeChanged(true) ===============
[INFO] FlowAnalysis: =================== <android.graphics.Paint: void setColor(int)>(0)
[INFO] FlowAnalysis: =================== <android.graphics.Paint: void setColor(int)>(0)
[INFO] ICFGUtil: [acq labels] []
[INFO] ICFGUtil: [rel labels] [(unregister_sensor_listener,NEW[new wearable.android.breel.com.thehundreds.viewcontroller.OrientationController$1]1280,-1)]
[INFO] ICFGUtil: [all labels] [(unregister_sensor_listener,NEW[new wearable.android.breel.com.thehundreds.viewcontroller.OrientationController$1]1280,-1)]
[INFO] Analyzer: =============== onAmbientModeChanged(false) ===============
[INFO] FlowAnalysis: =================== <android.graphics.Paint: void setColor(int)>(0)
[INFO] FlowAnalysis: =================== <android.graphics.Paint: void setColor(int)>(0)
[INFO] ICFGUtil: [acq labels] [(register_sensor_listener,NEW[new wearable.android.breel.com.thehundreds.viewcontroller.OrientationController$1]1280,1)]
[INFO] ICFGUtil: [rel labels] []
[INFO] ICFGUtil: [all labels] [(register_sensor_listener,NEW[new wearable.android.breel.com.thehundreds.viewcontroller.OrientationController$1]1280,1)]
[INFO] MySceneTransformer: setColor @ onAmbientModeChanged(true): [{$r7=[0], $r1=[0]}]
[INFO] MySceneTransformer: setColor @ onAmbientModeChanged(false): [{$r7=[0], $r1=[0]}]
[INFO] MySceneTransformer: setColor equal=true
[INFO] MySceneTransformer: colors @ onAmbientModeChanged(true): []
[INFO] MySceneTransformer: colors @ onAmbientModeChanged(false): []
[INFO] MySceneTransformer: colors equal=false
[INFO] MySceneTransformer: @@@@@@ SENSOR LEAK @@@@@@ [1] [[<null::SELECT::interactive>, <interactive::STANDBY::ambient>]]
[INFO] MySceneTransformer: LEAK TESTCASE 1: wearable.select_on_handheld(HANDHELD_SERIALNO, labels[pkg])
[INFO] MySceneTransformer: LEAK TESTCASE 1: wearable.standby()
[INFO] MySceneTransformer: @@@@@@ SENSOR LEAK @@@@@@ [1] [[<null::SELECT::interactive>, <interactive::PRESS_SIDE_BUTTON::invisible_applist>, <invisible_applist::STANDBY::ambient>]]
[INFO] MySceneTransformer: LEAK TESTCASE 2: wearable.select_on_handheld(HANDHELD_SERIALNO, labels[pkg])
[INFO] MySceneTransformer: LEAK TESTCASE 2: wearable.press_side_button()
[INFO] MySceneTransformer: LEAK TESTCASE 2: wearable.standby()
[INFO] MySceneTransformer: @@@@@@ SENSOR LEAK @@@@@@ [1] [[<null::SELECT::interactive>, <interactive::SWIPE_UP::invisible_notification>, <invisible_notification::STANDBY::ambient>]]
[INFO] MySceneTransformer: LEAK TESTCASE 3: wearable.select_on_handheld(HANDHELD_SERIALNO, labels[pkg])
[INFO] MySceneTransformer: LEAK TESTCASE 3: wearable.swipe_up()
[INFO] MySceneTransformer: LEAK TESTCASE 3: wearable.standby()
[INFO] MySceneTransformer: TOTAL TIME: 3.901000 sec
[INFO] MySceneTransformer: Soot stopped on Thu Jun 21 13:41:57 EDT 2018
