Soot started on Thu Jun 21 13:43:18 EDT 2018
[INFO] MySceneTransformer: WatchFaceService:::: wear.trombettonj.trombt1steelfree.AnalogWatchFace
[INFO] MySceneTransformer: !!!!!!!!!! Going to analyze: ./apks/wear/wear.trombettonj.trombt1steelfree.apk
[INFO] MySceneTransformer: ############## wear.trombettonj.trombt1steelfree.AnalogWatchFace$Engine ##############
[INFO] Analyzer: =============== onSensorChanged() ===============
[INFO] FlowGraph: @@@@ Total Class:   20
[INFO] FlowGraph: @@@@ Total Methods: 50
[INFO] FlowGraph: @@@@ Total Stmts:   1220
[INFO] Analyzer: =============== onAmbientModeChanged(false) ===============
[INFO] ICFGUtil: [acq labels] [(register_sensor_listener,This[wear.trombettonj.trombt1steelfree.AnalogWatchFace$Engine]116,4)]
[INFO] ICFGUtil: [rel labels] [(unregister_sensor_listener,This[wear.trombettonj.trombt1steelfree.AnalogWatchFace$Engine]116,-1)]
[INFO] ICFGUtil: [all labels] [(register_sensor_listener,This[wear.trombettonj.trombt1steelfree.AnalogWatchFace$Engine]116,4), (unregister_sensor_listener,This[wear.trombettonj.trombt1steelfree.AnalogWatchFace$Engine]116,-1)]
[INFO] Analyzer: =============== wfOnCreate() ===============
[INFO] Analyzer: =============== wfOnCreateEngine() ===============
[INFO] Analyzer: =============== onCreate() ===============
[INFO] ICFGUtil: [acq labels] [(register_sensor_listener,This[wear.trombettonj.trombt1steelfree.AnalogWatchFace$Engine]116,4)]
[INFO] ICFGUtil: [rel labels] []
[INFO] ICFGUtil: [all labels] [(register_sensor_listener,This[wear.trombettonj.trombt1steelfree.AnalogWatchFace$Engine]116,4)]
[INFO] Analyzer: =============== onVisibilityChanged(true) ===============
[INFO] ICFGUtil: [acq labels] [(register_sensor_listener,This[wear.trombettonj.trombt1steelfree.AnalogWatchFace$Engine]116,4)]
[INFO] ICFGUtil: [rel labels] []
[INFO] ICFGUtil: [all labels] [(register_sensor_listener,This[wear.trombettonj.trombt1steelfree.AnalogWatchFace$Engine]116,4)]
[INFO] Analyzer: =============== onAmbientModeChanged(true) ===============
[INFO] ICFGUtil: [acq labels] []
[INFO] ICFGUtil: [rel labels] [(unregister_sensor_listener,This[wear.trombettonj.trombt1steelfree.AnalogWatchFace$Engine]116,-1)]
[INFO] ICFGUtil: [all labels] [(unregister_sensor_listener,This[wear.trombettonj.trombt1steelfree.AnalogWatchFace$Engine]116,-1)]
[INFO] Analyzer: =============== onAmbientModeChanged(false) ===============
[INFO] ICFGUtil: [acq labels] [(register_sensor_listener,This[wear.trombettonj.trombt1steelfree.AnalogWatchFace$Engine]116,4)]
[INFO] ICFGUtil: [rel labels] [(unregister_sensor_listener,This[wear.trombettonj.trombt1steelfree.AnalogWatchFace$Engine]116,-1)]
[INFO] ICFGUtil: [all labels] [(register_sensor_listener,This[wear.trombettonj.trombt1steelfree.AnalogWatchFace$Engine]116,4), (unregister_sensor_listener,This[wear.trombettonj.trombt1steelfree.AnalogWatchFace$Engine]116,-1)]
[INFO] Analyzer: =============== wfOnCreate() ===============
[INFO] Analyzer: =============== wfOnCreateEngine() ===============
[INFO] Analyzer: =============== onCreate() ===============
[INFO] ICFGUtil: [acq labels] [(register_sensor_listener,This[wear.trombettonj.trombt1steelfree.AnalogWatchFace$Engine]116,4)]
[INFO] ICFGUtil: [rel labels] []
[INFO] ICFGUtil: [all labels] [(register_sensor_listener,This[wear.trombettonj.trombt1steelfree.AnalogWatchFace$Engine]116,4)]
[INFO] Analyzer: =============== onVisibilityChanged(true) ===============
[INFO] ICFGUtil: [acq labels] [(register_sensor_listener,This[wear.trombettonj.trombt1steelfree.AnalogWatchFace$Engine]116,4)]
[INFO] ICFGUtil: [rel labels] []
[INFO] ICFGUtil: [all labels] [(register_sensor_listener,This[wear.trombettonj.trombt1steelfree.AnalogWatchFace$Engine]116,4)]
[INFO] Analyzer: =============== onVisibilityChanged(false) ===============
[INFO] ICFGUtil: [acq labels] []
[INFO] ICFGUtil: [rel labels] [(unregister_sensor_listener,This[wear.trombettonj.trombt1steelfree.AnalogWatchFace$Engine]116,-1)]
[INFO] ICFGUtil: [all labels] [(unregister_sensor_listener,This[wear.trombettonj.trombt1steelfree.AnalogWatchFace$Engine]116,-1)]
[INFO] Analyzer: =============== onAmbientModeChanged(true) ===============
[INFO] ICFGUtil: [acq labels] []
[INFO] ICFGUtil: [rel labels] [(unregister_sensor_listener,This[wear.trombettonj.trombt1steelfree.AnalogWatchFace$Engine]116,-1)]
[INFO] ICFGUtil: [all labels] [(unregister_sensor_listener,This[wear.trombettonj.trombt1steelfree.AnalogWatchFace$Engine]116,-1)]
[INFO] Analyzer: =============== onVisibilityChanged(true) ===============
[INFO] Analyzer: =============== onAmbientModeChanged(false) ===============
[INFO] ICFGUtil: [acq labels] [(register_sensor_listener,This[wear.trombettonj.trombt1steelfree.AnalogWatchFace$Engine]116,4)]
[INFO] ICFGUtil: [rel labels] [(unregister_sensor_listener,This[wear.trombettonj.trombt1steelfree.AnalogWatchFace$Engine]116,-1)]
[INFO] ICFGUtil: [all labels] [(register_sensor_listener,This[wear.trombettonj.trombt1steelfree.AnalogWatchFace$Engine]116,4), (unregister_sensor_listener,This[wear.trombettonj.trombt1steelfree.AnalogWatchFace$Engine]116,-1)]
[INFO] Analyzer: =============== wfOnCreate() ===============
[INFO] Analyzer: =============== wfOnCreateEngine() ===============
[INFO] Analyzer: =============== onCreate() ===============
[INFO] ICFGUtil: [acq labels] [(register_sensor_listener,This[wear.trombettonj.trombt1steelfree.AnalogWatchFace$Engine]116,4)]
[INFO] ICFGUtil: [rel labels] []
[INFO] ICFGUtil: [all labels] [(register_sensor_listener,This[wear.trombettonj.trombt1steelfree.AnalogWatchFace$Engine]116,4)]
[INFO] Analyzer: =============== onVisibilityChanged(true) ===============
[INFO] ICFGUtil: [acq labels] [(register_sensor_listener,This[wear.trombettonj.trombt1steelfree.AnalogWatchFace$Engine]116,4)]
[INFO] ICFGUtil: [rel labels] []
[INFO] ICFGUtil: [all labels] [(register_sensor_listener,This[wear.trombettonj.trombt1steelfree.AnalogWatchFace$Engine]116,4)]
[INFO] Analyzer: =============== onVisibilityChanged(false) ===============
[INFO] ICFGUtil: [acq labels] []
[INFO] ICFGUtil: [rel labels] [(unregister_sensor_listener,This[wear.trombettonj.trombt1steelfree.AnalogWatchFace$Engine]116,-1)]
[INFO] ICFGUtil: [all labels] [(unregister_sensor_listener,This[wear.trombettonj.trombt1steelfree.AnalogWatchFace$Engine]116,-1)]
[INFO] Analyzer: =============== onAmbientModeChanged(true) ===============
[INFO] ICFGUtil: [acq labels] []
[INFO] ICFGUtil: [rel labels] [(unregister_sensor_listener,This[wear.trombettonj.trombt1steelfree.AnalogWatchFace$Engine]116,-1)]
[INFO] ICFGUtil: [all labels] [(unregister_sensor_listener,This[wear.trombettonj.trombt1steelfree.AnalogWatchFace$Engine]116,-1)]
[INFO] Analyzer: =============== onVisibilityChanged(true) ===============
[INFO] Analyzer: =============== onAmbientModeChanged(false) ===============
[INFO] ICFGUtil: [acq labels] [(register_sensor_listener,This[wear.trombettonj.trombt1steelfree.AnalogWatchFace$Engine]116,4)]
[INFO] ICFGUtil: [rel labels] [(unregister_sensor_listener,This[wear.trombettonj.trombt1steelfree.AnalogWatchFace$Engine]116,-1)]
[INFO] ICFGUtil: [all labels] [(register_sensor_listener,This[wear.trombettonj.trombt1steelfree.AnalogWatchFace$Engine]116,4), (unregister_sensor_listener,This[wear.trombettonj.trombt1steelfree.AnalogWatchFace$Engine]116,-1)]
[INFO] Analyzer: =============== wfOnCreate() ===============
[INFO] Analyzer: =============== wfOnCreateEngine() ===============
[INFO] Analyzer: =============== onCreate() ===============
[INFO] ICFGUtil: [acq labels] [(register_sensor_listener,This[wear.trombettonj.trombt1steelfree.AnalogWatchFace$Engine]116,4)]
[INFO] ICFGUtil: [rel labels] []
[INFO] ICFGUtil: [all labels] [(register_sensor_listener,This[wear.trombettonj.trombt1steelfree.AnalogWatchFace$Engine]116,4)]
[INFO] Analyzer: =============== onVisibilityChanged(true) ===============
[INFO] ICFGUtil: [acq labels] [(register_sensor_listener,This[wear.trombettonj.trombt1steelfree.AnalogWatchFace$Engine]116,4)]
[INFO] ICFGUtil: [rel labels] []
[INFO] ICFGUtil: [all labels] [(register_sensor_listener,This[wear.trombettonj.trombt1steelfree.AnalogWatchFace$Engine]116,4)]
[INFO] Analyzer: =============== onVisibilityChanged(false) ===============
[INFO] ICFGUtil: [acq labels] []
[INFO] ICFGUtil: [rel labels] [(unregister_sensor_listener,This[wear.trombettonj.trombt1steelfree.AnalogWatchFace$Engine]116,-1)]
[INFO] ICFGUtil: [all labels] [(unregister_sensor_listener,This[wear.trombettonj.trombt1steelfree.AnalogWatchFace$Engine]116,-1)]
[INFO] Analyzer: =============== onDestroy() ===============
[INFO] Analyzer: =============== wfOnDestroy() ===============
[INFO] Analyzer: =============== onAmbientModeChanged(false) ===============
[INFO] ICFGUtil: [acq labels] [(register_sensor_listener,This[wear.trombettonj.trombt1steelfree.AnalogWatchFace$Engine]116,4)]
[INFO] ICFGUtil: [rel labels] [(unregister_sensor_listener,This[wear.trombettonj.trombt1steelfree.AnalogWatchFace$Engine]116,-1)]
[INFO] ICFGUtil: [all labels] [(register_sensor_listener,This[wear.trombettonj.trombt1steelfree.AnalogWatchFace$Engine]116,4), (unregister_sensor_listener,This[wear.trombettonj.trombt1steelfree.AnalogWatchFace$Engine]116,-1)]
[INFO] Analyzer: =============== wfOnCreate() ===============
[INFO] Analyzer: =============== wfOnCreateEngine() ===============
[INFO] Analyzer: =============== onCreate() ===============
[INFO] ICFGUtil: [acq labels] [(register_sensor_listener,This[wear.trombettonj.trombt1steelfree.AnalogWatchFace$Engine]116,4)]
[INFO] ICFGUtil: [rel labels] []
[INFO] ICFGUtil: [all labels] [(register_sensor_listener,This[wear.trombettonj.trombt1steelfree.AnalogWatchFace$Engine]116,4)]
[INFO] Analyzer: =============== onVisibilityChanged(true) ===============
[INFO] ICFGUtil: [acq labels] [(register_sensor_listener,This[wear.trombettonj.trombt1steelfree.AnalogWatchFace$Engine]116,4)]
[INFO] ICFGUtil: [rel labels] []
[INFO] ICFGUtil: [all labels] [(register_sensor_listener,This[wear.trombettonj.trombt1steelfree.AnalogWatchFace$Engine]116,4)]
[INFO] Analyzer: =============== onVisibilityChanged(false) ===============
[INFO] ICFGUtil: [acq labels] []
[INFO] ICFGUtil: [rel labels] [(unregister_sensor_listener,This[wear.trombettonj.trombt1steelfree.AnalogWatchFace$Engine]116,-1)]
[INFO] ICFGUtil: [all labels] [(unregister_sensor_listener,This[wear.trombettonj.trombt1steelfree.AnalogWatchFace$Engine]116,-1)]
[INFO] Analyzer: =============== onDestroy() ===============
[INFO] Analyzer: =============== wfOnDestroy() ===============
[INFO] Analyzer: =============== onAmbientModeChanged(true) ===============
[INFO] ICFGUtil: [acq labels] []
[INFO] ICFGUtil: [rel labels] [(unregister_sensor_listener,This[wear.trombettonj.trombt1steelfree.AnalogWatchFace$Engine]116,-1)]
[INFO] ICFGUtil: [all labels] [(unregister_sensor_listener,This[wear.trombettonj.trombt1steelfree.AnalogWatchFace$Engine]116,-1)]
[INFO] Analyzer: =============== onAmbientModeChanged(false) ===============
[INFO] ICFGUtil: [acq labels] [(register_sensor_listener,This[wear.trombettonj.trombt1steelfree.AnalogWatchFace$Engine]116,4)]
[INFO] ICFGUtil: [rel labels] []
[INFO] ICFGUtil: [all labels] [(register_sensor_listener,This[wear.trombettonj.trombt1steelfree.AnalogWatchFace$Engine]116,4)]
[INFO] MySceneTransformer: setColor @ onAmbientModeChanged(true): [{}]
[INFO] MySceneTransformer: setColor @ onAmbientModeChanged(false): [{}]
[INFO] MySceneTransformer: setColor equal=true
[INFO] MySceneTransformer: colors @ onAmbientModeChanged(true): []
[INFO] MySceneTransformer: colors @ onAmbientModeChanged(false): []
[INFO] MySceneTransformer: colors equal=false
[INFO] MySceneTransformer: TOTAL TIME: 2.099000 sec
[INFO] MySceneTransformer: Soot stopped on Thu Jun 21 13:43:24 EDT 2018
